

================================================================
== Vitis HLS Report for 'main_Pipeline_VITIS_LOOP_311_1'
================================================================
* Date:           Tue Feb  8 11:01:48 2022

* Version:        2021.2 (Build 3367213 on Tue Oct 19 02:47:39 MDT 2021)
* Project:        ban
* Solution:       solution1 (Vivado IP Flow Target)
* Product family: zynquplus
* Target device:  xczu7ev-ffvc1156-2-e


================================================================
== Performance Estimates
================================================================
+ Timing: 
    * Summary: 
    +--------+----------+----------+------------+
    |  Clock |  Target  | Estimated| Uncertainty|
    +--------+----------+----------+------------+
    |ap_clk  |  10.00 ns|  2.018 ns|     2.70 ns|
    +--------+----------+----------+------------+

+ Latency: 
    * Summary: 
    +---------+---------+-----------+-----------+-----+-----+---------+
    |  Latency (cycles) |   Latency (absolute)  |  Interval | Pipeline|
    |   min   |   max   |    min    |    max    | min | max |   Type  |
    +---------+---------+-----------+-----------+-----+-----+---------+
    |        5|        5|  50.000 ns|  50.000 ns|    5|    5|       no|
    +---------+---------+-----------+-----------+-----+-----+---------+

    + Detail: 
        * Instance: 
        N/A

        * Loop: 
        +--------------------+---------+---------+----------+-----------+-----------+------+----------+
        |                    |  Latency (cycles) | Iteration|  Initiation Interval  | Trip |          |
        |      Loop Name     |   min   |   max   |  Latency |  achieved |   target  | Count| Pipelined|
        +--------------------+---------+---------+----------+-----------+-----------+------+----------+
        |- VITIS_LOOP_311_1  |        3|        3|         2|          1|          1|     3|       yes|
        +--------------------+---------+---------+----------+-----------+-----------+------+----------+

============================================================
+ Verbose Summary: Synthesis Manager
============================================================
InlineROM: 1
ExposeGlobal: 0
============================================================
+ Verbose Summary: CDFG Model
============================================================
IsTopModel: 0
ResetActiveHigh: 1
IsCombinational: 0
IsDatapathOnly: 0
HasWiredReturn: 1
HasMFsm: 2
HasVarLatency: 1
IsPipeline: 0
IsRtlPipelined: 0
IsInstanceOverlapped: 0
IsDontTouch: 0
HasImplIP: 0
IsGatedGlobalClock: 0

+ Individual pipeline summary: 
  * Pipeline-0: initiation interval (II) = 1, depth = 2


============================================================
+ Verbose Summary: Schedule
============================================================
* Number of FSM states : 2
* Pipeline : 1
  Pipeline-0 : II = 1, D = 2, States = { 1 2 }
* Dataflow Pipeline: 0

* FSM state transitions: 
1 --> 2 
2 --> 

* FSM state operations: 

State 1 <SV = 0> <Delay = 2.01>
ST_1 : Operation 5 [1/1] (0.00ns)   --->   "%i = alloca i32 1"   --->   Operation 5 'alloca' 'i' <Predicate = true> <Delay = 0.00>
ST_1 : Operation 6 [1/1] (0.00ns)   --->   "%num_aux_1 = alloca i32 1"   --->   Operation 6 'alloca' 'num_aux_1' <Predicate = true> <Delay = 0.00>
ST_1 : Operation 7 [1/1] (0.00ns)   --->   "%num_aux_1_8 = alloca i32 1"   --->   Operation 7 'alloca' 'num_aux_1_8' <Predicate = true> <Delay = 0.00>
ST_1 : Operation 8 [1/1] (0.00ns)   --->   "%num_aux_1_9 = alloca i32 1"   --->   Operation 8 'alloca' 'num_aux_1_9' <Predicate = true> <Delay = 0.00>
ST_1 : Operation 9 [1/1] (0.00ns)   --->   "%sub_ln542_read = read i6 @_ssdm_op_Read.ap_auto.i6, i6 %sub_ln542"   --->   Operation 9 'read' 'sub_ln542_read' <Predicate = true> <Delay = 0.00>
ST_1 : Operation 10 [1/1] (0.00ns)   --->   "%num_aux_0_1_1_read = read i32 @_ssdm_op_Read.ap_auto.float, i32 %num_aux_0_1_1"   --->   Operation 10 'read' 'num_aux_0_1_1_read' <Predicate = true> <Delay = 0.00>
ST_1 : Operation 11 [1/1] (0.00ns)   --->   "%num_aux_1_1_1_read = read i32 @_ssdm_op_Read.ap_auto.float, i32 %num_aux_1_1_1"   --->   Operation 11 'read' 'num_aux_1_1_1_read' <Predicate = true> <Delay = 0.00>
ST_1 : Operation 12 [1/1] (0.00ns)   --->   "%num_aux_2_1_1_read = read i32 @_ssdm_op_Read.ap_auto.float, i32 %num_aux_2_1_1"   --->   Operation 12 'read' 'num_aux_2_1_1_read' <Predicate = true> <Delay = 0.00>
ST_1 : Operation 13 [1/1] (0.42ns)   --->   "%store_ln0 = store i32 %num_aux_2_1_1_read, i32 %num_aux_1_9"   --->   Operation 13 'store' 'store_ln0' <Predicate = true> <Delay = 0.42>
ST_1 : Operation 14 [1/1] (0.42ns)   --->   "%store_ln0 = store i32 %num_aux_1_1_1_read, i32 %num_aux_1_8"   --->   Operation 14 'store' 'store_ln0' <Predicate = true> <Delay = 0.42>
ST_1 : Operation 15 [1/1] (0.42ns)   --->   "%store_ln0 = store i32 %num_aux_0_1_1_read, i32 %num_aux_1"   --->   Operation 15 'store' 'store_ln0' <Predicate = true> <Delay = 0.42>
ST_1 : Operation 16 [1/1] (0.42ns)   --->   "%store_ln0 = store i2 0, i2 %i"   --->   Operation 16 'store' 'store_ln0' <Predicate = true> <Delay = 0.42>
ST_1 : Operation 17 [1/1] (0.00ns)   --->   "%br_ln0 = br void %.preheader18"   --->   Operation 17 'br' 'br_ln0' <Predicate = true> <Delay = 0.00>
ST_1 : Operation 18 [1/1] (0.00ns)   --->   "%i_40 = load i2 %i" [../src/ban.cpp:311]   --->   Operation 18 'load' 'i_40' <Predicate = true> <Delay = 0.00>
ST_1 : Operation 19 [1/1] (0.00ns)   --->   "%specpipeline_ln0 = specpipeline void @_ssdm_op_SpecPipeline, i32 4294967295, i32 0, i32 1, i32 0, void @p_str"   --->   Operation 19 'specpipeline' 'specpipeline_ln0' <Predicate = true> <Delay = 0.00>
ST_1 : Operation 20 [1/1] (0.44ns)   --->   "%icmp_ln311 = icmp_eq  i2 %i_40, i2 3" [../src/ban.cpp:311]   --->   Operation 20 'icmp' 'icmp_ln311' <Predicate = true> <Delay = 0.44> <CoreInst = "Cmp">   --->   Core 9 'Cmp' <Latency = 0> <II = 1> <Delay = 0.44> <FuncUnit> <Opcode : 'icmp'> <InPorts = 2> <OutPorts = 1>
ST_1 : Operation 21 [1/1] (0.00ns)   --->   "%empty = speclooptripcount i32 @_ssdm_op_SpecLoopTripCount, i64 3, i64 3, i64 3"   --->   Operation 21 'speclooptripcount' 'empty' <Predicate = true> <Delay = 0.00>
ST_1 : Operation 22 [1/1] (0.54ns)   --->   "%add_ln311 = add i2 %i_40, i2 1" [../src/ban.cpp:311]   --->   Operation 22 'add' 'add_ln311' <Predicate = true> <Delay = 0.54> <CoreInst = "Adder">   --->   Core 1 'Adder' <Latency = 0> <II = 1> <Delay = 0.78> <FuncUnit> <Opcode : 'add' 'sub'> <InPorts = 2> <OutPorts = 1>
ST_1 : Operation 23 [1/1] (0.00ns)   --->   "%br_ln311 = br i1 %icmp_ln311, void %.split65, void %.exitStub" [../src/ban.cpp:311]   --->   Operation 23 'br' 'br_ln311' <Predicate = true> <Delay = 0.00>
ST_1 : Operation 24 [1/1] (0.00ns)   --->   "%zext_ln312 = zext i2 %i_40" [../src/ban.cpp:312]   --->   Operation 24 'zext' 'zext_ln312' <Predicate = (!icmp_ln311)> <Delay = 0.00>
ST_1 : Operation 25 [1/1] (0.78ns)   --->   "%add_ln312 = add i6 %sub_ln542_read, i6 %zext_ln312" [../src/ban.cpp:312]   --->   Operation 25 'add' 'add_ln312' <Predicate = (!icmp_ln311)> <Delay = 0.78> <CoreInst = "Adder">   --->   Core 1 'Adder' <Latency = 0> <II = 1> <Delay = 0.78> <FuncUnit> <Opcode : 'add' 'sub'> <InPorts = 2> <OutPorts = 1>
ST_1 : Operation 26 [1/1] (0.00ns)   --->   "%zext_ln312_2 = zext i6 %add_ln312" [../src/ban.cpp:312]   --->   Operation 26 'zext' 'zext_ln312_2' <Predicate = (!icmp_ln311)> <Delay = 0.00>
ST_1 : Operation 27 [1/1] (0.00ns)   --->   "%b_num_addr = getelementptr i32 %b_num, i64 0, i64 %zext_ln312_2" [../src/ban.cpp:312]   --->   Operation 27 'getelementptr' 'b_num_addr' <Predicate = (!icmp_ln311)> <Delay = 0.00>
ST_1 : Operation 28 [2/2] (1.23ns)   --->   "%num_aux_1_11 = load i6 %b_num_addr" [../src/ban.cpp:312]   --->   Operation 28 'load' 'num_aux_1_11' <Predicate = (!icmp_ln311)> <Delay = 1.23> <CoreInst = "RAM_1WnR">   --->   Core 84 'RAM_1WnR' <Latency = 1> <II = 1> <Delay = 1.23> <Storage> <Opcode : 'load' 'store'> <Ports = 17> <Width = 32> <Depth = 36> <RAM>
ST_1 : Operation 29 [1/1] (0.58ns)   --->   "%switch_ln312 = switch i2 %i_40, void %branch14, i2 0, void %.split65..split65271_crit_edge, i2 1, void %.split65..split65271_crit_edge7" [../src/ban.cpp:312]   --->   Operation 29 'switch' 'switch_ln312' <Predicate = (!icmp_ln311)> <Delay = 0.58>
ST_1 : Operation 30 [1/1] (0.42ns)   --->   "%store_ln311 = store i2 %add_ln311, i2 %i" [../src/ban.cpp:311]   --->   Operation 30 'store' 'store_ln311' <Predicate = (!icmp_ln311)> <Delay = 0.42>
ST_1 : Operation 31 [1/1] (0.00ns)   --->   "%br_ln0 = br void %.preheader18"   --->   Operation 31 'br' 'br_ln0' <Predicate = (!icmp_ln311)> <Delay = 0.00>
ST_1 : Operation 40 [1/1] (0.00ns)   --->   "%num_aux_1_load = load i32 %num_aux_1"   --->   Operation 40 'load' 'num_aux_1_load' <Predicate = (icmp_ln311)> <Delay = 0.00>
ST_1 : Operation 41 [1/1] (0.00ns)   --->   "%num_aux_1_8_load = load i32 %num_aux_1_8"   --->   Operation 41 'load' 'num_aux_1_8_load' <Predicate = (icmp_ln311)> <Delay = 0.00>
ST_1 : Operation 42 [1/1] (0.00ns)   --->   "%num_aux_1_9_load = load i32 %num_aux_1_9"   --->   Operation 42 'load' 'num_aux_1_9_load' <Predicate = (icmp_ln311)> <Delay = 0.00>
ST_1 : Operation 43 [1/1] (0.00ns)   --->   "%write_ln0 = write void @_ssdm_op_Write.ap_auto.floatP0A, i32 %num_aux_2_1_2_out, i32 %num_aux_1_9_load"   --->   Operation 43 'write' 'write_ln0' <Predicate = (icmp_ln311)> <Delay = 0.00>
ST_1 : Operation 44 [1/1] (0.00ns)   --->   "%write_ln0 = write void @_ssdm_op_Write.ap_auto.floatP0A, i32 %num_aux_1_1_2_out, i32 %num_aux_1_8_load"   --->   Operation 44 'write' 'write_ln0' <Predicate = (icmp_ln311)> <Delay = 0.00>
ST_1 : Operation 45 [1/1] (0.00ns)   --->   "%write_ln0 = write void @_ssdm_op_Write.ap_auto.floatP0A, i32 %num_aux_0_1_2_out, i32 %num_aux_1_load"   --->   Operation 45 'write' 'write_ln0' <Predicate = (icmp_ln311)> <Delay = 0.00>
ST_1 : Operation 46 [1/1] (0.00ns)   --->   "%ret_ln0 = ret"   --->   Operation 46 'ret' 'ret_ln0' <Predicate = (icmp_ln311)> <Delay = 0.00>

State 2 <SV = 1> <Delay = 1.66>
ST_2 : Operation 32 [1/1] (0.00ns)   --->   "%specloopname_ln311 = specloopname void @_ssdm_op_SpecLoopName, void @empty_8" [../src/ban.cpp:311]   --->   Operation 32 'specloopname' 'specloopname_ln311' <Predicate = true> <Delay = 0.00>
ST_2 : Operation 33 [1/2] (1.23ns)   --->   "%num_aux_1_11 = load i6 %b_num_addr" [../src/ban.cpp:312]   --->   Operation 33 'load' 'num_aux_1_11' <Predicate = true> <Delay = 1.23> <CoreInst = "RAM_1WnR">   --->   Core 84 'RAM_1WnR' <Latency = 1> <II = 1> <Delay = 1.23> <Storage> <Opcode : 'load' 'store'> <Ports = 17> <Width = 32> <Depth = 36> <RAM>
ST_2 : Operation 34 [1/1] (0.42ns)   --->   "%store_ln312 = store i32 %num_aux_1_11, i32 %num_aux_1_8" [../src/ban.cpp:312]   --->   Operation 34 'store' 'store_ln312' <Predicate = (i_40 == 1)> <Delay = 0.42>
ST_2 : Operation 35 [1/1] (0.00ns)   --->   "%br_ln312 = br void %.split65271" [../src/ban.cpp:312]   --->   Operation 35 'br' 'br_ln312' <Predicate = (i_40 == 1)> <Delay = 0.00>
ST_2 : Operation 36 [1/1] (0.42ns)   --->   "%store_ln312 = store i32 %num_aux_1_11, i32 %num_aux_1" [../src/ban.cpp:312]   --->   Operation 36 'store' 'store_ln312' <Predicate = (i_40 == 0)> <Delay = 0.42>
ST_2 : Operation 37 [1/1] (0.00ns)   --->   "%br_ln312 = br void %.split65271" [../src/ban.cpp:312]   --->   Operation 37 'br' 'br_ln312' <Predicate = (i_40 == 0)> <Delay = 0.00>
ST_2 : Operation 38 [1/1] (0.42ns)   --->   "%store_ln312 = store i32 %num_aux_1_11, i32 %num_aux_1_9" [../src/ban.cpp:312]   --->   Operation 38 'store' 'store_ln312' <Predicate = (i_40 != 0 & i_40 != 1)> <Delay = 0.42>
ST_2 : Operation 39 [1/1] (0.00ns)   --->   "%br_ln312 = br void %.split65271" [../src/ban.cpp:312]   --->   Operation 39 'br' 'br_ln312' <Predicate = (i_40 != 0 & i_40 != 1)> <Delay = 0.00>


============================================================
+ Verbose Summary: Timing violations
============================================================
Target clock period: 10ns, clock uncertainty: 2.7ns.

 <State 1>: 2.02ns
The critical path consists of the following:
	'alloca' operation ('i') [9]  (0 ns)
	'load' operation ('i', ../src/ban.cpp:311) on local variable 'i' [23]  (0 ns)
	'add' operation ('add_ln312', ../src/ban.cpp:312) [31]  (0.781 ns)
	'getelementptr' operation ('b_num_addr', ../src/ban.cpp:312) [33]  (0 ns)
	'load' operation ('num_aux[1]', ../src/ban.cpp:312) on array 'b_num' [35]  (1.24 ns)

 <State 2>: 1.66ns
The critical path consists of the following:
	'load' operation ('num_aux[1]', ../src/ban.cpp:312) on array 'b_num' [35]  (1.24 ns)
	'store' operation ('store_ln312', ../src/ban.cpp:312) of variable 'num_aux[1]', ../src/ban.cpp:312 on local variable 'num_aux[1]' [38]  (0.427 ns)


============================================================
+ Verbose Summary: Binding
============================================================
N/A
* FSMD analyzer results:
  - Output states:
 - Input state : 
  - Chain level:
	State 1
	State 2


============================================================
+ Verbose Summary: Datapath Resource usage 
============================================================
N/A
