

================================================================
== Vitis HLS Report for 'main_Pipeline_VITIS_LOOP_187_1'
================================================================
* Date:           Tue Feb  8 11:01:50 2022

* Version:        2021.2 (Build 3367213 on Tue Oct 19 02:47:39 MDT 2021)
* Project:        ban
* Solution:       solution1 (Vivado IP Flow Target)
* Product family: zynquplus
* Target device:  xczu7ev-ffvc1156-2-e


================================================================
== Performance Estimates
================================================================
+ Timing: 
    * Summary: 
    +--------+----------+----------+------------+
    |  Clock |  Target  | Estimated| Uncertainty|
    +--------+----------+----------+------------+
    |ap_clk  |  10.00 ns|  2.018 ns|     2.70 ns|
    +--------+----------+----------+------------+

+ Latency: 
    * Summary: 
    +---------+---------+-----------+-----------+-----+-----+---------+
    |  Latency (cycles) |   Latency (absolute)  |  Interval | Pipeline|
    |   min   |   max   |    min    |    max    | min | max |   Type  |
    +---------+---------+-----------+-----------+-----+-----+---------+
    |        5|        5|  50.000 ns|  50.000 ns|    5|    5|       no|
    +---------+---------+-----------+-----------+-----+-----+---------+

    + Detail: 
        * Instance: 
        N/A

        * Loop: 
        +--------------------+---------+---------+----------+-----------+-----------+------+----------+
        |                    |  Latency (cycles) | Iteration|  Initiation Interval  | Trip |          |
        |      Loop Name     |   min   |   max   |  Latency |  achieved |   target  | Count| Pipelined|
        +--------------------+---------+---------+----------+-----------+-----------+------+----------+
        |- VITIS_LOOP_187_1  |        3|        3|         2|          1|          1|     3|       yes|
        +--------------------+---------+---------+----------+-----------+-----------+------+----------+

============================================================
+ Verbose Summary: Synthesis Manager
============================================================
InlineROM: 1
ExposeGlobal: 0
============================================================
+ Verbose Summary: CDFG Model
============================================================
IsTopModel: 0
ResetActiveHigh: 1
IsCombinational: 0
IsDatapathOnly: 0
HasWiredReturn: 1
HasMFsm: 2
HasVarLatency: 1
IsPipeline: 0
IsRtlPipelined: 0
IsInstanceOverlapped: 0
IsDontTouch: 0
HasImplIP: 0
IsGatedGlobalClock: 0

+ Individual pipeline summary: 
  * Pipeline-0: initiation interval (II) = 1, depth = 2


============================================================
+ Verbose Summary: Schedule
============================================================
* Number of FSM states : 2
* Pipeline : 1
  Pipeline-0 : II = 1, D = 2, States = { 1 2 }
* Dataflow Pipeline: 0

* FSM state transitions: 
1 --> 2 
2 --> 

* FSM state operations: 

State 1 <SV = 0> <Delay = 0.97>
ST_1 : Operation 5 [1/1] (0.00ns)   --->   "%i_50 = alloca i32 1"   --->   Operation 5 'alloca' 'i_50' <Predicate = true> <Delay = 0.00>
ST_1 : Operation 6 [1/1] (0.00ns)   --->   "%sub_ln542_read = read i6 @_ssdm_op_Read.ap_auto.i6, i6 %sub_ln542"   --->   Operation 6 'read' 'sub_ln542_read' <Predicate = true> <Delay = 0.00>
ST_1 : Operation 7 [1/1] (0.42ns)   --->   "%store_ln0 = store i2 0, i2 %i_50"   --->   Operation 7 'store' 'store_ln0' <Predicate = true> <Delay = 0.42>
ST_1 : Operation 8 [1/1] (0.00ns)   --->   "%br_ln0 = br void %_ZN3Ban9_mul_convEPKfS1_Pf.exit.i44.i"   --->   Operation 8 'br' 'br_ln0' <Predicate = true> <Delay = 0.00>
ST_1 : Operation 9 [1/1] (0.00ns)   --->   "%i = load i2 %i_50" [../src/ban.cpp:187]   --->   Operation 9 'load' 'i' <Predicate = true> <Delay = 0.00>
ST_1 : Operation 10 [1/1] (0.00ns)   --->   "%specpipeline_ln0 = specpipeline void @_ssdm_op_SpecPipeline, i32 4294967295, i32 0, i32 1, i32 0, void @p_str"   --->   Operation 10 'specpipeline' 'specpipeline_ln0' <Predicate = true> <Delay = 0.00>
ST_1 : Operation 11 [1/1] (0.44ns)   --->   "%icmp_ln187 = icmp_eq  i2 %i, i2 3" [../src/ban.cpp:187]   --->   Operation 11 'icmp' 'icmp_ln187' <Predicate = true> <Delay = 0.44> <CoreInst = "Cmp">   --->   Core 9 'Cmp' <Latency = 0> <II = 1> <Delay = 0.44> <FuncUnit> <Opcode : 'icmp'> <InPorts = 2> <OutPorts = 1>
ST_1 : Operation 12 [1/1] (0.00ns)   --->   "%empty = speclooptripcount i32 @_ssdm_op_SpecLoopTripCount, i64 3, i64 3, i64 3"   --->   Operation 12 'speclooptripcount' 'empty' <Predicate = true> <Delay = 0.00>
ST_1 : Operation 13 [1/1] (0.54ns)   --->   "%add_ln187 = add i2 %i, i2 1" [../src/ban.cpp:187]   --->   Operation 13 'add' 'add_ln187' <Predicate = true> <Delay = 0.54> <CoreInst = "Adder">   --->   Core 1 'Adder' <Latency = 0> <II = 1> <Delay = 0.78> <FuncUnit> <Opcode : 'add' 'sub'> <InPorts = 2> <OutPorts = 1>
ST_1 : Operation 14 [1/1] (0.00ns)   --->   "%br_ln187 = br i1 %icmp_ln187, void %.split91, void %_ZN3Ban4_mulEPKfS1_Pf.exit.i.exitStub" [../src/ban.cpp:187]   --->   Operation 14 'br' 'br_ln187' <Predicate = true> <Delay = 0.00>
ST_1 : Operation 15 [1/1] (0.00ns)   --->   "%i_50_cast = zext i2 %i" [../src/ban.cpp:187]   --->   Operation 15 'zext' 'i_50_cast' <Predicate = (!icmp_ln187)> <Delay = 0.00>
ST_1 : Operation 16 [1/1] (0.00ns)   --->   "%aux_4_addr = getelementptr i32 %aux_4, i64 0, i64 %i_50_cast" [../src/ban.cpp:188]   --->   Operation 16 'getelementptr' 'aux_4_addr' <Predicate = (!icmp_ln187)> <Delay = 0.00>
ST_1 : Operation 17 [2/2] (0.67ns)   --->   "%aux_4_load = load i3 %aux_4_addr" [../src/ban.cpp:188]   --->   Operation 17 'load' 'aux_4_load' <Predicate = (!icmp_ln187)> <Delay = 0.67> <CoreInst = "RAM">   --->   Core 83 'RAM' <Latency = 1> <II = 1> <Delay = 0.67> <Storage> <Opcode : 'load' 'store'> <Ports = 2> <Width = 32> <Depth = 5> <RAM>
ST_1 : Operation 18 [1/1] (0.42ns)   --->   "%store_ln187 = store i2 %add_ln187, i2 %i_50" [../src/ban.cpp:187]   --->   Operation 18 'store' 'store_ln187' <Predicate = (!icmp_ln187)> <Delay = 0.42>
ST_1 : Operation 27 [1/1] (0.00ns)   --->   "%ret_ln0 = ret"   --->   Operation 27 'ret' 'ret_ln0' <Predicate = (icmp_ln187)> <Delay = 0.00>

State 2 <SV = 1> <Delay = 2.01>
ST_2 : Operation 19 [1/1] (0.00ns)   --->   "%zext_ln188 = zext i2 %i" [../src/ban.cpp:188]   --->   Operation 19 'zext' 'zext_ln188' <Predicate = true> <Delay = 0.00>
ST_2 : Operation 20 [1/1] (0.78ns)   --->   "%add_ln188 = add i6 %sub_ln542_read, i6 %zext_ln188" [../src/ban.cpp:188]   --->   Operation 20 'add' 'add_ln188' <Predicate = true> <Delay = 0.78> <CoreInst = "Adder">   --->   Core 1 'Adder' <Latency = 0> <II = 1> <Delay = 0.78> <FuncUnit> <Opcode : 'add' 'sub'> <InPorts = 2> <OutPorts = 1>
ST_2 : Operation 21 [1/1] (0.00ns)   --->   "%zext_ln188_1 = zext i6 %add_ln188" [../src/ban.cpp:188]   --->   Operation 21 'zext' 'zext_ln188_1' <Predicate = true> <Delay = 0.00>
ST_2 : Operation 22 [1/1] (0.00ns)   --->   "%b_num_addr = getelementptr i32 %b_num, i64 0, i64 %zext_ln188_1" [../src/ban.cpp:188]   --->   Operation 22 'getelementptr' 'b_num_addr' <Predicate = true> <Delay = 0.00>
ST_2 : Operation 23 [1/1] (0.00ns)   --->   "%specloopname_ln187 = specloopname void @_ssdm_op_SpecLoopName, void @empty_19" [../src/ban.cpp:187]   --->   Operation 23 'specloopname' 'specloopname_ln187' <Predicate = true> <Delay = 0.00>
ST_2 : Operation 24 [1/2] (0.67ns)   --->   "%aux_4_load = load i3 %aux_4_addr" [../src/ban.cpp:188]   --->   Operation 24 'load' 'aux_4_load' <Predicate = true> <Delay = 0.67> <CoreInst = "RAM">   --->   Core 83 'RAM' <Latency = 1> <II = 1> <Delay = 0.67> <Storage> <Opcode : 'load' 'store'> <Ports = 2> <Width = 32> <Depth = 5> <RAM>
ST_2 : Operation 25 [1/1] (1.23ns)   --->   "%store_ln188 = store i32 %aux_4_load, i6 %b_num_addr" [../src/ban.cpp:188]   --->   Operation 25 'store' 'store_ln188' <Predicate = true> <Delay = 1.23> <CoreInst = "RAM_1WnR">   --->   Core 84 'RAM_1WnR' <Latency = 1> <II = 1> <Delay = 1.23> <Storage> <Opcode : 'load' 'store'> <Ports = 17> <Width = 32> <Depth = 36> <RAM>
ST_2 : Operation 26 [1/1] (0.00ns)   --->   "%br_ln0 = br void %_ZN3Ban9_mul_convEPKfS1_Pf.exit.i44.i"   --->   Operation 26 'br' 'br_ln0' <Predicate = true> <Delay = 0.00>


============================================================
+ Verbose Summary: Timing violations
============================================================
Target clock period: 10ns, clock uncertainty: 2.7ns.

 <State 1>: 0.975ns
The critical path consists of the following:
	'alloca' operation ('i') [4]  (0 ns)
	'load' operation ('i', ../src/ban.cpp:187) on local variable 'i' [9]  (0 ns)
	'add' operation ('add_ln187', ../src/ban.cpp:187) [13]  (0.548 ns)
	'store' operation ('store_ln187', ../src/ban.cpp:187) of variable 'add_ln187', ../src/ban.cpp:187 on local variable 'i' [25]  (0.427 ns)

 <State 2>: 2.02ns
The critical path consists of the following:
	'add' operation ('add_ln188', ../src/ban.cpp:188) [18]  (0.781 ns)
	'getelementptr' operation ('b_num_addr', ../src/ban.cpp:188) [20]  (0 ns)
	'store' operation ('store_ln188', ../src/ban.cpp:188) of variable 'aux_4_load', ../src/ban.cpp:188 on array 'b_num' [24]  (1.24 ns)


============================================================
+ Verbose Summary: Binding
============================================================
N/A
* FSMD analyzer results:
  - Output states:
 - Input state : 
  - Chain level:
	State 1
	State 2


============================================================
+ Verbose Summary: Datapath Resource usage 
============================================================
N/A
