

================================================================
== Vitis HLS Report for 'main_Pipeline_VITIS_LOOP_92_269'
================================================================
* Date:           Tue Feb  8 11:01:58 2022

* Version:        2021.2 (Build 3367213 on Tue Oct 19 02:47:39 MDT 2021)
* Project:        ban
* Solution:       solution1 (Vivado IP Flow Target)
* Product family: zynquplus
* Target device:  xczu7ev-ffvc1156-2-e


================================================================
== Performance Estimates
================================================================
+ Timing: 
    * Summary: 
    +--------+----------+----------+------------+
    |  Clock |  Target  | Estimated| Uncertainty|
    +--------+----------+----------+------------+
    |ap_clk  |  10.00 ns|  1.100 ns|     2.70 ns|
    +--------+----------+----------+------------+

+ Latency: 
    * Summary: 
    +---------+---------+-----------+-----------+-----+-----+---------+
    |  Latency (cycles) |   Latency (absolute)  |  Interval | Pipeline|
    |   min   |   max   |    min    |    max    | min | max |   Type  |
    +---------+---------+-----------+-----------+-----+-----+---------+
    |        3|        5|  30.000 ns|  50.000 ns|    3|    5|       no|
    +---------+---------+-----------+-----------+-----+-----+---------+

    + Detail: 
        * Instance: 
        N/A

        * Loop: 
        +-------------------+---------+---------+----------+-----------+-----------+-------+----------+
        |                   |  Latency (cycles) | Iteration|  Initiation Interval  |  Trip |          |
        |     Loop Name     |   min   |   max   |  Latency |  achieved |   target  | Count | Pipelined|
        +-------------------+---------+---------+----------+-----------+-----------+-------+----------+
        |- VITIS_LOOP_92_2  |        1|        3|         1|          1|          1|  1 ~ 3|       yes|
        +-------------------+---------+---------+----------+-----------+-----------+-------+----------+

============================================================
+ Verbose Summary: Synthesis Manager
============================================================
InlineROM: 1
ExposeGlobal: 0
============================================================
+ Verbose Summary: CDFG Model
============================================================
IsTopModel: 0
ResetActiveHigh: 1
IsCombinational: 0
IsDatapathOnly: 0
HasWiredReturn: 1
HasMFsm: 2
HasVarLatency: 1
IsPipeline: 0
IsRtlPipelined: 0
IsInstanceOverlapped: 0
IsDontTouch: 0
HasImplIP: 0
IsGatedGlobalClock: 0

+ Individual pipeline summary: 
  * Pipeline-0: initiation interval (II) = 1, depth = 2


============================================================
+ Verbose Summary: Schedule
============================================================
* Number of FSM states : 2
* Pipeline : 1
  Pipeline-0 : II = 1, D = 2, States = { 1 2 }
* Dataflow Pipeline: 0

* FSM state transitions: 
1 --> 2 
2 --> 

* FSM state operations: 

State 1 <SV = 0> <Delay = 0.42>
ST_1 : Operation 4 [1/1] (0.00ns)   --->   "%base = alloca i32 1"   --->   Operation 4 'alloca' 'base' <Predicate = true> <Delay = 0.00>
ST_1 : Operation 5 [1/1] (0.00ns)   --->   "%idx_27 = alloca i32 1"   --->   Operation 5 'alloca' 'idx_27' <Predicate = true> <Delay = 0.00>
ST_1 : Operation 6 [1/1] (0.00ns)   --->   "%b1500_num_1 = alloca i32 1"   --->   Operation 6 'alloca' 'b1500_num_1' <Predicate = true> <Delay = 0.00>
ST_1 : Operation 7 [1/1] (0.00ns)   --->   "%b1500_num_1_1 = alloca i32 1"   --->   Operation 7 'alloca' 'b1500_num_1_1' <Predicate = true> <Delay = 0.00>
ST_1 : Operation 8 [1/1] (0.00ns)   --->   "%b1500_num_1_2 = alloca i32 1"   --->   Operation 8 'alloca' 'b1500_num_1_2' <Predicate = true> <Delay = 0.00>
ST_1 : Operation 9 [1/1] (0.00ns)   --->   "%b1500_num_1_3 = alloca i32 1"   --->   Operation 9 'alloca' 'b1500_num_1_3' <Predicate = true> <Delay = 0.00>
ST_1 : Operation 10 [1/1] (0.00ns)   --->   "%xor_ln92_read = read i2 @_ssdm_op_Read.ap_auto.i2, i2 %xor_ln92"   --->   Operation 10 'read' 'xor_ln92_read' <Predicate = true> <Delay = 0.00>
ST_1 : Operation 11 [1/1] (0.00ns)   --->   "%zext_ln92_read = read i2 @_ssdm_op_Read.ap_auto.i2, i2 %zext_ln92"   --->   Operation 11 'read' 'zext_ln92_read' <Predicate = true> <Delay = 0.00>
ST_1 : Operation 12 [1/1] (0.00ns)   --->   "%b1500_num_0_2_reload_read = read i32 @_ssdm_op_Read.ap_auto.float, i32 %b1500_num_0_2_reload"   --->   Operation 12 'read' 'b1500_num_0_2_reload_read' <Predicate = true> <Delay = 0.00>
ST_1 : Operation 13 [1/1] (0.00ns)   --->   "%b1500_num_1_2_reload_read = read i32 @_ssdm_op_Read.ap_auto.float, i32 %b1500_num_1_2_reload"   --->   Operation 13 'read' 'b1500_num_1_2_reload_read' <Predicate = true> <Delay = 0.00>
ST_1 : Operation 14 [1/1] (0.00ns)   --->   "%b1500_num_2_2_reload_read = read i32 @_ssdm_op_Read.ap_auto.float, i32 %b1500_num_2_2_reload"   --->   Operation 14 'read' 'b1500_num_2_2_reload_read' <Predicate = true> <Delay = 0.00>
ST_1 : Operation 15 [1/1] (0.00ns)   --->   "%zext_ln92_cast = zext i2 %zext_ln92_read"   --->   Operation 15 'zext' 'zext_ln92_cast' <Predicate = true> <Delay = 0.00>
ST_1 : Operation 16 [1/1] (0.42ns)   --->   "%store_ln0 = store i32 %b1500_num_2_2_reload_read, i32 %b1500_num_1_3"   --->   Operation 16 'store' 'store_ln0' <Predicate = true> <Delay = 0.42>
ST_1 : Operation 17 [1/1] (0.42ns)   --->   "%store_ln0 = store i32 %b1500_num_1_2_reload_read, i32 %b1500_num_1_2"   --->   Operation 17 'store' 'store_ln0' <Predicate = true> <Delay = 0.42>
ST_1 : Operation 18 [1/1] (0.42ns)   --->   "%store_ln0 = store i32 %b1500_num_0_2_reload_read, i32 %b1500_num_1_1"   --->   Operation 18 'store' 'store_ln0' <Predicate = true> <Delay = 0.42>
ST_1 : Operation 19 [1/1] (0.42ns)   --->   "%store_ln0 = store i32 %b1500_num_0_2_reload_read, i32 %b1500_num_1"   --->   Operation 19 'store' 'store_ln0' <Predicate = true> <Delay = 0.42>
ST_1 : Operation 20 [1/1] (0.42ns)   --->   "%store_ln0 = store i3 %zext_ln92_cast, i3 %idx_27"   --->   Operation 20 'store' 'store_ln0' <Predicate = true> <Delay = 0.42>
ST_1 : Operation 21 [1/1] (0.42ns)   --->   "%store_ln0 = store i2 0, i2 %base"   --->   Operation 21 'store' 'store_ln0' <Predicate = true> <Delay = 0.42>
ST_1 : Operation 22 [1/1] (0.00ns)   --->   "%br_ln0 = br void"   --->   Operation 22 'br' 'br_ln0' <Predicate = true> <Delay = 0.00>

State 2 <SV = 1> <Delay = 1.09>
ST_2 : Operation 23 [1/1] (0.00ns)   --->   "%base_17 = load i2 %base" [../src/ban.cpp:93]   --->   Operation 23 'load' 'base_17' <Predicate = true> <Delay = 0.00>
ST_2 : Operation 24 [1/1] (0.00ns)   --->   "%specpipeline_ln0 = specpipeline void @_ssdm_op_SpecPipeline, i32 4294967295, i32 0, i32 1, i32 0, void @p_str"   --->   Operation 24 'specpipeline' 'specpipeline_ln0' <Predicate = true> <Delay = 0.00>
ST_2 : Operation 25 [1/1] (0.44ns)   --->   "%icmp_ln92 = icmp_eq  i2 %base_17, i2 %xor_ln92_read" [../src/ban.cpp:92]   --->   Operation 25 'icmp' 'icmp_ln92' <Predicate = true> <Delay = 0.44> <CoreInst = "Cmp">   --->   Core 9 'Cmp' <Latency = 0> <II = 1> <Delay = 0.44> <FuncUnit> <Opcode : 'icmp'> <InPorts = 2> <OutPorts = 1>
ST_2 : Operation 26 [1/1] (0.00ns)   --->   "%empty = speclooptripcount i32 @_ssdm_op_SpecLoopTripCount, i64 1, i64 3, i64 0"   --->   Operation 26 'speclooptripcount' 'empty' <Predicate = true> <Delay = 0.00>
ST_2 : Operation 27 [1/1] (0.54ns)   --->   "%add_ln93_3 = add i2 %base_17, i2 1" [../src/ban.cpp:93]   --->   Operation 27 'add' 'add_ln93_3' <Predicate = true> <Delay = 0.54> <CoreInst = "Adder">   --->   Core 1 'Adder' <Latency = 0> <II = 1> <Delay = 0.67> <FuncUnit> <Opcode : 'add' 'sub'> <InPorts = 2> <OutPorts = 1>
ST_2 : Operation 28 [1/1] (0.00ns)   --->   "%br_ln92 = br i1 %icmp_ln92, void %.split29, void %._crit_edge13.i.i1098.exitStub" [../src/ban.cpp:92]   --->   Operation 28 'br' 'br_ln92' <Predicate = true> <Delay = 0.00>
ST_2 : Operation 29 [1/1] (0.00ns)   --->   "%idx_27_load = load i3 %idx_27" [../src/ban.cpp:93]   --->   Operation 29 'load' 'idx_27_load' <Predicate = (!icmp_ln92)> <Delay = 0.00>
ST_2 : Operation 30 [1/1] (0.00ns)   --->   "%b1500_num_1_load = load i32 %b1500_num_1" [../src/ban.cpp:93]   --->   Operation 30 'load' 'b1500_num_1_load' <Predicate = (!icmp_ln92)> <Delay = 0.00>
ST_2 : Operation 31 [1/1] (0.00ns)   --->   "%b1500_num_1_2_load_1 = load i32 %b1500_num_1_2" [../src/ban.cpp:93]   --->   Operation 31 'load' 'b1500_num_1_2_load_1' <Predicate = (!icmp_ln92)> <Delay = 0.00>
ST_2 : Operation 32 [1/1] (0.00ns)   --->   "%b1500_num_1_3_load_1 = load i32 %b1500_num_1_3" [../src/ban.cpp:93]   --->   Operation 32 'load' 'b1500_num_1_3_load_1' <Predicate = (!icmp_ln92)> <Delay = 0.00>
ST_2 : Operation 33 [1/1] (0.00ns)   --->   "%specloopname_ln81 = specloopname void @_ssdm_op_SpecLoopName, void @empty_12" [../src/ban.cpp:81]   --->   Operation 33 'specloopname' 'specloopname_ln81' <Predicate = (!icmp_ln92)> <Delay = 0.00>
ST_2 : Operation 34 [1/1] (0.67ns)   --->   "%add_ln93 = add i3 %idx_27_load, i3 1" [../src/ban.cpp:93]   --->   Operation 34 'add' 'add_ln93' <Predicate = (!icmp_ln92)> <Delay = 0.67> <CoreInst = "Adder">   --->   Core 1 'Adder' <Latency = 0> <II = 1> <Delay = 0.67> <FuncUnit> <Opcode : 'add' 'sub'> <InPorts = 2> <OutPorts = 1>
ST_2 : Operation 35 [1/1] (0.00ns)   --->   "%trunc_ln93 = trunc i3 %idx_27_load" [../src/ban.cpp:93]   --->   Operation 35 'trunc' 'trunc_ln93' <Predicate = (!icmp_ln92)> <Delay = 0.00>
ST_2 : Operation 36 [1/1] (0.47ns)   --->   "%b1500_num_1_5 = mux i32 @_ssdm_op_Mux.ap_auto.3float.i2, i32 %b1500_num_1_load, i32 %b1500_num_1_2_load_1, i32 %b1500_num_1_3_load_1, i2 %trunc_ln93" [../src/ban.cpp:93]   --->   Operation 36 'mux' 'b1500_num_1_5' <Predicate = (!icmp_ln92)> <Delay = 0.47> <CoreInst = "Multiplexer">   --->   Core 76 'Multiplexer' <Latency = 0> <II = 1> <Delay = 0.47> <FuncUnit> <Opcode : 'mux'> <InPorts = 2> <OutPorts = 1>
ST_2 : Operation 37 [1/1] (0.58ns)   --->   "%switch_ln93 = switch i2 %base_17, void %branch89, i2 0, void %.split29..split29710_crit_edge, i2 1, void %.split29..split29710_crit_edge8" [../src/ban.cpp:93]   --->   Operation 37 'switch' 'switch_ln93' <Predicate = (!icmp_ln92)> <Delay = 0.58>
ST_2 : Operation 38 [1/1] (0.42ns)   --->   "%store_ln93 = store i32 %b1500_num_1_5, i32 %b1500_num_1_2" [../src/ban.cpp:93]   --->   Operation 38 'store' 'store_ln93' <Predicate = (!icmp_ln92 & base_17 == 1)> <Delay = 0.42>
ST_2 : Operation 39 [1/1] (0.00ns)   --->   "%br_ln93 = br void %.split29710" [../src/ban.cpp:93]   --->   Operation 39 'br' 'br_ln93' <Predicate = (!icmp_ln92 & base_17 == 1)> <Delay = 0.00>
ST_2 : Operation 40 [1/1] (0.42ns)   --->   "%store_ln93 = store i32 %b1500_num_1_5, i32 %b1500_num_1_1" [../src/ban.cpp:93]   --->   Operation 40 'store' 'store_ln93' <Predicate = (!icmp_ln92 & base_17 == 0)> <Delay = 0.42>
ST_2 : Operation 41 [1/1] (0.42ns)   --->   "%store_ln93 = store i32 %b1500_num_1_5, i32 %b1500_num_1" [../src/ban.cpp:93]   --->   Operation 41 'store' 'store_ln93' <Predicate = (!icmp_ln92 & base_17 == 0)> <Delay = 0.42>
ST_2 : Operation 42 [1/1] (0.00ns)   --->   "%br_ln93 = br void %.split29710" [../src/ban.cpp:93]   --->   Operation 42 'br' 'br_ln93' <Predicate = (!icmp_ln92 & base_17 == 0)> <Delay = 0.00>
ST_2 : Operation 43 [1/1] (0.42ns)   --->   "%store_ln93 = store i32 %b1500_num_1_5, i32 %b1500_num_1_3" [../src/ban.cpp:93]   --->   Operation 43 'store' 'store_ln93' <Predicate = (!icmp_ln92 & base_17 != 0 & base_17 != 1)> <Delay = 0.42>
ST_2 : Operation 44 [1/1] (0.00ns)   --->   "%br_ln93 = br void %.split29710" [../src/ban.cpp:93]   --->   Operation 44 'br' 'br_ln93' <Predicate = (!icmp_ln92 & base_17 != 0 & base_17 != 1)> <Delay = 0.00>
ST_2 : Operation 45 [1/1] (0.42ns)   --->   "%store_ln93 = store i3 %add_ln93, i3 %idx_27" [../src/ban.cpp:93]   --->   Operation 45 'store' 'store_ln93' <Predicate = (!icmp_ln92)> <Delay = 0.42>
ST_2 : Operation 46 [1/1] (0.42ns)   --->   "%store_ln93 = store i2 %add_ln93_3, i2 %base" [../src/ban.cpp:93]   --->   Operation 46 'store' 'store_ln93' <Predicate = (!icmp_ln92)> <Delay = 0.42>
ST_2 : Operation 47 [1/1] (0.00ns)   --->   "%br_ln0 = br void"   --->   Operation 47 'br' 'br_ln0' <Predicate = (!icmp_ln92)> <Delay = 0.00>
ST_2 : Operation 48 [1/1] (0.00ns)   --->   "%b1500_num_1_1_load = load i32 %b1500_num_1_1"   --->   Operation 48 'load' 'b1500_num_1_1_load' <Predicate = (icmp_ln92)> <Delay = 0.00>
ST_2 : Operation 49 [1/1] (0.00ns)   --->   "%b1500_num_1_2_load = load i32 %b1500_num_1_2"   --->   Operation 49 'load' 'b1500_num_1_2_load' <Predicate = (icmp_ln92)> <Delay = 0.00>
ST_2 : Operation 50 [1/1] (0.00ns)   --->   "%b1500_num_1_3_load = load i32 %b1500_num_1_3"   --->   Operation 50 'load' 'b1500_num_1_3_load' <Predicate = (icmp_ln92)> <Delay = 0.00>
ST_2 : Operation 51 [1/1] (0.00ns)   --->   "%write_ln0 = write void @_ssdm_op_Write.ap_auto.floatP0A, i32 %b1500_num_2_4_out, i32 %b1500_num_1_3_load"   --->   Operation 51 'write' 'write_ln0' <Predicate = (icmp_ln92)> <Delay = 0.00>
ST_2 : Operation 52 [1/1] (0.00ns)   --->   "%write_ln0 = write void @_ssdm_op_Write.ap_auto.floatP0A, i32 %b1500_num_1_4_out, i32 %b1500_num_1_2_load"   --->   Operation 52 'write' 'write_ln0' <Predicate = (icmp_ln92)> <Delay = 0.00>
ST_2 : Operation 53 [1/1] (0.00ns)   --->   "%write_ln0 = write void @_ssdm_op_Write.ap_auto.floatP0A, i32 %b1500_num_0_4_out, i32 %b1500_num_1_1_load"   --->   Operation 53 'write' 'write_ln0' <Predicate = (icmp_ln92)> <Delay = 0.00>
ST_2 : Operation 54 [1/1] (0.00ns)   --->   "%ret_ln0 = ret"   --->   Operation 54 'ret' 'ret_ln0' <Predicate = (icmp_ln92)> <Delay = 0.00>


============================================================
+ Verbose Summary: Timing violations
============================================================
Target clock period: 10ns, clock uncertainty: 2.7ns.

 <State 1>: 0.427ns
The critical path consists of the following:
	'alloca' operation ('b1500.num[1]') [14]  (0 ns)
	'store' operation ('store_ln0') of variable 'b1500_num_2_2_reload_read' on local variable 'b1500.num[1]' [21]  (0.427 ns)

 <State 2>: 1.1ns
The critical path consists of the following:
	'load' operation ('idx_27_load', ../src/ban.cpp:93) on local variable 'idx' [36]  (0 ns)
	'add' operation ('add_ln93', ../src/ban.cpp:93) [41]  (0.673 ns)
	'store' operation ('store_ln93', ../src/ban.cpp:93) of variable 'add_ln93', ../src/ban.cpp:93 on local variable 'idx' [56]  (0.427 ns)


============================================================
+ Verbose Summary: Binding
============================================================
N/A
* FSMD analyzer results:
  - Output states:
 - Input state : 
  - Chain level:
	State 1
	State 2


============================================================
+ Verbose Summary: Datapath Resource usage 
============================================================
N/A
