

================================================================
== Vitis HLS Report for 'main_Pipeline_VITIS_LOOP_215_1'
================================================================
* Date:           Tue Feb  8 11:02:33 2022

* Version:        2021.2 (Build 3367213 on Tue Oct 19 02:47:39 MDT 2021)
* Project:        ban
* Solution:       solution1 (Vivado IP Flow Target)
* Product family: zynquplus
* Target device:  xczu7ev-ffvc1156-2-e


================================================================
== Performance Estimates
================================================================
+ Timing: 
    * Summary: 
    +--------+----------+----------+------------+
    |  Clock |  Target  | Estimated| Uncertainty|
    +--------+----------+----------+------------+
    |ap_clk  |  10.00 ns|  7.057 ns|     2.70 ns|
    +--------+----------+----------+------------+

+ Latency: 
    * Summary: 
    +---------+---------+----------+----------+-----+-----+---------+
    |  Latency (cycles) |  Latency (absolute) |  Interval | Pipeline|
    |   min   |   max   |    min   |    max   | min | max |   Type  |
    +---------+---------+----------+----------+-----+-----+---------+
    |       14|       14|  0.140 us|  0.140 us|   14|   14|       no|
    +---------+---------+----------+----------+-----+-----+---------+

    + Detail: 
        * Instance: 
        N/A

        * Loop: 
        +--------------------+---------+---------+----------+-----------+-----------+------+----------+
        |                    |  Latency (cycles) | Iteration|  Initiation Interval  | Trip |          |
        |      Loop Name     |   min   |   max   |  Latency |  achieved |   target  | Count| Pipelined|
        +--------------------+---------+---------+----------+-----------+-----------+------+----------+
        |- VITIS_LOOP_215_1  |       12|       12|        12|          1|          1|     2|       yes|
        +--------------------+---------+---------+----------+-----------+-----------+------+----------+



================================================================
== Utilization Estimates
================================================================
* Summary: 
+-----------------+---------+------+--------+--------+-----+
|       Name      | BRAM_18K|  DSP |   FF   |   LUT  | URAM|
+-----------------+---------+------+--------+--------+-----+
|DSP              |        -|     -|       -|       -|    -|
|Expression       |        -|     -|       0|     201|    -|
|FIFO             |        -|     -|       -|       -|    -|
|Instance         |        -|     -|       -|       -|    -|
|Memory           |        -|     -|       -|       -|    -|
|Multiplexer      |        -|     -|       -|      72|    -|
|Register         |        -|     -|     347|      64|    -|
+-----------------+---------+------+--------+--------+-----+
|Total            |        0|     0|     347|     337|    0|
+-----------------+---------+------+--------+--------+-----+
|Available        |      624|  1728|  460800|  230400|   96|
+-----------------+---------+------+--------+--------+-----+
|Utilization (%)  |        0|     0|      ~0|      ~0|    0|
+-----------------+---------+------+--------+--------+-----+

+ Detail: 
    * Instance: 
    N/A

    * DSP: 
    N/A

    * Memory: 
    N/A

    * FIFO: 
    N/A

    * Expression: 
    +--------------------------+----------+----+---+----+------------+------------+
    |       Variable Name      | Operation| DSP| FF| LUT| Bitwidth P0| Bitwidth P1|
    +--------------------------+----------+----+---+----+------------+------------+
    |add_ln215_fu_210_p2       |         +|   0|  0|   9|           2|           1|
    |add_ln216_fu_193_p2       |         +|   0|  0|  13|           6|           6|
    |icmp_ln215_fu_183_p2      |      icmp|   0|  0|   8|           2|           2|
    |icmp_ln216_fu_204_p2      |      icmp|   0|  0|   8|           2|           1|
    |select_ln216_1_fu_253_p3  |    select|   0|  0|  32|           1|          32|
    |select_ln216_2_fu_259_p3  |    select|   0|  0|  32|           1|          32|
    |select_ln216_3_fu_265_p3  |    select|   0|  0|  32|           1|          32|
    |select_ln216_fu_247_p3    |    select|   0|  0|  32|           1|          32|
    |ap_enable_pp0             |       xor|   0|  0|   2|           1|           2|
    |xor_ln216_fu_225_p2       |       xor|   0|  0|  33|          32|          33|
    +--------------------------+----------+----+---+----+------------+------------+
    |Total                     |          |   0|  0| 201|          49|         173|
    +--------------------------+----------+----+---+----+------------+------------+

    * Multiplexer: 
    +-------------------------+----+-----------+-----+-----------+
    |           Name          | LUT| Input Size| Bits| Total Bits|
    +-------------------------+----+-----------+-----+-----------+
    |ap_done_int              |   9|          2|    1|          2|
    |ap_enable_reg_pp0_iter1  |   9|          2|    1|          2|
    |ap_sig_allocacmp_i_56    |   9|          2|    2|          4|
    |den_norm_1851_fu_58      |   9|          2|   32|         64|
    |den_norm_1_2_fu_66       |   9|          2|   32|         64|
    |den_norm_2852_fu_62      |   9|          2|   32|         64|
    |den_norm_2_2_fu_70       |   9|          2|   32|         64|
    |i_fu_54                  |   9|          2|    2|          4|
    +-------------------------+----+-----------+-----+-----------+
    |Total                    |  72|         16|  134|        268|
    +-------------------------+----+-----------+-----+-----------+

    * Register: 
    +-----------------------------------+----+----+-----+-----------+
    |                Name               | FF | LUT| Bits| Const Bits|
    +-----------------------------------+----+----+-----+-----------+
    |ap_CS_fsm                          |   1|   0|    1|          0|
    |ap_done_reg                        |   1|   0|    1|          0|
    |ap_enable_reg_pp0_iter1            |   1|   0|    1|          0|
    |ap_enable_reg_pp0_iter10           |   1|   0|    1|          0|
    |ap_enable_reg_pp0_iter11           |   1|   0|    1|          0|
    |ap_enable_reg_pp0_iter2            |   1|   0|    1|          0|
    |ap_enable_reg_pp0_iter3            |   1|   0|    1|          0|
    |ap_enable_reg_pp0_iter4            |   1|   0|    1|          0|
    |ap_enable_reg_pp0_iter5            |   1|   0|    1|          0|
    |ap_enable_reg_pp0_iter6            |   1|   0|    1|          0|
    |ap_enable_reg_pp0_iter7            |   1|   0|    1|          0|
    |ap_enable_reg_pp0_iter8            |   1|   0|    1|          0|
    |ap_enable_reg_pp0_iter9            |   1|   0|    1|          0|
    |ap_loop_exit_ready_pp0_iter10_reg  |   1|   0|    1|          0|
    |ap_loop_exit_ready_pp0_iter1_reg   |   1|   0|    1|          0|
    |ap_loop_exit_ready_pp0_iter2_reg   |   1|   0|    1|          0|
    |ap_loop_exit_ready_pp0_iter3_reg   |   1|   0|    1|          0|
    |ap_loop_exit_ready_pp0_iter4_reg   |   1|   0|    1|          0|
    |ap_loop_exit_ready_pp0_iter5_reg   |   1|   0|    1|          0|
    |ap_loop_exit_ready_pp0_iter6_reg   |   1|   0|    1|          0|
    |ap_loop_exit_ready_pp0_iter7_reg   |   1|   0|    1|          0|
    |ap_loop_exit_ready_pp0_iter8_reg   |   1|   0|    1|          0|
    |ap_loop_exit_ready_pp0_iter9_reg   |   1|   0|    1|          0|
    |den_norm_1851_fu_58                |  32|   0|   32|          0|
    |den_norm_1_2_fu_66                 |  32|   0|   32|          0|
    |den_norm_2852_fu_62                |  32|   0|   32|          0|
    |den_norm_2_2_fu_70                 |  32|   0|   32|          0|
    |den_norm_2_reg_378                 |  32|   0|   32|          0|
    |i_fu_54                            |   2|   0|    2|          0|
    |icmp_ln215_reg_351                 |   1|   0|    1|          0|
    |icmp_ln216_reg_360                 |   1|   0|    1|          0|
    |xor_ln216_reg_368                  |  32|   0|   32|          0|
    |icmp_ln215_reg_351                 |  64|  32|    1|          0|
    |icmp_ln216_reg_360                 |  64|  32|    1|          0|
    +-----------------------------------+----+----+-----+-----------+
    |Total                              | 347|  64|  221|          0|
    +-----------------------------------+----+----+-----+-----------+



================================================================
== Interface
================================================================
* Summary: 
+--------------------------+-----+-----+------------+--------------------------------+--------------+
|         RTL Ports        | Dir | Bits|  Protocol  |          Source Object         |    C Type    |
+--------------------------+-----+-----+------------+--------------------------------+--------------+
|ap_clk                    |   in|    1|  ap_ctrl_hs|  main_Pipeline_VITIS_LOOP_215_1|  return value|
|ap_rst                    |   in|    1|  ap_ctrl_hs|  main_Pipeline_VITIS_LOOP_215_1|  return value|
|ap_start                  |   in|    1|  ap_ctrl_hs|  main_Pipeline_VITIS_LOOP_215_1|  return value|
|ap_done                   |  out|    1|  ap_ctrl_hs|  main_Pipeline_VITIS_LOOP_215_1|  return value|
|ap_idle                   |  out|    1|  ap_ctrl_hs|  main_Pipeline_VITIS_LOOP_215_1|  return value|
|ap_ready                  |  out|    1|  ap_ctrl_hs|  main_Pipeline_VITIS_LOOP_215_1|  return value|
|grp_fu_4211_p_din0        |  out|   32|  ap_ctrl_hs|  main_Pipeline_VITIS_LOOP_215_1|  return value|
|grp_fu_4211_p_din1        |  out|   32|  ap_ctrl_hs|  main_Pipeline_VITIS_LOOP_215_1|  return value|
|grp_fu_4211_p_dout0       |   in|   32|  ap_ctrl_hs|  main_Pipeline_VITIS_LOOP_215_1|  return value|
|grp_fu_4211_p_ce          |  out|    1|  ap_ctrl_hs|  main_Pipeline_VITIS_LOOP_215_1|  return value|
|den_norm_2_1              |   in|   32|     ap_none|                    den_norm_2_1|        scalar|
|den_norm_1_1              |   in|   32|     ap_none|                    den_norm_1_1|        scalar|
|den_norm_28591024         |   in|   32|     ap_none|               den_norm_28591024|        scalar|
|den_norm_18581019         |   in|   32|     ap_none|               den_norm_18581019|        scalar|
|sub_ln290                 |   in|    6|     ap_none|                       sub_ln290|        scalar|
|b_num_address0            |  out|    6|   ap_memory|                           b_num|         array|
|b_num_ce0                 |  out|    1|   ap_memory|                           b_num|         array|
|b_num_q0                  |   in|   32|   ap_memory|                           b_num|         array|
|normalizer                |   in|   32|     ap_none|                      normalizer|        scalar|
|den_norm_2_2_out          |  out|   32|      ap_vld|                den_norm_2_2_out|       pointer|
|den_norm_2_2_out_ap_vld   |  out|    1|      ap_vld|                den_norm_2_2_out|       pointer|
|den_norm_1_2_out          |  out|   32|      ap_vld|                den_norm_1_2_out|       pointer|
|den_norm_1_2_out_ap_vld   |  out|    1|      ap_vld|                den_norm_1_2_out|       pointer|
|den_norm_2852_out         |  out|   32|      ap_vld|               den_norm_2852_out|       pointer|
|den_norm_2852_out_ap_vld  |  out|    1|      ap_vld|               den_norm_2852_out|       pointer|
|den_norm_1851_out         |  out|   32|      ap_vld|               den_norm_1851_out|       pointer|
|den_norm_1851_out_ap_vld  |  out|    1|      ap_vld|               den_norm_1851_out|       pointer|
+--------------------------+-----+-----+------------+--------------------------------+--------------+

============================================================
+ Verbose Summary: Synthesis Manager
============================================================
InlineROM: 1
ExposeGlobal: 0
============================================================
+ Verbose Summary: CDFG Model
============================================================
IsTopModel: 0
ResetActiveHigh: 1
IsCombinational: 2
IsDatapathOnly: 2
HasWiredReturn: 1
HasMFsm: 2
HasVarLatency: 1
IsPipeline: 0
IsRtlPipelined: 0
IsInstanceOverlapped: 0
IsDontTouch: 0
HasImplIP: 0
IsGatedGlobalClock: 0

+ Individual pipeline summary: 
  * Pipeline-0: initiation interval (II) = 1, depth = 12


============================================================
+ Verbose Summary: Schedule
============================================================
* Number of FSM states : 12
* Pipeline : 1
  Pipeline-0 : II = 1, D = 12, States = { 1 2 3 4 5 6 7 8 9 10 11 12 }
* Dataflow Pipeline: 0

* FSM state transitions: 
1 --> 2 
2 --> 3 
3 --> 4 
4 --> 5 
5 --> 6 
6 --> 7 
7 --> 8 
8 --> 9 
9 --> 10 
10 --> 11 
11 --> 12 
12 --> 

* FSM state operations: 

State 1 <SV = 0> <Delay = 2.01>
ST_1 : Operation 15 [1/1] (0.00ns)   --->   "%i = alloca i32 1"   --->   Operation 15 'alloca' 'i' <Predicate = true> <Delay = 0.00>
ST_1 : Operation 16 [1/1] (0.00ns)   --->   "%den_norm_1851 = alloca i32 1"   --->   Operation 16 'alloca' 'den_norm_1851' <Predicate = true> <Delay = 0.00>
ST_1 : Operation 17 [1/1] (0.00ns)   --->   "%den_norm_2852 = alloca i32 1"   --->   Operation 17 'alloca' 'den_norm_2852' <Predicate = true> <Delay = 0.00>
ST_1 : Operation 18 [1/1] (0.00ns)   --->   "%den_norm_1_2 = alloca i32 1"   --->   Operation 18 'alloca' 'den_norm_1_2' <Predicate = true> <Delay = 0.00>
ST_1 : Operation 19 [1/1] (0.00ns)   --->   "%den_norm_2_2 = alloca i32 1"   --->   Operation 19 'alloca' 'den_norm_2_2' <Predicate = true> <Delay = 0.00>
ST_1 : Operation 20 [1/1] (0.00ns)   --->   "%normalizer_read = read i32 @_ssdm_op_Read.ap_auto.float, i32 %normalizer"   --->   Operation 20 'read' 'normalizer_read' <Predicate = true> <Delay = 0.00>
ST_1 : Operation 21 [1/1] (0.00ns)   --->   "%sub_ln290_read = read i6 @_ssdm_op_Read.ap_auto.i6, i6 %sub_ln290"   --->   Operation 21 'read' 'sub_ln290_read' <Predicate = true> <Delay = 0.00>
ST_1 : Operation 22 [1/1] (0.00ns)   --->   "%den_norm_18581019_read = read i32 @_ssdm_op_Read.ap_auto.float, i32 %den_norm_18581019"   --->   Operation 22 'read' 'den_norm_18581019_read' <Predicate = true> <Delay = 0.00>
ST_1 : Operation 23 [1/1] (0.00ns)   --->   "%den_norm_28591024_read = read i32 @_ssdm_op_Read.ap_auto.float, i32 %den_norm_28591024"   --->   Operation 23 'read' 'den_norm_28591024_read' <Predicate = true> <Delay = 0.00>
ST_1 : Operation 24 [1/1] (0.00ns)   --->   "%den_norm_1_1_read = read i32 @_ssdm_op_Read.ap_auto.float, i32 %den_norm_1_1"   --->   Operation 24 'read' 'den_norm_1_1_read' <Predicate = true> <Delay = 0.00>
ST_1 : Operation 25 [1/1] (0.00ns)   --->   "%den_norm_2_1_read = read i32 @_ssdm_op_Read.ap_auto.float, i32 %den_norm_2_1"   --->   Operation 25 'read' 'den_norm_2_1_read' <Predicate = true> <Delay = 0.00>
ST_1 : Operation 26 [1/1] (0.42ns)   --->   "%store_ln0 = store i32 %den_norm_2_1_read, i32 %den_norm_2_2"   --->   Operation 26 'store' 'store_ln0' <Predicate = true> <Delay = 0.42>
ST_1 : Operation 27 [1/1] (0.42ns)   --->   "%store_ln0 = store i32 %den_norm_1_1_read, i32 %den_norm_1_2"   --->   Operation 27 'store' 'store_ln0' <Predicate = true> <Delay = 0.42>
ST_1 : Operation 28 [1/1] (0.42ns)   --->   "%store_ln0 = store i32 %den_norm_28591024_read, i32 %den_norm_2852"   --->   Operation 28 'store' 'store_ln0' <Predicate = true> <Delay = 0.42>
ST_1 : Operation 29 [1/1] (0.42ns)   --->   "%store_ln0 = store i32 %den_norm_18581019_read, i32 %den_norm_1851"   --->   Operation 29 'store' 'store_ln0' <Predicate = true> <Delay = 0.42>
ST_1 : Operation 30 [1/1] (0.42ns)   --->   "%store_ln0 = store i2 1, i2 %i"   --->   Operation 30 'store' 'store_ln0' <Predicate = true> <Delay = 0.42>
ST_1 : Operation 31 [1/1] (0.00ns)   --->   "%br_ln0 = br void"   --->   Operation 31 'br' 'br_ln0' <Predicate = true> <Delay = 0.00>
ST_1 : Operation 32 [1/1] (0.00ns)   --->   "%i_56 = load i2 %i" [../src/ban.cpp:215]   --->   Operation 32 'load' 'i_56' <Predicate = true> <Delay = 0.00>
ST_1 : Operation 33 [1/1] (0.00ns)   --->   "%specpipeline_ln0 = specpipeline void @_ssdm_op_SpecPipeline, i32 4294967295, i32 0, i32 1, i32 0, void @p_str"   --->   Operation 33 'specpipeline' 'specpipeline_ln0' <Predicate = true> <Delay = 0.00>
ST_1 : Operation 34 [1/1] (0.44ns)   --->   "%icmp_ln215 = icmp_eq  i2 %i_56, i2 3" [../src/ban.cpp:215]   --->   Operation 34 'icmp' 'icmp_ln215' <Predicate = true> <Delay = 0.44> <CoreInst = "Cmp">   --->   Core 9 'Cmp' <Latency = 0> <II = 1> <Delay = 0.44> <FuncUnit> <Opcode : 'icmp'> <InPorts = 2> <OutPorts = 1>
ST_1 : Operation 35 [1/1] (0.00ns)   --->   "%empty = speclooptripcount i32 @_ssdm_op_SpecLoopTripCount, i64 2, i64 2, i64 2"   --->   Operation 35 'speclooptripcount' 'empty' <Predicate = true> <Delay = 0.00>
ST_1 : Operation 36 [1/1] (0.00ns)   --->   "%br_ln215 = br i1 %icmp_ln215, void %.split101, void %_ZN3Ban9_div_bodyEPKfS1_Pf.exit.i.exitStub" [../src/ban.cpp:215]   --->   Operation 36 'br' 'br_ln215' <Predicate = true> <Delay = 0.00>
ST_1 : Operation 37 [1/1] (0.00ns)   --->   "%zext_ln216 = zext i2 %i_56" [../src/ban.cpp:216]   --->   Operation 37 'zext' 'zext_ln216' <Predicate = (!icmp_ln215)> <Delay = 0.00>
ST_1 : Operation 38 [1/1] (0.78ns)   --->   "%add_ln216 = add i6 %sub_ln290_read, i6 %zext_ln216" [../src/ban.cpp:216]   --->   Operation 38 'add' 'add_ln216' <Predicate = (!icmp_ln215)> <Delay = 0.78> <CoreInst = "Adder">   --->   Core 1 'Adder' <Latency = 0> <II = 1> <Delay = 0.78> <FuncUnit> <Opcode : 'add' 'sub'> <InPorts = 2> <OutPorts = 1>
ST_1 : Operation 39 [1/1] (0.00ns)   --->   "%zext_ln216_2 = zext i6 %add_ln216" [../src/ban.cpp:216]   --->   Operation 39 'zext' 'zext_ln216_2' <Predicate = (!icmp_ln215)> <Delay = 0.00>
ST_1 : Operation 40 [1/1] (0.00ns)   --->   "%b_num_addr = getelementptr i32 %b_num, i64 0, i64 %zext_ln216_2" [../src/ban.cpp:216]   --->   Operation 40 'getelementptr' 'b_num_addr' <Predicate = (!icmp_ln215)> <Delay = 0.00>
ST_1 : Operation 41 [2/2] (1.23ns)   --->   "%b_num_load = load i6 %b_num_addr" [../src/ban.cpp:216]   --->   Operation 41 'load' 'b_num_load' <Predicate = (!icmp_ln215)> <Delay = 1.23> <CoreInst = "RAM_1WnR">   --->   Core 84 'RAM_1WnR' <Latency = 1> <II = 1> <Delay = 1.23> <Storage> <Opcode : 'load' 'store'> <Ports = 17> <Width = 32> <Depth = 36> <RAM>
ST_1 : Operation 42 [1/1] (0.44ns)   --->   "%icmp_ln216 = icmp_eq  i2 %i_56, i2 1" [../src/ban.cpp:216]   --->   Operation 42 'icmp' 'icmp_ln216' <Predicate = (!icmp_ln215)> <Delay = 0.44> <CoreInst = "Cmp">   --->   Core 9 'Cmp' <Latency = 0> <II = 1> <Delay = 0.44> <FuncUnit> <Opcode : 'icmp'> <InPorts = 2> <OutPorts = 1>
ST_1 : Operation 43 [1/1] (0.54ns)   --->   "%add_ln215 = add i2 %i_56, i2 1" [../src/ban.cpp:215]   --->   Operation 43 'add' 'add_ln215' <Predicate = (!icmp_ln215)> <Delay = 0.54> <CoreInst = "Adder">   --->   Core 1 'Adder' <Latency = 0> <II = 1> <Delay = 0.78> <FuncUnit> <Opcode : 'add' 'sub'> <InPorts = 2> <OutPorts = 1>
ST_1 : Operation 44 [1/1] (0.42ns)   --->   "%store_ln215 = store i2 %add_ln215, i2 %i" [../src/ban.cpp:215]   --->   Operation 44 'store' 'store_ln215' <Predicate = (!icmp_ln215)> <Delay = 0.42>

State 2 <SV = 1> <Delay = 1.58>
ST_2 : Operation 45 [1/2] (1.23ns)   --->   "%b_num_load = load i6 %b_num_addr" [../src/ban.cpp:216]   --->   Operation 45 'load' 'b_num_load' <Predicate = true> <Delay = 1.23> <CoreInst = "RAM_1WnR">   --->   Core 84 'RAM_1WnR' <Latency = 1> <II = 1> <Delay = 1.23> <Storage> <Opcode : 'load' 'store'> <Ports = 17> <Width = 32> <Depth = 36> <RAM>
ST_2 : Operation 46 [1/1] (0.00ns)   --->   "%bitcast_ln216 = bitcast i32 %b_num_load" [../src/ban.cpp:216]   --->   Operation 46 'bitcast' 'bitcast_ln216' <Predicate = true> <Delay = 0.00>
ST_2 : Operation 47 [1/1] (0.35ns)   --->   "%xor_ln216 = xor i32 %bitcast_ln216, i32 2147483648" [../src/ban.cpp:216]   --->   Operation 47 'xor' 'xor_ln216' <Predicate = true> <Delay = 0.35> <CoreInst = "LogicGate">   --->   Core 74 'LogicGate' <Latency = 0> <II = 1> <Delay = 0.35> <FuncUnit> <Opcode : 'and' 'or' 'xor'> <InPorts = 2> <OutPorts = 1>

State 3 <SV = 2> <Delay = 7.05>
ST_3 : Operation 48 [1/1] (0.00ns)   --->   "%bitcast_ln216_1 = bitcast i32 %xor_ln216" [../src/ban.cpp:216]   --->   Operation 48 'bitcast' 'bitcast_ln216_1' <Predicate = true> <Delay = 0.00>
ST_3 : Operation 49 [9/9] (7.05ns)   --->   "%den_norm_2 = fdiv i32 %bitcast_ln216_1, i32 %normalizer_read" [../src/ban.cpp:216]   --->   Operation 49 'fdiv' 'den_norm_2' <Predicate = true> <Delay = 7.05> <CoreInst = "FDiv">   --->   Core 20 'FDiv' <Latency = 8> <II = 1> <Delay = 7.05> <FuncUnit> <Opcode : 'fdiv' 'frem'> <InPorts = 2> <OutPorts = 1>

State 4 <SV = 3> <Delay = 7.05>
ST_4 : Operation 50 [8/9] (7.05ns)   --->   "%den_norm_2 = fdiv i32 %bitcast_ln216_1, i32 %normalizer_read" [../src/ban.cpp:216]   --->   Operation 50 'fdiv' 'den_norm_2' <Predicate = true> <Delay = 7.05> <CoreInst = "FDiv">   --->   Core 20 'FDiv' <Latency = 8> <II = 1> <Delay = 7.05> <FuncUnit> <Opcode : 'fdiv' 'frem'> <InPorts = 2> <OutPorts = 1>

State 5 <SV = 4> <Delay = 7.05>
ST_5 : Operation 51 [7/9] (7.05ns)   --->   "%den_norm_2 = fdiv i32 %bitcast_ln216_1, i32 %normalizer_read" [../src/ban.cpp:216]   --->   Operation 51 'fdiv' 'den_norm_2' <Predicate = true> <Delay = 7.05> <CoreInst = "FDiv">   --->   Core 20 'FDiv' <Latency = 8> <II = 1> <Delay = 7.05> <FuncUnit> <Opcode : 'fdiv' 'frem'> <InPorts = 2> <OutPorts = 1>

State 6 <SV = 5> <Delay = 7.05>
ST_6 : Operation 52 [6/9] (7.05ns)   --->   "%den_norm_2 = fdiv i32 %bitcast_ln216_1, i32 %normalizer_read" [../src/ban.cpp:216]   --->   Operation 52 'fdiv' 'den_norm_2' <Predicate = true> <Delay = 7.05> <CoreInst = "FDiv">   --->   Core 20 'FDiv' <Latency = 8> <II = 1> <Delay = 7.05> <FuncUnit> <Opcode : 'fdiv' 'frem'> <InPorts = 2> <OutPorts = 1>

State 7 <SV = 6> <Delay = 7.05>
ST_7 : Operation 53 [5/9] (7.05ns)   --->   "%den_norm_2 = fdiv i32 %bitcast_ln216_1, i32 %normalizer_read" [../src/ban.cpp:216]   --->   Operation 53 'fdiv' 'den_norm_2' <Predicate = true> <Delay = 7.05> <CoreInst = "FDiv">   --->   Core 20 'FDiv' <Latency = 8> <II = 1> <Delay = 7.05> <FuncUnit> <Opcode : 'fdiv' 'frem'> <InPorts = 2> <OutPorts = 1>

State 8 <SV = 7> <Delay = 7.05>
ST_8 : Operation 54 [4/9] (7.05ns)   --->   "%den_norm_2 = fdiv i32 %bitcast_ln216_1, i32 %normalizer_read" [../src/ban.cpp:216]   --->   Operation 54 'fdiv' 'den_norm_2' <Predicate = true> <Delay = 7.05> <CoreInst = "FDiv">   --->   Core 20 'FDiv' <Latency = 8> <II = 1> <Delay = 7.05> <FuncUnit> <Opcode : 'fdiv' 'frem'> <InPorts = 2> <OutPorts = 1>

State 9 <SV = 8> <Delay = 7.05>
ST_9 : Operation 55 [3/9] (7.05ns)   --->   "%den_norm_2 = fdiv i32 %bitcast_ln216_1, i32 %normalizer_read" [../src/ban.cpp:216]   --->   Operation 55 'fdiv' 'den_norm_2' <Predicate = true> <Delay = 7.05> <CoreInst = "FDiv">   --->   Core 20 'FDiv' <Latency = 8> <II = 1> <Delay = 7.05> <FuncUnit> <Opcode : 'fdiv' 'frem'> <InPorts = 2> <OutPorts = 1>

State 10 <SV = 9> <Delay = 7.05>
ST_10 : Operation 56 [2/9] (7.05ns)   --->   "%den_norm_2 = fdiv i32 %bitcast_ln216_1, i32 %normalizer_read" [../src/ban.cpp:216]   --->   Operation 56 'fdiv' 'den_norm_2' <Predicate = true> <Delay = 7.05> <CoreInst = "FDiv">   --->   Core 20 'FDiv' <Latency = 8> <II = 1> <Delay = 7.05> <FuncUnit> <Opcode : 'fdiv' 'frem'> <InPorts = 2> <OutPorts = 1>

State 11 <SV = 10> <Delay = 7.05>
ST_11 : Operation 57 [1/9] (7.05ns)   --->   "%den_norm_2 = fdiv i32 %bitcast_ln216_1, i32 %normalizer_read" [../src/ban.cpp:216]   --->   Operation 57 'fdiv' 'den_norm_2' <Predicate = true> <Delay = 7.05> <CoreInst = "FDiv">   --->   Core 20 'FDiv' <Latency = 8> <II = 1> <Delay = 7.05> <FuncUnit> <Opcode : 'fdiv' 'frem'> <InPorts = 2> <OutPorts = 1>
ST_11 : Operation 72 [1/1] (0.00ns)   --->   "%den_norm_1851_load = load i32 %den_norm_1851"   --->   Operation 72 'load' 'den_norm_1851_load' <Predicate = (icmp_ln215)> <Delay = 0.00>
ST_11 : Operation 73 [1/1] (0.00ns)   --->   "%den_norm_2852_load = load i32 %den_norm_2852"   --->   Operation 73 'load' 'den_norm_2852_load' <Predicate = (icmp_ln215)> <Delay = 0.00>
ST_11 : Operation 74 [1/1] (0.00ns)   --->   "%den_norm_1_2_load = load i32 %den_norm_1_2"   --->   Operation 74 'load' 'den_norm_1_2_load' <Predicate = (icmp_ln215)> <Delay = 0.00>
ST_11 : Operation 75 [1/1] (0.00ns)   --->   "%den_norm_2_2_load = load i32 %den_norm_2_2"   --->   Operation 75 'load' 'den_norm_2_2_load' <Predicate = (icmp_ln215)> <Delay = 0.00>
ST_11 : Operation 76 [1/1] (0.00ns)   --->   "%write_ln0 = write void @_ssdm_op_Write.ap_auto.floatP0A, i32 %den_norm_2_2_out, i32 %den_norm_2_2_load"   --->   Operation 76 'write' 'write_ln0' <Predicate = (icmp_ln215)> <Delay = 0.00>
ST_11 : Operation 77 [1/1] (0.00ns)   --->   "%write_ln0 = write void @_ssdm_op_Write.ap_auto.floatP0A, i32 %den_norm_1_2_out, i32 %den_norm_1_2_load"   --->   Operation 77 'write' 'write_ln0' <Predicate = (icmp_ln215)> <Delay = 0.00>
ST_11 : Operation 78 [1/1] (0.00ns)   --->   "%write_ln0 = write void @_ssdm_op_Write.ap_auto.floatP0A, i32 %den_norm_2852_out, i32 %den_norm_2852_load"   --->   Operation 78 'write' 'write_ln0' <Predicate = (icmp_ln215)> <Delay = 0.00>
ST_11 : Operation 79 [1/1] (0.00ns)   --->   "%write_ln0 = write void @_ssdm_op_Write.ap_auto.floatP0A, i32 %den_norm_1851_out, i32 %den_norm_1851_load"   --->   Operation 79 'write' 'write_ln0' <Predicate = (icmp_ln215)> <Delay = 0.00>
ST_11 : Operation 80 [1/1] (0.00ns)   --->   "%ret_ln0 = ret"   --->   Operation 80 'ret' 'ret_ln0' <Predicate = (icmp_ln215)> <Delay = 0.00>

State 12 <SV = 11> <Delay = 0.87>
ST_12 : Operation 58 [1/1] (0.00ns)   --->   "%den_norm_1851_load_1 = load i32 %den_norm_1851" [../src/ban.cpp:216]   --->   Operation 58 'load' 'den_norm_1851_load_1' <Predicate = (!icmp_ln216)> <Delay = 0.00>
ST_12 : Operation 59 [1/1] (0.00ns)   --->   "%den_norm_2852_load_1 = load i32 %den_norm_2852" [../src/ban.cpp:216]   --->   Operation 59 'load' 'den_norm_2852_load_1' <Predicate = (icmp_ln216)> <Delay = 0.00>
ST_12 : Operation 60 [1/1] (0.00ns)   --->   "%den_norm_1_2_load_1 = load i32 %den_norm_1_2" [../src/ban.cpp:216]   --->   Operation 60 'load' 'den_norm_1_2_load_1' <Predicate = (!icmp_ln216)> <Delay = 0.00>
ST_12 : Operation 61 [1/1] (0.00ns)   --->   "%den_norm_2_2_load_1 = load i32 %den_norm_2_2" [../src/ban.cpp:216]   --->   Operation 61 'load' 'den_norm_2_2_load_1' <Predicate = (icmp_ln216)> <Delay = 0.00>
ST_12 : Operation 62 [1/1] (0.00ns)   --->   "%specloopname_ln215 = specloopname void @_ssdm_op_SpecLoopName, void @empty_6" [../src/ban.cpp:215]   --->   Operation 62 'specloopname' 'specloopname_ln215' <Predicate = true> <Delay = 0.00>
ST_12 : Operation 63 [1/1] (0.44ns)   --->   "%select_ln216 = select i1 %icmp_ln216, i32 %den_norm_2_2_load_1, i32 %den_norm_2" [../src/ban.cpp:216]   --->   Operation 63 'select' 'select_ln216' <Predicate = true> <Delay = 0.44> <CoreInst = "Sel">   --->   Core 73 'Sel' <Latency = 0> <II = 1> <Delay = 0.44> <FuncUnit> <Opcode : 'select'> <InPorts = 3> <OutPorts = 1>
ST_12 : Operation 64 [1/1] (0.44ns)   --->   "%select_ln216_1 = select i1 %icmp_ln216, i32 %den_norm_2, i32 %den_norm_1_2_load_1" [../src/ban.cpp:216]   --->   Operation 64 'select' 'select_ln216_1' <Predicate = true> <Delay = 0.44> <CoreInst = "Sel">   --->   Core 73 'Sel' <Latency = 0> <II = 1> <Delay = 0.44> <FuncUnit> <Opcode : 'select'> <InPorts = 3> <OutPorts = 1>
ST_12 : Operation 65 [1/1] (0.44ns)   --->   "%select_ln216_2 = select i1 %icmp_ln216, i32 %den_norm_2852_load_1, i32 %den_norm_2" [../src/ban.cpp:216]   --->   Operation 65 'select' 'select_ln216_2' <Predicate = true> <Delay = 0.44> <CoreInst = "Sel">   --->   Core 73 'Sel' <Latency = 0> <II = 1> <Delay = 0.44> <FuncUnit> <Opcode : 'select'> <InPorts = 3> <OutPorts = 1>
ST_12 : Operation 66 [1/1] (0.44ns)   --->   "%select_ln216_3 = select i1 %icmp_ln216, i32 %den_norm_2, i32 %den_norm_1851_load_1" [../src/ban.cpp:216]   --->   Operation 66 'select' 'select_ln216_3' <Predicate = true> <Delay = 0.44> <CoreInst = "Sel">   --->   Core 73 'Sel' <Latency = 0> <II = 1> <Delay = 0.44> <FuncUnit> <Opcode : 'select'> <InPorts = 3> <OutPorts = 1>
ST_12 : Operation 67 [1/1] (0.42ns)   --->   "%store_ln216 = store i32 %select_ln216, i32 %den_norm_2_2" [../src/ban.cpp:216]   --->   Operation 67 'store' 'store_ln216' <Predicate = true> <Delay = 0.42>
ST_12 : Operation 68 [1/1] (0.42ns)   --->   "%store_ln216 = store i32 %select_ln216_1, i32 %den_norm_1_2" [../src/ban.cpp:216]   --->   Operation 68 'store' 'store_ln216' <Predicate = true> <Delay = 0.42>
ST_12 : Operation 69 [1/1] (0.42ns)   --->   "%store_ln216 = store i32 %select_ln216_2, i32 %den_norm_2852" [../src/ban.cpp:216]   --->   Operation 69 'store' 'store_ln216' <Predicate = true> <Delay = 0.42>
ST_12 : Operation 70 [1/1] (0.42ns)   --->   "%store_ln216 = store i32 %select_ln216_3, i32 %den_norm_1851" [../src/ban.cpp:216]   --->   Operation 70 'store' 'store_ln216' <Predicate = true> <Delay = 0.42>
ST_12 : Operation 71 [1/1] (0.00ns)   --->   "%br_ln0 = br void"   --->   Operation 71 'br' 'br_ln0' <Predicate = true> <Delay = 0.00>


============================================================
+ Verbose Summary: Binding
============================================================
STG Binding: 
---------------- STG Properties BEGIN ----------------
- Is combinational: 0
- Is one-state seq: 0
- Is datapath-only: 0
- Is pipelined: 0
- Is top level: 0
Port [ Return ] is wired: 1; IO mode=ap_ctrl_hs:ce=0
Port [ den_norm_2_1]:  wired=1; compound=0; hidden=0; nouse=0; global=0; static=0; extern=0; dir=0; type=0; pingpong=0; private_global=0; IO mode=ap_none:ce=0
Port [ den_norm_1_1]:  wired=1; compound=0; hidden=0; nouse=0; global=0; static=0; extern=0; dir=0; type=0; pingpong=0; private_global=0; IO mode=ap_none:ce=0
Port [ den_norm_28591024]:  wired=1; compound=0; hidden=0; nouse=0; global=0; static=0; extern=0; dir=0; type=0; pingpong=0; private_global=0; IO mode=ap_none:ce=0
Port [ den_norm_18581019]:  wired=1; compound=0; hidden=0; nouse=0; global=0; static=0; extern=0; dir=0; type=0; pingpong=0; private_global=0; IO mode=ap_none:ce=0
Port [ sub_ln290]:  wired=1; compound=0; hidden=0; nouse=0; global=0; static=0; extern=0; dir=0; type=0; pingpong=0; private_global=0; IO mode=ap_none:ce=0
Port [ b_num]:  wired=1; compound=1; hidden=0; nouse=0; global=0; static=0; extern=0; dir=0; type=1; pingpong=0; private_global=0; MemPort=[13333333333333333]; IO mode=ap_memory:ce=0
Port [ normalizer]:  wired=1; compound=0; hidden=0; nouse=0; global=0; static=0; extern=0; dir=0; type=0; pingpong=0; private_global=0; IO mode=ap_none:ce=0
Port [ den_norm_2_2_out]:  wired=1; compound=0; hidden=0; nouse=0; global=0; static=0; extern=0; dir=1; type=0; pingpong=0; private_global=0; IO mode=ap_vld:ce=0
Port [ den_norm_1_2_out]:  wired=1; compound=0; hidden=0; nouse=0; global=0; static=0; extern=0; dir=1; type=0; pingpong=0; private_global=0; IO mode=ap_vld:ce=0
Port [ den_norm_2852_out]:  wired=1; compound=0; hidden=0; nouse=0; global=0; static=0; extern=0; dir=1; type=0; pingpong=0; private_global=0; IO mode=ap_vld:ce=0
Port [ den_norm_1851_out]:  wired=1; compound=0; hidden=0; nouse=0; global=0; static=0; extern=0; dir=1; type=0; pingpong=0; private_global=0; IO mode=ap_vld:ce=0
---------------- STG Properties END ------------------

---------------- Datapath Model BEGIN ----------------

<LifeTime>
<method=bitvector/>
i                      (alloca           ) [ 0100000000000]
den_norm_1851          (alloca           ) [ 0111111111111]
den_norm_2852          (alloca           ) [ 0111111111111]
den_norm_1_2           (alloca           ) [ 0111111111111]
den_norm_2_2           (alloca           ) [ 0111111111111]
normalizer_read        (read             ) [ 0111111111110]
sub_ln290_read         (read             ) [ 0000000000000]
den_norm_18581019_read (read             ) [ 0000000000000]
den_norm_28591024_read (read             ) [ 0000000000000]
den_norm_1_1_read      (read             ) [ 0000000000000]
den_norm_2_1_read      (read             ) [ 0000000000000]
store_ln0              (store            ) [ 0000000000000]
store_ln0              (store            ) [ 0000000000000]
store_ln0              (store            ) [ 0000000000000]
store_ln0              (store            ) [ 0000000000000]
store_ln0              (store            ) [ 0000000000000]
br_ln0                 (br               ) [ 0000000000000]
i_56                   (load             ) [ 0000000000000]
specpipeline_ln0       (specpipeline     ) [ 0000000000000]
icmp_ln215             (icmp             ) [ 0111111111110]
empty                  (speclooptripcount) [ 0000000000000]
br_ln215               (br               ) [ 0000000000000]
zext_ln216             (zext             ) [ 0000000000000]
add_ln216              (add              ) [ 0000000000000]
zext_ln216_2           (zext             ) [ 0000000000000]
b_num_addr             (getelementptr    ) [ 0110000000000]
icmp_ln216             (icmp             ) [ 0111111111111]
add_ln215              (add              ) [ 0000000000000]
store_ln215            (store            ) [ 0000000000000]
b_num_load             (load             ) [ 0000000000000]
bitcast_ln216          (bitcast          ) [ 0000000000000]
xor_ln216              (xor              ) [ 0101000000000]
bitcast_ln216_1        (bitcast          ) [ 0100111111110]
den_norm_2             (fdiv             ) [ 0100000000001]
den_norm_1851_load_1   (load             ) [ 0000000000000]
den_norm_2852_load_1   (load             ) [ 0000000000000]
den_norm_1_2_load_1    (load             ) [ 0000000000000]
den_norm_2_2_load_1    (load             ) [ 0000000000000]
specloopname_ln215     (specloopname     ) [ 0000000000000]
select_ln216           (select           ) [ 0000000000000]
select_ln216_1         (select           ) [ 0000000000000]
select_ln216_2         (select           ) [ 0000000000000]
select_ln216_3         (select           ) [ 0000000000000]
store_ln216            (store            ) [ 0000000000000]
store_ln216            (store            ) [ 0000000000000]
store_ln216            (store            ) [ 0000000000000]
store_ln216            (store            ) [ 0000000000000]
br_ln0                 (br               ) [ 0000000000000]
den_norm_1851_load     (load             ) [ 0000000000000]
den_norm_2852_load     (load             ) [ 0000000000000]
den_norm_1_2_load      (load             ) [ 0000000000000]
den_norm_2_2_load      (load             ) [ 0000000000000]
write_ln0              (write            ) [ 0000000000000]
write_ln0              (write            ) [ 0000000000000]
write_ln0              (write            ) [ 0000000000000]
write_ln0              (write            ) [ 0000000000000]
ret_ln0                (ret              ) [ 0000000000000]
</LifeTime>

<model>

<comp_list>
<comp id="0" class="1000" name="den_norm_2_1">
<pin_list>
<pin id="1" dir="1" index="0" bw="1" slack="0"/>
</pin_list>
<bind>
<StgValue><ssdm name="den_norm_2_1"/></StgValue>
</bind>
</comp>

<comp id="2" class="1000" name="den_norm_1_1">
<pin_list>
<pin id="3" dir="1" index="0" bw="1" slack="0"/>
</pin_list>
<bind>
<StgValue><ssdm name="den_norm_1_1"/></StgValue>
</bind>
</comp>

<comp id="4" class="1000" name="den_norm_28591024">
<pin_list>
<pin id="5" dir="1" index="0" bw="1" slack="0"/>
</pin_list>
<bind>
<StgValue><ssdm name="den_norm_28591024"/></StgValue>
</bind>
</comp>

<comp id="6" class="1000" name="den_norm_18581019">
<pin_list>
<pin id="7" dir="1" index="0" bw="1" slack="0"/>
</pin_list>
<bind>
<StgValue><ssdm name="den_norm_18581019"/></StgValue>
</bind>
</comp>

<comp id="8" class="1000" name="sub_ln290">
<pin_list>
<pin id="9" dir="1" index="0" bw="1" slack="0"/>
</pin_list>
<bind>
<StgValue><ssdm name="sub_ln290"/></StgValue>
</bind>
</comp>

<comp id="10" class="1000" name="b_num">
<pin_list>
<pin id="11" dir="1" index="0" bw="1" slack="0"/>
</pin_list>
<bind>
<StgValue><ssdm name="b_num"/><MemPortTyVec>1 3 3 3 3 3 3 3 3 3 3 3 3 3 3 3 3 </MemPortTyVec>
</StgValue>
</bind>
</comp>

<comp id="12" class="1000" name="normalizer">
<pin_list>
<pin id="13" dir="1" index="0" bw="1" slack="0"/>
</pin_list>
<bind>
<StgValue><ssdm name="normalizer"/></StgValue>
</bind>
</comp>

<comp id="14" class="1000" name="den_norm_2_2_out">
<pin_list>
<pin id="15" dir="1" index="0" bw="1" slack="0"/>
</pin_list>
<bind>
<StgValue><ssdm name="den_norm_2_2_out"/></StgValue>
</bind>
</comp>

<comp id="16" class="1000" name="den_norm_1_2_out">
<pin_list>
<pin id="17" dir="1" index="0" bw="1" slack="0"/>
</pin_list>
<bind>
<StgValue><ssdm name="den_norm_1_2_out"/></StgValue>
</bind>
</comp>

<comp id="18" class="1000" name="den_norm_2852_out">
<pin_list>
<pin id="19" dir="1" index="0" bw="1" slack="0"/>
</pin_list>
<bind>
<StgValue><ssdm name="den_norm_2852_out"/></StgValue>
</bind>
</comp>

<comp id="20" class="1000" name="den_norm_1851_out">
<pin_list>
<pin id="21" dir="1" index="0" bw="1" slack="0"/>
</pin_list>
<bind>
<StgValue><ssdm name="den_norm_1851_out"/></StgValue>
</bind>
</comp>

<comp id="22" class="1001" name="const_22">
<pin_list>
<pin id="23" dir="1" index="0" bw="1" slack="0"/>
</pin_list>
<bind>
<StgValue><ssdm name=""/></StgValue>
</bind>
</comp>

<comp id="24" class="1001" name="const_24">
<pin_list>
<pin id="25" dir="1" index="0" bw="1" slack="0"/>
</pin_list>
<bind>
<StgValue><ssdm name="_ssdm_op_Read.ap_auto.float"/></StgValue>
</bind>
</comp>

<comp id="26" class="1001" name="const_26">
<pin_list>
<pin id="27" dir="1" index="0" bw="1" slack="0"/>
</pin_list>
<bind>
<StgValue><ssdm name="_ssdm_op_Read.ap_auto.i6"/></StgValue>
</bind>
</comp>

<comp id="28" class="1001" name="const_28">
<pin_list>
<pin id="29" dir="1" index="0" bw="1" slack="0"/>
</pin_list>
<bind>
<StgValue><ssdm name=""/></StgValue>
</bind>
</comp>

<comp id="30" class="1001" name="const_30">
<pin_list>
<pin id="31" dir="1" index="0" bw="1" slack="2147483647"/>
</pin_list>
<bind>
<StgValue><ssdm name="_ssdm_op_SpecPipeline"/></StgValue>
</bind>
</comp>

<comp id="32" class="1001" name="const_32">
<pin_list>
<pin id="33" dir="1" index="0" bw="1" slack="2147483647"/>
</pin_list>
<bind>
<StgValue><ssdm name=""/></StgValue>
</bind>
</comp>

<comp id="34" class="1001" name="const_34">
<pin_list>
<pin id="35" dir="1" index="0" bw="1" slack="2147483647"/>
</pin_list>
<bind>
<StgValue><ssdm name=""/></StgValue>
</bind>
</comp>

<comp id="36" class="1001" name="const_36">
<pin_list>
<pin id="37" dir="1" index="0" bw="1" slack="2147483647"/>
</pin_list>
<bind>
<StgValue><ssdm name="p_str"/></StgValue>
</bind>
</comp>

<comp id="38" class="1001" name="const_38">
<pin_list>
<pin id="39" dir="1" index="0" bw="1" slack="0"/>
</pin_list>
<bind>
<StgValue><ssdm name=""/></StgValue>
</bind>
</comp>

<comp id="40" class="1001" name="const_40">
<pin_list>
<pin id="41" dir="1" index="0" bw="1" slack="2147483647"/>
</pin_list>
<bind>
<StgValue><ssdm name="_ssdm_op_SpecLoopTripCount"/></StgValue>
</bind>
</comp>

<comp id="42" class="1001" name="const_42">
<pin_list>
<pin id="43" dir="1" index="0" bw="1" slack="2147483647"/>
</pin_list>
<bind>
<StgValue><ssdm name=""/></StgValue>
</bind>
</comp>

<comp id="44" class="1001" name="const_44">
<pin_list>
<pin id="45" dir="1" index="0" bw="1" slack="0"/>
</pin_list>
<bind>
<StgValue><ssdm name=""/></StgValue>
</bind>
</comp>

<comp id="46" class="1001" name="const_46">
<pin_list>
<pin id="47" dir="1" index="0" bw="1" slack="0"/>
</pin_list>
<bind>
<StgValue><ssdm name=""/></StgValue>
</bind>
</comp>

<comp id="48" class="1001" name="const_48">
<pin_list>
<pin id="49" dir="1" index="0" bw="1" slack="2147483647"/>
</pin_list>
<bind>
<StgValue><ssdm name="_ssdm_op_SpecLoopName"/></StgValue>
</bind>
</comp>

<comp id="50" class="1001" name="const_50">
<pin_list>
<pin id="51" dir="1" index="0" bw="1" slack="2147483647"/>
</pin_list>
<bind>
<StgValue><ssdm name="empty_6"/></StgValue>
</bind>
</comp>

<comp id="52" class="1001" name="const_52">
<pin_list>
<pin id="53" dir="1" index="0" bw="1" slack="0"/>
</pin_list>
<bind>
<StgValue><ssdm name="_ssdm_op_Write.ap_auto.floatP0A"/></StgValue>
</bind>
</comp>

<comp id="54" class="1004" name="i_fu_54">
<pin_list>
<pin id="55" dir="0" index="0" bw="1" slack="0"/>
<pin id="56" dir="1" index="1" bw="2" slack="0"/>
</pin_list>
<bind>
<opcode="alloca(26) " fcode="alloca"/>
<opset="i/1 "/>
</bind>
</comp>

<comp id="58" class="1004" name="den_norm_1851_fu_58">
<pin_list>
<pin id="59" dir="0" index="0" bw="1" slack="0"/>
<pin id="60" dir="1" index="1" bw="32" slack="0"/>
</pin_list>
<bind>
<opcode="alloca(26) " fcode="alloca"/>
<opset="den_norm_1851/1 "/>
</bind>
</comp>

<comp id="62" class="1004" name="den_norm_2852_fu_62">
<pin_list>
<pin id="63" dir="0" index="0" bw="1" slack="0"/>
<pin id="64" dir="1" index="1" bw="32" slack="0"/>
</pin_list>
<bind>
<opcode="alloca(26) " fcode="alloca"/>
<opset="den_norm_2852/1 "/>
</bind>
</comp>

<comp id="66" class="1004" name="den_norm_1_2_fu_66">
<pin_list>
<pin id="67" dir="0" index="0" bw="1" slack="0"/>
<pin id="68" dir="1" index="1" bw="32" slack="0"/>
</pin_list>
<bind>
<opcode="alloca(26) " fcode="alloca"/>
<opset="den_norm_1_2/1 "/>
</bind>
</comp>

<comp id="70" class="1004" name="den_norm_2_2_fu_70">
<pin_list>
<pin id="71" dir="0" index="0" bw="1" slack="0"/>
<pin id="72" dir="1" index="1" bw="32" slack="0"/>
</pin_list>
<bind>
<opcode="alloca(26) " fcode="alloca"/>
<opset="den_norm_2_2/1 "/>
</bind>
</comp>

<comp id="74" class="1004" name="normalizer_read_read_fu_74">
<pin_list>
<pin id="75" dir="0" index="0" bw="32" slack="0"/>
<pin id="76" dir="0" index="1" bw="32" slack="0"/>
<pin id="77" dir="1" index="2" bw="32" slack="2"/>
</pin_list>
<bind>
<opcode="read(1150) " fcode="read"/>
<opset="normalizer_read/1 "/>
</bind>
</comp>

<comp id="80" class="1004" name="sub_ln290_read_read_fu_80">
<pin_list>
<pin id="81" dir="0" index="0" bw="6" slack="0"/>
<pin id="82" dir="0" index="1" bw="6" slack="0"/>
<pin id="83" dir="1" index="2" bw="6" slack="0"/>
</pin_list>
<bind>
<opcode="read(1150) " fcode="read"/>
<opset="sub_ln290_read/1 "/>
</bind>
</comp>

<comp id="86" class="1004" name="den_norm_18581019_read_read_fu_86">
<pin_list>
<pin id="87" dir="0" index="0" bw="32" slack="0"/>
<pin id="88" dir="0" index="1" bw="32" slack="0"/>
<pin id="89" dir="1" index="2" bw="32" slack="0"/>
</pin_list>
<bind>
<opcode="read(1150) " fcode="read"/>
<opset="den_norm_18581019_read/1 "/>
</bind>
</comp>

<comp id="92" class="1004" name="den_norm_28591024_read_read_fu_92">
<pin_list>
<pin id="93" dir="0" index="0" bw="32" slack="0"/>
<pin id="94" dir="0" index="1" bw="32" slack="0"/>
<pin id="95" dir="1" index="2" bw="32" slack="0"/>
</pin_list>
<bind>
<opcode="read(1150) " fcode="read"/>
<opset="den_norm_28591024_read/1 "/>
</bind>
</comp>

<comp id="98" class="1004" name="den_norm_1_1_read_read_fu_98">
<pin_list>
<pin id="99" dir="0" index="0" bw="32" slack="0"/>
<pin id="100" dir="0" index="1" bw="32" slack="0"/>
<pin id="101" dir="1" index="2" bw="32" slack="0"/>
</pin_list>
<bind>
<opcode="read(1150) " fcode="read"/>
<opset="den_norm_1_1_read/1 "/>
</bind>
</comp>

<comp id="104" class="1004" name="den_norm_2_1_read_read_fu_104">
<pin_list>
<pin id="105" dir="0" index="0" bw="32" slack="0"/>
<pin id="106" dir="0" index="1" bw="32" slack="0"/>
<pin id="107" dir="1" index="2" bw="32" slack="0"/>
</pin_list>
<bind>
<opcode="read(1150) " fcode="read"/>
<opset="den_norm_2_1_read/1 "/>
</bind>
</comp>

<comp id="110" class="1004" name="write_ln0_write_fu_110">
<pin_list>
<pin id="111" dir="0" index="0" bw="0" slack="0"/>
<pin id="112" dir="0" index="1" bw="32" slack="0"/>
<pin id="113" dir="0" index="2" bw="32" slack="0"/>
<pin id="114" dir="1" index="3" bw="0" slack="2147483647"/>
</pin_list>
<bind>
<opcode="write(1151) " fcode="write"/>
<opset="write_ln0/11 "/>
</bind>
</comp>

<comp id="117" class="1004" name="write_ln0_write_fu_117">
<pin_list>
<pin id="118" dir="0" index="0" bw="0" slack="0"/>
<pin id="119" dir="0" index="1" bw="32" slack="0"/>
<pin id="120" dir="0" index="2" bw="32" slack="0"/>
<pin id="121" dir="1" index="3" bw="0" slack="2147483647"/>
</pin_list>
<bind>
<opcode="write(1151) " fcode="write"/>
<opset="write_ln0/11 "/>
</bind>
</comp>

<comp id="124" class="1004" name="write_ln0_write_fu_124">
<pin_list>
<pin id="125" dir="0" index="0" bw="0" slack="0"/>
<pin id="126" dir="0" index="1" bw="32" slack="0"/>
<pin id="127" dir="0" index="2" bw="32" slack="0"/>
<pin id="128" dir="1" index="3" bw="0" slack="2147483647"/>
</pin_list>
<bind>
<opcode="write(1151) " fcode="write"/>
<opset="write_ln0/11 "/>
</bind>
</comp>

<comp id="131" class="1004" name="write_ln0_write_fu_131">
<pin_list>
<pin id="132" dir="0" index="0" bw="0" slack="0"/>
<pin id="133" dir="0" index="1" bw="32" slack="0"/>
<pin id="134" dir="0" index="2" bw="32" slack="0"/>
<pin id="135" dir="1" index="3" bw="0" slack="2147483647"/>
</pin_list>
<bind>
<opcode="write(1151) " fcode="write"/>
<opset="write_ln0/11 "/>
</bind>
</comp>

<comp id="138" class="1004" name="b_num_addr_gep_fu_138">
<pin_list>
<pin id="139" dir="0" index="0" bw="32" slack="0"/>
<pin id="140" dir="0" index="1" bw="1" slack="0"/>
<pin id="141" dir="0" index="2" bw="6" slack="0"/>
<pin id="142" dir="1" index="3" bw="6" slack="0"/>
</pin_list>
<bind>
<opcode="getelementptr(29) " fcode="getelementptr"/>
<opset="b_num_addr/1 "/>
</bind>
</comp>

<comp id="145" class="1004" name="grp_access_fu_145">
<pin_list>
<pin id="146" dir="0" index="0" bw="6" slack="0"/>
<pin id="147" dir="0" index="1" bw="32" slack="2147483647"/>
<pin id="148" dir="0" index="2" bw="0" slack="2147483647"/>
<pin id="149" dir="1" index="3" bw="32" slack="0"/>
</pin_list>
<bind>
<opcode="load(27) " fcode="load"/>
<opset="b_num_load/1 "/>
</bind>
</comp>

<comp id="151" class="1004" name="grp_fu_151">
<pin_list>
<pin id="152" dir="0" index="0" bw="32" slack="0"/>
<pin id="153" dir="0" index="1" bw="32" slack="2"/>
<pin id="154" dir="1" index="2" bw="32" slack="1"/>
</pin_list>
<bind>
<opcode="fdiv(16) " fcode="fdiv"/>
<opset="den_norm_2/3 "/>
</bind>
</comp>

<comp id="155" class="1004" name="store_ln0_store_fu_155">
<pin_list>
<pin id="156" dir="0" index="0" bw="32" slack="0"/>
<pin id="157" dir="0" index="1" bw="32" slack="0"/>
<pin id="158" dir="1" index="2" bw="0" slack="2147483647"/>
</pin_list>
<bind>
<opcode="store(28) " fcode="store"/>
<opset="store_ln0/1 "/>
</bind>
</comp>

<comp id="160" class="1004" name="store_ln0_store_fu_160">
<pin_list>
<pin id="161" dir="0" index="0" bw="32" slack="0"/>
<pin id="162" dir="0" index="1" bw="32" slack="0"/>
<pin id="163" dir="1" index="2" bw="0" slack="2147483647"/>
</pin_list>
<bind>
<opcode="store(28) " fcode="store"/>
<opset="store_ln0/1 "/>
</bind>
</comp>

<comp id="165" class="1004" name="store_ln0_store_fu_165">
<pin_list>
<pin id="166" dir="0" index="0" bw="32" slack="0"/>
<pin id="167" dir="0" index="1" bw="32" slack="0"/>
<pin id="168" dir="1" index="2" bw="0" slack="2147483647"/>
</pin_list>
<bind>
<opcode="store(28) " fcode="store"/>
<opset="store_ln0/1 "/>
</bind>
</comp>

<comp id="170" class="1004" name="store_ln0_store_fu_170">
<pin_list>
<pin id="171" dir="0" index="0" bw="32" slack="0"/>
<pin id="172" dir="0" index="1" bw="32" slack="0"/>
<pin id="173" dir="1" index="2" bw="0" slack="2147483647"/>
</pin_list>
<bind>
<opcode="store(28) " fcode="store"/>
<opset="store_ln0/1 "/>
</bind>
</comp>

<comp id="175" class="1004" name="store_ln0_store_fu_175">
<pin_list>
<pin id="176" dir="0" index="0" bw="1" slack="0"/>
<pin id="177" dir="0" index="1" bw="2" slack="0"/>
<pin id="178" dir="1" index="2" bw="0" slack="2147483647"/>
</pin_list>
<bind>
<opcode="store(28) " fcode="store"/>
<opset="store_ln0/1 "/>
</bind>
</comp>

<comp id="180" class="1004" name="i_56_load_fu_180">
<pin_list>
<pin id="181" dir="0" index="0" bw="2" slack="0"/>
<pin id="182" dir="1" index="1" bw="2" slack="0"/>
</pin_list>
<bind>
<opcode="load(27) " fcode="load"/>
<opset="i_56/1 "/>
</bind>
</comp>

<comp id="183" class="1004" name="icmp_ln215_fu_183">
<pin_list>
<pin id="184" dir="0" index="0" bw="2" slack="0"/>
<pin id="185" dir="0" index="1" bw="2" slack="0"/>
<pin id="186" dir="1" index="2" bw="1" slack="10"/>
</pin_list>
<bind>
<opcode="icmp(45) " fcode="icmp"/>
<opset="icmp_ln215/1 "/>
</bind>
</comp>

<comp id="189" class="1004" name="zext_ln216_fu_189">
<pin_list>
<pin id="190" dir="0" index="0" bw="2" slack="0"/>
<pin id="191" dir="1" index="1" bw="6" slack="0"/>
</pin_list>
<bind>
<opcode="zext(34) " fcode="zext"/>
<opset="zext_ln216/1 "/>
</bind>
</comp>

<comp id="193" class="1004" name="add_ln216_fu_193">
<pin_list>
<pin id="194" dir="0" index="0" bw="6" slack="0"/>
<pin id="195" dir="0" index="1" bw="2" slack="0"/>
<pin id="196" dir="1" index="2" bw="6" slack="0"/>
</pin_list>
<bind>
<opcode="add(8) " fcode="add"/>
<opset="add_ln216/1 "/>
</bind>
</comp>

<comp id="199" class="1004" name="zext_ln216_2_fu_199">
<pin_list>
<pin id="200" dir="0" index="0" bw="6" slack="0"/>
<pin id="201" dir="1" index="1" bw="64" slack="0"/>
</pin_list>
<bind>
<opcode="zext(34) " fcode="zext"/>
<opset="zext_ln216_2/1 "/>
</bind>
</comp>

<comp id="204" class="1004" name="icmp_ln216_fu_204">
<pin_list>
<pin id="205" dir="0" index="0" bw="2" slack="0"/>
<pin id="206" dir="0" index="1" bw="2" slack="0"/>
<pin id="207" dir="1" index="2" bw="1" slack="11"/>
</pin_list>
<bind>
<opcode="icmp(45) " fcode="icmp"/>
<opset="icmp_ln216/1 "/>
</bind>
</comp>

<comp id="210" class="1004" name="add_ln215_fu_210">
<pin_list>
<pin id="211" dir="0" index="0" bw="2" slack="0"/>
<pin id="212" dir="0" index="1" bw="1" slack="0"/>
<pin id="213" dir="1" index="2" bw="2" slack="0"/>
</pin_list>
<bind>
<opcode="add(8) " fcode="add"/>
<opset="add_ln215/1 "/>
</bind>
</comp>

<comp id="216" class="1004" name="store_ln215_store_fu_216">
<pin_list>
<pin id="217" dir="0" index="0" bw="2" slack="0"/>
<pin id="218" dir="0" index="1" bw="2" slack="0"/>
<pin id="219" dir="1" index="2" bw="0" slack="2147483647"/>
</pin_list>
<bind>
<opcode="store(28) " fcode="store"/>
<opset="store_ln215/1 "/>
</bind>
</comp>

<comp id="221" class="1004" name="bitcast_ln216_fu_221">
<pin_list>
<pin id="222" dir="0" index="0" bw="32" slack="0"/>
<pin id="223" dir="1" index="1" bw="32" slack="0"/>
</pin_list>
<bind>
<opcode="bitcast(44) " fcode="bitcast"/>
<opset="bitcast_ln216/2 "/>
</bind>
</comp>

<comp id="225" class="1004" name="xor_ln216_fu_225">
<pin_list>
<pin id="226" dir="0" index="0" bw="32" slack="0"/>
<pin id="227" dir="0" index="1" bw="32" slack="0"/>
<pin id="228" dir="1" index="2" bw="32" slack="1"/>
</pin_list>
<bind>
<opcode="xor(25) " fcode="xor"/>
<opset="xor_ln216/2 "/>
</bind>
</comp>

<comp id="231" class="1004" name="bitcast_ln216_1_fu_231">
<pin_list>
<pin id="232" dir="0" index="0" bw="32" slack="1"/>
<pin id="233" dir="1" index="1" bw="32" slack="0"/>
</pin_list>
<bind>
<opcode="bitcast(44) " fcode="bitcast"/>
<opset="bitcast_ln216_1/3 "/>
</bind>
</comp>

<comp id="235" class="1004" name="den_norm_1851_load_1_load_fu_235">
<pin_list>
<pin id="236" dir="0" index="0" bw="32" slack="11"/>
<pin id="237" dir="1" index="1" bw="32" slack="0"/>
</pin_list>
<bind>
<opcode="load(27) " fcode="load"/>
<opset="den_norm_1851_load_1/12 "/>
</bind>
</comp>

<comp id="238" class="1004" name="den_norm_2852_load_1_load_fu_238">
<pin_list>
<pin id="239" dir="0" index="0" bw="32" slack="11"/>
<pin id="240" dir="1" index="1" bw="32" slack="0"/>
</pin_list>
<bind>
<opcode="load(27) " fcode="load"/>
<opset="den_norm_2852_load_1/12 "/>
</bind>
</comp>

<comp id="241" class="1004" name="den_norm_1_2_load_1_load_fu_241">
<pin_list>
<pin id="242" dir="0" index="0" bw="32" slack="11"/>
<pin id="243" dir="1" index="1" bw="32" slack="0"/>
</pin_list>
<bind>
<opcode="load(27) " fcode="load"/>
<opset="den_norm_1_2_load_1/12 "/>
</bind>
</comp>

<comp id="244" class="1004" name="den_norm_2_2_load_1_load_fu_244">
<pin_list>
<pin id="245" dir="0" index="0" bw="32" slack="11"/>
<pin id="246" dir="1" index="1" bw="32" slack="0"/>
</pin_list>
<bind>
<opcode="load(27) " fcode="load"/>
<opset="den_norm_2_2_load_1/12 "/>
</bind>
</comp>

<comp id="247" class="1004" name="select_ln216_fu_247">
<pin_list>
<pin id="248" dir="0" index="0" bw="1" slack="11"/>
<pin id="249" dir="0" index="1" bw="32" slack="0"/>
<pin id="250" dir="0" index="2" bw="32" slack="1"/>
<pin id="251" dir="1" index="3" bw="32" slack="0"/>
</pin_list>
<bind>
<opcode="select(49) " fcode="select"/>
<opset="select_ln216/12 "/>
</bind>
</comp>

<comp id="253" class="1004" name="select_ln216_1_fu_253">
<pin_list>
<pin id="254" dir="0" index="0" bw="1" slack="11"/>
<pin id="255" dir="0" index="1" bw="32" slack="1"/>
<pin id="256" dir="0" index="2" bw="32" slack="0"/>
<pin id="257" dir="1" index="3" bw="32" slack="0"/>
</pin_list>
<bind>
<opcode="select(49) " fcode="select"/>
<opset="select_ln216_1/12 "/>
</bind>
</comp>

<comp id="259" class="1004" name="select_ln216_2_fu_259">
<pin_list>
<pin id="260" dir="0" index="0" bw="1" slack="11"/>
<pin id="261" dir="0" index="1" bw="32" slack="0"/>
<pin id="262" dir="0" index="2" bw="32" slack="1"/>
<pin id="263" dir="1" index="3" bw="32" slack="0"/>
</pin_list>
<bind>
<opcode="select(49) " fcode="select"/>
<opset="select_ln216_2/12 "/>
</bind>
</comp>

<comp id="265" class="1004" name="select_ln216_3_fu_265">
<pin_list>
<pin id="266" dir="0" index="0" bw="1" slack="11"/>
<pin id="267" dir="0" index="1" bw="32" slack="1"/>
<pin id="268" dir="0" index="2" bw="32" slack="0"/>
<pin id="269" dir="1" index="3" bw="32" slack="0"/>
</pin_list>
<bind>
<opcode="select(49) " fcode="select"/>
<opset="select_ln216_3/12 "/>
</bind>
</comp>

<comp id="271" class="1004" name="store_ln216_store_fu_271">
<pin_list>
<pin id="272" dir="0" index="0" bw="32" slack="0"/>
<pin id="273" dir="0" index="1" bw="32" slack="11"/>
<pin id="274" dir="1" index="2" bw="0" slack="2147483647"/>
</pin_list>
<bind>
<opcode="store(28) " fcode="store"/>
<opset="store_ln216/12 "/>
</bind>
</comp>

<comp id="276" class="1004" name="store_ln216_store_fu_276">
<pin_list>
<pin id="277" dir="0" index="0" bw="32" slack="0"/>
<pin id="278" dir="0" index="1" bw="32" slack="11"/>
<pin id="279" dir="1" index="2" bw="0" slack="2147483647"/>
</pin_list>
<bind>
<opcode="store(28) " fcode="store"/>
<opset="store_ln216/12 "/>
</bind>
</comp>

<comp id="281" class="1004" name="store_ln216_store_fu_281">
<pin_list>
<pin id="282" dir="0" index="0" bw="32" slack="0"/>
<pin id="283" dir="0" index="1" bw="32" slack="11"/>
<pin id="284" dir="1" index="2" bw="0" slack="2147483647"/>
</pin_list>
<bind>
<opcode="store(28) " fcode="store"/>
<opset="store_ln216/12 "/>
</bind>
</comp>

<comp id="286" class="1004" name="store_ln216_store_fu_286">
<pin_list>
<pin id="287" dir="0" index="0" bw="32" slack="0"/>
<pin id="288" dir="0" index="1" bw="32" slack="11"/>
<pin id="289" dir="1" index="2" bw="0" slack="2147483647"/>
</pin_list>
<bind>
<opcode="store(28) " fcode="store"/>
<opset="store_ln216/12 "/>
</bind>
</comp>

<comp id="291" class="1004" name="den_norm_1851_load_load_fu_291">
<pin_list>
<pin id="292" dir="0" index="0" bw="32" slack="10"/>
<pin id="293" dir="1" index="1" bw="32" slack="0"/>
</pin_list>
<bind>
<opcode="load(27) " fcode="load"/>
<opset="den_norm_1851_load/11 "/>
</bind>
</comp>

<comp id="295" class="1004" name="den_norm_2852_load_load_fu_295">
<pin_list>
<pin id="296" dir="0" index="0" bw="32" slack="10"/>
<pin id="297" dir="1" index="1" bw="32" slack="0"/>
</pin_list>
<bind>
<opcode="load(27) " fcode="load"/>
<opset="den_norm_2852_load/11 "/>
</bind>
</comp>

<comp id="299" class="1004" name="den_norm_1_2_load_load_fu_299">
<pin_list>
<pin id="300" dir="0" index="0" bw="32" slack="10"/>
<pin id="301" dir="1" index="1" bw="32" slack="0"/>
</pin_list>
<bind>
<opcode="load(27) " fcode="load"/>
<opset="den_norm_1_2_load/11 "/>
</bind>
</comp>

<comp id="303" class="1004" name="den_norm_2_2_load_load_fu_303">
<pin_list>
<pin id="304" dir="0" index="0" bw="32" slack="10"/>
<pin id="305" dir="1" index="1" bw="32" slack="0"/>
</pin_list>
<bind>
<opcode="load(27) " fcode="load"/>
<opset="den_norm_2_2_load/11 "/>
</bind>
</comp>

<comp id="307" class="1005" name="i_reg_307">
<pin_list>
<pin id="308" dir="0" index="0" bw="2" slack="0"/>
<pin id="309" dir="1" index="1" bw="2" slack="0"/>
</pin_list>
<bind>
<opset="i "/>
</bind>
</comp>

<comp id="314" class="1005" name="den_norm_1851_reg_314">
<pin_list>
<pin id="315" dir="0" index="0" bw="32" slack="0"/>
<pin id="316" dir="1" index="1" bw="32" slack="0"/>
</pin_list>
<bind>
<opset="den_norm_1851 "/>
</bind>
</comp>

<comp id="322" class="1005" name="den_norm_2852_reg_322">
<pin_list>
<pin id="323" dir="0" index="0" bw="32" slack="0"/>
<pin id="324" dir="1" index="1" bw="32" slack="0"/>
</pin_list>
<bind>
<opset="den_norm_2852 "/>
</bind>
</comp>

<comp id="330" class="1005" name="den_norm_1_2_reg_330">
<pin_list>
<pin id="331" dir="0" index="0" bw="32" slack="0"/>
<pin id="332" dir="1" index="1" bw="32" slack="0"/>
</pin_list>
<bind>
<opset="den_norm_1_2 "/>
</bind>
</comp>

<comp id="338" class="1005" name="den_norm_2_2_reg_338">
<pin_list>
<pin id="339" dir="0" index="0" bw="32" slack="0"/>
<pin id="340" dir="1" index="1" bw="32" slack="0"/>
</pin_list>
<bind>
<opset="den_norm_2_2 "/>
</bind>
</comp>

<comp id="346" class="1005" name="normalizer_read_reg_346">
<pin_list>
<pin id="347" dir="0" index="0" bw="32" slack="2"/>
<pin id="348" dir="1" index="1" bw="32" slack="2"/>
</pin_list>
<bind>
<opset="normalizer_read "/>
</bind>
</comp>

<comp id="351" class="1005" name="icmp_ln215_reg_351">
<pin_list>
<pin id="352" dir="0" index="0" bw="1" slack="10"/>
<pin id="353" dir="1" index="1" bw="1" slack="2147483647"/>
</pin_list>
<bind>
<opset="icmp_ln215 "/>
</bind>
</comp>

<comp id="355" class="1005" name="b_num_addr_reg_355">
<pin_list>
<pin id="356" dir="0" index="0" bw="6" slack="1"/>
<pin id="357" dir="1" index="1" bw="6" slack="1"/>
</pin_list>
<bind>
<opset="b_num_addr "/>
</bind>
</comp>

<comp id="360" class="1005" name="icmp_ln216_reg_360">
<pin_list>
<pin id="361" dir="0" index="0" bw="1" slack="11"/>
<pin id="362" dir="1" index="1" bw="1" slack="11"/>
</pin_list>
<bind>
<opset="icmp_ln216 "/>
</bind>
</comp>

<comp id="368" class="1005" name="xor_ln216_reg_368">
<pin_list>
<pin id="369" dir="0" index="0" bw="32" slack="1"/>
<pin id="370" dir="1" index="1" bw="32" slack="1"/>
</pin_list>
<bind>
<opset="xor_ln216 "/>
</bind>
</comp>

<comp id="373" class="1005" name="bitcast_ln216_1_reg_373">
<pin_list>
<pin id="374" dir="0" index="0" bw="32" slack="1"/>
<pin id="375" dir="1" index="1" bw="32" slack="1"/>
</pin_list>
<bind>
<opset="bitcast_ln216_1 "/>
</bind>
</comp>

<comp id="378" class="1005" name="den_norm_2_reg_378">
<pin_list>
<pin id="379" dir="0" index="0" bw="32" slack="1"/>
<pin id="380" dir="1" index="1" bw="32" slack="1"/>
</pin_list>
<bind>
<opset="den_norm_2 "/>
</bind>
</comp>

</comp_list>

<net_list>
<net id="57"><net_src comp="22" pin="0"/><net_sink comp="54" pin=0"/></net>

<net id="61"><net_src comp="22" pin="0"/><net_sink comp="58" pin=0"/></net>

<net id="65"><net_src comp="22" pin="0"/><net_sink comp="62" pin=0"/></net>

<net id="69"><net_src comp="22" pin="0"/><net_sink comp="66" pin=0"/></net>

<net id="73"><net_src comp="22" pin="0"/><net_sink comp="70" pin=0"/></net>

<net id="78"><net_src comp="24" pin="0"/><net_sink comp="74" pin=0"/></net>

<net id="79"><net_src comp="12" pin="0"/><net_sink comp="74" pin=1"/></net>

<net id="84"><net_src comp="26" pin="0"/><net_sink comp="80" pin=0"/></net>

<net id="85"><net_src comp="8" pin="0"/><net_sink comp="80" pin=1"/></net>

<net id="90"><net_src comp="24" pin="0"/><net_sink comp="86" pin=0"/></net>

<net id="91"><net_src comp="6" pin="0"/><net_sink comp="86" pin=1"/></net>

<net id="96"><net_src comp="24" pin="0"/><net_sink comp="92" pin=0"/></net>

<net id="97"><net_src comp="4" pin="0"/><net_sink comp="92" pin=1"/></net>

<net id="102"><net_src comp="24" pin="0"/><net_sink comp="98" pin=0"/></net>

<net id="103"><net_src comp="2" pin="0"/><net_sink comp="98" pin=1"/></net>

<net id="108"><net_src comp="24" pin="0"/><net_sink comp="104" pin=0"/></net>

<net id="109"><net_src comp="0" pin="0"/><net_sink comp="104" pin=1"/></net>

<net id="115"><net_src comp="52" pin="0"/><net_sink comp="110" pin=0"/></net>

<net id="116"><net_src comp="14" pin="0"/><net_sink comp="110" pin=1"/></net>

<net id="122"><net_src comp="52" pin="0"/><net_sink comp="117" pin=0"/></net>

<net id="123"><net_src comp="16" pin="0"/><net_sink comp="117" pin=1"/></net>

<net id="129"><net_src comp="52" pin="0"/><net_sink comp="124" pin=0"/></net>

<net id="130"><net_src comp="18" pin="0"/><net_sink comp="124" pin=1"/></net>

<net id="136"><net_src comp="52" pin="0"/><net_sink comp="131" pin=0"/></net>

<net id="137"><net_src comp="20" pin="0"/><net_sink comp="131" pin=1"/></net>

<net id="143"><net_src comp="10" pin="0"/><net_sink comp="138" pin=0"/></net>

<net id="144"><net_src comp="44" pin="0"/><net_sink comp="138" pin=1"/></net>

<net id="150"><net_src comp="138" pin="3"/><net_sink comp="145" pin=0"/></net>

<net id="159"><net_src comp="104" pin="2"/><net_sink comp="155" pin=0"/></net>

<net id="164"><net_src comp="98" pin="2"/><net_sink comp="160" pin=0"/></net>

<net id="169"><net_src comp="92" pin="2"/><net_sink comp="165" pin=0"/></net>

<net id="174"><net_src comp="86" pin="2"/><net_sink comp="170" pin=0"/></net>

<net id="179"><net_src comp="28" pin="0"/><net_sink comp="175" pin=0"/></net>

<net id="187"><net_src comp="180" pin="1"/><net_sink comp="183" pin=0"/></net>

<net id="188"><net_src comp="38" pin="0"/><net_sink comp="183" pin=1"/></net>

<net id="192"><net_src comp="180" pin="1"/><net_sink comp="189" pin=0"/></net>

<net id="197"><net_src comp="80" pin="2"/><net_sink comp="193" pin=0"/></net>

<net id="198"><net_src comp="189" pin="1"/><net_sink comp="193" pin=1"/></net>

<net id="202"><net_src comp="193" pin="2"/><net_sink comp="199" pin=0"/></net>

<net id="203"><net_src comp="199" pin="1"/><net_sink comp="138" pin=2"/></net>

<net id="208"><net_src comp="180" pin="1"/><net_sink comp="204" pin=0"/></net>

<net id="209"><net_src comp="28" pin="0"/><net_sink comp="204" pin=1"/></net>

<net id="214"><net_src comp="180" pin="1"/><net_sink comp="210" pin=0"/></net>

<net id="215"><net_src comp="28" pin="0"/><net_sink comp="210" pin=1"/></net>

<net id="220"><net_src comp="210" pin="2"/><net_sink comp="216" pin=0"/></net>

<net id="224"><net_src comp="145" pin="3"/><net_sink comp="221" pin=0"/></net>

<net id="229"><net_src comp="221" pin="1"/><net_sink comp="225" pin=0"/></net>

<net id="230"><net_src comp="46" pin="0"/><net_sink comp="225" pin=1"/></net>

<net id="234"><net_src comp="231" pin="1"/><net_sink comp="151" pin=0"/></net>

<net id="252"><net_src comp="244" pin="1"/><net_sink comp="247" pin=1"/></net>

<net id="258"><net_src comp="241" pin="1"/><net_sink comp="253" pin=2"/></net>

<net id="264"><net_src comp="238" pin="1"/><net_sink comp="259" pin=1"/></net>

<net id="270"><net_src comp="235" pin="1"/><net_sink comp="265" pin=2"/></net>

<net id="275"><net_src comp="247" pin="3"/><net_sink comp="271" pin=0"/></net>

<net id="280"><net_src comp="253" pin="3"/><net_sink comp="276" pin=0"/></net>

<net id="285"><net_src comp="259" pin="3"/><net_sink comp="281" pin=0"/></net>

<net id="290"><net_src comp="265" pin="3"/><net_sink comp="286" pin=0"/></net>

<net id="294"><net_src comp="291" pin="1"/><net_sink comp="131" pin=2"/></net>

<net id="298"><net_src comp="295" pin="1"/><net_sink comp="124" pin=2"/></net>

<net id="302"><net_src comp="299" pin="1"/><net_sink comp="117" pin=2"/></net>

<net id="306"><net_src comp="303" pin="1"/><net_sink comp="110" pin=2"/></net>

<net id="310"><net_src comp="54" pin="1"/><net_sink comp="307" pin=0"/></net>

<net id="311"><net_src comp="307" pin="1"/><net_sink comp="175" pin=1"/></net>

<net id="312"><net_src comp="307" pin="1"/><net_sink comp="180" pin=0"/></net>

<net id="313"><net_src comp="307" pin="1"/><net_sink comp="216" pin=1"/></net>

<net id="317"><net_src comp="58" pin="1"/><net_sink comp="314" pin=0"/></net>

<net id="318"><net_src comp="314" pin="1"/><net_sink comp="170" pin=1"/></net>

<net id="319"><net_src comp="314" pin="1"/><net_sink comp="235" pin=0"/></net>

<net id="320"><net_src comp="314" pin="1"/><net_sink comp="286" pin=1"/></net>

<net id="321"><net_src comp="314" pin="1"/><net_sink comp="291" pin=0"/></net>

<net id="325"><net_src comp="62" pin="1"/><net_sink comp="322" pin=0"/></net>

<net id="326"><net_src comp="322" pin="1"/><net_sink comp="165" pin=1"/></net>

<net id="327"><net_src comp="322" pin="1"/><net_sink comp="238" pin=0"/></net>

<net id="328"><net_src comp="322" pin="1"/><net_sink comp="281" pin=1"/></net>

<net id="329"><net_src comp="322" pin="1"/><net_sink comp="295" pin=0"/></net>

<net id="333"><net_src comp="66" pin="1"/><net_sink comp="330" pin=0"/></net>

<net id="334"><net_src comp="330" pin="1"/><net_sink comp="160" pin=1"/></net>

<net id="335"><net_src comp="330" pin="1"/><net_sink comp="241" pin=0"/></net>

<net id="336"><net_src comp="330" pin="1"/><net_sink comp="276" pin=1"/></net>

<net id="337"><net_src comp="330" pin="1"/><net_sink comp="299" pin=0"/></net>

<net id="341"><net_src comp="70" pin="1"/><net_sink comp="338" pin=0"/></net>

<net id="342"><net_src comp="338" pin="1"/><net_sink comp="155" pin=1"/></net>

<net id="343"><net_src comp="338" pin="1"/><net_sink comp="244" pin=0"/></net>

<net id="344"><net_src comp="338" pin="1"/><net_sink comp="271" pin=1"/></net>

<net id="345"><net_src comp="338" pin="1"/><net_sink comp="303" pin=0"/></net>

<net id="349"><net_src comp="74" pin="2"/><net_sink comp="346" pin=0"/></net>

<net id="350"><net_src comp="346" pin="1"/><net_sink comp="151" pin=1"/></net>

<net id="354"><net_src comp="183" pin="2"/><net_sink comp="351" pin=0"/></net>

<net id="358"><net_src comp="138" pin="3"/><net_sink comp="355" pin=0"/></net>

<net id="359"><net_src comp="355" pin="1"/><net_sink comp="145" pin=0"/></net>

<net id="363"><net_src comp="204" pin="2"/><net_sink comp="360" pin=0"/></net>

<net id="364"><net_src comp="360" pin="1"/><net_sink comp="247" pin=0"/></net>

<net id="365"><net_src comp="360" pin="1"/><net_sink comp="253" pin=0"/></net>

<net id="366"><net_src comp="360" pin="1"/><net_sink comp="259" pin=0"/></net>

<net id="367"><net_src comp="360" pin="1"/><net_sink comp="265" pin=0"/></net>

<net id="371"><net_src comp="225" pin="2"/><net_sink comp="368" pin=0"/></net>

<net id="372"><net_src comp="368" pin="1"/><net_sink comp="231" pin=0"/></net>

<net id="376"><net_src comp="231" pin="1"/><net_sink comp="373" pin=0"/></net>

<net id="377"><net_src comp="373" pin="1"/><net_sink comp="151" pin=0"/></net>

<net id="381"><net_src comp="151" pin="2"/><net_sink comp="378" pin=0"/></net>

<net id="382"><net_src comp="378" pin="1"/><net_sink comp="247" pin=2"/></net>

<net id="383"><net_src comp="378" pin="1"/><net_sink comp="253" pin=1"/></net>

<net id="384"><net_src comp="378" pin="1"/><net_sink comp="259" pin=2"/></net>

<net id="385"><net_src comp="378" pin="1"/><net_sink comp="265" pin=1"/></net>

</net_list>

</model> 
---------------- Datapath Model END ------------------

* FSMD analyzer results:
  - Output states:
	Port: den_norm_2_2_out | {11 }
	Port: den_norm_1_2_out | {11 }
	Port: den_norm_2852_out | {11 }
	Port: den_norm_1851_out | {11 }
 - Input state : 
	Port: main_Pipeline_VITIS_LOOP_215_1 : den_norm_2_1 | {1 }
	Port: main_Pipeline_VITIS_LOOP_215_1 : den_norm_1_1 | {1 }
	Port: main_Pipeline_VITIS_LOOP_215_1 : den_norm_28591024 | {1 }
	Port: main_Pipeline_VITIS_LOOP_215_1 : den_norm_18581019 | {1 }
	Port: main_Pipeline_VITIS_LOOP_215_1 : sub_ln290 | {1 }
	Port: main_Pipeline_VITIS_LOOP_215_1 : b_num | {1 2 }
	Port: main_Pipeline_VITIS_LOOP_215_1 : normalizer | {1 }
  - Chain level:
	State 1
		store_ln0 : 1
		i_56 : 1
		icmp_ln215 : 2
		br_ln215 : 3
		zext_ln216 : 2
		add_ln216 : 3
		zext_ln216_2 : 4
		b_num_addr : 5
		b_num_load : 6
		icmp_ln216 : 2
		add_ln215 : 2
		store_ln215 : 3
	State 2
		bitcast_ln216 : 1
		xor_ln216 : 2
	State 3
		den_norm_2 : 1
	State 4
	State 5
	State 6
	State 7
	State 8
	State 9
	State 10
	State 11
		write_ln0 : 1
		write_ln0 : 1
		write_ln0 : 1
		write_ln0 : 1
	State 12
		select_ln216 : 1
		select_ln216_1 : 1
		select_ln216_2 : 1
		select_ln216_3 : 1
		store_ln216 : 2
		store_ln216 : 2
		store_ln216 : 2
		store_ln216 : 2


============================================================
+ Verbose Summary: Datapath Resource usage 
============================================================

* Functional unit list:
|----------|-----------------------------------|---------|---------|
| Operation|          Functional Unit          |    FF   |   LUT   |
|----------|-----------------------------------|---------|---------|
|          |        select_ln216_fu_247        |    0    |    32   |
|  select  |       select_ln216_1_fu_253       |    0    |    32   |
|          |       select_ln216_2_fu_259       |    0    |    32   |
|          |       select_ln216_3_fu_265       |    0    |    32   |
|----------|-----------------------------------|---------|---------|
|    xor   |          xor_ln216_fu_225         |    0    |    32   |
|----------|-----------------------------------|---------|---------|
|    add   |          add_ln216_fu_193         |    0    |    13   |
|          |          add_ln215_fu_210         |    0    |    9    |
|----------|-----------------------------------|---------|---------|
|   icmp   |         icmp_ln215_fu_183         |    0    |    8    |
|          |         icmp_ln216_fu_204         |    0    |    8    |
|----------|-----------------------------------|---------|---------|
|          |     normalizer_read_read_fu_74    |    0    |    0    |
|          |     sub_ln290_read_read_fu_80     |    0    |    0    |
|   read   | den_norm_18581019_read_read_fu_86 |    0    |    0    |
|          | den_norm_28591024_read_read_fu_92 |    0    |    0    |
|          |    den_norm_1_1_read_read_fu_98   |    0    |    0    |
|          |   den_norm_2_1_read_read_fu_104   |    0    |    0    |
|----------|-----------------------------------|---------|---------|
|          |       write_ln0_write_fu_110      |    0    |    0    |
|   write  |       write_ln0_write_fu_117      |    0    |    0    |
|          |       write_ln0_write_fu_124      |    0    |    0    |
|          |       write_ln0_write_fu_131      |    0    |    0    |
|----------|-----------------------------------|---------|---------|
|   fdiv   |             grp_fu_151            |    0    |    0    |
|----------|-----------------------------------|---------|---------|
|   zext   |         zext_ln216_fu_189         |    0    |    0    |
|          |        zext_ln216_2_fu_199        |    0    |    0    |
|----------|-----------------------------------|---------|---------|
|   Total  |                                   |    0    |   198   |
|----------|-----------------------------------|---------|---------|

Memories:
N/A

* Register list:
+-----------------------+--------+
|                       |   FF   |
+-----------------------+--------+
|   b_num_addr_reg_355  |    6   |
|bitcast_ln216_1_reg_373|   32   |
| den_norm_1851_reg_314 |   32   |
|  den_norm_1_2_reg_330 |   32   |
| den_norm_2852_reg_322 |   32   |
|  den_norm_2_2_reg_338 |   32   |
|   den_norm_2_reg_378  |   32   |
|       i_reg_307       |    2   |
|   icmp_ln215_reg_351  |    1   |
|   icmp_ln216_reg_360  |    1   |
|normalizer_read_reg_346|   32   |
|   xor_ln216_reg_368   |   32   |
+-----------------------+--------+
|         Total         |   266  |
+-----------------------+--------+

* Multiplexer (MUX) list: 
|-------------------|------|------|------|--------||---------||---------|
|        Comp       |  Pin | Size |  BW  | S x BW ||  Delay  ||   LUT   |
|-------------------|------|------|------|--------||---------||---------|
| grp_access_fu_145 |  p0  |   2  |   6  |   12   ||    9    |
|     grp_fu_151    |  p0  |   2  |  32  |   64   ||    9    |
|-------------------|------|------|------|--------||---------||---------|
|       Total       |      |      |      |   76   ||  0.854  ||    18   |
|-------------------|------|------|------|--------||---------||---------|



* Summary:
+-----------+--------+--------+--------+
|           |  Delay |   FF   |   LUT  |
+-----------+--------+--------+--------+
|  Function |    -   |    0   |   198  |
|   Memory  |    -   |    -   |    -   |
|Multiplexer|    0   |    -   |   18   |
|  Register |    -   |   266  |    -   |
+-----------+--------+--------+--------+
|   Total   |    0   |   266  |   216  |
+-----------+--------+--------+--------+
