

================================================================
== Vitis HLS Report for 'main_Pipeline_VITIS_LOOP_187_173'
================================================================
* Date:           Tue Feb  8 11:02:05 2022

* Version:        2021.2 (Build 3367213 on Tue Oct 19 02:47:39 MDT 2021)
* Project:        ban
* Solution:       solution1 (Vivado IP Flow Target)
* Product family: zynquplus
* Target device:  xczu7ev-ffvc1156-2-e


================================================================
== Performance Estimates
================================================================
+ Timing: 
    * Summary: 
    +--------+----------+----------+------------+
    |  Clock |  Target  | Estimated| Uncertainty|
    +--------+----------+----------+------------+
    |ap_clk  |  10.00 ns|  1.104 ns|     2.70 ns|
    +--------+----------+----------+------------+

+ Latency: 
    * Summary: 
    +---------+---------+-----------+-----------+-----+-----+---------+
    |  Latency (cycles) |   Latency (absolute)  |  Interval | Pipeline|
    |   min   |   max   |    min    |    max    | min | max |   Type  |
    +---------+---------+-----------+-----------+-----+-----+---------+
    |        5|        5|  50.000 ns|  50.000 ns|    5|    5|       no|
    +---------+---------+-----------+-----------+-----+-----+---------+

    + Detail: 
        * Instance: 
        N/A

        * Loop: 
        +--------------------+---------+---------+----------+-----------+-----------+------+----------+
        |                    |  Latency (cycles) | Iteration|  Initiation Interval  | Trip |          |
        |      Loop Name     |   min   |   max   |  Latency |  achieved |   target  | Count| Pipelined|
        +--------------------+---------+---------+----------+-----------+-----------+------+----------+
        |- VITIS_LOOP_187_1  |        3|        3|         2|          1|          1|     3|       yes|
        +--------------------+---------+---------+----------+-----------+-----------+------+----------+

============================================================
+ Verbose Summary: Synthesis Manager
============================================================
InlineROM: 1
ExposeGlobal: 0
============================================================
+ Verbose Summary: CDFG Model
============================================================
IsTopModel: 0
ResetActiveHigh: 1
IsCombinational: 0
IsDatapathOnly: 0
HasWiredReturn: 1
HasMFsm: 2
HasVarLatency: 1
IsPipeline: 0
IsRtlPipelined: 0
IsInstanceOverlapped: 0
IsDontTouch: 0
HasImplIP: 0
IsGatedGlobalClock: 0

+ Individual pipeline summary: 
  * Pipeline-0: initiation interval (II) = 1, depth = 2


============================================================
+ Verbose Summary: Schedule
============================================================
* Number of FSM states : 2
* Pipeline : 1
  Pipeline-0 : II = 1, D = 2, States = { 1 2 }
* Dataflow Pipeline: 0

* FSM state transitions: 
1 --> 2 
2 --> 

* FSM state operations: 

State 1 <SV = 0> <Delay = 0.97>
ST_1 : Operation 5 [1/1] (0.00ns)   --->   "%i = alloca i32 1"   --->   Operation 5 'alloca' 'i' <Predicate = true> <Delay = 0.00>
ST_1 : Operation 6 [1/1] (0.00ns)   --->   "%b8_num_1 = alloca i32 1"   --->   Operation 6 'alloca' 'b8_num_1' <Predicate = true> <Delay = 0.00>
ST_1 : Operation 7 [1/1] (0.00ns)   --->   "%b8_num_1_15 = alloca i32 1"   --->   Operation 7 'alloca' 'b8_num_1_15' <Predicate = true> <Delay = 0.00>
ST_1 : Operation 8 [1/1] (0.00ns)   --->   "%b8_num_1_16 = alloca i32 1"   --->   Operation 8 'alloca' 'b8_num_1_16' <Predicate = true> <Delay = 0.00>
ST_1 : Operation 9 [1/1] (0.00ns)   --->   "%b8_num_1_17 = alloca i32 1"   --->   Operation 9 'alloca' 'b8_num_1_17' <Predicate = true> <Delay = 0.00>
ST_1 : Operation 10 [1/1] (0.00ns)   --->   "%b8_num_1_2 = alloca i32 1"   --->   Operation 10 'alloca' 'b8_num_1_2' <Predicate = true> <Delay = 0.00>
ST_1 : Operation 11 [1/1] (0.00ns)   --->   "%b8_num_1_18 = alloca i32 1"   --->   Operation 11 'alloca' 'b8_num_1_18' <Predicate = true> <Delay = 0.00>
ST_1 : Operation 12 [1/1] (0.00ns)   --->   "%b8_num_load_reload_read = read i32 @_ssdm_op_Read.ap_auto.float, i32 %b8_num_load_reload"   --->   Operation 12 'read' 'b8_num_load_reload_read' <Predicate = true> <Delay = 0.00>
ST_1 : Operation 13 [1/1] (0.00ns)   --->   "%b8_num_load_1_reload_read = read i32 @_ssdm_op_Read.ap_auto.float, i32 %b8_num_load_1_reload"   --->   Operation 13 'read' 'b8_num_load_1_reload_read' <Predicate = true> <Delay = 0.00>
ST_1 : Operation 14 [1/1] (0.00ns)   --->   "%b8_num_load_2_reload_read = read i32 @_ssdm_op_Read.ap_auto.float, i32 %b8_num_load_2_reload"   --->   Operation 14 'read' 'b8_num_load_2_reload_read' <Predicate = true> <Delay = 0.00>
ST_1 : Operation 15 [1/1] (0.00ns)   --->   "%b8_num_0_0_reload_read = read i32 @_ssdm_op_Read.ap_auto.float, i32 %b8_num_0_0_reload"   --->   Operation 15 'read' 'b8_num_0_0_reload_read' <Predicate = true> <Delay = 0.00>
ST_1 : Operation 16 [1/1] (0.00ns)   --->   "%b8_num_1_0_reload_read = read i32 @_ssdm_op_Read.ap_auto.float, i32 %b8_num_1_0_reload"   --->   Operation 16 'read' 'b8_num_1_0_reload_read' <Predicate = true> <Delay = 0.00>
ST_1 : Operation 17 [1/1] (0.00ns)   --->   "%b8_num_2_0_reload_read = read i32 @_ssdm_op_Read.ap_auto.float, i32 %b8_num_2_0_reload"   --->   Operation 17 'read' 'b8_num_2_0_reload_read' <Predicate = true> <Delay = 0.00>
ST_1 : Operation 18 [1/1] (0.42ns)   --->   "%store_ln0 = store i32 %b8_num_2_0_reload_read, i32 %b8_num_1_18"   --->   Operation 18 'store' 'store_ln0' <Predicate = true> <Delay = 0.42>
ST_1 : Operation 19 [1/1] (0.42ns)   --->   "%store_ln0 = store i32 %b8_num_1_0_reload_read, i32 %b8_num_1_2"   --->   Operation 19 'store' 'store_ln0' <Predicate = true> <Delay = 0.42>
ST_1 : Operation 20 [1/1] (0.42ns)   --->   "%store_ln0 = store i32 %b8_num_0_0_reload_read, i32 %b8_num_1_17"   --->   Operation 20 'store' 'store_ln0' <Predicate = true> <Delay = 0.42>
ST_1 : Operation 21 [1/1] (0.42ns)   --->   "%store_ln0 = store i32 %b8_num_load_2_reload_read, i32 %b8_num_1_16"   --->   Operation 21 'store' 'store_ln0' <Predicate = true> <Delay = 0.42>
ST_1 : Operation 22 [1/1] (0.42ns)   --->   "%store_ln0 = store i32 %b8_num_load_1_reload_read, i32 %b8_num_1_15"   --->   Operation 22 'store' 'store_ln0' <Predicate = true> <Delay = 0.42>
ST_1 : Operation 23 [1/1] (0.42ns)   --->   "%store_ln0 = store i32 %b8_num_load_reload_read, i32 %b8_num_1"   --->   Operation 23 'store' 'store_ln0' <Predicate = true> <Delay = 0.42>
ST_1 : Operation 24 [1/1] (0.42ns)   --->   "%store_ln0 = store i2 0, i2 %i"   --->   Operation 24 'store' 'store_ln0' <Predicate = true> <Delay = 0.42>
ST_1 : Operation 25 [1/1] (0.00ns)   --->   "%br_ln0 = br void %_ZN3Ban9_mul_convEPKfS1_Pf.exit.i.i1191"   --->   Operation 25 'br' 'br_ln0' <Predicate = true> <Delay = 0.00>
ST_1 : Operation 26 [1/1] (0.00ns)   --->   "%i_57 = load i2 %i" [../src/ban.cpp:187]   --->   Operation 26 'load' 'i_57' <Predicate = true> <Delay = 0.00>
ST_1 : Operation 27 [1/1] (0.00ns)   --->   "%specpipeline_ln0 = specpipeline void @_ssdm_op_SpecPipeline, i32 4294967295, i32 0, i32 1, i32 0, void @p_str"   --->   Operation 27 'specpipeline' 'specpipeline_ln0' <Predicate = true> <Delay = 0.00>
ST_1 : Operation 28 [1/1] (0.44ns)   --->   "%icmp_ln187 = icmp_eq  i2 %i_57, i2 3" [../src/ban.cpp:187]   --->   Operation 28 'icmp' 'icmp_ln187' <Predicate = true> <Delay = 0.44> <CoreInst = "Cmp">   --->   Core 9 'Cmp' <Latency = 0> <II = 1> <Delay = 0.44> <FuncUnit> <Opcode : 'icmp'> <InPorts = 2> <OutPorts = 1>
ST_1 : Operation 29 [1/1] (0.00ns)   --->   "%empty = speclooptripcount i32 @_ssdm_op_SpecLoopTripCount, i64 3, i64 3, i64 3"   --->   Operation 29 'speclooptripcount' 'empty' <Predicate = true> <Delay = 0.00>
ST_1 : Operation 30 [1/1] (0.54ns)   --->   "%add_ln187 = add i2 %i_57, i2 1" [../src/ban.cpp:187]   --->   Operation 30 'add' 'add_ln187' <Predicate = true> <Delay = 0.54> <CoreInst = "Adder">   --->   Core 1 'Adder' <Latency = 0> <II = 1> <Delay = 0.54> <FuncUnit> <Opcode : 'add' 'sub'> <InPorts = 2> <OutPorts = 1>
ST_1 : Operation 31 [1/1] (0.00ns)   --->   "%br_ln187 = br i1 %icmp_ln187, void %.split19, void %_ZN3Ban4_mulEPKfS1_Pf.exit.i1198.exitStub" [../src/ban.cpp:187]   --->   Operation 31 'br' 'br_ln187' <Predicate = true> <Delay = 0.00>
ST_1 : Operation 32 [1/1] (0.00ns)   --->   "%trunc_ln188_3_cast = zext i2 %i_57" [../src/ban.cpp:187]   --->   Operation 32 'zext' 'trunc_ln188_3_cast' <Predicate = (!icmp_ln187)> <Delay = 0.00>
ST_1 : Operation 33 [1/1] (0.00ns)   --->   "%aux_addr = getelementptr i32 %aux, i64 0, i64 %trunc_ln188_3_cast" [../src/ban.cpp:188]   --->   Operation 33 'getelementptr' 'aux_addr' <Predicate = (!icmp_ln187)> <Delay = 0.00>
ST_1 : Operation 34 [2/2] (0.67ns)   --->   "%b8_num_1_20 = load i3 %aux_addr" [../src/ban.cpp:188]   --->   Operation 34 'load' 'b8_num_1_20' <Predicate = (!icmp_ln187)> <Delay = 0.67> <CoreInst = "RAM">   --->   Core 83 'RAM' <Latency = 1> <II = 1> <Delay = 0.67> <Storage> <Opcode : 'load' 'store'> <Ports = 2> <Width = 32> <Depth = 5> <RAM>
ST_1 : Operation 35 [1/1] (0.58ns)   --->   "%switch_ln188 = switch i2 %i_57, void %branch53, i2 0, void %.split19..split19451_crit_edge, i2 1, void %.split19..split19451_crit_edge7" [../src/ban.cpp:188]   --->   Operation 35 'switch' 'switch_ln188' <Predicate = (!icmp_ln187)> <Delay = 0.58>
ST_1 : Operation 36 [1/1] (0.42ns)   --->   "%store_ln187 = store i2 %add_ln187, i2 %i" [../src/ban.cpp:187]   --->   Operation 36 'store' 'store_ln187' <Predicate = (!icmp_ln187)> <Delay = 0.42>
ST_1 : Operation 37 [1/1] (0.00ns)   --->   "%br_ln0 = br void %_ZN3Ban9_mul_convEPKfS1_Pf.exit.i.i1191"   --->   Operation 37 'br' 'br_ln0' <Predicate = (!icmp_ln187)> <Delay = 0.00>
ST_1 : Operation 49 [1/1] (0.00ns)   --->   "%b8_num_1_load = load i32 %b8_num_1"   --->   Operation 49 'load' 'b8_num_1_load' <Predicate = (icmp_ln187)> <Delay = 0.00>
ST_1 : Operation 50 [1/1] (0.00ns)   --->   "%b8_num_1_15_load = load i32 %b8_num_1_15"   --->   Operation 50 'load' 'b8_num_1_15_load' <Predicate = (icmp_ln187)> <Delay = 0.00>
ST_1 : Operation 51 [1/1] (0.00ns)   --->   "%b8_num_1_16_load = load i32 %b8_num_1_16"   --->   Operation 51 'load' 'b8_num_1_16_load' <Predicate = (icmp_ln187)> <Delay = 0.00>
ST_1 : Operation 52 [1/1] (0.00ns)   --->   "%b8_num_1_17_load = load i32 %b8_num_1_17"   --->   Operation 52 'load' 'b8_num_1_17_load' <Predicate = (icmp_ln187)> <Delay = 0.00>
ST_1 : Operation 53 [1/1] (0.00ns)   --->   "%b8_num_1_2_load = load i32 %b8_num_1_2"   --->   Operation 53 'load' 'b8_num_1_2_load' <Predicate = (icmp_ln187)> <Delay = 0.00>
ST_1 : Operation 54 [1/1] (0.00ns)   --->   "%b8_num_1_18_load = load i32 %b8_num_1_18"   --->   Operation 54 'load' 'b8_num_1_18_load' <Predicate = (icmp_ln187)> <Delay = 0.00>
ST_1 : Operation 55 [1/1] (0.00ns)   --->   "%write_ln0 = write void @_ssdm_op_Write.ap_auto.floatP0A, i32 %b8_num_2_2_out, i32 %b8_num_1_18_load"   --->   Operation 55 'write' 'write_ln0' <Predicate = (icmp_ln187)> <Delay = 0.00>
ST_1 : Operation 56 [1/1] (0.00ns)   --->   "%write_ln0 = write void @_ssdm_op_Write.ap_auto.floatP0A, i32 %b8_num_1_2_out, i32 %b8_num_1_2_load"   --->   Operation 56 'write' 'write_ln0' <Predicate = (icmp_ln187)> <Delay = 0.00>
ST_1 : Operation 57 [1/1] (0.00ns)   --->   "%write_ln0 = write void @_ssdm_op_Write.ap_auto.floatP0A, i32 %b8_num_0_2_out, i32 %b8_num_1_17_load"   --->   Operation 57 'write' 'write_ln0' <Predicate = (icmp_ln187)> <Delay = 0.00>
ST_1 : Operation 58 [1/1] (0.00ns)   --->   "%write_ln0 = write void @_ssdm_op_Write.ap_auto.floatP0A, i32 %b8_num_load_6970_out, i32 %b8_num_1_16_load"   --->   Operation 58 'write' 'write_ln0' <Predicate = (icmp_ln187)> <Delay = 0.00>
ST_1 : Operation 59 [1/1] (0.00ns)   --->   "%write_ln0 = write void @_ssdm_op_Write.ap_auto.floatP0A, i32 %b8_num_load_5962_out, i32 %b8_num_1_15_load"   --->   Operation 59 'write' 'write_ln0' <Predicate = (icmp_ln187)> <Delay = 0.00>
ST_1 : Operation 60 [1/1] (0.00ns)   --->   "%write_ln0 = write void @_ssdm_op_Write.ap_auto.floatP0A, i32 %b8_num_load_3_out, i32 %b8_num_1_load"   --->   Operation 60 'write' 'write_ln0' <Predicate = (icmp_ln187)> <Delay = 0.00>
ST_1 : Operation 61 [1/1] (0.00ns)   --->   "%ret_ln0 = ret"   --->   Operation 61 'ret' 'ret_ln0' <Predicate = (icmp_ln187)> <Delay = 0.00>

State 2 <SV = 1> <Delay = 1.10>
ST_2 : Operation 38 [1/1] (0.00ns)   --->   "%specloopname_ln187 = specloopname void @_ssdm_op_SpecLoopName, void @empty_19" [../src/ban.cpp:187]   --->   Operation 38 'specloopname' 'specloopname_ln187' <Predicate = true> <Delay = 0.00>
ST_2 : Operation 39 [1/2] (0.67ns)   --->   "%b8_num_1_20 = load i3 %aux_addr" [../src/ban.cpp:188]   --->   Operation 39 'load' 'b8_num_1_20' <Predicate = true> <Delay = 0.67> <CoreInst = "RAM">   --->   Core 83 'RAM' <Latency = 1> <II = 1> <Delay = 0.67> <Storage> <Opcode : 'load' 'store'> <Ports = 2> <Width = 32> <Depth = 5> <RAM>
ST_2 : Operation 40 [1/1] (0.42ns)   --->   "%store_ln188 = store i32 %b8_num_1_20, i32 %b8_num_1_2" [../src/ban.cpp:188]   --->   Operation 40 'store' 'store_ln188' <Predicate = (i_57 == 1)> <Delay = 0.42>
ST_2 : Operation 41 [1/1] (0.42ns)   --->   "%store_ln188 = store i32 %b8_num_1_20, i32 %b8_num_1_15" [../src/ban.cpp:188]   --->   Operation 41 'store' 'store_ln188' <Predicate = (i_57 == 1)> <Delay = 0.42>
ST_2 : Operation 42 [1/1] (0.00ns)   --->   "%br_ln188 = br void %.split19451" [../src/ban.cpp:188]   --->   Operation 42 'br' 'br_ln188' <Predicate = (i_57 == 1)> <Delay = 0.00>
ST_2 : Operation 43 [1/1] (0.42ns)   --->   "%store_ln188 = store i32 %b8_num_1_20, i32 %b8_num_1_17" [../src/ban.cpp:188]   --->   Operation 43 'store' 'store_ln188' <Predicate = (i_57 == 0)> <Delay = 0.42>
ST_2 : Operation 44 [1/1] (0.42ns)   --->   "%store_ln188 = store i32 %b8_num_1_20, i32 %b8_num_1" [../src/ban.cpp:188]   --->   Operation 44 'store' 'store_ln188' <Predicate = (i_57 == 0)> <Delay = 0.42>
ST_2 : Operation 45 [1/1] (0.00ns)   --->   "%br_ln188 = br void %.split19451" [../src/ban.cpp:188]   --->   Operation 45 'br' 'br_ln188' <Predicate = (i_57 == 0)> <Delay = 0.00>
ST_2 : Operation 46 [1/1] (0.42ns)   --->   "%store_ln188 = store i32 %b8_num_1_20, i32 %b8_num_1_18" [../src/ban.cpp:188]   --->   Operation 46 'store' 'store_ln188' <Predicate = (i_57 != 0 & i_57 != 1)> <Delay = 0.42>
ST_2 : Operation 47 [1/1] (0.42ns)   --->   "%store_ln188 = store i32 %b8_num_1_20, i32 %b8_num_1_16" [../src/ban.cpp:188]   --->   Operation 47 'store' 'store_ln188' <Predicate = (i_57 != 0 & i_57 != 1)> <Delay = 0.42>
ST_2 : Operation 48 [1/1] (0.00ns)   --->   "%br_ln188 = br void %.split19451" [../src/ban.cpp:188]   --->   Operation 48 'br' 'br_ln188' <Predicate = (i_57 != 0 & i_57 != 1)> <Delay = 0.00>


============================================================
+ Verbose Summary: Binding
============================================================
STG Binding: 
---------------- STG Properties BEGIN ----------------
- Is combinational: 0
- Is one-state seq: 0
- Is datapath-only: 0
- Is pipelined: 0
- Is top level: 0
Port [ Return ] is wired: 1; IO mode=ap_ctrl_hs:ce=0
Port [ b8_num_2_0_reload]:  wired=1; compound=0; hidden=0; nouse=0; global=0; static=0; extern=0; dir=0; type=0; pingpong=0; private_global=0; IO mode=ap_none:ce=0
Port [ b8_num_1_0_reload]:  wired=1; compound=0; hidden=0; nouse=0; global=0; static=0; extern=0; dir=0; type=0; pingpong=0; private_global=0; IO mode=ap_none:ce=0
Port [ b8_num_0_0_reload]:  wired=1; compound=0; hidden=0; nouse=0; global=0; static=0; extern=0; dir=0; type=0; pingpong=0; private_global=0; IO mode=ap_none:ce=0
Port [ b8_num_load_2_reload]:  wired=1; compound=0; hidden=0; nouse=0; global=0; static=0; extern=0; dir=0; type=0; pingpong=0; private_global=0; IO mode=ap_none:ce=0
Port [ b8_num_load_1_reload]:  wired=1; compound=0; hidden=0; nouse=0; global=0; static=0; extern=0; dir=0; type=0; pingpong=0; private_global=0; IO mode=ap_none:ce=0
Port [ b8_num_load_reload]:  wired=1; compound=0; hidden=0; nouse=0; global=0; static=0; extern=0; dir=0; type=0; pingpong=0; private_global=0; IO mode=ap_none:ce=0
Port [ aux]:  wired=1; compound=1; hidden=0; nouse=0; global=0; static=0; extern=0; dir=0; type=1; pingpong=0; private_global=0; MemPort=[13]; IO mode=ap_memory:ce=0
Port [ b8_num_2_2_out]:  wired=1; compound=0; hidden=0; nouse=0; global=0; static=0; extern=0; dir=1; type=0; pingpong=0; private_global=0; IO mode=ap_vld:ce=0
Port [ b8_num_1_2_out]:  wired=1; compound=0; hidden=0; nouse=0; global=0; static=0; extern=0; dir=1; type=0; pingpong=0; private_global=0; IO mode=ap_vld:ce=0
Port [ b8_num_0_2_out]:  wired=1; compound=0; hidden=0; nouse=0; global=0; static=0; extern=0; dir=1; type=0; pingpong=0; private_global=0; IO mode=ap_vld:ce=0
Port [ b8_num_load_6970_out]:  wired=1; compound=0; hidden=0; nouse=0; global=0; static=0; extern=0; dir=1; type=0; pingpong=0; private_global=0; IO mode=ap_vld:ce=0
Port [ b8_num_load_5962_out]:  wired=1; compound=0; hidden=0; nouse=0; global=0; static=0; extern=0; dir=1; type=0; pingpong=0; private_global=0; IO mode=ap_vld:ce=0
Port [ b8_num_load_3_out]:  wired=1; compound=0; hidden=0; nouse=0; global=0; static=0; extern=0; dir=1; type=0; pingpong=0; private_global=0; IO mode=ap_vld:ce=0
---------------- STG Properties END ------------------

---------------- Datapath Model BEGIN ----------------

<LifeTime>
<method=bitvector/>
i                         (alloca           ) [ 010]
b8_num_1                  (alloca           ) [ 011]
b8_num_1_15               (alloca           ) [ 011]
b8_num_1_16               (alloca           ) [ 011]
b8_num_1_17               (alloca           ) [ 011]
b8_num_1_2                (alloca           ) [ 011]
b8_num_1_18               (alloca           ) [ 011]
b8_num_load_reload_read   (read             ) [ 000]
b8_num_load_1_reload_read (read             ) [ 000]
b8_num_load_2_reload_read (read             ) [ 000]
b8_num_0_0_reload_read    (read             ) [ 000]
b8_num_1_0_reload_read    (read             ) [ 000]
b8_num_2_0_reload_read    (read             ) [ 000]
store_ln0                 (store            ) [ 000]
store_ln0                 (store            ) [ 000]
store_ln0                 (store            ) [ 000]
store_ln0                 (store            ) [ 000]
store_ln0                 (store            ) [ 000]
store_ln0                 (store            ) [ 000]
store_ln0                 (store            ) [ 000]
br_ln0                    (br               ) [ 000]
i_57                      (load             ) [ 011]
specpipeline_ln0          (specpipeline     ) [ 000]
icmp_ln187                (icmp             ) [ 010]
empty                     (speclooptripcount) [ 000]
add_ln187                 (add              ) [ 000]
br_ln187                  (br               ) [ 000]
trunc_ln188_3_cast        (zext             ) [ 000]
aux_addr                  (getelementptr    ) [ 011]
switch_ln188              (switch           ) [ 000]
store_ln187               (store            ) [ 000]
br_ln0                    (br               ) [ 000]
specloopname_ln187        (specloopname     ) [ 000]
b8_num_1_20               (load             ) [ 000]
store_ln188               (store            ) [ 000]
store_ln188               (store            ) [ 000]
br_ln188                  (br               ) [ 000]
store_ln188               (store            ) [ 000]
store_ln188               (store            ) [ 000]
br_ln188                  (br               ) [ 000]
store_ln188               (store            ) [ 000]
store_ln188               (store            ) [ 000]
br_ln188                  (br               ) [ 000]
b8_num_1_load             (load             ) [ 000]
b8_num_1_15_load          (load             ) [ 000]
b8_num_1_16_load          (load             ) [ 000]
b8_num_1_17_load          (load             ) [ 000]
b8_num_1_2_load           (load             ) [ 000]
b8_num_1_18_load          (load             ) [ 000]
write_ln0                 (write            ) [ 000]
write_ln0                 (write            ) [ 000]
write_ln0                 (write            ) [ 000]
write_ln0                 (write            ) [ 000]
write_ln0                 (write            ) [ 000]
write_ln0                 (write            ) [ 000]
ret_ln0                   (ret              ) [ 000]
</LifeTime>

<model>

<comp_list>
<comp id="0" class="1000" name="b8_num_2_0_reload">
<pin_list>
<pin id="1" dir="1" index="0" bw="1" slack="0"/>
</pin_list>
<bind>
<StgValue><ssdm name="b8_num_2_0_reload"/></StgValue>
</bind>
</comp>

<comp id="2" class="1000" name="b8_num_1_0_reload">
<pin_list>
<pin id="3" dir="1" index="0" bw="1" slack="0"/>
</pin_list>
<bind>
<StgValue><ssdm name="b8_num_1_0_reload"/></StgValue>
</bind>
</comp>

<comp id="4" class="1000" name="b8_num_0_0_reload">
<pin_list>
<pin id="5" dir="1" index="0" bw="1" slack="0"/>
</pin_list>
<bind>
<StgValue><ssdm name="b8_num_0_0_reload"/></StgValue>
</bind>
</comp>

<comp id="6" class="1000" name="b8_num_load_2_reload">
<pin_list>
<pin id="7" dir="1" index="0" bw="1" slack="0"/>
</pin_list>
<bind>
<StgValue><ssdm name="b8_num_load_2_reload"/></StgValue>
</bind>
</comp>

<comp id="8" class="1000" name="b8_num_load_1_reload">
<pin_list>
<pin id="9" dir="1" index="0" bw="1" slack="0"/>
</pin_list>
<bind>
<StgValue><ssdm name="b8_num_load_1_reload"/></StgValue>
</bind>
</comp>

<comp id="10" class="1000" name="b8_num_load_reload">
<pin_list>
<pin id="11" dir="1" index="0" bw="1" slack="0"/>
</pin_list>
<bind>
<StgValue><ssdm name="b8_num_load_reload"/></StgValue>
</bind>
</comp>

<comp id="12" class="1000" name="aux">
<pin_list>
<pin id="13" dir="1" index="0" bw="1" slack="0"/>
</pin_list>
<bind>
<StgValue><ssdm name="aux"/><MemPortTyVec>1 3 </MemPortTyVec>
</StgValue>
</bind>
</comp>

<comp id="14" class="1000" name="b8_num_2_2_out">
<pin_list>
<pin id="15" dir="1" index="0" bw="1" slack="0"/>
</pin_list>
<bind>
<StgValue><ssdm name="b8_num_2_2_out"/></StgValue>
</bind>
</comp>

<comp id="16" class="1000" name="b8_num_1_2_out">
<pin_list>
<pin id="17" dir="1" index="0" bw="1" slack="0"/>
</pin_list>
<bind>
<StgValue><ssdm name="b8_num_1_2_out"/></StgValue>
</bind>
</comp>

<comp id="18" class="1000" name="b8_num_0_2_out">
<pin_list>
<pin id="19" dir="1" index="0" bw="1" slack="0"/>
</pin_list>
<bind>
<StgValue><ssdm name="b8_num_0_2_out"/></StgValue>
</bind>
</comp>

<comp id="20" class="1000" name="b8_num_load_6970_out">
<pin_list>
<pin id="21" dir="1" index="0" bw="1" slack="0"/>
</pin_list>
<bind>
<StgValue><ssdm name="b8_num_load_6970_out"/></StgValue>
</bind>
</comp>

<comp id="22" class="1000" name="b8_num_load_5962_out">
<pin_list>
<pin id="23" dir="1" index="0" bw="1" slack="0"/>
</pin_list>
<bind>
<StgValue><ssdm name="b8_num_load_5962_out"/></StgValue>
</bind>
</comp>

<comp id="24" class="1000" name="b8_num_load_3_out">
<pin_list>
<pin id="25" dir="1" index="0" bw="1" slack="0"/>
</pin_list>
<bind>
<StgValue><ssdm name="b8_num_load_3_out"/></StgValue>
</bind>
</comp>

<comp id="26" class="1001" name="const_26">
<pin_list>
<pin id="27" dir="1" index="0" bw="1" slack="0"/>
</pin_list>
<bind>
<StgValue><ssdm name=""/></StgValue>
</bind>
</comp>

<comp id="28" class="1001" name="const_28">
<pin_list>
<pin id="29" dir="1" index="0" bw="1" slack="0"/>
</pin_list>
<bind>
<StgValue><ssdm name="_ssdm_op_Read.ap_auto.float"/></StgValue>
</bind>
</comp>

<comp id="30" class="1001" name="const_30">
<pin_list>
<pin id="31" dir="1" index="0" bw="1" slack="0"/>
</pin_list>
<bind>
<StgValue><ssdm name=""/></StgValue>
</bind>
</comp>

<comp id="32" class="1001" name="const_32">
<pin_list>
<pin id="33" dir="1" index="0" bw="1" slack="2147483647"/>
</pin_list>
<bind>
<StgValue><ssdm name="_ssdm_op_SpecPipeline"/></StgValue>
</bind>
</comp>

<comp id="34" class="1001" name="const_34">
<pin_list>
<pin id="35" dir="1" index="0" bw="1" slack="2147483647"/>
</pin_list>
<bind>
<StgValue><ssdm name=""/></StgValue>
</bind>
</comp>

<comp id="36" class="1001" name="const_36">
<pin_list>
<pin id="37" dir="1" index="0" bw="1" slack="2147483647"/>
</pin_list>
<bind>
<StgValue><ssdm name=""/></StgValue>
</bind>
</comp>

<comp id="38" class="1001" name="const_38">
<pin_list>
<pin id="39" dir="1" index="0" bw="1" slack="2147483647"/>
</pin_list>
<bind>
<StgValue><ssdm name="p_str"/></StgValue>
</bind>
</comp>

<comp id="40" class="1001" name="const_40">
<pin_list>
<pin id="41" dir="1" index="0" bw="1" slack="0"/>
</pin_list>
<bind>
<StgValue><ssdm name=""/></StgValue>
</bind>
</comp>

<comp id="42" class="1001" name="const_42">
<pin_list>
<pin id="43" dir="1" index="0" bw="1" slack="2147483647"/>
</pin_list>
<bind>
<StgValue><ssdm name="_ssdm_op_SpecLoopTripCount"/></StgValue>
</bind>
</comp>

<comp id="44" class="1001" name="const_44">
<pin_list>
<pin id="45" dir="1" index="0" bw="1" slack="2147483647"/>
</pin_list>
<bind>
<StgValue><ssdm name=""/></StgValue>
</bind>
</comp>

<comp id="46" class="1001" name="const_46">
<pin_list>
<pin id="47" dir="1" index="0" bw="1" slack="0"/>
</pin_list>
<bind>
<StgValue><ssdm name=""/></StgValue>
</bind>
</comp>

<comp id="48" class="1001" name="const_48">
<pin_list>
<pin id="49" dir="1" index="0" bw="1" slack="0"/>
</pin_list>
<bind>
<StgValue><ssdm name=""/></StgValue>
</bind>
</comp>

<comp id="50" class="1001" name="const_50">
<pin_list>
<pin id="51" dir="1" index="0" bw="1" slack="2147483647"/>
</pin_list>
<bind>
<StgValue><ssdm name="_ssdm_op_SpecLoopName"/></StgValue>
</bind>
</comp>

<comp id="52" class="1001" name="const_52">
<pin_list>
<pin id="53" dir="1" index="0" bw="1" slack="2147483647"/>
</pin_list>
<bind>
<StgValue><ssdm name="empty_19"/></StgValue>
</bind>
</comp>

<comp id="54" class="1001" name="const_54">
<pin_list>
<pin id="55" dir="1" index="0" bw="1" slack="0"/>
</pin_list>
<bind>
<StgValue><ssdm name="_ssdm_op_Write.ap_auto.floatP0A"/></StgValue>
</bind>
</comp>

<comp id="56" class="1004" name="i_fu_56">
<pin_list>
<pin id="57" dir="0" index="0" bw="1" slack="0"/>
<pin id="58" dir="1" index="1" bw="2" slack="0"/>
</pin_list>
<bind>
<opcode="alloca(26) " fcode="alloca"/>
<opset="i/1 "/>
</bind>
</comp>

<comp id="60" class="1004" name="b8_num_1_fu_60">
<pin_list>
<pin id="61" dir="0" index="0" bw="1" slack="0"/>
<pin id="62" dir="1" index="1" bw="32" slack="0"/>
</pin_list>
<bind>
<opcode="alloca(26) " fcode="alloca"/>
<opset="b8_num_1/1 "/>
</bind>
</comp>

<comp id="64" class="1004" name="b8_num_1_15_fu_64">
<pin_list>
<pin id="65" dir="0" index="0" bw="1" slack="0"/>
<pin id="66" dir="1" index="1" bw="32" slack="0"/>
</pin_list>
<bind>
<opcode="alloca(26) " fcode="alloca"/>
<opset="b8_num_1_15/1 "/>
</bind>
</comp>

<comp id="68" class="1004" name="b8_num_1_16_fu_68">
<pin_list>
<pin id="69" dir="0" index="0" bw="1" slack="0"/>
<pin id="70" dir="1" index="1" bw="32" slack="0"/>
</pin_list>
<bind>
<opcode="alloca(26) " fcode="alloca"/>
<opset="b8_num_1_16/1 "/>
</bind>
</comp>

<comp id="72" class="1004" name="b8_num_1_17_fu_72">
<pin_list>
<pin id="73" dir="0" index="0" bw="1" slack="0"/>
<pin id="74" dir="1" index="1" bw="32" slack="0"/>
</pin_list>
<bind>
<opcode="alloca(26) " fcode="alloca"/>
<opset="b8_num_1_17/1 "/>
</bind>
</comp>

<comp id="76" class="1004" name="b8_num_1_2_fu_76">
<pin_list>
<pin id="77" dir="0" index="0" bw="1" slack="0"/>
<pin id="78" dir="1" index="1" bw="32" slack="0"/>
</pin_list>
<bind>
<opcode="alloca(26) " fcode="alloca"/>
<opset="b8_num_1_2/1 "/>
</bind>
</comp>

<comp id="80" class="1004" name="b8_num_1_18_fu_80">
<pin_list>
<pin id="81" dir="0" index="0" bw="1" slack="0"/>
<pin id="82" dir="1" index="1" bw="32" slack="0"/>
</pin_list>
<bind>
<opcode="alloca(26) " fcode="alloca"/>
<opset="b8_num_1_18/1 "/>
</bind>
</comp>

<comp id="84" class="1004" name="b8_num_load_reload_read_read_fu_84">
<pin_list>
<pin id="85" dir="0" index="0" bw="32" slack="0"/>
<pin id="86" dir="0" index="1" bw="32" slack="0"/>
<pin id="87" dir="1" index="2" bw="32" slack="0"/>
</pin_list>
<bind>
<opcode="read(1150) " fcode="read"/>
<opset="b8_num_load_reload_read/1 "/>
</bind>
</comp>

<comp id="90" class="1004" name="b8_num_load_1_reload_read_read_fu_90">
<pin_list>
<pin id="91" dir="0" index="0" bw="32" slack="0"/>
<pin id="92" dir="0" index="1" bw="32" slack="0"/>
<pin id="93" dir="1" index="2" bw="32" slack="0"/>
</pin_list>
<bind>
<opcode="read(1150) " fcode="read"/>
<opset="b8_num_load_1_reload_read/1 "/>
</bind>
</comp>

<comp id="96" class="1004" name="b8_num_load_2_reload_read_read_fu_96">
<pin_list>
<pin id="97" dir="0" index="0" bw="32" slack="0"/>
<pin id="98" dir="0" index="1" bw="32" slack="0"/>
<pin id="99" dir="1" index="2" bw="32" slack="0"/>
</pin_list>
<bind>
<opcode="read(1150) " fcode="read"/>
<opset="b8_num_load_2_reload_read/1 "/>
</bind>
</comp>

<comp id="102" class="1004" name="b8_num_0_0_reload_read_read_fu_102">
<pin_list>
<pin id="103" dir="0" index="0" bw="32" slack="0"/>
<pin id="104" dir="0" index="1" bw="32" slack="0"/>
<pin id="105" dir="1" index="2" bw="32" slack="0"/>
</pin_list>
<bind>
<opcode="read(1150) " fcode="read"/>
<opset="b8_num_0_0_reload_read/1 "/>
</bind>
</comp>

<comp id="108" class="1004" name="b8_num_1_0_reload_read_read_fu_108">
<pin_list>
<pin id="109" dir="0" index="0" bw="32" slack="0"/>
<pin id="110" dir="0" index="1" bw="32" slack="0"/>
<pin id="111" dir="1" index="2" bw="32" slack="0"/>
</pin_list>
<bind>
<opcode="read(1150) " fcode="read"/>
<opset="b8_num_1_0_reload_read/1 "/>
</bind>
</comp>

<comp id="114" class="1004" name="b8_num_2_0_reload_read_read_fu_114">
<pin_list>
<pin id="115" dir="0" index="0" bw="32" slack="0"/>
<pin id="116" dir="0" index="1" bw="32" slack="0"/>
<pin id="117" dir="1" index="2" bw="32" slack="0"/>
</pin_list>
<bind>
<opcode="read(1150) " fcode="read"/>
<opset="b8_num_2_0_reload_read/1 "/>
</bind>
</comp>

<comp id="120" class="1004" name="write_ln0_write_fu_120">
<pin_list>
<pin id="121" dir="0" index="0" bw="0" slack="0"/>
<pin id="122" dir="0" index="1" bw="32" slack="0"/>
<pin id="123" dir="0" index="2" bw="32" slack="0"/>
<pin id="124" dir="1" index="3" bw="0" slack="2147483647"/>
</pin_list>
<bind>
<opcode="write(1151) " fcode="write"/>
<opset="write_ln0/1 "/>
</bind>
</comp>

<comp id="127" class="1004" name="write_ln0_write_fu_127">
<pin_list>
<pin id="128" dir="0" index="0" bw="0" slack="0"/>
<pin id="129" dir="0" index="1" bw="32" slack="0"/>
<pin id="130" dir="0" index="2" bw="32" slack="0"/>
<pin id="131" dir="1" index="3" bw="0" slack="2147483647"/>
</pin_list>
<bind>
<opcode="write(1151) " fcode="write"/>
<opset="write_ln0/1 "/>
</bind>
</comp>

<comp id="134" class="1004" name="write_ln0_write_fu_134">
<pin_list>
<pin id="135" dir="0" index="0" bw="0" slack="0"/>
<pin id="136" dir="0" index="1" bw="32" slack="0"/>
<pin id="137" dir="0" index="2" bw="32" slack="0"/>
<pin id="138" dir="1" index="3" bw="0" slack="2147483647"/>
</pin_list>
<bind>
<opcode="write(1151) " fcode="write"/>
<opset="write_ln0/1 "/>
</bind>
</comp>

<comp id="141" class="1004" name="write_ln0_write_fu_141">
<pin_list>
<pin id="142" dir="0" index="0" bw="0" slack="0"/>
<pin id="143" dir="0" index="1" bw="32" slack="0"/>
<pin id="144" dir="0" index="2" bw="32" slack="0"/>
<pin id="145" dir="1" index="3" bw="0" slack="2147483647"/>
</pin_list>
<bind>
<opcode="write(1151) " fcode="write"/>
<opset="write_ln0/1 "/>
</bind>
</comp>

<comp id="148" class="1004" name="write_ln0_write_fu_148">
<pin_list>
<pin id="149" dir="0" index="0" bw="0" slack="0"/>
<pin id="150" dir="0" index="1" bw="32" slack="0"/>
<pin id="151" dir="0" index="2" bw="32" slack="0"/>
<pin id="152" dir="1" index="3" bw="0" slack="2147483647"/>
</pin_list>
<bind>
<opcode="write(1151) " fcode="write"/>
<opset="write_ln0/1 "/>
</bind>
</comp>

<comp id="155" class="1004" name="write_ln0_write_fu_155">
<pin_list>
<pin id="156" dir="0" index="0" bw="0" slack="0"/>
<pin id="157" dir="0" index="1" bw="32" slack="0"/>
<pin id="158" dir="0" index="2" bw="32" slack="0"/>
<pin id="159" dir="1" index="3" bw="0" slack="2147483647"/>
</pin_list>
<bind>
<opcode="write(1151) " fcode="write"/>
<opset="write_ln0/1 "/>
</bind>
</comp>

<comp id="162" class="1004" name="aux_addr_gep_fu_162">
<pin_list>
<pin id="163" dir="0" index="0" bw="32" slack="0"/>
<pin id="164" dir="0" index="1" bw="1" slack="0"/>
<pin id="165" dir="0" index="2" bw="2" slack="0"/>
<pin id="166" dir="1" index="3" bw="3" slack="0"/>
</pin_list>
<bind>
<opcode="getelementptr(29) " fcode="getelementptr"/>
<opset="aux_addr/1 "/>
</bind>
</comp>

<comp id="169" class="1004" name="grp_access_fu_169">
<pin_list>
<pin id="170" dir="0" index="0" bw="3" slack="0"/>
<pin id="171" dir="0" index="1" bw="32" slack="2147483647"/>
<pin id="172" dir="0" index="2" bw="0" slack="2147483647"/>
<pin id="173" dir="1" index="3" bw="32" slack="0"/>
</pin_list>
<bind>
<opcode="load(27) " fcode="load"/>
<opset="b8_num_1_20/1 "/>
</bind>
</comp>

<comp id="175" class="1004" name="store_ln0_store_fu_175">
<pin_list>
<pin id="176" dir="0" index="0" bw="32" slack="0"/>
<pin id="177" dir="0" index="1" bw="32" slack="0"/>
<pin id="178" dir="1" index="2" bw="0" slack="2147483647"/>
</pin_list>
<bind>
<opcode="store(28) " fcode="store"/>
<opset="store_ln0/1 "/>
</bind>
</comp>

<comp id="180" class="1004" name="store_ln0_store_fu_180">
<pin_list>
<pin id="181" dir="0" index="0" bw="32" slack="0"/>
<pin id="182" dir="0" index="1" bw="32" slack="0"/>
<pin id="183" dir="1" index="2" bw="0" slack="2147483647"/>
</pin_list>
<bind>
<opcode="store(28) " fcode="store"/>
<opset="store_ln0/1 "/>
</bind>
</comp>

<comp id="185" class="1004" name="store_ln0_store_fu_185">
<pin_list>
<pin id="186" dir="0" index="0" bw="32" slack="0"/>
<pin id="187" dir="0" index="1" bw="32" slack="0"/>
<pin id="188" dir="1" index="2" bw="0" slack="2147483647"/>
</pin_list>
<bind>
<opcode="store(28) " fcode="store"/>
<opset="store_ln0/1 "/>
</bind>
</comp>

<comp id="190" class="1004" name="store_ln0_store_fu_190">
<pin_list>
<pin id="191" dir="0" index="0" bw="32" slack="0"/>
<pin id="192" dir="0" index="1" bw="32" slack="0"/>
<pin id="193" dir="1" index="2" bw="0" slack="2147483647"/>
</pin_list>
<bind>
<opcode="store(28) " fcode="store"/>
<opset="store_ln0/1 "/>
</bind>
</comp>

<comp id="195" class="1004" name="store_ln0_store_fu_195">
<pin_list>
<pin id="196" dir="0" index="0" bw="32" slack="0"/>
<pin id="197" dir="0" index="1" bw="32" slack="0"/>
<pin id="198" dir="1" index="2" bw="0" slack="2147483647"/>
</pin_list>
<bind>
<opcode="store(28) " fcode="store"/>
<opset="store_ln0/1 "/>
</bind>
</comp>

<comp id="200" class="1004" name="store_ln0_store_fu_200">
<pin_list>
<pin id="201" dir="0" index="0" bw="32" slack="0"/>
<pin id="202" dir="0" index="1" bw="32" slack="0"/>
<pin id="203" dir="1" index="2" bw="0" slack="2147483647"/>
</pin_list>
<bind>
<opcode="store(28) " fcode="store"/>
<opset="store_ln0/1 "/>
</bind>
</comp>

<comp id="205" class="1004" name="store_ln0_store_fu_205">
<pin_list>
<pin id="206" dir="0" index="0" bw="1" slack="0"/>
<pin id="207" dir="0" index="1" bw="2" slack="0"/>
<pin id="208" dir="1" index="2" bw="0" slack="2147483647"/>
</pin_list>
<bind>
<opcode="store(28) " fcode="store"/>
<opset="store_ln0/1 "/>
</bind>
</comp>

<comp id="210" class="1004" name="i_57_load_fu_210">
<pin_list>
<pin id="211" dir="0" index="0" bw="2" slack="0"/>
<pin id="212" dir="1" index="1" bw="2" slack="0"/>
</pin_list>
<bind>
<opcode="load(27) " fcode="load"/>
<opset="i_57/1 "/>
</bind>
</comp>

<comp id="213" class="1004" name="icmp_ln187_fu_213">
<pin_list>
<pin id="214" dir="0" index="0" bw="2" slack="0"/>
<pin id="215" dir="0" index="1" bw="1" slack="0"/>
<pin id="216" dir="1" index="2" bw="1" slack="2147483647"/>
</pin_list>
<bind>
<opcode="icmp(45) " fcode="icmp"/>
<opset="icmp_ln187/1 "/>
</bind>
</comp>

<comp id="219" class="1004" name="add_ln187_fu_219">
<pin_list>
<pin id="220" dir="0" index="0" bw="2" slack="0"/>
<pin id="221" dir="0" index="1" bw="1" slack="0"/>
<pin id="222" dir="1" index="2" bw="2" slack="0"/>
</pin_list>
<bind>
<opcode="add(8) " fcode="add"/>
<opset="add_ln187/1 "/>
</bind>
</comp>

<comp id="225" class="1004" name="trunc_ln188_3_cast_fu_225">
<pin_list>
<pin id="226" dir="0" index="0" bw="2" slack="0"/>
<pin id="227" dir="1" index="1" bw="64" slack="0"/>
</pin_list>
<bind>
<opcode="zext(34) " fcode="zext"/>
<opset="trunc_ln188_3_cast/1 "/>
</bind>
</comp>

<comp id="230" class="1004" name="store_ln187_store_fu_230">
<pin_list>
<pin id="231" dir="0" index="0" bw="2" slack="0"/>
<pin id="232" dir="0" index="1" bw="2" slack="0"/>
<pin id="233" dir="1" index="2" bw="0" slack="2147483647"/>
</pin_list>
<bind>
<opcode="store(28) " fcode="store"/>
<opset="store_ln187/1 "/>
</bind>
</comp>

<comp id="235" class="1004" name="store_ln188_store_fu_235">
<pin_list>
<pin id="236" dir="0" index="0" bw="32" slack="0"/>
<pin id="237" dir="0" index="1" bw="32" slack="1"/>
<pin id="238" dir="1" index="2" bw="0" slack="2147483647"/>
</pin_list>
<bind>
<opcode="store(28) " fcode="store"/>
<opset="store_ln188/2 "/>
</bind>
</comp>

<comp id="240" class="1004" name="store_ln188_store_fu_240">
<pin_list>
<pin id="241" dir="0" index="0" bw="32" slack="0"/>
<pin id="242" dir="0" index="1" bw="32" slack="1"/>
<pin id="243" dir="1" index="2" bw="0" slack="2147483647"/>
</pin_list>
<bind>
<opcode="store(28) " fcode="store"/>
<opset="store_ln188/2 "/>
</bind>
</comp>

<comp id="245" class="1004" name="store_ln188_store_fu_245">
<pin_list>
<pin id="246" dir="0" index="0" bw="32" slack="0"/>
<pin id="247" dir="0" index="1" bw="32" slack="1"/>
<pin id="248" dir="1" index="2" bw="0" slack="2147483647"/>
</pin_list>
<bind>
<opcode="store(28) " fcode="store"/>
<opset="store_ln188/2 "/>
</bind>
</comp>

<comp id="250" class="1004" name="store_ln188_store_fu_250">
<pin_list>
<pin id="251" dir="0" index="0" bw="32" slack="0"/>
<pin id="252" dir="0" index="1" bw="32" slack="1"/>
<pin id="253" dir="1" index="2" bw="0" slack="2147483647"/>
</pin_list>
<bind>
<opcode="store(28) " fcode="store"/>
<opset="store_ln188/2 "/>
</bind>
</comp>

<comp id="255" class="1004" name="store_ln188_store_fu_255">
<pin_list>
<pin id="256" dir="0" index="0" bw="32" slack="0"/>
<pin id="257" dir="0" index="1" bw="32" slack="1"/>
<pin id="258" dir="1" index="2" bw="0" slack="2147483647"/>
</pin_list>
<bind>
<opcode="store(28) " fcode="store"/>
<opset="store_ln188/2 "/>
</bind>
</comp>

<comp id="260" class="1004" name="store_ln188_store_fu_260">
<pin_list>
<pin id="261" dir="0" index="0" bw="32" slack="0"/>
<pin id="262" dir="0" index="1" bw="32" slack="1"/>
<pin id="263" dir="1" index="2" bw="0" slack="2147483647"/>
</pin_list>
<bind>
<opcode="store(28) " fcode="store"/>
<opset="store_ln188/2 "/>
</bind>
</comp>

<comp id="265" class="1004" name="b8_num_1_load_load_fu_265">
<pin_list>
<pin id="266" dir="0" index="0" bw="32" slack="0"/>
<pin id="267" dir="1" index="1" bw="32" slack="0"/>
</pin_list>
<bind>
<opcode="load(27) " fcode="load"/>
<opset="b8_num_1_load/1 "/>
</bind>
</comp>

<comp id="269" class="1004" name="b8_num_1_15_load_load_fu_269">
<pin_list>
<pin id="270" dir="0" index="0" bw="32" slack="0"/>
<pin id="271" dir="1" index="1" bw="32" slack="0"/>
</pin_list>
<bind>
<opcode="load(27) " fcode="load"/>
<opset="b8_num_1_15_load/1 "/>
</bind>
</comp>

<comp id="273" class="1004" name="b8_num_1_16_load_load_fu_273">
<pin_list>
<pin id="274" dir="0" index="0" bw="32" slack="0"/>
<pin id="275" dir="1" index="1" bw="32" slack="0"/>
</pin_list>
<bind>
<opcode="load(27) " fcode="load"/>
<opset="b8_num_1_16_load/1 "/>
</bind>
</comp>

<comp id="277" class="1004" name="b8_num_1_17_load_load_fu_277">
<pin_list>
<pin id="278" dir="0" index="0" bw="32" slack="0"/>
<pin id="279" dir="1" index="1" bw="32" slack="0"/>
</pin_list>
<bind>
<opcode="load(27) " fcode="load"/>
<opset="b8_num_1_17_load/1 "/>
</bind>
</comp>

<comp id="281" class="1004" name="b8_num_1_2_load_load_fu_281">
<pin_list>
<pin id="282" dir="0" index="0" bw="32" slack="0"/>
<pin id="283" dir="1" index="1" bw="32" slack="0"/>
</pin_list>
<bind>
<opcode="load(27) " fcode="load"/>
<opset="b8_num_1_2_load/1 "/>
</bind>
</comp>

<comp id="285" class="1004" name="b8_num_1_18_load_load_fu_285">
<pin_list>
<pin id="286" dir="0" index="0" bw="32" slack="0"/>
<pin id="287" dir="1" index="1" bw="32" slack="0"/>
</pin_list>
<bind>
<opcode="load(27) " fcode="load"/>
<opset="b8_num_1_18_load/1 "/>
</bind>
</comp>

<comp id="289" class="1005" name="i_reg_289">
<pin_list>
<pin id="290" dir="0" index="0" bw="2" slack="0"/>
<pin id="291" dir="1" index="1" bw="2" slack="0"/>
</pin_list>
<bind>
<opset="i "/>
</bind>
</comp>

<comp id="296" class="1005" name="b8_num_1_reg_296">
<pin_list>
<pin id="297" dir="0" index="0" bw="32" slack="0"/>
<pin id="298" dir="1" index="1" bw="32" slack="0"/>
</pin_list>
<bind>
<opset="b8_num_1 "/>
</bind>
</comp>

<comp id="303" class="1005" name="b8_num_1_15_reg_303">
<pin_list>
<pin id="304" dir="0" index="0" bw="32" slack="0"/>
<pin id="305" dir="1" index="1" bw="32" slack="0"/>
</pin_list>
<bind>
<opset="b8_num_1_15 "/>
</bind>
</comp>

<comp id="310" class="1005" name="b8_num_1_16_reg_310">
<pin_list>
<pin id="311" dir="0" index="0" bw="32" slack="0"/>
<pin id="312" dir="1" index="1" bw="32" slack="0"/>
</pin_list>
<bind>
<opset="b8_num_1_16 "/>
</bind>
</comp>

<comp id="317" class="1005" name="b8_num_1_17_reg_317">
<pin_list>
<pin id="318" dir="0" index="0" bw="32" slack="0"/>
<pin id="319" dir="1" index="1" bw="32" slack="0"/>
</pin_list>
<bind>
<opset="b8_num_1_17 "/>
</bind>
</comp>

<comp id="324" class="1005" name="b8_num_1_2_reg_324">
<pin_list>
<pin id="325" dir="0" index="0" bw="32" slack="0"/>
<pin id="326" dir="1" index="1" bw="32" slack="0"/>
</pin_list>
<bind>
<opset="b8_num_1_2 "/>
</bind>
</comp>

<comp id="331" class="1005" name="b8_num_1_18_reg_331">
<pin_list>
<pin id="332" dir="0" index="0" bw="32" slack="0"/>
<pin id="333" dir="1" index="1" bw="32" slack="0"/>
</pin_list>
<bind>
<opset="b8_num_1_18 "/>
</bind>
</comp>

<comp id="338" class="1005" name="i_57_reg_338">
<pin_list>
<pin id="339" dir="0" index="0" bw="2" slack="1"/>
<pin id="340" dir="1" index="1" bw="2" slack="2147483647"/>
</pin_list>
<bind>
<opset="i_57 "/>
</bind>
</comp>

<comp id="345" class="1005" name="aux_addr_reg_345">
<pin_list>
<pin id="346" dir="0" index="0" bw="3" slack="1"/>
<pin id="347" dir="1" index="1" bw="3" slack="1"/>
</pin_list>
<bind>
<opset="aux_addr "/>
</bind>
</comp>

</comp_list>

<net_list>
<net id="59"><net_src comp="26" pin="0"/><net_sink comp="56" pin=0"/></net>

<net id="63"><net_src comp="26" pin="0"/><net_sink comp="60" pin=0"/></net>

<net id="67"><net_src comp="26" pin="0"/><net_sink comp="64" pin=0"/></net>

<net id="71"><net_src comp="26" pin="0"/><net_sink comp="68" pin=0"/></net>

<net id="75"><net_src comp="26" pin="0"/><net_sink comp="72" pin=0"/></net>

<net id="79"><net_src comp="26" pin="0"/><net_sink comp="76" pin=0"/></net>

<net id="83"><net_src comp="26" pin="0"/><net_sink comp="80" pin=0"/></net>

<net id="88"><net_src comp="28" pin="0"/><net_sink comp="84" pin=0"/></net>

<net id="89"><net_src comp="10" pin="0"/><net_sink comp="84" pin=1"/></net>

<net id="94"><net_src comp="28" pin="0"/><net_sink comp="90" pin=0"/></net>

<net id="95"><net_src comp="8" pin="0"/><net_sink comp="90" pin=1"/></net>

<net id="100"><net_src comp="28" pin="0"/><net_sink comp="96" pin=0"/></net>

<net id="101"><net_src comp="6" pin="0"/><net_sink comp="96" pin=1"/></net>

<net id="106"><net_src comp="28" pin="0"/><net_sink comp="102" pin=0"/></net>

<net id="107"><net_src comp="4" pin="0"/><net_sink comp="102" pin=1"/></net>

<net id="112"><net_src comp="28" pin="0"/><net_sink comp="108" pin=0"/></net>

<net id="113"><net_src comp="2" pin="0"/><net_sink comp="108" pin=1"/></net>

<net id="118"><net_src comp="28" pin="0"/><net_sink comp="114" pin=0"/></net>

<net id="119"><net_src comp="0" pin="0"/><net_sink comp="114" pin=1"/></net>

<net id="125"><net_src comp="54" pin="0"/><net_sink comp="120" pin=0"/></net>

<net id="126"><net_src comp="14" pin="0"/><net_sink comp="120" pin=1"/></net>

<net id="132"><net_src comp="54" pin="0"/><net_sink comp="127" pin=0"/></net>

<net id="133"><net_src comp="16" pin="0"/><net_sink comp="127" pin=1"/></net>

<net id="139"><net_src comp="54" pin="0"/><net_sink comp="134" pin=0"/></net>

<net id="140"><net_src comp="18" pin="0"/><net_sink comp="134" pin=1"/></net>

<net id="146"><net_src comp="54" pin="0"/><net_sink comp="141" pin=0"/></net>

<net id="147"><net_src comp="20" pin="0"/><net_sink comp="141" pin=1"/></net>

<net id="153"><net_src comp="54" pin="0"/><net_sink comp="148" pin=0"/></net>

<net id="154"><net_src comp="22" pin="0"/><net_sink comp="148" pin=1"/></net>

<net id="160"><net_src comp="54" pin="0"/><net_sink comp="155" pin=0"/></net>

<net id="161"><net_src comp="24" pin="0"/><net_sink comp="155" pin=1"/></net>

<net id="167"><net_src comp="12" pin="0"/><net_sink comp="162" pin=0"/></net>

<net id="168"><net_src comp="48" pin="0"/><net_sink comp="162" pin=1"/></net>

<net id="174"><net_src comp="162" pin="3"/><net_sink comp="169" pin=0"/></net>

<net id="179"><net_src comp="114" pin="2"/><net_sink comp="175" pin=0"/></net>

<net id="184"><net_src comp="108" pin="2"/><net_sink comp="180" pin=0"/></net>

<net id="189"><net_src comp="102" pin="2"/><net_sink comp="185" pin=0"/></net>

<net id="194"><net_src comp="96" pin="2"/><net_sink comp="190" pin=0"/></net>

<net id="199"><net_src comp="90" pin="2"/><net_sink comp="195" pin=0"/></net>

<net id="204"><net_src comp="84" pin="2"/><net_sink comp="200" pin=0"/></net>

<net id="209"><net_src comp="30" pin="0"/><net_sink comp="205" pin=0"/></net>

<net id="217"><net_src comp="210" pin="1"/><net_sink comp="213" pin=0"/></net>

<net id="218"><net_src comp="40" pin="0"/><net_sink comp="213" pin=1"/></net>

<net id="223"><net_src comp="210" pin="1"/><net_sink comp="219" pin=0"/></net>

<net id="224"><net_src comp="46" pin="0"/><net_sink comp="219" pin=1"/></net>

<net id="228"><net_src comp="210" pin="1"/><net_sink comp="225" pin=0"/></net>

<net id="229"><net_src comp="225" pin="1"/><net_sink comp="162" pin=2"/></net>

<net id="234"><net_src comp="219" pin="2"/><net_sink comp="230" pin=0"/></net>

<net id="239"><net_src comp="169" pin="3"/><net_sink comp="235" pin=0"/></net>

<net id="244"><net_src comp="169" pin="3"/><net_sink comp="240" pin=0"/></net>

<net id="249"><net_src comp="169" pin="3"/><net_sink comp="245" pin=0"/></net>

<net id="254"><net_src comp="169" pin="3"/><net_sink comp="250" pin=0"/></net>

<net id="259"><net_src comp="169" pin="3"/><net_sink comp="255" pin=0"/></net>

<net id="264"><net_src comp="169" pin="3"/><net_sink comp="260" pin=0"/></net>

<net id="268"><net_src comp="265" pin="1"/><net_sink comp="155" pin=2"/></net>

<net id="272"><net_src comp="269" pin="1"/><net_sink comp="148" pin=2"/></net>

<net id="276"><net_src comp="273" pin="1"/><net_sink comp="141" pin=2"/></net>

<net id="280"><net_src comp="277" pin="1"/><net_sink comp="134" pin=2"/></net>

<net id="284"><net_src comp="281" pin="1"/><net_sink comp="127" pin=2"/></net>

<net id="288"><net_src comp="285" pin="1"/><net_sink comp="120" pin=2"/></net>

<net id="292"><net_src comp="56" pin="1"/><net_sink comp="289" pin=0"/></net>

<net id="293"><net_src comp="289" pin="1"/><net_sink comp="205" pin=1"/></net>

<net id="294"><net_src comp="289" pin="1"/><net_sink comp="210" pin=0"/></net>

<net id="295"><net_src comp="289" pin="1"/><net_sink comp="230" pin=1"/></net>

<net id="299"><net_src comp="60" pin="1"/><net_sink comp="296" pin=0"/></net>

<net id="300"><net_src comp="296" pin="1"/><net_sink comp="200" pin=1"/></net>

<net id="301"><net_src comp="296" pin="1"/><net_sink comp="250" pin=1"/></net>

<net id="302"><net_src comp="296" pin="1"/><net_sink comp="265" pin=0"/></net>

<net id="306"><net_src comp="64" pin="1"/><net_sink comp="303" pin=0"/></net>

<net id="307"><net_src comp="303" pin="1"/><net_sink comp="195" pin=1"/></net>

<net id="308"><net_src comp="303" pin="1"/><net_sink comp="240" pin=1"/></net>

<net id="309"><net_src comp="303" pin="1"/><net_sink comp="269" pin=0"/></net>

<net id="313"><net_src comp="68" pin="1"/><net_sink comp="310" pin=0"/></net>

<net id="314"><net_src comp="310" pin="1"/><net_sink comp="190" pin=1"/></net>

<net id="315"><net_src comp="310" pin="1"/><net_sink comp="260" pin=1"/></net>

<net id="316"><net_src comp="310" pin="1"/><net_sink comp="273" pin=0"/></net>

<net id="320"><net_src comp="72" pin="1"/><net_sink comp="317" pin=0"/></net>

<net id="321"><net_src comp="317" pin="1"/><net_sink comp="185" pin=1"/></net>

<net id="322"><net_src comp="317" pin="1"/><net_sink comp="245" pin=1"/></net>

<net id="323"><net_src comp="317" pin="1"/><net_sink comp="277" pin=0"/></net>

<net id="327"><net_src comp="76" pin="1"/><net_sink comp="324" pin=0"/></net>

<net id="328"><net_src comp="324" pin="1"/><net_sink comp="180" pin=1"/></net>

<net id="329"><net_src comp="324" pin="1"/><net_sink comp="235" pin=1"/></net>

<net id="330"><net_src comp="324" pin="1"/><net_sink comp="281" pin=0"/></net>

<net id="334"><net_src comp="80" pin="1"/><net_sink comp="331" pin=0"/></net>

<net id="335"><net_src comp="331" pin="1"/><net_sink comp="175" pin=1"/></net>

<net id="336"><net_src comp="331" pin="1"/><net_sink comp="255" pin=1"/></net>

<net id="337"><net_src comp="331" pin="1"/><net_sink comp="285" pin=0"/></net>

<net id="341"><net_src comp="210" pin="1"/><net_sink comp="338" pin=0"/></net>

<net id="348"><net_src comp="162" pin="3"/><net_sink comp="345" pin=0"/></net>

<net id="349"><net_src comp="345" pin="1"/><net_sink comp="169" pin=0"/></net>

</net_list>

</model> 
---------------- Datapath Model END ------------------

* FSMD analyzer results:
  - Output states:
	Port: b8_num_2_2_out | {1 }
	Port: b8_num_1_2_out | {1 }
	Port: b8_num_0_2_out | {1 }
	Port: b8_num_load_6970_out | {1 }
	Port: b8_num_load_5962_out | {1 }
	Port: b8_num_load_3_out | {1 }
 - Input state : 
	Port: main_Pipeline_VITIS_LOOP_187_173 : b8_num_2_0_reload | {1 }
	Port: main_Pipeline_VITIS_LOOP_187_173 : b8_num_1_0_reload | {1 }
	Port: main_Pipeline_VITIS_LOOP_187_173 : b8_num_0_0_reload | {1 }
	Port: main_Pipeline_VITIS_LOOP_187_173 : b8_num_load_2_reload | {1 }
	Port: main_Pipeline_VITIS_LOOP_187_173 : b8_num_load_1_reload | {1 }
	Port: main_Pipeline_VITIS_LOOP_187_173 : b8_num_load_reload | {1 }
	Port: main_Pipeline_VITIS_LOOP_187_173 : aux | {1 2 }
  - Chain level:
	State 1
		store_ln0 : 1
		i_57 : 1
		icmp_ln187 : 2
		add_ln187 : 2
		br_ln187 : 3
		trunc_ln188_3_cast : 2
		aux_addr : 3
		b8_num_1_20 : 4
		switch_ln188 : 2
		store_ln187 : 3
		b8_num_1_load : 1
		b8_num_1_15_load : 1
		b8_num_1_16_load : 1
		b8_num_1_17_load : 1
		b8_num_1_2_load : 1
		b8_num_1_18_load : 1
		write_ln0 : 2
		write_ln0 : 2
		write_ln0 : 2
		write_ln0 : 2
		write_ln0 : 2
		write_ln0 : 2
	State 2
		store_ln188 : 1
		store_ln188 : 1
		store_ln188 : 1
		store_ln188 : 1
		store_ln188 : 1
		store_ln188 : 1


============================================================
+ Verbose Summary: Datapath Resource usage 
============================================================

* Functional unit list:
|----------|--------------------------------------|---------|---------|
| Operation|            Functional Unit           |    FF   |   LUT   |
|----------|--------------------------------------|---------|---------|
|    add   |           add_ln187_fu_219           |    0    |    9    |
|----------|--------------------------------------|---------|---------|
|   icmp   |           icmp_ln187_fu_213          |    0    |    8    |
|----------|--------------------------------------|---------|---------|
|          |  b8_num_load_reload_read_read_fu_84  |    0    |    0    |
|          | b8_num_load_1_reload_read_read_fu_90 |    0    |    0    |
|   read   | b8_num_load_2_reload_read_read_fu_96 |    0    |    0    |
|          |  b8_num_0_0_reload_read_read_fu_102  |    0    |    0    |
|          |  b8_num_1_0_reload_read_read_fu_108  |    0    |    0    |
|          |  b8_num_2_0_reload_read_read_fu_114  |    0    |    0    |
|----------|--------------------------------------|---------|---------|
|          |        write_ln0_write_fu_120        |    0    |    0    |
|          |        write_ln0_write_fu_127        |    0    |    0    |
|   write  |        write_ln0_write_fu_134        |    0    |    0    |
|          |        write_ln0_write_fu_141        |    0    |    0    |
|          |        write_ln0_write_fu_148        |    0    |    0    |
|          |        write_ln0_write_fu_155        |    0    |    0    |
|----------|--------------------------------------|---------|---------|
|   zext   |       trunc_ln188_3_cast_fu_225      |    0    |    0    |
|----------|--------------------------------------|---------|---------|
|   Total  |                                      |    0    |    17   |
|----------|--------------------------------------|---------|---------|

Memories:
N/A

* Register list:
+-------------------+--------+
|                   |   FF   |
+-------------------+--------+
|  aux_addr_reg_345 |    3   |
|b8_num_1_15_reg_303|   32   |
|b8_num_1_16_reg_310|   32   |
|b8_num_1_17_reg_317|   32   |
|b8_num_1_18_reg_331|   32   |
| b8_num_1_2_reg_324|   32   |
|  b8_num_1_reg_296 |   32   |
|    i_57_reg_338   |    2   |
|     i_reg_289     |    2   |
+-------------------+--------+
|       Total       |   199  |
+-------------------+--------+

* Multiplexer (MUX) list: 
|-------------------|------|------|------|--------||---------||---------|
|        Comp       |  Pin | Size |  BW  | S x BW ||  Delay  ||   LUT   |
|-------------------|------|------|------|--------||---------||---------|
| grp_access_fu_169 |  p0  |   2  |   3  |    6   ||    9    |
|-------------------|------|------|------|--------||---------||---------|
|       Total       |      |      |      |    6   ||  0.427  ||    9    |
|-------------------|------|------|------|--------||---------||---------|



* Summary:
+-----------+--------+--------+--------+
|           |  Delay |   FF   |   LUT  |
+-----------+--------+--------+--------+
|  Function |    -   |    0   |   17   |
|   Memory  |    -   |    -   |    -   |
|Multiplexer|    0   |    -   |    9   |
|  Register |    -   |   199  |    -   |
+-----------+--------+--------+--------+
|   Total   |    0   |   199  |   26   |
+-----------+--------+--------+--------+
