

================================================================
== Vitis HLS Report for 'main_Pipeline_VITIS_LOOP_84_153'
================================================================
* Date:           Tue Feb  8 11:01:53 2022

* Version:        2021.2 (Build 3367213 on Tue Oct 19 02:47:39 MDT 2021)
* Project:        ban
* Solution:       solution1 (Vivado IP Flow Target)
* Product family: zynquplus
* Target device:  xczu7ev-ffvc1156-2-e


================================================================
== Performance Estimates
================================================================
+ Timing: 
    * Summary: 
    +--------+----------+----------+------------+
    |  Clock |  Target  | Estimated| Uncertainty|
    +--------+----------+----------+------------+
    |ap_clk  |  10.00 ns|  4.019 ns|     2.70 ns|
    +--------+----------+----------+------------+

+ Latency: 
    * Summary: 
    +---------+---------+----------+----------+-----+-----+---------+
    |  Latency (cycles) |  Latency (absolute) |  Interval | Pipeline|
    |   min   |   max   |    min   |    max   | min | max |   Type  |
    +---------+---------+----------+----------+-----+-----+---------+
    |        ?|        ?|         ?|         ?|    ?|    ?|       no|
    +---------+---------+----------+----------+-----+-----+---------+

    + Detail: 
        * Instance: 
        N/A

        * Loop: 
        +-------------------+---------+---------+----------+-----------+-----------+------+----------+
        |                   |  Latency (cycles) | Iteration|  Initiation Interval  | Trip |          |
        |     Loop Name     |   min   |   max   |  Latency |  achieved |   target  | Count| Pipelined|
        +-------------------+---------+---------+----------+-----------+-----------+------+----------+
        |- VITIS_LOOP_84_1  |        ?|        ?|         3|          1|          1|     ?|       yes|
        +-------------------+---------+---------+----------+-----------+-----------+------+----------+

============================================================
+ Verbose Summary: Synthesis Manager
============================================================
InlineROM: 1
ExposeGlobal: 0
============================================================
+ Verbose Summary: CDFG Model
============================================================
IsTopModel: 0
ResetActiveHigh: 1
IsCombinational: 0
IsDatapathOnly: 0
HasWiredReturn: 1
HasMFsm: 2
HasVarLatency: 1
IsPipeline: 0
IsRtlPipelined: 0
IsInstanceOverlapped: 0
IsDontTouch: 0
HasImplIP: 0
IsGatedGlobalClock: 0

+ Individual pipeline summary: 
  * Pipeline-0: initiation interval (II) = 1, depth = 3


============================================================
+ Verbose Summary: Schedule
============================================================
* Number of FSM states : 3
* Pipeline : 1
  Pipeline-0 : II = 1, D = 3, States = { 1 2 3 }
* Dataflow Pipeline: 0

* FSM state transitions: 
1 --> 2 
2 --> 3 
3 --> 

* FSM state operations: 

State 1 <SV = 0> <Delay = 2.01>
ST_1 : Operation 6 [1/1] (0.00ns)   --->   "%idx_78 = alloca i32 1"   --->   Operation 6 'alloca' 'idx_78' <Predicate = true> <Delay = 0.00>
ST_1 : Operation 7 [1/1] (0.00ns)   --->   "%idx_tmp = alloca i32 1"   --->   Operation 7 'alloca' 'idx_tmp' <Predicate = true> <Delay = 0.00>
ST_1 : Operation 8 [1/1] (0.00ns)   --->   "%sub_ln542_read = read i6 @_ssdm_op_Read.ap_auto.i6, i6 %sub_ln542"   --->   Operation 8 'read' 'sub_ln542_read' <Predicate = true> <Delay = 0.00>
ST_1 : Operation 9 [1/1] (0.42ns)   --->   "%store_ln0 = store i32 0, i32 %idx_tmp"   --->   Operation 9 'store' 'store_ln0' <Predicate = true> <Delay = 0.42>
ST_1 : Operation 10 [1/1] (0.42ns)   --->   "%store_ln0 = store i2 1, i2 %idx_78"   --->   Operation 10 'store' 'store_ln0' <Predicate = true> <Delay = 0.42>
ST_1 : Operation 11 [1/1] (0.00ns)   --->   "%br_ln0 = br void %.preheader10"   --->   Operation 11 'br' 'br_ln0' <Predicate = true> <Delay = 0.00>
ST_1 : Operation 12 [1/1] (0.00ns)   --->   "%idx = load i2 %idx_78" [../src/ban.cpp:85]   --->   Operation 12 'load' 'idx' <Predicate = true> <Delay = 0.00>
ST_1 : Operation 13 [1/1] (0.00ns)   --->   "%specpipeline_ln0 = specpipeline void @_ssdm_op_SpecPipeline, i32 4294967295, i32 0, i32 1, i32 0, void @p_str"   --->   Operation 13 'specpipeline' 'specpipeline_ln0' <Predicate = true> <Delay = 0.00>
ST_1 : Operation 14 [1/1] (0.44ns)   --->   "%icmp_ln84 = icmp_eq  i2 %idx, i2 3" [../src/ban.cpp:84]   --->   Operation 14 'icmp' 'icmp_ln84' <Predicate = true> <Delay = 0.44> <CoreInst = "Cmp">   --->   Core 9 'Cmp' <Latency = 0> <II = 1> <Delay = 1.05> <FuncUnit> <Opcode : 'icmp'> <InPorts = 2> <OutPorts = 1>
ST_1 : Operation 15 [1/1] (0.00ns)   --->   "%br_ln84 = br i1 %icmp_ln84, void %_ifconv103, void %.exitStub" [../src/ban.cpp:84]   --->   Operation 15 'br' 'br_ln84' <Predicate = true> <Delay = 0.00>
ST_1 : Operation 16 [1/1] (0.00ns)   --->   "%zext_ln85 = zext i2 %idx" [../src/ban.cpp:85]   --->   Operation 16 'zext' 'zext_ln85' <Predicate = (!icmp_ln84)> <Delay = 0.00>
ST_1 : Operation 17 [1/1] (0.78ns)   --->   "%add_ln85 = add i6 %sub_ln542_read, i6 %zext_ln85" [../src/ban.cpp:85]   --->   Operation 17 'add' 'add_ln85' <Predicate = (!icmp_ln84)> <Delay = 0.78> <CoreInst = "Adder">   --->   Core 1 'Adder' <Latency = 0> <II = 1> <Delay = 0.78> <FuncUnit> <Opcode : 'add' 'sub'> <InPorts = 2> <OutPorts = 1>
ST_1 : Operation 18 [1/1] (0.00ns)   --->   "%zext_ln85_3 = zext i6 %add_ln85" [../src/ban.cpp:85]   --->   Operation 18 'zext' 'zext_ln85_3' <Predicate = (!icmp_ln84)> <Delay = 0.00>
ST_1 : Operation 19 [1/1] (0.00ns)   --->   "%b_num_addr = getelementptr i32 %b_num, i64 0, i64 %zext_ln85_3" [../src/ban.cpp:85]   --->   Operation 19 'getelementptr' 'b_num_addr' <Predicate = (!icmp_ln84)> <Delay = 0.00>
ST_1 : Operation 20 [2/2] (1.23ns)   --->   "%b_num_load = load i6 %b_num_addr" [../src/ban.cpp:85]   --->   Operation 20 'load' 'b_num_load' <Predicate = (!icmp_ln84)> <Delay = 1.23> <CoreInst = "RAM_1WnR">   --->   Core 84 'RAM_1WnR' <Latency = 1> <II = 1> <Delay = 1.23> <Storage> <Opcode : 'load' 'store'> <Ports = 17> <Width = 32> <Depth = 36> <RAM>

State 2 <SV = 1> <Delay = 4.01>
ST_2 : Operation 21 [1/1] (0.00ns)   --->   "%idx_tmp_load_14 = load i32 %idx_tmp" [../src/ban.cpp:85]   --->   Operation 21 'load' 'idx_tmp_load_14' <Predicate = true> <Delay = 0.00>
ST_2 : Operation 22 [1/1] (0.99ns)   --->   "%icmp_ln85_9 = icmp_eq  i32 %idx_tmp_load_14, i32 0" [../src/ban.cpp:85]   --->   Operation 22 'icmp' 'icmp_ln85_9' <Predicate = true> <Delay = 0.99> <CoreInst = "Cmp">   --->   Core 9 'Cmp' <Latency = 0> <II = 1> <Delay = 1.05> <FuncUnit> <Opcode : 'icmp'> <InPorts = 2> <OutPorts = 1>
ST_2 : Operation 23 [1/1] (0.54ns)   --->   "%idx_99 = add i2 %idx, i2 1" [../src/ban.cpp:85]   --->   Operation 23 'add' 'idx_99' <Predicate = true> <Delay = 0.54> <CoreInst = "Adder">   --->   Core 1 'Adder' <Latency = 0> <II = 1> <Delay = 0.78> <FuncUnit> <Opcode : 'add' 'sub'> <InPorts = 2> <OutPorts = 1>
ST_2 : Operation 24 [1/2] (1.23ns)   --->   "%b_num_load = load i6 %b_num_addr" [../src/ban.cpp:85]   --->   Operation 24 'load' 'b_num_load' <Predicate = true> <Delay = 1.23> <CoreInst = "RAM_1WnR">   --->   Core 84 'RAM_1WnR' <Latency = 1> <II = 1> <Delay = 1.23> <Storage> <Opcode : 'load' 'store'> <Ports = 17> <Width = 32> <Depth = 36> <RAM>
ST_2 : Operation 25 [1/1] (0.00ns)   --->   "%bitcast_ln85 = bitcast i32 %b_num_load" [../src/ban.cpp:85]   --->   Operation 25 'bitcast' 'bitcast_ln85' <Predicate = true> <Delay = 0.00>
ST_2 : Operation 26 [1/1] (0.00ns)   --->   "%tmp_s = partselect i8 @_ssdm_op_PartSelect.i8.i32.i32.i32, i32 %bitcast_ln85, i32 23, i32 30" [../src/ban.cpp:85]   --->   Operation 26 'partselect' 'tmp_s' <Predicate = true> <Delay = 0.00>
ST_2 : Operation 27 [1/1] (0.00ns)   --->   "%trunc_ln85 = trunc i32 %bitcast_ln85" [../src/ban.cpp:85]   --->   Operation 27 'trunc' 'trunc_ln85' <Predicate = true> <Delay = 0.00>
ST_2 : Operation 28 [1/1] (0.84ns)   --->   "%icmp_ln85 = icmp_ne  i8 %tmp_s, i8 255" [../src/ban.cpp:85]   --->   Operation 28 'icmp' 'icmp_ln85' <Predicate = true> <Delay = 0.84> <CoreInst = "Cmp">   --->   Core 9 'Cmp' <Latency = 0> <II = 1> <Delay = 1.05> <FuncUnit> <Opcode : 'icmp'> <InPorts = 2> <OutPorts = 1>
ST_2 : Operation 29 [1/1] (1.05ns)   --->   "%icmp_ln85_17 = icmp_eq  i23 %trunc_ln85, i23 0" [../src/ban.cpp:85]   --->   Operation 29 'icmp' 'icmp_ln85_17' <Predicate = true> <Delay = 1.05> <CoreInst = "Cmp">   --->   Core 9 'Cmp' <Latency = 0> <II = 1> <Delay = 1.05> <FuncUnit> <Opcode : 'icmp'> <InPorts = 2> <OutPorts = 1>
ST_2 : Operation 30 [2/2] (2.78ns)   --->   "%tmp_126 = fcmp_oeq  i32 %b_num_load, i32 0" [../src/ban.cpp:85]   --->   Operation 30 'fcmp' 'tmp_126' <Predicate = true> <Delay = 2.78> <CoreInst = "FCompare">   --->   Core 19 'FCompare' <Latency = 1> <II = 1> <Delay = 2.78> <FuncUnit> <Opcode : 'fcmp'> <InPorts = 2> <OutPorts = 1>
ST_2 : Operation 31 [1/1] (0.17ns)   --->   "%idx_98 = select i1 %icmp_ln85_9, i2 %idx_99, i2 %idx" [../src/ban.cpp:85]   --->   Operation 31 'select' 'idx_98' <Predicate = true> <Delay = 0.17> <CoreInst = "Sel">   --->   Core 73 'Sel' <Latency = 0> <II = 1> <Delay = 0.17> <FuncUnit> <Opcode : 'select'> <InPorts = 3> <OutPorts = 1>
ST_2 : Operation 32 [1/1] (0.42ns)   --->   "%store_ln84 = store i2 %idx_98, i2 %idx_78" [../src/ban.cpp:84]   --->   Operation 32 'store' 'store_ln84' <Predicate = true> <Delay = 0.42>
ST_2 : Operation 44 [1/1] (0.00ns)   --->   "%idx_tmp_load = load i32 %idx_tmp"   --->   Operation 44 'load' 'idx_tmp_load' <Predicate = (icmp_ln84)> <Delay = 0.00>
ST_2 : Operation 45 [1/1] (0.00ns)   --->   "%write_ln0 = write void @_ssdm_op_Write.ap_auto.i32P0A, i32 %idx_tmp_45_out, i32 %idx_tmp_load"   --->   Operation 45 'write' 'write_ln0' <Predicate = (icmp_ln84)> <Delay = 0.00>
ST_2 : Operation 46 [1/1] (0.00ns)   --->   "%ret_ln0 = ret"   --->   Operation 46 'ret' 'ret_ln0' <Predicate = (icmp_ln84)> <Delay = 0.00>

State 3 <SV = 2> <Delay = 3.94>
ST_3 : Operation 33 [1/1] (0.00ns)   --->   "%specloopname_ln85 = specloopname void @_ssdm_op_SpecLoopName, void @empty_20" [../src/ban.cpp:85]   --->   Operation 33 'specloopname' 'specloopname_ln85' <Predicate = true> <Delay = 0.00>
ST_3 : Operation 34 [1/1] (0.00ns) (grouped into LUT with out node idx_96)   --->   "%or_ln85 = or i1 %icmp_ln85_17, i1 %icmp_ln85" [../src/ban.cpp:85]   --->   Operation 34 'or' 'or_ln85' <Predicate = (icmp_ln85_9)> <Delay = 0.00> <CoreInst = "LogicGate">   --->   Core 74 'LogicGate' <Latency = 0> <II = 1> <Delay = 0.28> <FuncUnit> <Opcode : 'and' 'or' 'xor'> <InPorts = 2> <OutPorts = 1>
ST_3 : Operation 35 [1/2] (2.78ns)   --->   "%tmp_126 = fcmp_oeq  i32 %b_num_load, i32 0" [../src/ban.cpp:85]   --->   Operation 35 'fcmp' 'tmp_126' <Predicate = true> <Delay = 2.78> <CoreInst = "FCompare">   --->   Core 19 'FCompare' <Latency = 1> <II = 1> <Delay = 2.78> <FuncUnit> <Opcode : 'fcmp'> <InPorts = 2> <OutPorts = 1>
ST_3 : Operation 36 [1/1] (0.00ns) (grouped into LUT with out node idx_96)   --->   "%and_ln85 = and i1 %or_ln85, i1 %tmp_126" [../src/ban.cpp:85]   --->   Operation 36 'and' 'and_ln85' <Predicate = (icmp_ln85_9)> <Delay = 0.00> <CoreInst = "LogicGate">   --->   Core 74 'LogicGate' <Latency = 0> <II = 1> <Delay = 0.28> <FuncUnit> <Opcode : 'and' 'or' 'xor'> <InPorts = 2> <OutPorts = 1>
ST_3 : Operation 37 [1/1] (0.00ns) (grouped into LUT with out node idx_96)   --->   "%xor_ln85 = xor i1 %and_ln85, i1 1" [../src/ban.cpp:85]   --->   Operation 37 'xor' 'xor_ln85' <Predicate = (icmp_ln85_9)> <Delay = 0.00> <CoreInst = "LogicGate">   --->   Core 74 'LogicGate' <Latency = 0> <II = 1> <Delay = 0.28> <FuncUnit> <Opcode : 'and' 'or' 'xor'> <InPorts = 2> <OutPorts = 1>
ST_3 : Operation 38 [1/1] (0.00ns) (grouped into LUT with out node idx_96)   --->   "%and_ln85_10 = and i1 %icmp_ln85_9, i1 %xor_ln85" [../src/ban.cpp:85]   --->   Operation 38 'and' 'and_ln85_10' <Predicate = (icmp_ln85_9)> <Delay = 0.00> <CoreInst = "LogicGate">   --->   Core 74 'LogicGate' <Latency = 0> <II = 1> <Delay = 0.28> <FuncUnit> <Opcode : 'and' 'or' 'xor'> <InPorts = 2> <OutPorts = 1>
ST_3 : Operation 39 [1/1] (0.28ns) (out node of the LUT)   --->   "%idx_96 = select i1 %and_ln85_10, i2 %idx_99, i2 0" [../src/ban.cpp:85]   --->   Operation 39 'select' 'idx_96' <Predicate = (icmp_ln85_9)> <Delay = 0.28> <CoreInst = "Sel">   --->   Core 73 'Sel' <Latency = 0> <II = 1> <Delay = 0.17> <FuncUnit> <Opcode : 'select'> <InPorts = 3> <OutPorts = 1>
ST_3 : Operation 40 [1/1] (0.00ns) (grouped into LUT with out node idx_100)   --->   "%zext_ln81 = zext i2 %idx_96" [../src/ban.cpp:81]   --->   Operation 40 'zext' 'zext_ln81' <Predicate = (icmp_ln85_9)> <Delay = 0.00>
ST_3 : Operation 41 [1/1] (0.44ns) (out node of the LUT)   --->   "%idx_100 = select i1 %icmp_ln85_9, i32 %zext_ln81, i32 %idx_tmp_load_14" [../src/ban.cpp:85]   --->   Operation 41 'select' 'idx_100' <Predicate = true> <Delay = 0.44> <CoreInst = "Sel">   --->   Core 73 'Sel' <Latency = 0> <II = 1> <Delay = 0.17> <FuncUnit> <Opcode : 'select'> <InPorts = 3> <OutPorts = 1>
ST_3 : Operation 42 [1/1] (0.42ns)   --->   "%store_ln84 = store i32 %idx_100, i32 %idx_tmp" [../src/ban.cpp:84]   --->   Operation 42 'store' 'store_ln84' <Predicate = true> <Delay = 0.42>
ST_3 : Operation 43 [1/1] (0.00ns)   --->   "%br_ln84 = br void %.preheader10" [../src/ban.cpp:84]   --->   Operation 43 'br' 'br_ln84' <Predicate = true> <Delay = 0.00>


============================================================
+ Verbose Summary: Timing violations
============================================================
Target clock period: 10ns, clock uncertainty: 2.7ns.

 <State 1>: 2.02ns
The critical path consists of the following:
	'alloca' operation ('idx') [4]  (0 ns)
	'load' operation ('idx', ../src/ban.cpp:85) on local variable 'idx' [11]  (0 ns)
	'add' operation ('add_ln85', ../src/ban.cpp:85) [21]  (0.781 ns)
	'getelementptr' operation ('b_num_addr', ../src/ban.cpp:85) [23]  (0 ns)
	'load' operation ('b_num_load', ../src/ban.cpp:85) on array 'b_num' [24]  (1.24 ns)

 <State 2>: 4.02ns
The critical path consists of the following:
	'load' operation ('b_num_load', ../src/ban.cpp:85) on array 'b_num' [24]  (1.24 ns)
	'fcmp' operation ('tmp_126', ../src/ban.cpp:85) [31]  (2.78 ns)

 <State 3>: 3.94ns
The critical path consists of the following:
	'fcmp' operation ('tmp_126', ../src/ban.cpp:85) [31]  (2.78 ns)
	'and' operation ('and_ln85', ../src/ban.cpp:85) [32]  (0 ns)
	'xor' operation ('xor_ln85', ../src/ban.cpp:85) [33]  (0 ns)
	'and' operation ('and_ln85_10', ../src/ban.cpp:85) [34]  (0 ns)
	'select' operation ('idx', ../src/ban.cpp:85) [35]  (0.287 ns)
	'select' operation ('idx', ../src/ban.cpp:85) [37]  (0.449 ns)
	'store' operation ('store_ln84', ../src/ban.cpp:84) of variable 'idx', ../src/ban.cpp:85 on local variable 'idx_tmp' [39]  (0.427 ns)


============================================================
+ Verbose Summary: Binding
============================================================
N/A
* FSMD analyzer results:
  - Output states:
 - Input state : 
  - Chain level:
	State 1
	State 2
	State 3


============================================================
+ Verbose Summary: Datapath Resource usage 
============================================================
N/A
