

================================================================
== Vitis HLS Report for 'main_Pipeline_VITIS_LOOP_104_338'
================================================================
* Date:           Tue Feb  8 11:01:49 2022

* Version:        2021.2 (Build 3367213 on Tue Oct 19 02:47:39 MDT 2021)
* Project:        ban
* Solution:       solution1 (Vivado IP Flow Target)
* Product family: zynquplus
* Target device:  xczu7ev-ffvc1156-2-e


================================================================
== Performance Estimates
================================================================
+ Timing: 
    * Summary: 
    +--------+----------+----------+------------+
    |  Clock |  Target  | Estimated| Uncertainty|
    +--------+----------+----------+------------+
    |ap_clk  |  10.00 ns|  2.018 ns|     2.70 ns|
    +--------+----------+----------+------------+

+ Latency: 
    * Summary: 
    +---------+---------+----------+----------+-----+-----+---------+
    |  Latency (cycles) |  Latency (absolute) |  Interval | Pipeline|
    |   min   |   max   |    min   |    max   | min | max |   Type  |
    +---------+---------+----------+----------+-----+-----+---------+
    |        ?|        ?|         ?|         ?|    ?|    ?|       no|
    +---------+---------+----------+----------+-----+-----+---------+

    + Detail: 
        * Instance: 
        N/A

        * Loop: 
        +--------------------+---------+---------+----------+-----------+-----------+------+----------+
        |                    |  Latency (cycles) | Iteration|  Initiation Interval  | Trip |          |
        |      Loop Name     |   min   |   max   |  Latency |  achieved |   target  | Count| Pipelined|
        +--------------------+---------+---------+----------+-----------+-----------+------+----------+
        |- VITIS_LOOP_104_3  |        ?|        ?|         1|          1|          1|     ?|       yes|
        +--------------------+---------+---------+----------+-----------+-----------+------+----------+

============================================================
+ Verbose Summary: Synthesis Manager
============================================================
InlineROM: 1
ExposeGlobal: 0
============================================================
+ Verbose Summary: CDFG Model
============================================================
IsTopModel: 0
ResetActiveHigh: 1
IsCombinational: 0
IsDatapathOnly: 0
HasWiredReturn: 1
HasMFsm: 2
HasVarLatency: 1
IsPipeline: 0
IsRtlPipelined: 0
IsInstanceOverlapped: 0
IsDontTouch: 0
HasImplIP: 0
IsGatedGlobalClock: 0

+ Individual pipeline summary: 
  * Pipeline-0: initiation interval (II) = 1, depth = 1


============================================================
+ Verbose Summary: Schedule
============================================================
* Number of FSM states : 1
* Pipeline : 1
  Pipeline-0 : II = 1, D = 1, States = { 1 }
* Dataflow Pipeline: 0

* FSM state transitions: 
1 --> 

* FSM state operations: 

State 1 <SV = 0> <Delay = 2.01>
ST_1 : Operation 4 [1/1] (0.00ns)   --->   "%base_18 = alloca i32 1"   --->   Operation 4 'alloca' 'base_18' <Predicate = true> <Delay = 0.00>
ST_1 : Operation 5 [1/1] (0.00ns)   --->   "%sub_ln542_read = read i6 @_ssdm_op_Read.ap_auto.i6, i6 %sub_ln542"   --->   Operation 5 'read' 'sub_ln542_read' <Predicate = true> <Delay = 0.00>
ST_1 : Operation 6 [1/1] (0.00ns)   --->   "%select_ln104_4_read = read i3 @_ssdm_op_Read.ap_auto.i3, i3 %select_ln104_4"   --->   Operation 6 'read' 'select_ln104_4_read' <Predicate = true> <Delay = 0.00>
ST_1 : Operation 7 [1/1] (0.00ns)   --->   "%zext_ln104_12_read = read i2 @_ssdm_op_Read.ap_auto.i2, i2 %zext_ln104_12"   --->   Operation 7 'read' 'zext_ln104_12_read' <Predicate = true> <Delay = 0.00>
ST_1 : Operation 8 [1/1] (0.00ns)   --->   "%zext_ln104_12_cast = zext i2 %zext_ln104_12_read"   --->   Operation 8 'zext' 'zext_ln104_12_cast' <Predicate = true> <Delay = 0.00>
ST_1 : Operation 9 [1/1] (0.42ns)   --->   "%store_ln0 = store i3 %zext_ln104_12_cast, i3 %base_18"   --->   Operation 9 'store' 'store_ln0' <Predicate = true> <Delay = 0.42>
ST_1 : Operation 10 [1/1] (0.00ns)   --->   "%br_ln0 = br void"   --->   Operation 10 'br' 'br_ln0' <Predicate = true> <Delay = 0.00>
ST_1 : Operation 11 [1/1] (0.00ns)   --->   "%base = load i3 %base_18" [../src/ban.cpp:105]   --->   Operation 11 'load' 'base' <Predicate = true> <Delay = 0.00>
ST_1 : Operation 12 [1/1] (0.00ns)   --->   "%specpipeline_ln0 = specpipeline void @_ssdm_op_SpecPipeline, i32 4294967295, i32 0, i32 1, i32 0, void @p_str"   --->   Operation 12 'specpipeline' 'specpipeline_ln0' <Predicate = true> <Delay = 0.00>
ST_1 : Operation 13 [1/1] (0.58ns)   --->   "%icmp_ln104 = icmp_ult  i3 %base, i3 %select_ln104_4_read" [../src/ban.cpp:104]   --->   Operation 13 'icmp' 'icmp_ln104' <Predicate = true> <Delay = 0.58> <CoreInst = "Cmp">   --->   Core 9 'Cmp' <Latency = 0> <II = 1> <Delay = 0.58> <FuncUnit> <Opcode : 'icmp'> <InPorts = 2> <OutPorts = 1>
ST_1 : Operation 14 [1/1] (0.00ns)   --->   "%br_ln104 = br i1 %icmp_ln104, void %._crit_edge.i.i637.loopexit.exitStub, void %.split73" [../src/ban.cpp:104]   --->   Operation 14 'br' 'br_ln104' <Predicate = true> <Delay = 0.00>
ST_1 : Operation 15 [1/1] (0.00ns)   --->   "%zext_ln105 = zext i3 %base" [../src/ban.cpp:105]   --->   Operation 15 'zext' 'zext_ln105' <Predicate = (icmp_ln104)> <Delay = 0.00>
ST_1 : Operation 16 [1/1] (0.78ns)   --->   "%add_ln105 = add i6 %sub_ln542_read, i6 %zext_ln105" [../src/ban.cpp:105]   --->   Operation 16 'add' 'add_ln105' <Predicate = (icmp_ln104)> <Delay = 0.78> <CoreInst = "Adder">   --->   Core 1 'Adder' <Latency = 0> <II = 1> <Delay = 0.67> <FuncUnit> <Opcode : 'add' 'sub'> <InPorts = 2> <OutPorts = 1>
ST_1 : Operation 17 [1/1] (0.00ns)   --->   "%zext_ln105_8 = zext i6 %add_ln105" [../src/ban.cpp:105]   --->   Operation 17 'zext' 'zext_ln105_8' <Predicate = (icmp_ln104)> <Delay = 0.00>
ST_1 : Operation 18 [1/1] (0.00ns)   --->   "%b_num_addr = getelementptr i32 %b_num, i64 0, i64 %zext_ln105_8" [../src/ban.cpp:105]   --->   Operation 18 'getelementptr' 'b_num_addr' <Predicate = (icmp_ln104)> <Delay = 0.00>
ST_1 : Operation 19 [1/1] (0.00ns)   --->   "%specloopname_ln91 = specloopname void @_ssdm_op_SpecLoopName, void @empty_11" [../src/ban.cpp:91]   --->   Operation 19 'specloopname' 'specloopname_ln91' <Predicate = (icmp_ln104)> <Delay = 0.00>
ST_1 : Operation 20 [1/1] (0.67ns)   --->   "%add_ln105_4 = add i3 %base, i3 1" [../src/ban.cpp:105]   --->   Operation 20 'add' 'add_ln105_4' <Predicate = (icmp_ln104)> <Delay = 0.67> <CoreInst = "Adder">   --->   Core 1 'Adder' <Latency = 0> <II = 1> <Delay = 0.67> <FuncUnit> <Opcode : 'add' 'sub'> <InPorts = 2> <OutPorts = 1>
ST_1 : Operation 21 [1/1] (1.23ns)   --->   "%store_ln105 = store i32 0, i6 %b_num_addr" [../src/ban.cpp:105]   --->   Operation 21 'store' 'store_ln105' <Predicate = (icmp_ln104)> <Delay = 1.23> <CoreInst = "RAM_1WnR">   --->   Core 84 'RAM_1WnR' <Latency = 1> <II = 1> <Delay = 1.23> <Storage> <Opcode : 'load' 'store'> <Ports = 17> <Width = 32> <Depth = 36> <RAM>
ST_1 : Operation 22 [1/1] (0.42ns)   --->   "%store_ln105 = store i3 %add_ln105_4, i3 %base_18" [../src/ban.cpp:105]   --->   Operation 22 'store' 'store_ln105' <Predicate = (icmp_ln104)> <Delay = 0.42>
ST_1 : Operation 23 [1/1] (0.00ns)   --->   "%br_ln0 = br void"   --->   Operation 23 'br' 'br_ln0' <Predicate = (icmp_ln104)> <Delay = 0.00>
ST_1 : Operation 24 [1/1] (0.00ns)   --->   "%ret_ln0 = ret"   --->   Operation 24 'ret' 'ret_ln0' <Predicate = (!icmp_ln104)> <Delay = 0.00>


============================================================
+ Verbose Summary: Timing violations
============================================================
Target clock period: 10ns, clock uncertainty: 2.7ns.

 <State 1>: 2.02ns
The critical path consists of the following:
	'alloca' operation ('base') [5]  (0 ns)
	'load' operation ('base', ../src/ban.cpp:105) on local variable 'base' [13]  (0 ns)
	'add' operation ('add_ln105', ../src/ban.cpp:105) [19]  (0.781 ns)
	'getelementptr' operation ('b_num_addr', ../src/ban.cpp:105) [21]  (0 ns)
	'store' operation ('store_ln105', ../src/ban.cpp:105) of constant 0 on array 'b_num' [24]  (1.24 ns)


============================================================
+ Verbose Summary: Binding
============================================================
N/A
* FSMD analyzer results:
  - Output states:
 - Input state : 
  - Chain level:
	State 1


============================================================
+ Verbose Summary: Datapath Resource usage 
============================================================
N/A
