

================================================================
== Vitis HLS Report for 'main_Pipeline_VITIS_LOOP_315_240'
================================================================
* Date:           Tue Feb  8 11:02:32 2022

* Version:        2021.2 (Build 3367213 on Tue Oct 19 02:47:39 MDT 2021)
* Project:        ban
* Solution:       solution1 (Vivado IP Flow Target)
* Product family: zynquplus
* Target device:  xczu7ev-ffvc1156-2-e


================================================================
== Performance Estimates
================================================================
+ Timing: 
    * Summary: 
    +--------+----------+----------+------------+
    |  Clock |  Target  | Estimated| Uncertainty|
    +--------+----------+----------+------------+
    |ap_clk  |  10.00 ns|  6.913 ns|     2.70 ns|
    +--------+----------+----------+------------+

+ Latency: 
    * Summary: 
    +---------+---------+-----------+-----------+-----+-----+---------+
    |  Latency (cycles) |   Latency (absolute)  |  Interval | Pipeline|
    |   min   |   max   |    min    |    max    | min | max |   Type  |
    +---------+---------+-----------+-----------+-----+-----+---------+
    |        9|        9|  90.000 ns|  90.000 ns|    9|    9|       no|
    +---------+---------+-----------+-----------+-----+-----+---------+

    + Detail: 
        * Instance: 
        N/A

        * Loop: 
        +--------------------+---------+---------+----------+-----------+-----------+------+----------+
        |                    |  Latency (cycles) | Iteration|  Initiation Interval  | Trip |          |
        |      Loop Name     |   min   |   max   |  Latency |  achieved |   target  | Count| Pipelined|
        +--------------------+---------+---------+----------+-----------+-----------+------+----------+
        |- VITIS_LOOP_315_2  |        7|        7|         6|          1|          1|     3|       yes|
        +--------------------+---------+---------+----------+-----------+-----------+------+----------+



================================================================
== Utilization Estimates
================================================================
* Summary: 
+-----------------+---------+------+--------+--------+-----+
|       Name      | BRAM_18K|  DSP |   FF   |   LUT  | URAM|
+-----------------+---------+------+--------+--------+-----+
|DSP              |        -|     -|       -|       -|    -|
|Expression       |        -|     -|       0|      81|    -|
|FIFO             |        -|     -|       -|       -|    -|
|Instance         |        -|     -|       0|      28|    -|
|Memory           |        -|     -|       -|       -|    -|
|Multiplexer      |        -|     -|       -|      36|    -|
|Register         |        -|     -|     274|      96|    -|
+-----------------+---------+------+--------+--------+-----+
|Total            |        0|     0|     274|     241|    0|
+-----------------+---------+------+--------+--------+-----+
|Available        |      624|  1728|  460800|  230400|   96|
+-----------------+---------+------+--------+--------+-----+
|Utilization (%)  |        0|     0|      ~0|      ~0|    0|
+-----------------+---------+------+--------+--------+-----+

+ Detail: 
    * Instance: 
    +--------------------+---------------+---------+----+---+----+-----+
    |      Instance      |     Module    | BRAM_18K| DSP| FF| LUT| URAM|
    +--------------------+---------------+---------+----+---+----+-----+
    |mux_32_32_1_1_U490  |mux_32_32_1_1  |        0|   0|  0|  14|    0|
    |mux_32_32_1_1_U491  |mux_32_32_1_1  |        0|   0|  0|  14|    0|
    +--------------------+---------------+---------+----+---+----+-----+
    |Total               |               |        0|   0|  0|  28|    0|
    +--------------------+---------------+---------+----+---+----+-----+

    * DSP: 
    N/A

    * Memory: 
    N/A

    * FIFO: 
    N/A

    * Expression: 
    +------------------------+----------+----+---+----+------------+------------+
    |      Variable Name     | Operation| DSP| FF| LUT| Bitwidth P0| Bitwidth P1|
    +------------------------+----------+----+---+----+------------+------------+
    |add_ln315_fu_143_p2     |         +|   0|  0|   9|           2|           1|
    |add_ln317_fu_193_p2     |         +|   0|  0|  13|           6|           6|
    |add_ln319_fu_155_p2     |         +|   0|  0|   9|           2|           2|
    |icmp_ln315_fu_137_p2    |      icmp|   0|  0|   8|           2|           2|
    |icmp_ln316_fu_149_p2    |      icmp|   0|  0|   8|           2|           2|
    |select_ln316_fu_184_p3  |    select|   0|  0|  32|           1|          32|
    |ap_enable_pp0           |       xor|   0|  0|   2|           1|           2|
    +------------------------+----------+----+---+----+------------+------------+
    |Total                   |          |   0|  0|  81|          16|          47|
    +------------------------+----------+----+---+----+------------+------------+

    * Multiplexer: 
    +-------------------------+----+-----------+-----+-----------+
    |           Name          | LUT| Input Size| Bits| Total Bits|
    +-------------------------+----+-----------+-----+-----------+
    |ap_done_int              |   9|          2|    1|          2|
    |ap_enable_reg_pp0_iter1  |   9|          2|    1|          2|
    |ap_sig_allocacmp_i_37    |   9|          2|    2|          4|
    |i_fu_54                  |   9|          2|    2|          4|
    +-------------------------+----+-----------+-----+-----------+
    |Total                    |  36|          8|    6|         12|
    +-------------------------+----+-----------+-----+-----------+

    * Register: 
    +----------------------------------+----+----+-----+-----------+
    |               Name               | FF | LUT| Bits| Const Bits|
    +----------------------------------+----+----+-----+-----------+
    |add_ln319_reg_260                 |   2|   0|    2|          0|
    |ap_CS_fsm                         |   1|   0|    1|          0|
    |ap_done_reg                       |   1|   0|    1|          0|
    |ap_enable_reg_pp0_iter1           |   1|   0|    1|          0|
    |ap_enable_reg_pp0_iter2           |   1|   0|    1|          0|
    |ap_enable_reg_pp0_iter3           |   1|   0|    1|          0|
    |ap_enable_reg_pp0_iter4           |   1|   0|    1|          0|
    |ap_enable_reg_pp0_iter5           |   1|   0|    1|          0|
    |ap_loop_exit_ready_pp0_iter1_reg  |   1|   0|    1|          0|
    |ap_loop_exit_ready_pp0_iter2_reg  |   1|   0|    1|          0|
    |ap_loop_exit_ready_pp0_iter3_reg  |   1|   0|    1|          0|
    |ap_loop_exit_ready_pp0_iter4_reg  |   1|   0|    1|          0|
    |i_37_reg_245                      |   2|   0|    2|          0|
    |i_fu_54                           |   2|   0|    2|          0|
    |icmp_ln316_reg_255                |   1|   0|    1|          0|
    |select_ln316_reg_276              |  32|   0|   32|          0|
    |tmp_s_reg_265                     |  32|   0|   32|          0|
    |i_37_reg_245                      |  64|  32|    2|          0|
    |icmp_ln316_reg_255                |  64|  32|    1|          0|
    |tmp_s_reg_265                     |  64|  32|   32|          0|
    +----------------------------------+----+----+-----+-----------+
    |Total                             | 274|  96|  117|          0|
    +----------------------------------+----+----+-----+-----------+



================================================================
== Interface
================================================================
* Summary: 
+-----------------------+-----+-----+------------+----------------------------------+--------------+
|       RTL Ports       | Dir | Bits|  Protocol  |           Source Object          |    C Type    |
+-----------------------+-----+-----+------------+----------------------------------+--------------+
|ap_clk                 |   in|    1|  ap_ctrl_hs|  main_Pipeline_VITIS_LOOP_315_240|  return value|
|ap_rst                 |   in|    1|  ap_ctrl_hs|  main_Pipeline_VITIS_LOOP_315_240|  return value|
|ap_start               |   in|    1|  ap_ctrl_hs|  main_Pipeline_VITIS_LOOP_315_240|  return value|
|ap_done                |  out|    1|  ap_ctrl_hs|  main_Pipeline_VITIS_LOOP_315_240|  return value|
|ap_idle                |  out|    1|  ap_ctrl_hs|  main_Pipeline_VITIS_LOOP_315_240|  return value|
|ap_ready               |  out|    1|  ap_ctrl_hs|  main_Pipeline_VITIS_LOOP_315_240|  return value|
|grp_fu_12725_p_din0    |  out|   32|  ap_ctrl_hs|  main_Pipeline_VITIS_LOOP_315_240|  return value|
|grp_fu_12725_p_din1    |  out|   32|  ap_ctrl_hs|  main_Pipeline_VITIS_LOOP_315_240|  return value|
|grp_fu_12725_p_opcode  |  out|    2|  ap_ctrl_hs|  main_Pipeline_VITIS_LOOP_315_240|  return value|
|grp_fu_12725_p_dout0   |   in|   32|  ap_ctrl_hs|  main_Pipeline_VITIS_LOOP_315_240|  return value|
|grp_fu_12725_p_ce      |  out|    1|  ap_ctrl_hs|  main_Pipeline_VITIS_LOOP_315_240|  return value|
|sub_ln542              |   in|    6|     ap_none|                         sub_ln542|        scalar|
|b_num_address0         |  out|    6|   ap_memory|                             b_num|         array|
|b_num_ce0              |  out|    1|   ap_memory|                             b_num|         array|
|b_num_we0              |  out|    1|   ap_memory|                             b_num|         array|
|b_num_d0               |  out|   32|   ap_memory|                             b_num|         array|
|sub11_i_i              |   in|    2|     ap_none|                         sub11_i_i|        scalar|
|tmp_309                |   in|   32|     ap_none|                           tmp_309|        scalar|
|tmp_310                |   in|   32|     ap_none|                           tmp_310|        scalar|
|tmp_311                |   in|   32|     ap_none|                           tmp_311|        scalar|
|trunc_ln297_3          |   in|    2|     ap_none|                     trunc_ln297_3|        scalar|
|num_aux_0_2_reload     |   in|   32|     ap_none|                num_aux_0_2_reload|        scalar|
|num_aux_1_2_reload     |   in|   32|     ap_none|                num_aux_1_2_reload|        scalar|
|num_aux_2_2_reload     |   in|   32|     ap_none|                num_aux_2_2_reload|        scalar|
+-----------------------+-----+-----+------------+----------------------------------+--------------+

============================================================
+ Verbose Summary: Synthesis Manager
============================================================
InlineROM: 1
ExposeGlobal: 0
============================================================
+ Verbose Summary: CDFG Model
============================================================
IsTopModel: 0
ResetActiveHigh: 1
IsCombinational: 2
IsDatapathOnly: 2
HasWiredReturn: 1
HasMFsm: 2
HasVarLatency: 1
IsPipeline: 0
IsRtlPipelined: 0
IsInstanceOverlapped: 0
IsDontTouch: 0
HasImplIP: 0
IsGatedGlobalClock: 0

+ Individual pipeline summary: 
  * Pipeline-0: initiation interval (II) = 1, depth = 6


============================================================
+ Verbose Summary: Schedule
============================================================
* Number of FSM states : 6
* Pipeline : 1
  Pipeline-0 : II = 1, D = 6, States = { 1 2 3 4 5 6 }
* Dataflow Pipeline: 0

* FSM state transitions: 
1 --> 2 
2 --> 3 
3 --> 4 
4 --> 5 
5 --> 6 
6 --> 

* FSM state operations: 

State 1 <SV = 0> <Delay = 0.97>
ST_1 : Operation 9 [1/1] (0.00ns)   --->   "%i = alloca i32 1"   --->   Operation 9 'alloca' 'i' <Predicate = true> <Delay = 0.00>
ST_1 : Operation 10 [1/1] (0.00ns)   --->   "%num_aux_2_2_reload_read = read i32 @_ssdm_op_Read.ap_auto.float, i32 %num_aux_2_2_reload"   --->   Operation 10 'read' 'num_aux_2_2_reload_read' <Predicate = true> <Delay = 0.00>
ST_1 : Operation 11 [1/1] (0.00ns)   --->   "%num_aux_1_2_reload_read = read i32 @_ssdm_op_Read.ap_auto.float, i32 %num_aux_1_2_reload"   --->   Operation 11 'read' 'num_aux_1_2_reload_read' <Predicate = true> <Delay = 0.00>
ST_1 : Operation 12 [1/1] (0.00ns)   --->   "%num_aux_0_2_reload_read = read i32 @_ssdm_op_Read.ap_auto.float, i32 %num_aux_0_2_reload"   --->   Operation 12 'read' 'num_aux_0_2_reload_read' <Predicate = true> <Delay = 0.00>
ST_1 : Operation 13 [1/1] (0.00ns)   --->   "%trunc_ln297_3_read = read i2 @_ssdm_op_Read.ap_auto.i2, i2 %trunc_ln297_3"   --->   Operation 13 'read' 'trunc_ln297_3_read' <Predicate = true> <Delay = 0.00>
ST_1 : Operation 14 [1/1] (0.00ns)   --->   "%tmp_311_read = read i32 @_ssdm_op_Read.ap_auto.float, i32 %tmp_311"   --->   Operation 14 'read' 'tmp_311_read' <Predicate = true> <Delay = 0.00>
ST_1 : Operation 15 [1/1] (0.00ns)   --->   "%tmp_310_read = read i32 @_ssdm_op_Read.ap_auto.float, i32 %tmp_310"   --->   Operation 15 'read' 'tmp_310_read' <Predicate = true> <Delay = 0.00>
ST_1 : Operation 16 [1/1] (0.00ns)   --->   "%tmp_309_read = read i32 @_ssdm_op_Read.ap_auto.float, i32 %tmp_309"   --->   Operation 16 'read' 'tmp_309_read' <Predicate = true> <Delay = 0.00>
ST_1 : Operation 17 [1/1] (0.00ns)   --->   "%sub11_i_i_read = read i2 @_ssdm_op_Read.ap_auto.i2, i2 %sub11_i_i"   --->   Operation 17 'read' 'sub11_i_i_read' <Predicate = true> <Delay = 0.00>
ST_1 : Operation 18 [1/1] (0.00ns)   --->   "%sub_ln542_read = read i6 @_ssdm_op_Read.ap_auto.i6, i6 %sub_ln542"   --->   Operation 18 'read' 'sub_ln542_read' <Predicate = true> <Delay = 0.00>
ST_1 : Operation 19 [1/1] (0.42ns)   --->   "%store_ln0 = store i2 0, i2 %i"   --->   Operation 19 'store' 'store_ln0' <Predicate = true> <Delay = 0.42>
ST_1 : Operation 20 [1/1] (0.00ns)   --->   "%br_ln0 = br void"   --->   Operation 20 'br' 'br_ln0' <Predicate = true> <Delay = 0.00>
ST_1 : Operation 21 [1/1] (0.00ns)   --->   "%i_37 = load i2 %i" [../src/ban.cpp:319]   --->   Operation 21 'load' 'i_37' <Predicate = true> <Delay = 0.00>
ST_1 : Operation 22 [1/1] (0.00ns)   --->   "%specpipeline_ln0 = specpipeline void @_ssdm_op_SpecPipeline, i32 4294967295, i32 0, i32 1, i32 0, void @p_str"   --->   Operation 22 'specpipeline' 'specpipeline_ln0' <Predicate = true> <Delay = 0.00>
ST_1 : Operation 23 [1/1] (0.44ns)   --->   "%icmp_ln315 = icmp_eq  i2 %i_37, i2 3" [../src/ban.cpp:315]   --->   Operation 23 'icmp' 'icmp_ln315' <Predicate = true> <Delay = 0.44> <CoreInst = "Cmp">   --->   Core 9 'Cmp' <Latency = 0> <II = 1> <Delay = 0.44> <FuncUnit> <Opcode : 'icmp'> <InPorts = 2> <OutPorts = 1>
ST_1 : Operation 24 [1/1] (0.00ns)   --->   "%empty = speclooptripcount i32 @_ssdm_op_SpecLoopTripCount, i64 3, i64 3, i64 3"   --->   Operation 24 'speclooptripcount' 'empty' <Predicate = true> <Delay = 0.00>
ST_1 : Operation 25 [1/1] (0.54ns)   --->   "%add_ln315 = add i2 %i_37, i2 1" [../src/ban.cpp:315]   --->   Operation 25 'add' 'add_ln315' <Predicate = true> <Delay = 0.54> <CoreInst = "Adder">   --->   Core 1 'Adder' <Latency = 0> <II = 1> <Delay = 0.54> <FuncUnit> <Opcode : 'add' 'sub'> <InPorts = 2> <OutPorts = 1>
ST_1 : Operation 26 [1/1] (0.00ns)   --->   "%br_ln315 = br i1 %icmp_ln315, void %.split79_ifconv, void %.exitStub" [../src/ban.cpp:315]   --->   Operation 26 'br' 'br_ln315' <Predicate = true> <Delay = 0.00>
ST_1 : Operation 27 [1/1] (0.44ns)   --->   "%icmp_ln316 = icmp_ult  i2 %i_37, i2 %sub11_i_i_read" [../src/ban.cpp:316]   --->   Operation 27 'icmp' 'icmp_ln316' <Predicate = (!icmp_ln315)> <Delay = 0.44> <CoreInst = "Cmp">   --->   Core 9 'Cmp' <Latency = 0> <II = 1> <Delay = 0.44> <FuncUnit> <Opcode : 'icmp'> <InPorts = 2> <OutPorts = 1>
ST_1 : Operation 28 [1/1] (0.54ns)   --->   "%add_ln319 = add i2 %i_37, i2 %trunc_ln297_3_read" [../src/ban.cpp:319]   --->   Operation 28 'add' 'add_ln319' <Predicate = (!icmp_ln315)> <Delay = 0.54> <CoreInst = "Adder">   --->   Core 1 'Adder' <Latency = 0> <II = 1> <Delay = 0.54> <FuncUnit> <Opcode : 'add' 'sub'> <InPorts = 2> <OutPorts = 1>
ST_1 : Operation 29 [1/1] (0.42ns)   --->   "%store_ln315 = store i2 %add_ln315, i2 %i" [../src/ban.cpp:315]   --->   Operation 29 'store' 'store_ln315' <Predicate = (!icmp_ln315)> <Delay = 0.42>

State 2 <SV = 1> <Delay = 6.91>
ST_2 : Operation 30 [1/1] (0.47ns)   --->   "%tmp_s = mux i32 @_ssdm_op_Mux.ap_auto.3float.i2, i32 %tmp_309_read, i32 %tmp_310_read, i32 %tmp_311_read, i2 %i_37" [../src/ban.cpp:317]   --->   Operation 30 'mux' 'tmp_s' <Predicate = true> <Delay = 0.47> <CoreInst = "Multiplexer">   --->   Core 76 'Multiplexer' <Latency = 0> <II = 1> <Delay = 0.47> <FuncUnit> <Opcode : 'mux'> <InPorts = 2> <OutPorts = 1>
ST_2 : Operation 31 [1/1] (0.47ns)   --->   "%tmp_142 = mux i32 @_ssdm_op_Mux.ap_auto.3float.i2, i32 %num_aux_0_2_reload_read, i32 %num_aux_1_2_reload_read, i32 %num_aux_2_2_reload_read, i2 %add_ln319" [../src/ban.cpp:319]   --->   Operation 31 'mux' 'tmp_142' <Predicate = (!icmp_ln316)> <Delay = 0.47> <CoreInst = "Multiplexer">   --->   Core 76 'Multiplexer' <Latency = 0> <II = 1> <Delay = 0.47> <FuncUnit> <Opcode : 'mux'> <InPorts = 2> <OutPorts = 1>
ST_2 : Operation 32 [4/4] (6.43ns)   --->   "%add24_i_i = fadd i32 %tmp_s, i32 %tmp_142" [../src/ban.cpp:319]   --->   Operation 32 'fadd' 'add24_i_i' <Predicate = (!icmp_ln316)> <Delay = 6.43> <CoreInst = "FAddSub_fulldsp">   --->   Core 18 'FAddSub_fulldsp' <Latency = 3> <II = 1> <Delay = 6.43> <FuncUnit> <Opcode : 'fadd' 'fsub'> <InPorts = 2> <OutPorts = 1>

State 3 <SV = 2> <Delay = 6.43>
ST_3 : Operation 33 [3/4] (6.43ns)   --->   "%add24_i_i = fadd i32 %tmp_s, i32 %tmp_142" [../src/ban.cpp:319]   --->   Operation 33 'fadd' 'add24_i_i' <Predicate = (!icmp_ln316)> <Delay = 6.43> <CoreInst = "FAddSub_fulldsp">   --->   Core 18 'FAddSub_fulldsp' <Latency = 3> <II = 1> <Delay = 6.43> <FuncUnit> <Opcode : 'fadd' 'fsub'> <InPorts = 2> <OutPorts = 1>

State 4 <SV = 3> <Delay = 6.43>
ST_4 : Operation 34 [2/4] (6.43ns)   --->   "%add24_i_i = fadd i32 %tmp_s, i32 %tmp_142" [../src/ban.cpp:319]   --->   Operation 34 'fadd' 'add24_i_i' <Predicate = (!icmp_ln316)> <Delay = 6.43> <CoreInst = "FAddSub_fulldsp">   --->   Core 18 'FAddSub_fulldsp' <Latency = 3> <II = 1> <Delay = 6.43> <FuncUnit> <Opcode : 'fadd' 'fsub'> <InPorts = 2> <OutPorts = 1>

State 5 <SV = 4> <Delay = 6.88>
ST_5 : Operation 35 [1/4] (6.43ns)   --->   "%add24_i_i = fadd i32 %tmp_s, i32 %tmp_142" [../src/ban.cpp:319]   --->   Operation 35 'fadd' 'add24_i_i' <Predicate = (!icmp_ln316)> <Delay = 6.43> <CoreInst = "FAddSub_fulldsp">   --->   Core 18 'FAddSub_fulldsp' <Latency = 3> <II = 1> <Delay = 6.43> <FuncUnit> <Opcode : 'fadd' 'fsub'> <InPorts = 2> <OutPorts = 1>
ST_5 : Operation 36 [1/1] (0.44ns)   --->   "%select_ln316 = select i1 %icmp_ln316, i32 %tmp_s, i32 %add24_i_i" [../src/ban.cpp:316]   --->   Operation 36 'select' 'select_ln316' <Predicate = true> <Delay = 0.44> <CoreInst = "Sel">   --->   Core 73 'Sel' <Latency = 0> <II = 1> <Delay = 0.44> <FuncUnit> <Opcode : 'select'> <InPorts = 3> <OutPorts = 1>
ST_5 : Operation 44 [1/1] (0.00ns)   --->   "%ret_ln0 = ret"   --->   Operation 44 'ret' 'ret_ln0' <Predicate = (icmp_ln315)> <Delay = 0.00>

State 6 <SV = 5> <Delay = 2.01>
ST_6 : Operation 37 [1/1] (0.00ns)   --->   "%zext_ln317 = zext i2 %i_37" [../src/ban.cpp:317]   --->   Operation 37 'zext' 'zext_ln317' <Predicate = true> <Delay = 0.00>
ST_6 : Operation 38 [1/1] (0.78ns)   --->   "%add_ln317 = add i6 %sub_ln542_read, i6 %zext_ln317" [../src/ban.cpp:317]   --->   Operation 38 'add' 'add_ln317' <Predicate = true> <Delay = 0.78> <CoreInst = "Adder">   --->   Core 1 'Adder' <Latency = 0> <II = 1> <Delay = 0.54> <FuncUnit> <Opcode : 'add' 'sub'> <InPorts = 2> <OutPorts = 1>
ST_6 : Operation 39 [1/1] (0.00ns)   --->   "%zext_ln317_1 = zext i6 %add_ln317" [../src/ban.cpp:317]   --->   Operation 39 'zext' 'zext_ln317_1' <Predicate = true> <Delay = 0.00>
ST_6 : Operation 40 [1/1] (0.00ns)   --->   "%b_num_addr = getelementptr i32 %b_num, i64 0, i64 %zext_ln317_1" [../src/ban.cpp:317]   --->   Operation 40 'getelementptr' 'b_num_addr' <Predicate = true> <Delay = 0.00>
ST_6 : Operation 41 [1/1] (0.00ns)   --->   "%specloopname_ln315 = specloopname void @_ssdm_op_SpecLoopName, void @empty_7" [../src/ban.cpp:315]   --->   Operation 41 'specloopname' 'specloopname_ln315' <Predicate = true> <Delay = 0.00>
ST_6 : Operation 42 [1/1] (1.23ns)   --->   "%store_ln317 = store i32 %select_ln316, i6 %b_num_addr" [../src/ban.cpp:317]   --->   Operation 42 'store' 'store_ln317' <Predicate = true> <Delay = 1.23> <CoreInst = "RAM_1WnR">   --->   Core 84 'RAM_1WnR' <Latency = 1> <II = 1> <Delay = 1.23> <Storage> <Opcode : 'load' 'store'> <Ports = 17> <Width = 32> <Depth = 36> <RAM>
ST_6 : Operation 43 [1/1] (0.00ns)   --->   "%br_ln0 = br void"   --->   Operation 43 'br' 'br_ln0' <Predicate = true> <Delay = 0.00>


============================================================
+ Verbose Summary: Binding
============================================================
STG Binding: 
---------------- STG Properties BEGIN ----------------
- Is combinational: 0
- Is one-state seq: 0
- Is datapath-only: 0
- Is pipelined: 0
- Is top level: 0
Port [ Return ] is wired: 1; IO mode=ap_ctrl_hs:ce=0
Port [ sub_ln542]:  wired=1; compound=0; hidden=0; nouse=0; global=0; static=0; extern=0; dir=0; type=0; pingpong=0; private_global=0; IO mode=ap_none:ce=0
Port [ b_num]:  wired=1; compound=1; hidden=0; nouse=0; global=0; static=0; extern=0; dir=1; type=1; pingpong=0; private_global=0; MemPort=[03333333333333333]; IO mode=ap_memory:ce=0
Port [ sub11_i_i]:  wired=1; compound=0; hidden=0; nouse=0; global=0; static=0; extern=0; dir=0; type=0; pingpong=0; private_global=0; IO mode=ap_none:ce=0
Port [ tmp_309]:  wired=1; compound=0; hidden=0; nouse=0; global=0; static=0; extern=0; dir=0; type=0; pingpong=0; private_global=0; IO mode=ap_none:ce=0
Port [ tmp_310]:  wired=1; compound=0; hidden=0; nouse=0; global=0; static=0; extern=0; dir=0; type=0; pingpong=0; private_global=0; IO mode=ap_none:ce=0
Port [ tmp_311]:  wired=1; compound=0; hidden=0; nouse=0; global=0; static=0; extern=0; dir=0; type=0; pingpong=0; private_global=0; IO mode=ap_none:ce=0
Port [ trunc_ln297_3]:  wired=1; compound=0; hidden=0; nouse=0; global=0; static=0; extern=0; dir=0; type=0; pingpong=0; private_global=0; IO mode=ap_none:ce=0
Port [ num_aux_0_2_reload]:  wired=1; compound=0; hidden=0; nouse=0; global=0; static=0; extern=0; dir=0; type=0; pingpong=0; private_global=0; IO mode=ap_none:ce=0
Port [ num_aux_1_2_reload]:  wired=1; compound=0; hidden=0; nouse=0; global=0; static=0; extern=0; dir=0; type=0; pingpong=0; private_global=0; IO mode=ap_none:ce=0
Port [ num_aux_2_2_reload]:  wired=1; compound=0; hidden=0; nouse=0; global=0; static=0; extern=0; dir=0; type=0; pingpong=0; private_global=0; IO mode=ap_none:ce=0
---------------- STG Properties END ------------------

---------------- Datapath Model BEGIN ----------------

<LifeTime>
<method=bitvector/>
i                       (alloca           ) [ 0100000]
num_aux_2_2_reload_read (read             ) [ 0110000]
num_aux_1_2_reload_read (read             ) [ 0110000]
num_aux_0_2_reload_read (read             ) [ 0110000]
trunc_ln297_3_read      (read             ) [ 0000000]
tmp_311_read            (read             ) [ 0110000]
tmp_310_read            (read             ) [ 0110000]
tmp_309_read            (read             ) [ 0110000]
sub11_i_i_read          (read             ) [ 0000000]
sub_ln542_read          (read             ) [ 0111111]
store_ln0               (store            ) [ 0000000]
br_ln0                  (br               ) [ 0000000]
i_37                    (load             ) [ 0111111]
specpipeline_ln0        (specpipeline     ) [ 0000000]
icmp_ln315              (icmp             ) [ 0111110]
empty                   (speclooptripcount) [ 0000000]
add_ln315               (add              ) [ 0000000]
br_ln315                (br               ) [ 0000000]
icmp_ln316              (icmp             ) [ 0111110]
add_ln319               (add              ) [ 0110000]
store_ln315             (store            ) [ 0000000]
tmp_s                   (mux              ) [ 0101110]
tmp_142                 (mux              ) [ 0101110]
add24_i_i               (fadd             ) [ 0000000]
select_ln316            (select           ) [ 0100001]
zext_ln317              (zext             ) [ 0000000]
add_ln317               (add              ) [ 0000000]
zext_ln317_1            (zext             ) [ 0000000]
b_num_addr              (getelementptr    ) [ 0000000]
specloopname_ln315      (specloopname     ) [ 0000000]
store_ln317             (store            ) [ 0000000]
br_ln0                  (br               ) [ 0000000]
ret_ln0                 (ret              ) [ 0000000]
</LifeTime>

<model>

<comp_list>
<comp id="0" class="1000" name="sub_ln542">
<pin_list>
<pin id="1" dir="1" index="0" bw="1" slack="0"/>
</pin_list>
<bind>
<StgValue><ssdm name="sub_ln542"/></StgValue>
</bind>
</comp>

<comp id="2" class="1000" name="b_num">
<pin_list>
<pin id="3" dir="1" index="0" bw="1" slack="0"/>
</pin_list>
<bind>
<StgValue><ssdm name="b_num"/><MemPortTyVec>0 3 3 3 3 3 3 3 3 3 3 3 3 3 3 3 3 </MemPortTyVec>
</StgValue>
</bind>
</comp>

<comp id="4" class="1000" name="sub11_i_i">
<pin_list>
<pin id="5" dir="1" index="0" bw="1" slack="0"/>
</pin_list>
<bind>
<StgValue><ssdm name="sub11_i_i"/></StgValue>
</bind>
</comp>

<comp id="6" class="1000" name="tmp_309">
<pin_list>
<pin id="7" dir="1" index="0" bw="1" slack="0"/>
</pin_list>
<bind>
<StgValue><ssdm name="tmp_309"/></StgValue>
</bind>
</comp>

<comp id="8" class="1000" name="tmp_310">
<pin_list>
<pin id="9" dir="1" index="0" bw="1" slack="0"/>
</pin_list>
<bind>
<StgValue><ssdm name="tmp_310"/></StgValue>
</bind>
</comp>

<comp id="10" class="1000" name="tmp_311">
<pin_list>
<pin id="11" dir="1" index="0" bw="1" slack="0"/>
</pin_list>
<bind>
<StgValue><ssdm name="tmp_311"/></StgValue>
</bind>
</comp>

<comp id="12" class="1000" name="trunc_ln297_3">
<pin_list>
<pin id="13" dir="1" index="0" bw="1" slack="0"/>
</pin_list>
<bind>
<StgValue><ssdm name="trunc_ln297_3"/></StgValue>
</bind>
</comp>

<comp id="14" class="1000" name="num_aux_0_2_reload">
<pin_list>
<pin id="15" dir="1" index="0" bw="1" slack="0"/>
</pin_list>
<bind>
<StgValue><ssdm name="num_aux_0_2_reload"/></StgValue>
</bind>
</comp>

<comp id="16" class="1000" name="num_aux_1_2_reload">
<pin_list>
<pin id="17" dir="1" index="0" bw="1" slack="0"/>
</pin_list>
<bind>
<StgValue><ssdm name="num_aux_1_2_reload"/></StgValue>
</bind>
</comp>

<comp id="18" class="1000" name="num_aux_2_2_reload">
<pin_list>
<pin id="19" dir="1" index="0" bw="1" slack="0"/>
</pin_list>
<bind>
<StgValue><ssdm name="num_aux_2_2_reload"/></StgValue>
</bind>
</comp>

<comp id="20" class="1001" name="const_20">
<pin_list>
<pin id="21" dir="1" index="0" bw="1" slack="0"/>
</pin_list>
<bind>
<StgValue><ssdm name=""/></StgValue>
</bind>
</comp>

<comp id="22" class="1001" name="const_22">
<pin_list>
<pin id="23" dir="1" index="0" bw="1" slack="0"/>
</pin_list>
<bind>
<StgValue><ssdm name="_ssdm_op_Read.ap_auto.float"/></StgValue>
</bind>
</comp>

<comp id="24" class="1001" name="const_24">
<pin_list>
<pin id="25" dir="1" index="0" bw="1" slack="0"/>
</pin_list>
<bind>
<StgValue><ssdm name="_ssdm_op_Read.ap_auto.i2"/></StgValue>
</bind>
</comp>

<comp id="26" class="1001" name="const_26">
<pin_list>
<pin id="27" dir="1" index="0" bw="1" slack="0"/>
</pin_list>
<bind>
<StgValue><ssdm name="_ssdm_op_Read.ap_auto.i6"/></StgValue>
</bind>
</comp>

<comp id="28" class="1001" name="const_28">
<pin_list>
<pin id="29" dir="1" index="0" bw="1" slack="0"/>
</pin_list>
<bind>
<StgValue><ssdm name=""/></StgValue>
</bind>
</comp>

<comp id="30" class="1001" name="const_30">
<pin_list>
<pin id="31" dir="1" index="0" bw="1" slack="2147483647"/>
</pin_list>
<bind>
<StgValue><ssdm name="_ssdm_op_SpecPipeline"/></StgValue>
</bind>
</comp>

<comp id="32" class="1001" name="const_32">
<pin_list>
<pin id="33" dir="1" index="0" bw="1" slack="2147483647"/>
</pin_list>
<bind>
<StgValue><ssdm name=""/></StgValue>
</bind>
</comp>

<comp id="34" class="1001" name="const_34">
<pin_list>
<pin id="35" dir="1" index="0" bw="1" slack="2147483647"/>
</pin_list>
<bind>
<StgValue><ssdm name=""/></StgValue>
</bind>
</comp>

<comp id="36" class="1001" name="const_36">
<pin_list>
<pin id="37" dir="1" index="0" bw="1" slack="2147483647"/>
</pin_list>
<bind>
<StgValue><ssdm name="p_str"/></StgValue>
</bind>
</comp>

<comp id="38" class="1001" name="const_38">
<pin_list>
<pin id="39" dir="1" index="0" bw="1" slack="0"/>
</pin_list>
<bind>
<StgValue><ssdm name=""/></StgValue>
</bind>
</comp>

<comp id="40" class="1001" name="const_40">
<pin_list>
<pin id="41" dir="1" index="0" bw="1" slack="2147483647"/>
</pin_list>
<bind>
<StgValue><ssdm name="_ssdm_op_SpecLoopTripCount"/></StgValue>
</bind>
</comp>

<comp id="42" class="1001" name="const_42">
<pin_list>
<pin id="43" dir="1" index="0" bw="1" slack="2147483647"/>
</pin_list>
<bind>
<StgValue><ssdm name=""/></StgValue>
</bind>
</comp>

<comp id="44" class="1001" name="const_44">
<pin_list>
<pin id="45" dir="1" index="0" bw="1" slack="0"/>
</pin_list>
<bind>
<StgValue><ssdm name=""/></StgValue>
</bind>
</comp>

<comp id="46" class="1001" name="const_46">
<pin_list>
<pin id="47" dir="1" index="0" bw="1" slack="0"/>
</pin_list>
<bind>
<StgValue><ssdm name="_ssdm_op_Mux.ap_auto.3float.i2"/></StgValue>
</bind>
</comp>

<comp id="48" class="1001" name="const_48">
<pin_list>
<pin id="49" dir="1" index="0" bw="1" slack="0"/>
</pin_list>
<bind>
<StgValue><ssdm name=""/></StgValue>
</bind>
</comp>

<comp id="50" class="1001" name="const_50">
<pin_list>
<pin id="51" dir="1" index="0" bw="1" slack="2147483647"/>
</pin_list>
<bind>
<StgValue><ssdm name="_ssdm_op_SpecLoopName"/></StgValue>
</bind>
</comp>

<comp id="52" class="1001" name="const_52">
<pin_list>
<pin id="53" dir="1" index="0" bw="1" slack="2147483647"/>
</pin_list>
<bind>
<StgValue><ssdm name="empty_7"/></StgValue>
</bind>
</comp>

<comp id="54" class="1004" name="i_fu_54">
<pin_list>
<pin id="55" dir="0" index="0" bw="1" slack="0"/>
<pin id="56" dir="1" index="1" bw="2" slack="0"/>
</pin_list>
<bind>
<opcode="alloca(26) " fcode="alloca"/>
<opset="i/1 "/>
</bind>
</comp>

<comp id="58" class="1004" name="num_aux_2_2_reload_read_read_fu_58">
<pin_list>
<pin id="59" dir="0" index="0" bw="32" slack="0"/>
<pin id="60" dir="0" index="1" bw="32" slack="0"/>
<pin id="61" dir="1" index="2" bw="32" slack="1"/>
</pin_list>
<bind>
<opcode="read(1150) " fcode="read"/>
<opset="num_aux_2_2_reload_read/1 "/>
</bind>
</comp>

<comp id="64" class="1004" name="num_aux_1_2_reload_read_read_fu_64">
<pin_list>
<pin id="65" dir="0" index="0" bw="32" slack="0"/>
<pin id="66" dir="0" index="1" bw="32" slack="0"/>
<pin id="67" dir="1" index="2" bw="32" slack="1"/>
</pin_list>
<bind>
<opcode="read(1150) " fcode="read"/>
<opset="num_aux_1_2_reload_read/1 "/>
</bind>
</comp>

<comp id="70" class="1004" name="num_aux_0_2_reload_read_read_fu_70">
<pin_list>
<pin id="71" dir="0" index="0" bw="32" slack="0"/>
<pin id="72" dir="0" index="1" bw="32" slack="0"/>
<pin id="73" dir="1" index="2" bw="32" slack="1"/>
</pin_list>
<bind>
<opcode="read(1150) " fcode="read"/>
<opset="num_aux_0_2_reload_read/1 "/>
</bind>
</comp>

<comp id="76" class="1004" name="trunc_ln297_3_read_read_fu_76">
<pin_list>
<pin id="77" dir="0" index="0" bw="2" slack="0"/>
<pin id="78" dir="0" index="1" bw="2" slack="0"/>
<pin id="79" dir="1" index="2" bw="2" slack="0"/>
</pin_list>
<bind>
<opcode="read(1150) " fcode="read"/>
<opset="trunc_ln297_3_read/1 "/>
</bind>
</comp>

<comp id="82" class="1004" name="tmp_311_read_read_fu_82">
<pin_list>
<pin id="83" dir="0" index="0" bw="32" slack="0"/>
<pin id="84" dir="0" index="1" bw="32" slack="0"/>
<pin id="85" dir="1" index="2" bw="32" slack="1"/>
</pin_list>
<bind>
<opcode="read(1150) " fcode="read"/>
<opset="tmp_311_read/1 "/>
</bind>
</comp>

<comp id="88" class="1004" name="tmp_310_read_read_fu_88">
<pin_list>
<pin id="89" dir="0" index="0" bw="32" slack="0"/>
<pin id="90" dir="0" index="1" bw="32" slack="0"/>
<pin id="91" dir="1" index="2" bw="32" slack="1"/>
</pin_list>
<bind>
<opcode="read(1150) " fcode="read"/>
<opset="tmp_310_read/1 "/>
</bind>
</comp>

<comp id="94" class="1004" name="tmp_309_read_read_fu_94">
<pin_list>
<pin id="95" dir="0" index="0" bw="32" slack="0"/>
<pin id="96" dir="0" index="1" bw="32" slack="0"/>
<pin id="97" dir="1" index="2" bw="32" slack="1"/>
</pin_list>
<bind>
<opcode="read(1150) " fcode="read"/>
<opset="tmp_309_read/1 "/>
</bind>
</comp>

<comp id="100" class="1004" name="sub11_i_i_read_read_fu_100">
<pin_list>
<pin id="101" dir="0" index="0" bw="2" slack="0"/>
<pin id="102" dir="0" index="1" bw="2" slack="0"/>
<pin id="103" dir="1" index="2" bw="2" slack="0"/>
</pin_list>
<bind>
<opcode="read(1150) " fcode="read"/>
<opset="sub11_i_i_read/1 "/>
</bind>
</comp>

<comp id="106" class="1004" name="sub_ln542_read_read_fu_106">
<pin_list>
<pin id="107" dir="0" index="0" bw="6" slack="0"/>
<pin id="108" dir="0" index="1" bw="6" slack="0"/>
<pin id="109" dir="1" index="2" bw="6" slack="5"/>
</pin_list>
<bind>
<opcode="read(1150) " fcode="read"/>
<opset="sub_ln542_read/1 "/>
</bind>
</comp>

<comp id="112" class="1004" name="b_num_addr_gep_fu_112">
<pin_list>
<pin id="113" dir="0" index="0" bw="32" slack="0"/>
<pin id="114" dir="0" index="1" bw="1" slack="0"/>
<pin id="115" dir="0" index="2" bw="6" slack="0"/>
<pin id="116" dir="1" index="3" bw="6" slack="0"/>
</pin_list>
<bind>
<opcode="getelementptr(29) " fcode="getelementptr"/>
<opset="b_num_addr/6 "/>
</bind>
</comp>

<comp id="119" class="1004" name="store_ln317_access_fu_119">
<pin_list>
<pin id="120" dir="0" index="0" bw="6" slack="0"/>
<pin id="121" dir="0" index="1" bw="32" slack="1"/>
<pin id="122" dir="0" index="2" bw="0" slack="2147483647"/>
<pin id="123" dir="1" index="3" bw="32" slack="2147483647"/>
</pin_list>
<bind>
<opcode="store(28) " fcode="store"/>
<opset="store_ln317/6 "/>
</bind>
</comp>

<comp id="125" class="1004" name="grp_fu_125">
<pin_list>
<pin id="126" dir="0" index="0" bw="32" slack="0"/>
<pin id="127" dir="0" index="1" bw="32" slack="0"/>
<pin id="128" dir="1" index="2" bw="32" slack="0"/>
</pin_list>
<bind>
<opcode="fadd(9) " fcode="fadd"/>
<opset="add24_i_i/2 "/>
</bind>
</comp>

<comp id="129" class="1004" name="store_ln0_store_fu_129">
<pin_list>
<pin id="130" dir="0" index="0" bw="1" slack="0"/>
<pin id="131" dir="0" index="1" bw="2" slack="0"/>
<pin id="132" dir="1" index="2" bw="0" slack="2147483647"/>
</pin_list>
<bind>
<opcode="store(28) " fcode="store"/>
<opset="store_ln0/1 "/>
</bind>
</comp>

<comp id="134" class="1004" name="i_37_load_fu_134">
<pin_list>
<pin id="135" dir="0" index="0" bw="2" slack="0"/>
<pin id="136" dir="1" index="1" bw="2" slack="0"/>
</pin_list>
<bind>
<opcode="load(27) " fcode="load"/>
<opset="i_37/1 "/>
</bind>
</comp>

<comp id="137" class="1004" name="icmp_ln315_fu_137">
<pin_list>
<pin id="138" dir="0" index="0" bw="2" slack="0"/>
<pin id="139" dir="0" index="1" bw="2" slack="0"/>
<pin id="140" dir="1" index="2" bw="1" slack="4"/>
</pin_list>
<bind>
<opcode="icmp(45) " fcode="icmp"/>
<opset="icmp_ln315/1 "/>
</bind>
</comp>

<comp id="143" class="1004" name="add_ln315_fu_143">
<pin_list>
<pin id="144" dir="0" index="0" bw="2" slack="0"/>
<pin id="145" dir="0" index="1" bw="1" slack="0"/>
<pin id="146" dir="1" index="2" bw="2" slack="0"/>
</pin_list>
<bind>
<opcode="add(8) " fcode="add"/>
<opset="add_ln315/1 "/>
</bind>
</comp>

<comp id="149" class="1004" name="icmp_ln316_fu_149">
<pin_list>
<pin id="150" dir="0" index="0" bw="2" slack="0"/>
<pin id="151" dir="0" index="1" bw="2" slack="0"/>
<pin id="152" dir="1" index="2" bw="1" slack="1"/>
</pin_list>
<bind>
<opcode="icmp(45) " fcode="icmp"/>
<opset="icmp_ln316/1 "/>
</bind>
</comp>

<comp id="155" class="1004" name="add_ln319_fu_155">
<pin_list>
<pin id="156" dir="0" index="0" bw="2" slack="0"/>
<pin id="157" dir="0" index="1" bw="2" slack="0"/>
<pin id="158" dir="1" index="2" bw="2" slack="1"/>
</pin_list>
<bind>
<opcode="add(8) " fcode="add"/>
<opset="add_ln319/1 "/>
</bind>
</comp>

<comp id="161" class="1004" name="store_ln315_store_fu_161">
<pin_list>
<pin id="162" dir="0" index="0" bw="2" slack="0"/>
<pin id="163" dir="0" index="1" bw="2" slack="0"/>
<pin id="164" dir="1" index="2" bw="0" slack="2147483647"/>
</pin_list>
<bind>
<opcode="store(28) " fcode="store"/>
<opset="store_ln315/1 "/>
</bind>
</comp>

<comp id="166" class="1004" name="tmp_s_fu_166">
<pin_list>
<pin id="167" dir="0" index="0" bw="32" slack="0"/>
<pin id="168" dir="0" index="1" bw="32" slack="1"/>
<pin id="169" dir="0" index="2" bw="32" slack="1"/>
<pin id="170" dir="0" index="3" bw="32" slack="1"/>
<pin id="171" dir="0" index="4" bw="2" slack="1"/>
<pin id="172" dir="1" index="5" bw="32" slack="0"/>
</pin_list>
<bind>
<opcode="mux(1196) " fcode="mux"/>
<opset="tmp_s/2 "/>
</bind>
</comp>

<comp id="175" class="1004" name="tmp_142_fu_175">
<pin_list>
<pin id="176" dir="0" index="0" bw="32" slack="0"/>
<pin id="177" dir="0" index="1" bw="32" slack="1"/>
<pin id="178" dir="0" index="2" bw="32" slack="1"/>
<pin id="179" dir="0" index="3" bw="32" slack="1"/>
<pin id="180" dir="0" index="4" bw="2" slack="1"/>
<pin id="181" dir="1" index="5" bw="32" slack="0"/>
</pin_list>
<bind>
<opcode="mux(1196) " fcode="mux"/>
<opset="tmp_142/2 "/>
</bind>
</comp>

<comp id="184" class="1004" name="select_ln316_fu_184">
<pin_list>
<pin id="185" dir="0" index="0" bw="1" slack="4"/>
<pin id="186" dir="0" index="1" bw="32" slack="3"/>
<pin id="187" dir="0" index="2" bw="32" slack="0"/>
<pin id="188" dir="1" index="3" bw="32" slack="1"/>
</pin_list>
<bind>
<opcode="select(49) " fcode="select"/>
<opset="select_ln316/5 "/>
</bind>
</comp>

<comp id="190" class="1004" name="zext_ln317_fu_190">
<pin_list>
<pin id="191" dir="0" index="0" bw="2" slack="5"/>
<pin id="192" dir="1" index="1" bw="6" slack="0"/>
</pin_list>
<bind>
<opcode="zext(34) " fcode="zext"/>
<opset="zext_ln317/6 "/>
</bind>
</comp>

<comp id="193" class="1004" name="add_ln317_fu_193">
<pin_list>
<pin id="194" dir="0" index="0" bw="6" slack="5"/>
<pin id="195" dir="0" index="1" bw="2" slack="0"/>
<pin id="196" dir="1" index="2" bw="6" slack="0"/>
</pin_list>
<bind>
<opcode="add(8) " fcode="add"/>
<opset="add_ln317/6 "/>
</bind>
</comp>

<comp id="198" class="1004" name="zext_ln317_1_fu_198">
<pin_list>
<pin id="199" dir="0" index="0" bw="6" slack="0"/>
<pin id="200" dir="1" index="1" bw="64" slack="0"/>
</pin_list>
<bind>
<opcode="zext(34) " fcode="zext"/>
<opset="zext_ln317_1/6 "/>
</bind>
</comp>

<comp id="203" class="1005" name="i_reg_203">
<pin_list>
<pin id="204" dir="0" index="0" bw="2" slack="0"/>
<pin id="205" dir="1" index="1" bw="2" slack="0"/>
</pin_list>
<bind>
<opset="i "/>
</bind>
</comp>

<comp id="210" class="1005" name="num_aux_2_2_reload_read_reg_210">
<pin_list>
<pin id="211" dir="0" index="0" bw="32" slack="1"/>
<pin id="212" dir="1" index="1" bw="32" slack="1"/>
</pin_list>
<bind>
<opset="num_aux_2_2_reload_read "/>
</bind>
</comp>

<comp id="215" class="1005" name="num_aux_1_2_reload_read_reg_215">
<pin_list>
<pin id="216" dir="0" index="0" bw="32" slack="1"/>
<pin id="217" dir="1" index="1" bw="32" slack="1"/>
</pin_list>
<bind>
<opset="num_aux_1_2_reload_read "/>
</bind>
</comp>

<comp id="220" class="1005" name="num_aux_0_2_reload_read_reg_220">
<pin_list>
<pin id="221" dir="0" index="0" bw="32" slack="1"/>
<pin id="222" dir="1" index="1" bw="32" slack="1"/>
</pin_list>
<bind>
<opset="num_aux_0_2_reload_read "/>
</bind>
</comp>

<comp id="225" class="1005" name="tmp_311_read_reg_225">
<pin_list>
<pin id="226" dir="0" index="0" bw="32" slack="1"/>
<pin id="227" dir="1" index="1" bw="32" slack="1"/>
</pin_list>
<bind>
<opset="tmp_311_read "/>
</bind>
</comp>

<comp id="230" class="1005" name="tmp_310_read_reg_230">
<pin_list>
<pin id="231" dir="0" index="0" bw="32" slack="1"/>
<pin id="232" dir="1" index="1" bw="32" slack="1"/>
</pin_list>
<bind>
<opset="tmp_310_read "/>
</bind>
</comp>

<comp id="235" class="1005" name="tmp_309_read_reg_235">
<pin_list>
<pin id="236" dir="0" index="0" bw="32" slack="1"/>
<pin id="237" dir="1" index="1" bw="32" slack="1"/>
</pin_list>
<bind>
<opset="tmp_309_read "/>
</bind>
</comp>

<comp id="240" class="1005" name="sub_ln542_read_reg_240">
<pin_list>
<pin id="241" dir="0" index="0" bw="6" slack="5"/>
<pin id="242" dir="1" index="1" bw="6" slack="5"/>
</pin_list>
<bind>
<opset="sub_ln542_read "/>
</bind>
</comp>

<comp id="245" class="1005" name="i_37_reg_245">
<pin_list>
<pin id="246" dir="0" index="0" bw="2" slack="1"/>
<pin id="247" dir="1" index="1" bw="2" slack="1"/>
</pin_list>
<bind>
<opset="i_37 "/>
</bind>
</comp>

<comp id="251" class="1005" name="icmp_ln315_reg_251">
<pin_list>
<pin id="252" dir="0" index="0" bw="1" slack="4"/>
<pin id="253" dir="1" index="1" bw="1" slack="2147483647"/>
</pin_list>
<bind>
<opset="icmp_ln315 "/>
</bind>
</comp>

<comp id="255" class="1005" name="icmp_ln316_reg_255">
<pin_list>
<pin id="256" dir="0" index="0" bw="1" slack="1"/>
<pin id="257" dir="1" index="1" bw="1" slack="4"/>
</pin_list>
<bind>
<opset="icmp_ln316 "/>
</bind>
</comp>

<comp id="260" class="1005" name="add_ln319_reg_260">
<pin_list>
<pin id="261" dir="0" index="0" bw="2" slack="1"/>
<pin id="262" dir="1" index="1" bw="2" slack="1"/>
</pin_list>
<bind>
<opset="add_ln319 "/>
</bind>
</comp>

<comp id="265" class="1005" name="tmp_s_reg_265">
<pin_list>
<pin id="266" dir="0" index="0" bw="32" slack="1"/>
<pin id="267" dir="1" index="1" bw="32" slack="1"/>
</pin_list>
<bind>
<opset="tmp_s "/>
</bind>
</comp>

<comp id="271" class="1005" name="tmp_142_reg_271">
<pin_list>
<pin id="272" dir="0" index="0" bw="32" slack="1"/>
<pin id="273" dir="1" index="1" bw="32" slack="1"/>
</pin_list>
<bind>
<opset="tmp_142 "/>
</bind>
</comp>

<comp id="276" class="1005" name="select_ln316_reg_276">
<pin_list>
<pin id="277" dir="0" index="0" bw="32" slack="1"/>
<pin id="278" dir="1" index="1" bw="32" slack="1"/>
</pin_list>
<bind>
<opset="select_ln316 "/>
</bind>
</comp>

</comp_list>

<net_list>
<net id="57"><net_src comp="20" pin="0"/><net_sink comp="54" pin=0"/></net>

<net id="62"><net_src comp="22" pin="0"/><net_sink comp="58" pin=0"/></net>

<net id="63"><net_src comp="18" pin="0"/><net_sink comp="58" pin=1"/></net>

<net id="68"><net_src comp="22" pin="0"/><net_sink comp="64" pin=0"/></net>

<net id="69"><net_src comp="16" pin="0"/><net_sink comp="64" pin=1"/></net>

<net id="74"><net_src comp="22" pin="0"/><net_sink comp="70" pin=0"/></net>

<net id="75"><net_src comp="14" pin="0"/><net_sink comp="70" pin=1"/></net>

<net id="80"><net_src comp="24" pin="0"/><net_sink comp="76" pin=0"/></net>

<net id="81"><net_src comp="12" pin="0"/><net_sink comp="76" pin=1"/></net>

<net id="86"><net_src comp="22" pin="0"/><net_sink comp="82" pin=0"/></net>

<net id="87"><net_src comp="10" pin="0"/><net_sink comp="82" pin=1"/></net>

<net id="92"><net_src comp="22" pin="0"/><net_sink comp="88" pin=0"/></net>

<net id="93"><net_src comp="8" pin="0"/><net_sink comp="88" pin=1"/></net>

<net id="98"><net_src comp="22" pin="0"/><net_sink comp="94" pin=0"/></net>

<net id="99"><net_src comp="6" pin="0"/><net_sink comp="94" pin=1"/></net>

<net id="104"><net_src comp="24" pin="0"/><net_sink comp="100" pin=0"/></net>

<net id="105"><net_src comp="4" pin="0"/><net_sink comp="100" pin=1"/></net>

<net id="110"><net_src comp="26" pin="0"/><net_sink comp="106" pin=0"/></net>

<net id="111"><net_src comp="0" pin="0"/><net_sink comp="106" pin=1"/></net>

<net id="117"><net_src comp="2" pin="0"/><net_sink comp="112" pin=0"/></net>

<net id="118"><net_src comp="48" pin="0"/><net_sink comp="112" pin=1"/></net>

<net id="124"><net_src comp="112" pin="3"/><net_sink comp="119" pin=0"/></net>

<net id="133"><net_src comp="28" pin="0"/><net_sink comp="129" pin=0"/></net>

<net id="141"><net_src comp="134" pin="1"/><net_sink comp="137" pin=0"/></net>

<net id="142"><net_src comp="38" pin="0"/><net_sink comp="137" pin=1"/></net>

<net id="147"><net_src comp="134" pin="1"/><net_sink comp="143" pin=0"/></net>

<net id="148"><net_src comp="44" pin="0"/><net_sink comp="143" pin=1"/></net>

<net id="153"><net_src comp="134" pin="1"/><net_sink comp="149" pin=0"/></net>

<net id="154"><net_src comp="100" pin="2"/><net_sink comp="149" pin=1"/></net>

<net id="159"><net_src comp="134" pin="1"/><net_sink comp="155" pin=0"/></net>

<net id="160"><net_src comp="76" pin="2"/><net_sink comp="155" pin=1"/></net>

<net id="165"><net_src comp="143" pin="2"/><net_sink comp="161" pin=0"/></net>

<net id="173"><net_src comp="46" pin="0"/><net_sink comp="166" pin=0"/></net>

<net id="174"><net_src comp="166" pin="5"/><net_sink comp="125" pin=0"/></net>

<net id="182"><net_src comp="46" pin="0"/><net_sink comp="175" pin=0"/></net>

<net id="183"><net_src comp="175" pin="5"/><net_sink comp="125" pin=1"/></net>

<net id="189"><net_src comp="125" pin="2"/><net_sink comp="184" pin=2"/></net>

<net id="197"><net_src comp="190" pin="1"/><net_sink comp="193" pin=1"/></net>

<net id="201"><net_src comp="193" pin="2"/><net_sink comp="198" pin=0"/></net>

<net id="202"><net_src comp="198" pin="1"/><net_sink comp="112" pin=2"/></net>

<net id="206"><net_src comp="54" pin="1"/><net_sink comp="203" pin=0"/></net>

<net id="207"><net_src comp="203" pin="1"/><net_sink comp="129" pin=1"/></net>

<net id="208"><net_src comp="203" pin="1"/><net_sink comp="134" pin=0"/></net>

<net id="209"><net_src comp="203" pin="1"/><net_sink comp="161" pin=1"/></net>

<net id="213"><net_src comp="58" pin="2"/><net_sink comp="210" pin=0"/></net>

<net id="214"><net_src comp="210" pin="1"/><net_sink comp="175" pin=3"/></net>

<net id="218"><net_src comp="64" pin="2"/><net_sink comp="215" pin=0"/></net>

<net id="219"><net_src comp="215" pin="1"/><net_sink comp="175" pin=2"/></net>

<net id="223"><net_src comp="70" pin="2"/><net_sink comp="220" pin=0"/></net>

<net id="224"><net_src comp="220" pin="1"/><net_sink comp="175" pin=1"/></net>

<net id="228"><net_src comp="82" pin="2"/><net_sink comp="225" pin=0"/></net>

<net id="229"><net_src comp="225" pin="1"/><net_sink comp="166" pin=3"/></net>

<net id="233"><net_src comp="88" pin="2"/><net_sink comp="230" pin=0"/></net>

<net id="234"><net_src comp="230" pin="1"/><net_sink comp="166" pin=2"/></net>

<net id="238"><net_src comp="94" pin="2"/><net_sink comp="235" pin=0"/></net>

<net id="239"><net_src comp="235" pin="1"/><net_sink comp="166" pin=1"/></net>

<net id="243"><net_src comp="106" pin="2"/><net_sink comp="240" pin=0"/></net>

<net id="244"><net_src comp="240" pin="1"/><net_sink comp="193" pin=0"/></net>

<net id="248"><net_src comp="134" pin="1"/><net_sink comp="245" pin=0"/></net>

<net id="249"><net_src comp="245" pin="1"/><net_sink comp="166" pin=4"/></net>

<net id="250"><net_src comp="245" pin="1"/><net_sink comp="190" pin=0"/></net>

<net id="254"><net_src comp="137" pin="2"/><net_sink comp="251" pin=0"/></net>

<net id="258"><net_src comp="149" pin="2"/><net_sink comp="255" pin=0"/></net>

<net id="259"><net_src comp="255" pin="1"/><net_sink comp="184" pin=0"/></net>

<net id="263"><net_src comp="155" pin="2"/><net_sink comp="260" pin=0"/></net>

<net id="264"><net_src comp="260" pin="1"/><net_sink comp="175" pin=4"/></net>

<net id="268"><net_src comp="166" pin="5"/><net_sink comp="265" pin=0"/></net>

<net id="269"><net_src comp="265" pin="1"/><net_sink comp="125" pin=0"/></net>

<net id="270"><net_src comp="265" pin="1"/><net_sink comp="184" pin=1"/></net>

<net id="274"><net_src comp="175" pin="5"/><net_sink comp="271" pin=0"/></net>

<net id="275"><net_src comp="271" pin="1"/><net_sink comp="125" pin=1"/></net>

<net id="279"><net_src comp="184" pin="3"/><net_sink comp="276" pin=0"/></net>

<net id="280"><net_src comp="276" pin="1"/><net_sink comp="119" pin=1"/></net>

</net_list>

</model> 
---------------- Datapath Model END ------------------

* FSMD analyzer results:
  - Output states:
	Port: b_num | {6 }
 - Input state : 
	Port: main_Pipeline_VITIS_LOOP_315_240 : sub_ln542 | {1 }
	Port: main_Pipeline_VITIS_LOOP_315_240 : sub11_i_i | {1 }
	Port: main_Pipeline_VITIS_LOOP_315_240 : tmp_309 | {1 }
	Port: main_Pipeline_VITIS_LOOP_315_240 : tmp_310 | {1 }
	Port: main_Pipeline_VITIS_LOOP_315_240 : tmp_311 | {1 }
	Port: main_Pipeline_VITIS_LOOP_315_240 : trunc_ln297_3 | {1 }
	Port: main_Pipeline_VITIS_LOOP_315_240 : num_aux_0_2_reload | {1 }
	Port: main_Pipeline_VITIS_LOOP_315_240 : num_aux_1_2_reload | {1 }
	Port: main_Pipeline_VITIS_LOOP_315_240 : num_aux_2_2_reload | {1 }
  - Chain level:
	State 1
		store_ln0 : 1
		i_37 : 1
		icmp_ln315 : 2
		add_ln315 : 2
		br_ln315 : 3
		icmp_ln316 : 2
		add_ln319 : 2
		store_ln315 : 3
	State 2
		add24_i_i : 1
	State 3
	State 4
	State 5
		select_ln316 : 1
	State 6
		add_ln317 : 1
		zext_ln317_1 : 2
		b_num_addr : 3
		store_ln317 : 4


============================================================
+ Verbose Summary: Datapath Resource usage 
============================================================

* Functional unit list:
|----------|------------------------------------|---------|---------|---------|
| Operation|           Functional Unit          |   DSP   |    FF   |   LUT   |
|----------|------------------------------------|---------|---------|---------|
|   fadd   |             grp_fu_125             |    2    |   227   |   214   |
|----------|------------------------------------|---------|---------|---------|
|  select  |         select_ln316_fu_184        |    0    |    0    |    32   |
|----------|------------------------------------|---------|---------|---------|
|          |          add_ln315_fu_143          |    0    |    0    |    9    |
|    add   |          add_ln319_fu_155          |    0    |    0    |    9    |
|          |          add_ln317_fu_193          |    0    |    0    |    13   |
|----------|------------------------------------|---------|---------|---------|
|    mux   |            tmp_s_fu_166            |    0    |    0    |    14   |
|          |           tmp_142_fu_175           |    0    |    0    |    14   |
|----------|------------------------------------|---------|---------|---------|
|   icmp   |          icmp_ln315_fu_137         |    0    |    0    |    8    |
|          |          icmp_ln316_fu_149         |    0    |    0    |    8    |
|----------|------------------------------------|---------|---------|---------|
|          | num_aux_2_2_reload_read_read_fu_58 |    0    |    0    |    0    |
|          | num_aux_1_2_reload_read_read_fu_64 |    0    |    0    |    0    |
|          | num_aux_0_2_reload_read_read_fu_70 |    0    |    0    |    0    |
|          |    trunc_ln297_3_read_read_fu_76   |    0    |    0    |    0    |
|   read   |       tmp_311_read_read_fu_82      |    0    |    0    |    0    |
|          |       tmp_310_read_read_fu_88      |    0    |    0    |    0    |
|          |       tmp_309_read_read_fu_94      |    0    |    0    |    0    |
|          |     sub11_i_i_read_read_fu_100     |    0    |    0    |    0    |
|          |     sub_ln542_read_read_fu_106     |    0    |    0    |    0    |
|----------|------------------------------------|---------|---------|---------|
|   zext   |          zext_ln317_fu_190         |    0    |    0    |    0    |
|          |         zext_ln317_1_fu_198        |    0    |    0    |    0    |
|----------|------------------------------------|---------|---------|---------|
|   Total  |                                    |    2    |   227   |   321   |
|----------|------------------------------------|---------|---------|---------|

Memories:
N/A

* Register list:
+-------------------------------+--------+
|                               |   FF   |
+-------------------------------+--------+
|       add_ln319_reg_260       |    2   |
|          i_37_reg_245         |    2   |
|           i_reg_203           |    2   |
|       icmp_ln315_reg_251      |    1   |
|       icmp_ln316_reg_255      |    1   |
|num_aux_0_2_reload_read_reg_220|   32   |
|num_aux_1_2_reload_read_reg_215|   32   |
|num_aux_2_2_reload_read_reg_210|   32   |
|      select_ln316_reg_276     |   32   |
|     sub_ln542_read_reg_240    |    6   |
|        tmp_142_reg_271        |   32   |
|      tmp_309_read_reg_235     |   32   |
|      tmp_310_read_reg_230     |   32   |
|      tmp_311_read_reg_225     |   32   |
|         tmp_s_reg_265         |   32   |
+-------------------------------+--------+
|             Total             |   302  |
+-------------------------------+--------+

* Multiplexer (MUX) list: 
|------------|------|------|------|--------||---------||---------|
|    Comp    |  Pin | Size |  BW  | S x BW ||  Delay  ||   LUT   |
|------------|------|------|------|--------||---------||---------|
| grp_fu_125 |  p0  |   2  |  32  |   64   ||    9    |
| grp_fu_125 |  p1  |   2  |  32  |   64   ||    9    |
|------------|------|------|------|--------||---------||---------|
|    Total   |      |      |      |   128  ||  0.854  ||    18   |
|------------|------|------|------|--------||---------||---------|



* Summary:
+-----------+--------+--------+--------+--------+
|           |   DSP  |  Delay |   FF   |   LUT  |
+-----------+--------+--------+--------+--------+
|  Function |    2   |    -   |   227  |   321  |
|   Memory  |    -   |    -   |    -   |    -   |
|Multiplexer|    -   |    0   |    -   |   18   |
|  Register |    -   |    -   |   302  |    -   |
+-----------+--------+--------+--------+--------+
|   Total   |    2   |    0   |   529  |   339  |
+-----------+--------+--------+--------+--------+
