

================================================================
== Vitis HLS Report for 'main_Pipeline_VITIS_LOOP_362_1'
================================================================
* Date:           Tue Feb  8 11:02:04 2022

* Version:        2021.2 (Build 3367213 on Tue Oct 19 02:47:39 MDT 2021)
* Project:        ban
* Solution:       solution1 (Vivado IP Flow Target)
* Product family: zynquplus
* Target device:  xczu7ev-ffvc1156-2-e


================================================================
== Performance Estimates
================================================================
+ Timing: 
    * Summary: 
    +--------+----------+----------+------------+
    |  Clock |  Target  | Estimated| Uncertainty|
    +--------+----------+----------+------------+
    |ap_clk  |  10.00 ns|  0.975 ns|     2.70 ns|
    +--------+----------+----------+------------+

+ Latency: 
    * Summary: 
    +---------+---------+-----------+-----------+-----+-----+---------+
    |  Latency (cycles) |   Latency (absolute)  |  Interval | Pipeline|
    |   min   |   max   |    min    |    max    | min | max |   Type  |
    +---------+---------+-----------+-----------+-----+-----+---------+
    |        5|        5|  50.000 ns|  50.000 ns|    5|    5|       no|
    +---------+---------+-----------+-----------+-----+-----+---------+

    + Detail: 
        * Instance: 
        N/A

        * Loop: 
        +--------------------+---------+---------+----------+-----------+-----------+------+----------+
        |                    |  Latency (cycles) | Iteration|  Initiation Interval  | Trip |          |
        |      Loop Name     |   min   |   max   |  Latency |  achieved |   target  | Count| Pipelined|
        +--------------------+---------+---------+----------+-----------+-----------+------+----------+
        |- VITIS_LOOP_362_1  |        3|        3|         1|          1|          1|     3|       yes|
        +--------------------+---------+---------+----------+-----------+-----------+------+----------+

============================================================
+ Verbose Summary: Synthesis Manager
============================================================
InlineROM: 1
ExposeGlobal: 0
============================================================
+ Verbose Summary: CDFG Model
============================================================
IsTopModel: 0
ResetActiveHigh: 1
IsCombinational: 0
IsDatapathOnly: 0
HasWiredReturn: 1
HasMFsm: 2
HasVarLatency: 1
IsPipeline: 0
IsRtlPipelined: 0
IsInstanceOverlapped: 0
IsDontTouch: 0
HasImplIP: 0
IsGatedGlobalClock: 0

+ Individual pipeline summary: 
  * Pipeline-0: initiation interval (II) = 1, depth = 1


============================================================
+ Verbose Summary: Schedule
============================================================
* Number of FSM states : 1
* Pipeline : 1
  Pipeline-0 : II = 1, D = 1, States = { 1 }
* Dataflow Pipeline: 0

* FSM state transitions: 
1 --> 

* FSM state operations: 

State 1 <SV = 0> <Delay = 0.97>
ST_1 : Operation 4 [1/1] (0.00ns)   --->   "%i = alloca i32 1"   --->   Operation 4 'alloca' 'i' <Predicate = true> <Delay = 0.00>
ST_1 : Operation 5 [1/1] (0.00ns)   --->   "%num_aux_1 = alloca i32 1"   --->   Operation 5 'alloca' 'num_aux_1' <Predicate = true> <Delay = 0.00>
ST_1 : Operation 6 [1/1] (0.00ns)   --->   "%num_aux_1_1 = alloca i32 1"   --->   Operation 6 'alloca' 'num_aux_1_1' <Predicate = true> <Delay = 0.00>
ST_1 : Operation 7 [1/1] (0.00ns)   --->   "%num_aux_1_2 = alloca i32 1"   --->   Operation 7 'alloca' 'num_aux_1_2' <Predicate = true> <Delay = 0.00>
ST_1 : Operation 8 [1/1] (0.00ns)   --->   "%b8_num_2_0_reload_read = read i32 @_ssdm_op_Read.ap_auto.float, i32 %b8_num_2_0_reload"   --->   Operation 8 'read' 'b8_num_2_0_reload_read' <Predicate = true> <Delay = 0.00>
ST_1 : Operation 9 [1/1] (0.00ns)   --->   "%b8_num_1_0_reload_read = read i32 @_ssdm_op_Read.ap_auto.float, i32 %b8_num_1_0_reload"   --->   Operation 9 'read' 'b8_num_1_0_reload_read' <Predicate = true> <Delay = 0.00>
ST_1 : Operation 10 [1/1] (0.00ns)   --->   "%b8_num_0_0_reload_read = read i32 @_ssdm_op_Read.ap_auto.float, i32 %b8_num_0_0_reload"   --->   Operation 10 'read' 'b8_num_0_0_reload_read' <Predicate = true> <Delay = 0.00>
ST_1 : Operation 11 [1/1] (0.42ns)   --->   "%store_ln0 = store i2 0, i2 %i"   --->   Operation 11 'store' 'store_ln0' <Predicate = true> <Delay = 0.42>
ST_1 : Operation 12 [1/1] (0.00ns)   --->   "%br_ln0 = br void"   --->   Operation 12 'br' 'br_ln0' <Predicate = true> <Delay = 0.00>
ST_1 : Operation 13 [1/1] (0.00ns)   --->   "%i_36 = load i2 %i" [../src/ban.cpp:362]   --->   Operation 13 'load' 'i_36' <Predicate = true> <Delay = 0.00>
ST_1 : Operation 14 [1/1] (0.00ns)   --->   "%specpipeline_ln0 = specpipeline void @_ssdm_op_SpecPipeline, i32 4294967295, i32 0, i32 1, i32 0, void @p_str"   --->   Operation 14 'specpipeline' 'specpipeline_ln0' <Predicate = true> <Delay = 0.00>
ST_1 : Operation 15 [1/1] (0.44ns)   --->   "%icmp_ln362 = icmp_eq  i2 %i_36, i2 3" [../src/ban.cpp:362]   --->   Operation 15 'icmp' 'icmp_ln362' <Predicate = true> <Delay = 0.44> <CoreInst = "Cmp">   --->   Core 9 'Cmp' <Latency = 0> <II = 1> <Delay = 0.44> <FuncUnit> <Opcode : 'icmp'> <InPorts = 2> <OutPorts = 1>
ST_1 : Operation 16 [1/1] (0.00ns)   --->   "%empty = speclooptripcount i32 @_ssdm_op_SpecLoopTripCount, i64 3, i64 3, i64 3"   --->   Operation 16 'speclooptripcount' 'empty' <Predicate = true> <Delay = 0.00>
ST_1 : Operation 17 [1/1] (0.54ns)   --->   "%add_ln362 = add i2 %i_36, i2 1" [../src/ban.cpp:362]   --->   Operation 17 'add' 'add_ln362' <Predicate = true> <Delay = 0.54> <CoreInst = "Adder">   --->   Core 1 'Adder' <Latency = 0> <II = 1> <Delay = 0.54> <FuncUnit> <Opcode : 'add' 'sub'> <InPorts = 2> <OutPorts = 1>
ST_1 : Operation 18 [1/1] (0.00ns)   --->   "%br_ln362 = br i1 %icmp_ln362, void %.split23, void %.preheader1039.preheader.exitStub" [../src/ban.cpp:362]   --->   Operation 18 'br' 'br_ln362' <Predicate = true> <Delay = 0.00>
ST_1 : Operation 19 [1/1] (0.00ns)   --->   "%specloopname_ln362 = specloopname void @_ssdm_op_SpecLoopName, void @empty_16" [../src/ban.cpp:362]   --->   Operation 19 'specloopname' 'specloopname_ln362' <Predicate = (!icmp_ln362)> <Delay = 0.00>
ST_1 : Operation 20 [1/1] (0.47ns)   --->   "%num_aux_1_4 = mux i32 @_ssdm_op_Mux.ap_auto.3float.i2, i32 %b8_num_0_0_reload_read, i32 %b8_num_1_0_reload_read, i32 %b8_num_2_0_reload_read, i2 %i_36" [../src/ban.cpp:363]   --->   Operation 20 'mux' 'num_aux_1_4' <Predicate = (!icmp_ln362)> <Delay = 0.47> <CoreInst = "Multiplexer">   --->   Core 76 'Multiplexer' <Latency = 0> <II = 1> <Delay = 0.47> <FuncUnit> <Opcode : 'mux'> <InPorts = 2> <OutPorts = 1>
ST_1 : Operation 21 [1/1] (0.58ns)   --->   "%switch_ln363 = switch i2 %i_36, void %branch2, i2 0, void %.split23..split23186_crit_edge, i2 1, void %.split23..split23186_crit_edge4" [../src/ban.cpp:363]   --->   Operation 21 'switch' 'switch_ln363' <Predicate = (!icmp_ln362)> <Delay = 0.58>
ST_1 : Operation 22 [1/1] (0.00ns)   --->   "%store_ln363 = store i32 %num_aux_1_4, i32 %num_aux_1_1" [../src/ban.cpp:363]   --->   Operation 22 'store' 'store_ln363' <Predicate = (!icmp_ln362 & i_36 == 1)> <Delay = 0.00>
ST_1 : Operation 23 [1/1] (0.00ns)   --->   "%br_ln363 = br void %.split23186" [../src/ban.cpp:363]   --->   Operation 23 'br' 'br_ln363' <Predicate = (!icmp_ln362 & i_36 == 1)> <Delay = 0.00>
ST_1 : Operation 24 [1/1] (0.00ns)   --->   "%store_ln363 = store i32 %num_aux_1_4, i32 %num_aux_1" [../src/ban.cpp:363]   --->   Operation 24 'store' 'store_ln363' <Predicate = (!icmp_ln362 & i_36 == 0)> <Delay = 0.00>
ST_1 : Operation 25 [1/1] (0.00ns)   --->   "%br_ln363 = br void %.split23186" [../src/ban.cpp:363]   --->   Operation 25 'br' 'br_ln363' <Predicate = (!icmp_ln362 & i_36 == 0)> <Delay = 0.00>
ST_1 : Operation 26 [1/1] (0.00ns)   --->   "%store_ln363 = store i32 %num_aux_1_4, i32 %num_aux_1_2" [../src/ban.cpp:363]   --->   Operation 26 'store' 'store_ln363' <Predicate = (!icmp_ln362 & i_36 != 0 & i_36 != 1)> <Delay = 0.00>
ST_1 : Operation 27 [1/1] (0.00ns)   --->   "%br_ln363 = br void %.split23186" [../src/ban.cpp:363]   --->   Operation 27 'br' 'br_ln363' <Predicate = (!icmp_ln362 & i_36 != 0 & i_36 != 1)> <Delay = 0.00>
ST_1 : Operation 28 [1/1] (0.42ns)   --->   "%store_ln362 = store i2 %add_ln362, i2 %i" [../src/ban.cpp:362]   --->   Operation 28 'store' 'store_ln362' <Predicate = (!icmp_ln362)> <Delay = 0.42>
ST_1 : Operation 29 [1/1] (0.00ns)   --->   "%br_ln0 = br void"   --->   Operation 29 'br' 'br_ln0' <Predicate = (!icmp_ln362)> <Delay = 0.00>
ST_1 : Operation 30 [1/1] (0.00ns)   --->   "%num_aux_1_load = load i32 %num_aux_1"   --->   Operation 30 'load' 'num_aux_1_load' <Predicate = (icmp_ln362)> <Delay = 0.00>
ST_1 : Operation 31 [1/1] (0.00ns)   --->   "%num_aux_1_1_load = load i32 %num_aux_1_1"   --->   Operation 31 'load' 'num_aux_1_1_load' <Predicate = (icmp_ln362)> <Delay = 0.00>
ST_1 : Operation 32 [1/1] (0.00ns)   --->   "%num_aux_1_2_load = load i32 %num_aux_1_2"   --->   Operation 32 'load' 'num_aux_1_2_load' <Predicate = (icmp_ln362)> <Delay = 0.00>
ST_1 : Operation 33 [1/1] (0.00ns)   --->   "%write_ln0 = write void @_ssdm_op_Write.ap_auto.floatP0A, i32 %num_aux_2170_0885_out, i32 %num_aux_1_2_load"   --->   Operation 33 'write' 'write_ln0' <Predicate = (icmp_ln362)> <Delay = 0.00>
ST_1 : Operation 34 [1/1] (0.00ns)   --->   "%write_ln0 = write void @_ssdm_op_Write.ap_auto.floatP0A, i32 %num_aux_1169_0884_out, i32 %num_aux_1_1_load"   --->   Operation 34 'write' 'write_ln0' <Predicate = (icmp_ln362)> <Delay = 0.00>
ST_1 : Operation 35 [1/1] (0.00ns)   --->   "%write_ln0 = write void @_ssdm_op_Write.ap_auto.floatP0A, i32 %num_aux_0_0883_out, i32 %num_aux_1_load"   --->   Operation 35 'write' 'write_ln0' <Predicate = (icmp_ln362)> <Delay = 0.00>
ST_1 : Operation 36 [1/1] (0.00ns)   --->   "%ret_ln0 = ret"   --->   Operation 36 'ret' 'ret_ln0' <Predicate = (icmp_ln362)> <Delay = 0.00>


============================================================
+ Verbose Summary: Timing violations
============================================================
Target clock period: 10ns, clock uncertainty: 2.7ns.

 <State 1>: 0.975ns
The critical path consists of the following:
	'alloca' operation ('i') [7]  (0 ns)
	'load' operation ('i', ../src/ban.cpp:362) on local variable 'i' [17]  (0 ns)
	'add' operation ('add_ln362', ../src/ban.cpp:362) [21]  (0.548 ns)
	'store' operation ('store_ln362', ../src/ban.cpp:362) of variable 'add_ln362', ../src/ban.cpp:362 on local variable 'i' [37]  (0.427 ns)


============================================================
+ Verbose Summary: Binding
============================================================
N/A
* FSMD analyzer results:
  - Output states:
 - Input state : 
  - Chain level:
	State 1


============================================================
+ Verbose Summary: Datapath Resource usage 
============================================================
N/A
