

================================================================
== Vitis HLS Report for 'main_Pipeline_VITIS_LOOP_187_173'
================================================================
* Date:           Tue Feb  8 11:02:05 2022

* Version:        2021.2 (Build 3367213 on Tue Oct 19 02:47:39 MDT 2021)
* Project:        ban
* Solution:       solution1 (Vivado IP Flow Target)
* Product family: zynquplus
* Target device:  xczu7ev-ffvc1156-2-e


================================================================
== Performance Estimates
================================================================
+ Timing: 
    * Summary: 
    +--------+----------+----------+------------+
    |  Clock |  Target  | Estimated| Uncertainty|
    +--------+----------+----------+------------+
    |ap_clk  |  10.00 ns|  1.104 ns|     2.70 ns|
    +--------+----------+----------+------------+

+ Latency: 
    * Summary: 
    +---------+---------+-----------+-----------+-----+-----+---------+
    |  Latency (cycles) |   Latency (absolute)  |  Interval | Pipeline|
    |   min   |   max   |    min    |    max    | min | max |   Type  |
    +---------+---------+-----------+-----------+-----+-----+---------+
    |        5|        5|  50.000 ns|  50.000 ns|    5|    5|       no|
    +---------+---------+-----------+-----------+-----+-----+---------+

    + Detail: 
        * Instance: 
        N/A

        * Loop: 
        +--------------------+---------+---------+----------+-----------+-----------+------+----------+
        |                    |  Latency (cycles) | Iteration|  Initiation Interval  | Trip |          |
        |      Loop Name     |   min   |   max   |  Latency |  achieved |   target  | Count| Pipelined|
        +--------------------+---------+---------+----------+-----------+-----------+------+----------+
        |- VITIS_LOOP_187_1  |        3|        3|         2|          1|          1|     3|       yes|
        +--------------------+---------+---------+----------+-----------+-----------+------+----------+

============================================================
+ Verbose Summary: Synthesis Manager
============================================================
InlineROM: 1
ExposeGlobal: 0
============================================================
+ Verbose Summary: CDFG Model
============================================================
IsTopModel: 0
ResetActiveHigh: 1
IsCombinational: 0
IsDatapathOnly: 0
HasWiredReturn: 1
HasMFsm: 2
HasVarLatency: 1
IsPipeline: 0
IsRtlPipelined: 0
IsInstanceOverlapped: 0
IsDontTouch: 0
HasImplIP: 0
IsGatedGlobalClock: 0

+ Individual pipeline summary: 
  * Pipeline-0: initiation interval (II) = 1, depth = 2


============================================================
+ Verbose Summary: Schedule
============================================================
* Number of FSM states : 2
* Pipeline : 1
  Pipeline-0 : II = 1, D = 2, States = { 1 2 }
* Dataflow Pipeline: 0

* FSM state transitions: 
1 --> 2 
2 --> 

* FSM state operations: 

State 1 <SV = 0> <Delay = 0.97>
ST_1 : Operation 5 [1/1] (0.00ns)   --->   "%i = alloca i32 1"   --->   Operation 5 'alloca' 'i' <Predicate = true> <Delay = 0.00>
ST_1 : Operation 6 [1/1] (0.00ns)   --->   "%b8_num_1 = alloca i32 1"   --->   Operation 6 'alloca' 'b8_num_1' <Predicate = true> <Delay = 0.00>
ST_1 : Operation 7 [1/1] (0.00ns)   --->   "%b8_num_1_15 = alloca i32 1"   --->   Operation 7 'alloca' 'b8_num_1_15' <Predicate = true> <Delay = 0.00>
ST_1 : Operation 8 [1/1] (0.00ns)   --->   "%b8_num_1_16 = alloca i32 1"   --->   Operation 8 'alloca' 'b8_num_1_16' <Predicate = true> <Delay = 0.00>
ST_1 : Operation 9 [1/1] (0.00ns)   --->   "%b8_num_1_17 = alloca i32 1"   --->   Operation 9 'alloca' 'b8_num_1_17' <Predicate = true> <Delay = 0.00>
ST_1 : Operation 10 [1/1] (0.00ns)   --->   "%b8_num_1_2 = alloca i32 1"   --->   Operation 10 'alloca' 'b8_num_1_2' <Predicate = true> <Delay = 0.00>
ST_1 : Operation 11 [1/1] (0.00ns)   --->   "%b8_num_1_18 = alloca i32 1"   --->   Operation 11 'alloca' 'b8_num_1_18' <Predicate = true> <Delay = 0.00>
ST_1 : Operation 12 [1/1] (0.00ns)   --->   "%b8_num_load_reload_read = read i32 @_ssdm_op_Read.ap_auto.float, i32 %b8_num_load_reload"   --->   Operation 12 'read' 'b8_num_load_reload_read' <Predicate = true> <Delay = 0.00>
ST_1 : Operation 13 [1/1] (0.00ns)   --->   "%b8_num_load_1_reload_read = read i32 @_ssdm_op_Read.ap_auto.float, i32 %b8_num_load_1_reload"   --->   Operation 13 'read' 'b8_num_load_1_reload_read' <Predicate = true> <Delay = 0.00>
ST_1 : Operation 14 [1/1] (0.00ns)   --->   "%b8_num_load_2_reload_read = read i32 @_ssdm_op_Read.ap_auto.float, i32 %b8_num_load_2_reload"   --->   Operation 14 'read' 'b8_num_load_2_reload_read' <Predicate = true> <Delay = 0.00>
ST_1 : Operation 15 [1/1] (0.00ns)   --->   "%b8_num_0_0_reload_read = read i32 @_ssdm_op_Read.ap_auto.float, i32 %b8_num_0_0_reload"   --->   Operation 15 'read' 'b8_num_0_0_reload_read' <Predicate = true> <Delay = 0.00>
ST_1 : Operation 16 [1/1] (0.00ns)   --->   "%b8_num_1_0_reload_read = read i32 @_ssdm_op_Read.ap_auto.float, i32 %b8_num_1_0_reload"   --->   Operation 16 'read' 'b8_num_1_0_reload_read' <Predicate = true> <Delay = 0.00>
ST_1 : Operation 17 [1/1] (0.00ns)   --->   "%b8_num_2_0_reload_read = read i32 @_ssdm_op_Read.ap_auto.float, i32 %b8_num_2_0_reload"   --->   Operation 17 'read' 'b8_num_2_0_reload_read' <Predicate = true> <Delay = 0.00>
ST_1 : Operation 18 [1/1] (0.42ns)   --->   "%store_ln0 = store i32 %b8_num_2_0_reload_read, i32 %b8_num_1_18"   --->   Operation 18 'store' 'store_ln0' <Predicate = true> <Delay = 0.42>
ST_1 : Operation 19 [1/1] (0.42ns)   --->   "%store_ln0 = store i32 %b8_num_1_0_reload_read, i32 %b8_num_1_2"   --->   Operation 19 'store' 'store_ln0' <Predicate = true> <Delay = 0.42>
ST_1 : Operation 20 [1/1] (0.42ns)   --->   "%store_ln0 = store i32 %b8_num_0_0_reload_read, i32 %b8_num_1_17"   --->   Operation 20 'store' 'store_ln0' <Predicate = true> <Delay = 0.42>
ST_1 : Operation 21 [1/1] (0.42ns)   --->   "%store_ln0 = store i32 %b8_num_load_2_reload_read, i32 %b8_num_1_16"   --->   Operation 21 'store' 'store_ln0' <Predicate = true> <Delay = 0.42>
ST_1 : Operation 22 [1/1] (0.42ns)   --->   "%store_ln0 = store i32 %b8_num_load_1_reload_read, i32 %b8_num_1_15"   --->   Operation 22 'store' 'store_ln0' <Predicate = true> <Delay = 0.42>
ST_1 : Operation 23 [1/1] (0.42ns)   --->   "%store_ln0 = store i32 %b8_num_load_reload_read, i32 %b8_num_1"   --->   Operation 23 'store' 'store_ln0' <Predicate = true> <Delay = 0.42>
ST_1 : Operation 24 [1/1] (0.42ns)   --->   "%store_ln0 = store i2 0, i2 %i"   --->   Operation 24 'store' 'store_ln0' <Predicate = true> <Delay = 0.42>
ST_1 : Operation 25 [1/1] (0.00ns)   --->   "%br_ln0 = br void %_ZN3Ban9_mul_convEPKfS1_Pf.exit.i.i1191"   --->   Operation 25 'br' 'br_ln0' <Predicate = true> <Delay = 0.00>
ST_1 : Operation 26 [1/1] (0.00ns)   --->   "%i_57 = load i2 %i" [../src/ban.cpp:187]   --->   Operation 26 'load' 'i_57' <Predicate = true> <Delay = 0.00>
ST_1 : Operation 27 [1/1] (0.00ns)   --->   "%specpipeline_ln0 = specpipeline void @_ssdm_op_SpecPipeline, i32 4294967295, i32 0, i32 1, i32 0, void @p_str"   --->   Operation 27 'specpipeline' 'specpipeline_ln0' <Predicate = true> <Delay = 0.00>
ST_1 : Operation 28 [1/1] (0.44ns)   --->   "%icmp_ln187 = icmp_eq  i2 %i_57, i2 3" [../src/ban.cpp:187]   --->   Operation 28 'icmp' 'icmp_ln187' <Predicate = true> <Delay = 0.44> <CoreInst = "Cmp">   --->   Core 9 'Cmp' <Latency = 0> <II = 1> <Delay = 0.44> <FuncUnit> <Opcode : 'icmp'> <InPorts = 2> <OutPorts = 1>
ST_1 : Operation 29 [1/1] (0.00ns)   --->   "%empty = speclooptripcount i32 @_ssdm_op_SpecLoopTripCount, i64 3, i64 3, i64 3"   --->   Operation 29 'speclooptripcount' 'empty' <Predicate = true> <Delay = 0.00>
ST_1 : Operation 30 [1/1] (0.54ns)   --->   "%add_ln187 = add i2 %i_57, i2 1" [../src/ban.cpp:187]   --->   Operation 30 'add' 'add_ln187' <Predicate = true> <Delay = 0.54> <CoreInst = "Adder">   --->   Core 1 'Adder' <Latency = 0> <II = 1> <Delay = 0.54> <FuncUnit> <Opcode : 'add' 'sub'> <InPorts = 2> <OutPorts = 1>
ST_1 : Operation 31 [1/1] (0.00ns)   --->   "%br_ln187 = br i1 %icmp_ln187, void %.split19, void %_ZN3Ban4_mulEPKfS1_Pf.exit.i1198.exitStub" [../src/ban.cpp:187]   --->   Operation 31 'br' 'br_ln187' <Predicate = true> <Delay = 0.00>
ST_1 : Operation 32 [1/1] (0.00ns)   --->   "%trunc_ln188_3_cast = zext i2 %i_57" [../src/ban.cpp:187]   --->   Operation 32 'zext' 'trunc_ln188_3_cast' <Predicate = (!icmp_ln187)> <Delay = 0.00>
ST_1 : Operation 33 [1/1] (0.00ns)   --->   "%aux_addr = getelementptr i32 %aux, i64 0, i64 %trunc_ln188_3_cast" [../src/ban.cpp:188]   --->   Operation 33 'getelementptr' 'aux_addr' <Predicate = (!icmp_ln187)> <Delay = 0.00>
ST_1 : Operation 34 [2/2] (0.67ns)   --->   "%b8_num_1_20 = load i3 %aux_addr" [../src/ban.cpp:188]   --->   Operation 34 'load' 'b8_num_1_20' <Predicate = (!icmp_ln187)> <Delay = 0.67> <CoreInst = "RAM">   --->   Core 83 'RAM' <Latency = 1> <II = 1> <Delay = 0.67> <Storage> <Opcode : 'load' 'store'> <Ports = 2> <Width = 32> <Depth = 5> <RAM>
ST_1 : Operation 35 [1/1] (0.58ns)   --->   "%switch_ln188 = switch i2 %i_57, void %branch53, i2 0, void %.split19..split19451_crit_edge, i2 1, void %.split19..split19451_crit_edge7" [../src/ban.cpp:188]   --->   Operation 35 'switch' 'switch_ln188' <Predicate = (!icmp_ln187)> <Delay = 0.58>
ST_1 : Operation 36 [1/1] (0.42ns)   --->   "%store_ln187 = store i2 %add_ln187, i2 %i" [../src/ban.cpp:187]   --->   Operation 36 'store' 'store_ln187' <Predicate = (!icmp_ln187)> <Delay = 0.42>
ST_1 : Operation 37 [1/1] (0.00ns)   --->   "%br_ln0 = br void %_ZN3Ban9_mul_convEPKfS1_Pf.exit.i.i1191"   --->   Operation 37 'br' 'br_ln0' <Predicate = (!icmp_ln187)> <Delay = 0.00>
ST_1 : Operation 49 [1/1] (0.00ns)   --->   "%b8_num_1_load = load i32 %b8_num_1"   --->   Operation 49 'load' 'b8_num_1_load' <Predicate = (icmp_ln187)> <Delay = 0.00>
ST_1 : Operation 50 [1/1] (0.00ns)   --->   "%b8_num_1_15_load = load i32 %b8_num_1_15"   --->   Operation 50 'load' 'b8_num_1_15_load' <Predicate = (icmp_ln187)> <Delay = 0.00>
ST_1 : Operation 51 [1/1] (0.00ns)   --->   "%b8_num_1_16_load = load i32 %b8_num_1_16"   --->   Operation 51 'load' 'b8_num_1_16_load' <Predicate = (icmp_ln187)> <Delay = 0.00>
ST_1 : Operation 52 [1/1] (0.00ns)   --->   "%b8_num_1_17_load = load i32 %b8_num_1_17"   --->   Operation 52 'load' 'b8_num_1_17_load' <Predicate = (icmp_ln187)> <Delay = 0.00>
ST_1 : Operation 53 [1/1] (0.00ns)   --->   "%b8_num_1_2_load = load i32 %b8_num_1_2"   --->   Operation 53 'load' 'b8_num_1_2_load' <Predicate = (icmp_ln187)> <Delay = 0.00>
ST_1 : Operation 54 [1/1] (0.00ns)   --->   "%b8_num_1_18_load = load i32 %b8_num_1_18"   --->   Operation 54 'load' 'b8_num_1_18_load' <Predicate = (icmp_ln187)> <Delay = 0.00>
ST_1 : Operation 55 [1/1] (0.00ns)   --->   "%write_ln0 = write void @_ssdm_op_Write.ap_auto.floatP0A, i32 %b8_num_2_2_out, i32 %b8_num_1_18_load"   --->   Operation 55 'write' 'write_ln0' <Predicate = (icmp_ln187)> <Delay = 0.00>
ST_1 : Operation 56 [1/1] (0.00ns)   --->   "%write_ln0 = write void @_ssdm_op_Write.ap_auto.floatP0A, i32 %b8_num_1_2_out, i32 %b8_num_1_2_load"   --->   Operation 56 'write' 'write_ln0' <Predicate = (icmp_ln187)> <Delay = 0.00>
ST_1 : Operation 57 [1/1] (0.00ns)   --->   "%write_ln0 = write void @_ssdm_op_Write.ap_auto.floatP0A, i32 %b8_num_0_2_out, i32 %b8_num_1_17_load"   --->   Operation 57 'write' 'write_ln0' <Predicate = (icmp_ln187)> <Delay = 0.00>
ST_1 : Operation 58 [1/1] (0.00ns)   --->   "%write_ln0 = write void @_ssdm_op_Write.ap_auto.floatP0A, i32 %b8_num_load_6970_out, i32 %b8_num_1_16_load"   --->   Operation 58 'write' 'write_ln0' <Predicate = (icmp_ln187)> <Delay = 0.00>
ST_1 : Operation 59 [1/1] (0.00ns)   --->   "%write_ln0 = write void @_ssdm_op_Write.ap_auto.floatP0A, i32 %b8_num_load_5962_out, i32 %b8_num_1_15_load"   --->   Operation 59 'write' 'write_ln0' <Predicate = (icmp_ln187)> <Delay = 0.00>
ST_1 : Operation 60 [1/1] (0.00ns)   --->   "%write_ln0 = write void @_ssdm_op_Write.ap_auto.floatP0A, i32 %b8_num_load_3_out, i32 %b8_num_1_load"   --->   Operation 60 'write' 'write_ln0' <Predicate = (icmp_ln187)> <Delay = 0.00>
ST_1 : Operation 61 [1/1] (0.00ns)   --->   "%ret_ln0 = ret"   --->   Operation 61 'ret' 'ret_ln0' <Predicate = (icmp_ln187)> <Delay = 0.00>

State 2 <SV = 1> <Delay = 1.10>
ST_2 : Operation 38 [1/1] (0.00ns)   --->   "%specloopname_ln187 = specloopname void @_ssdm_op_SpecLoopName, void @empty_19" [../src/ban.cpp:187]   --->   Operation 38 'specloopname' 'specloopname_ln187' <Predicate = true> <Delay = 0.00>
ST_2 : Operation 39 [1/2] (0.67ns)   --->   "%b8_num_1_20 = load i3 %aux_addr" [../src/ban.cpp:188]   --->   Operation 39 'load' 'b8_num_1_20' <Predicate = true> <Delay = 0.67> <CoreInst = "RAM">   --->   Core 83 'RAM' <Latency = 1> <II = 1> <Delay = 0.67> <Storage> <Opcode : 'load' 'store'> <Ports = 2> <Width = 32> <Depth = 5> <RAM>
ST_2 : Operation 40 [1/1] (0.42ns)   --->   "%store_ln188 = store i32 %b8_num_1_20, i32 %b8_num_1_2" [../src/ban.cpp:188]   --->   Operation 40 'store' 'store_ln188' <Predicate = (i_57 == 1)> <Delay = 0.42>
ST_2 : Operation 41 [1/1] (0.42ns)   --->   "%store_ln188 = store i32 %b8_num_1_20, i32 %b8_num_1_15" [../src/ban.cpp:188]   --->   Operation 41 'store' 'store_ln188' <Predicate = (i_57 == 1)> <Delay = 0.42>
ST_2 : Operation 42 [1/1] (0.00ns)   --->   "%br_ln188 = br void %.split19451" [../src/ban.cpp:188]   --->   Operation 42 'br' 'br_ln188' <Predicate = (i_57 == 1)> <Delay = 0.00>
ST_2 : Operation 43 [1/1] (0.42ns)   --->   "%store_ln188 = store i32 %b8_num_1_20, i32 %b8_num_1_17" [../src/ban.cpp:188]   --->   Operation 43 'store' 'store_ln188' <Predicate = (i_57 == 0)> <Delay = 0.42>
ST_2 : Operation 44 [1/1] (0.42ns)   --->   "%store_ln188 = store i32 %b8_num_1_20, i32 %b8_num_1" [../src/ban.cpp:188]   --->   Operation 44 'store' 'store_ln188' <Predicate = (i_57 == 0)> <Delay = 0.42>
ST_2 : Operation 45 [1/1] (0.00ns)   --->   "%br_ln188 = br void %.split19451" [../src/ban.cpp:188]   --->   Operation 45 'br' 'br_ln188' <Predicate = (i_57 == 0)> <Delay = 0.00>
ST_2 : Operation 46 [1/1] (0.42ns)   --->   "%store_ln188 = store i32 %b8_num_1_20, i32 %b8_num_1_18" [../src/ban.cpp:188]   --->   Operation 46 'store' 'store_ln188' <Predicate = (i_57 != 0 & i_57 != 1)> <Delay = 0.42>
ST_2 : Operation 47 [1/1] (0.42ns)   --->   "%store_ln188 = store i32 %b8_num_1_20, i32 %b8_num_1_16" [../src/ban.cpp:188]   --->   Operation 47 'store' 'store_ln188' <Predicate = (i_57 != 0 & i_57 != 1)> <Delay = 0.42>
ST_2 : Operation 48 [1/1] (0.00ns)   --->   "%br_ln188 = br void %.split19451" [../src/ban.cpp:188]   --->   Operation 48 'br' 'br_ln188' <Predicate = (i_57 != 0 & i_57 != 1)> <Delay = 0.00>


============================================================
+ Verbose Summary: Timing violations
============================================================
Target clock period: 10ns, clock uncertainty: 2.7ns.

 <State 1>: 0.975ns
The critical path consists of the following:
	'alloca' operation ('i') [14]  (0 ns)
	'load' operation ('i', ../src/ban.cpp:187) on local variable 'i' [36]  (0 ns)
	'add' operation ('add_ln187', ../src/ban.cpp:187) [40]  (0.548 ns)
	'store' operation ('store_ln187', ../src/ban.cpp:187) of variable 'add_ln187', ../src/ban.cpp:187 on local variable 'i' [61]  (0.427 ns)

 <State 2>: 1.1ns
The critical path consists of the following:
	'load' operation ('b8.num[1]', ../src/ban.cpp:188) on array 'aux' [46]  (0.677 ns)
	'store' operation ('store_ln188', ../src/ban.cpp:188) of variable 'b8.num[1]', ../src/ban.cpp:188 on local variable 'b8.num[1]' [49]  (0.427 ns)


============================================================
+ Verbose Summary: Binding
============================================================
N/A
* FSMD analyzer results:
  - Output states:
 - Input state : 
  - Chain level:
	State 1
	State 2


============================================================
+ Verbose Summary: Datapath Resource usage 
============================================================
N/A
