

================================================================
== Vitis HLS Report for 'operator_1_Pipeline_VITIS_LOOP_34_1'
================================================================
* Date:           Tue Feb  8 11:02:00 2022

* Version:        2021.2 (Build 3367213 on Tue Oct 19 02:47:39 MDT 2021)
* Project:        ban
* Solution:       solution1 (Vivado IP Flow Target)
* Product family: zynquplus
* Target device:  xczu7ev-ffvc1156-2-e


================================================================
== Performance Estimates
================================================================
+ Timing: 
    * Summary: 
    +--------+----------+----------+------------+
    |  Clock |  Target  | Estimated| Uncertainty|
    +--------+----------+----------+------------+
    |ap_clk  |  10.00 ns|  7.016 ns|     2.70 ns|
    +--------+----------+----------+------------+

+ Latency: 
    * Summary: 
    +---------+---------+-----------+-----------+-----+-----+---------+
    |  Latency (cycles) |   Latency (absolute)  |  Interval | Pipeline|
    |   min   |   max   |    min    |    max    | min | max |   Type  |
    +---------+---------+-----------+-----------+-----+-----+---------+
    |        7|        7|  70.000 ns|  70.000 ns|    7|    7|       no|
    +---------+---------+-----------+-----------+-----+-----+---------+

    + Detail: 
        * Instance: 
        N/A

        * Loop: 
        +-------------------+---------+---------+----------+-----------+-----------+------+----------+
        |                   |  Latency (cycles) | Iteration|  Initiation Interval  | Trip |          |
        |     Loop Name     |   min   |   max   |  Latency |  achieved |   target  | Count| Pipelined|
        +-------------------+---------+---------+----------+-----------+-----------+------+----------+
        |- VITIS_LOOP_34_1  |        5|        5|         4|          1|          1|     3|       yes|
        +-------------------+---------+---------+----------+-----------+-----------+------+----------+

============================================================
+ Verbose Summary: Synthesis Manager
============================================================
InlineROM: 1
ExposeGlobal: 0
============================================================
+ Verbose Summary: CDFG Model
============================================================
IsTopModel: 0
ResetActiveHigh: 1
IsCombinational: 0
IsDatapathOnly: 0
HasWiredReturn: 1
HasMFsm: 2
HasVarLatency: 1
IsPipeline: 0
IsRtlPipelined: 0
IsInstanceOverlapped: 0
IsDontTouch: 0
HasImplIP: 0
IsGatedGlobalClock: 0

+ Individual pipeline summary: 
  * Pipeline-0: initiation interval (II) = 1, depth = 4


============================================================
+ Verbose Summary: Schedule
============================================================
* Number of FSM states : 4
* Pipeline : 1
  Pipeline-0 : II = 1, D = 4, States = { 1 2 3 4 }
* Dataflow Pipeline: 0

* FSM state transitions: 
1 --> 2 
2 --> 3 
3 --> 4 
4 --> 

* FSM state operations: 

State 1 <SV = 0> <Delay = 0.97>
ST_1 : Operation 7 [1/1] (0.00ns)   --->   "%i_6 = alloca i32 1"   --->   Operation 7 'alloca' 'i_6' <Predicate = true> <Delay = 0.00>
ST_1 : Operation 8 [1/1] (0.00ns)   --->   "%eps_1 = alloca i32 1"   --->   Operation 8 'alloca' 'eps_1' <Predicate = true> <Delay = 0.00>
ST_1 : Operation 9 [1/1] (0.00ns)   --->   "%eps_1_2 = alloca i32 1"   --->   Operation 9 'alloca' 'eps_1_2' <Predicate = true> <Delay = 0.00>
ST_1 : Operation 10 [1/1] (0.00ns)   --->   "%eps_1_3 = alloca i32 1"   --->   Operation 10 'alloca' 'eps_1_3' <Predicate = true> <Delay = 0.00>
ST_1 : Operation 11 [1/1] (0.00ns)   --->   "%eps_1_4 = alloca i32 1"   --->   Operation 11 'alloca' 'eps_1_4' <Predicate = true> <Delay = 0.00>
ST_1 : Operation 12 [1/1] (0.00ns)   --->   "%eps_1_5 = alloca i32 1"   --->   Operation 12 'alloca' 'eps_1_5' <Predicate = true> <Delay = 0.00>
ST_1 : Operation 13 [1/1] (0.00ns)   --->   "%eps_1_6 = alloca i32 1"   --->   Operation 13 'alloca' 'eps_1_6' <Predicate = true> <Delay = 0.00>
ST_1 : Operation 14 [1/1] (0.00ns)   --->   "%b_norm_2_03_reload_read = read i32 @_ssdm_op_Read.ap_auto.float, i32 %b_norm_2_03_reload"   --->   Operation 14 'read' 'b_norm_2_03_reload_read' <Predicate = true> <Delay = 0.00>
ST_1 : Operation 15 [1/1] (0.00ns)   --->   "%b_norm_1_02_reload_read = read i32 @_ssdm_op_Read.ap_auto.float, i32 %b_norm_1_02_reload"   --->   Operation 15 'read' 'b_norm_1_02_reload_read' <Predicate = true> <Delay = 0.00>
ST_1 : Operation 16 [1/1] (0.42ns)   --->   "%store_ln0 = store i2 0, i2 %i_6"   --->   Operation 16 'store' 'store_ln0' <Predicate = true> <Delay = 0.42>
ST_1 : Operation 17 [1/1] (0.00ns)   --->   "%br_ln0 = br void %.preheader1"   --->   Operation 17 'br' 'br_ln0' <Predicate = true> <Delay = 0.00>
ST_1 : Operation 18 [1/1] (0.00ns)   --->   "%i = load i2 %i_6" [../src/ban.h:34]   --->   Operation 18 'load' 'i' <Predicate = true> <Delay = 0.00>
ST_1 : Operation 19 [1/1] (0.00ns)   --->   "%specpipeline_ln0 = specpipeline void @_ssdm_op_SpecPipeline, i32 4294967295, i32 0, i32 1, i32 0, void @p_str"   --->   Operation 19 'specpipeline' 'specpipeline_ln0' <Predicate = true> <Delay = 0.00>
ST_1 : Operation 20 [1/1] (0.44ns)   --->   "%icmp_ln34 = icmp_eq  i2 %i, i2 3" [../src/ban.h:34]   --->   Operation 20 'icmp' 'icmp_ln34' <Predicate = true> <Delay = 0.44> <CoreInst = "Cmp">   --->   Core 9 'Cmp' <Latency = 0> <II = 1> <Delay = 0.44> <FuncUnit> <Opcode : 'icmp'> <InPorts = 2> <OutPorts = 1>
ST_1 : Operation 21 [1/1] (0.00ns)   --->   "%empty = speclooptripcount i32 @_ssdm_op_SpecLoopTripCount, i64 3, i64 3, i64 3"   --->   Operation 21 'speclooptripcount' 'empty' <Predicate = true> <Delay = 0.00>
ST_1 : Operation 22 [1/1] (0.54ns)   --->   "%add_ln34 = add i2 %i, i2 1" [../src/ban.h:34]   --->   Operation 22 'add' 'add_ln34' <Predicate = true> <Delay = 0.54> <CoreInst = "Adder">   --->   Core 1 'Adder' <Latency = 0> <II = 1> <Delay = 0.54> <FuncUnit> <Opcode : 'add' 'sub'> <InPorts = 2> <OutPorts = 1>
ST_1 : Operation 23 [1/1] (0.00ns)   --->   "%br_ln34 = br i1 %icmp_ln34, void %.split15, void %_ZN3Ban12_mul_trivialEPKffPf.exit.preheader.exitStub" [../src/ban.h:34]   --->   Operation 23 'br' 'br_ln34' <Predicate = true> <Delay = 0.00>
ST_1 : Operation 24 [1/1] (0.47ns)   --->   "%tmp_29 = mux i32 @_ssdm_op_Mux.ap_auto.3float.i2, i32 0, i32 %b_norm_1_02_reload_read, i32 %b_norm_2_03_reload_read, i2 %i" [../src/ban.h:35]   --->   Operation 24 'mux' 'tmp_29' <Predicate = (!icmp_ln34)> <Delay = 0.47> <CoreInst = "Multiplexer">   --->   Core 76 'Multiplexer' <Latency = 0> <II = 1> <Delay = 0.47> <FuncUnit> <Opcode : 'mux'> <InPorts = 2> <OutPorts = 1>
ST_1 : Operation 25 [1/1] (0.58ns)   --->   "%switch_ln35 = switch i2 %i, void %branch17, i2 0, void %.split15..split1582_crit_edge, i2 1, void %.split15..split1582_crit_edge3" [../src/ban.h:35]   --->   Operation 25 'switch' 'switch_ln35' <Predicate = (!icmp_ln34)> <Delay = 0.58>
ST_1 : Operation 26 [1/1] (0.42ns)   --->   "%store_ln34 = store i2 %add_ln34, i2 %i_6" [../src/ban.h:34]   --->   Operation 26 'store' 'store_ln34' <Predicate = (!icmp_ln34)> <Delay = 0.42>
ST_1 : Operation 27 [1/1] (0.00ns)   --->   "%br_ln0 = br void %.preheader1"   --->   Operation 27 'br' 'br_ln0' <Predicate = (!icmp_ln34)> <Delay = 0.00>

State 2 <SV = 1> <Delay = 7.01>
ST_2 : Operation 28 [3/3] (7.01ns)   --->   "%eps_1_8 = fmul i32 %tmp_29, i32 0.001" [../src/ban.h:35]   --->   Operation 28 'fmul' 'eps_1_8' <Predicate = true> <Delay = 7.01> <CoreInst = "FMul_maxdsp">   --->   Core 30 'FMul_maxdsp' <Latency = 2> <II = 1> <Delay = 7.01> <FuncUnit> <Opcode : 'fmul'> <InPorts = 2> <OutPorts = 1>

State 3 <SV = 2> <Delay = 7.01>
ST_3 : Operation 29 [2/3] (7.01ns)   --->   "%eps_1_8 = fmul i32 %tmp_29, i32 0.001" [../src/ban.h:35]   --->   Operation 29 'fmul' 'eps_1_8' <Predicate = true> <Delay = 7.01> <CoreInst = "FMul_maxdsp">   --->   Core 30 'FMul_maxdsp' <Latency = 2> <II = 1> <Delay = 7.01> <FuncUnit> <Opcode : 'fmul'> <InPorts = 2> <OutPorts = 1>
ST_3 : Operation 41 [1/1] (0.00ns)   --->   "%eps_1_load = load i32 %eps_1"   --->   Operation 41 'load' 'eps_1_load' <Predicate = (icmp_ln34)> <Delay = 0.00>
ST_3 : Operation 42 [1/1] (0.00ns)   --->   "%eps_1_2_load = load i32 %eps_1_2"   --->   Operation 42 'load' 'eps_1_2_load' <Predicate = (icmp_ln34)> <Delay = 0.00>
ST_3 : Operation 43 [1/1] (0.00ns)   --->   "%eps_1_3_load = load i32 %eps_1_3"   --->   Operation 43 'load' 'eps_1_3_load' <Predicate = (icmp_ln34)> <Delay = 0.00>
ST_3 : Operation 44 [1/1] (0.00ns)   --->   "%eps_1_4_load = load i32 %eps_1_4"   --->   Operation 44 'load' 'eps_1_4_load' <Predicate = (icmp_ln34)> <Delay = 0.00>
ST_3 : Operation 45 [1/1] (0.00ns)   --->   "%eps_1_5_load = load i32 %eps_1_5"   --->   Operation 45 'load' 'eps_1_5_load' <Predicate = (icmp_ln34)> <Delay = 0.00>
ST_3 : Operation 46 [1/1] (0.00ns)   --->   "%eps_1_6_load = load i32 %eps_1_6"   --->   Operation 46 'load' 'eps_1_6_load' <Predicate = (icmp_ln34)> <Delay = 0.00>
ST_3 : Operation 47 [1/1] (0.00ns)   --->   "%write_ln0 = write void @_ssdm_op_Write.ap_auto.floatP0A, i32 %eps_2_0_out, i32 %eps_1_6_load"   --->   Operation 47 'write' 'write_ln0' <Predicate = (icmp_ln34)> <Delay = 0.00>
ST_3 : Operation 48 [1/1] (0.00ns)   --->   "%write_ln0 = write void @_ssdm_op_Write.ap_auto.floatP0A, i32 %eps_1_0_out, i32 %eps_1_5_load"   --->   Operation 48 'write' 'write_ln0' <Predicate = (icmp_ln34)> <Delay = 0.00>
ST_3 : Operation 49 [1/1] (0.00ns)   --->   "%write_ln0 = write void @_ssdm_op_Write.ap_auto.floatP0A, i32 %eps_0_0_out, i32 %eps_1_4_load"   --->   Operation 49 'write' 'write_ln0' <Predicate = (icmp_ln34)> <Delay = 0.00>
ST_3 : Operation 50 [1/1] (0.00ns)   --->   "%write_ln0 = write void @_ssdm_op_Write.ap_auto.floatP0A, i32 %eps_load_2_out, i32 %eps_1_3_load"   --->   Operation 50 'write' 'write_ln0' <Predicate = (icmp_ln34)> <Delay = 0.00>
ST_3 : Operation 51 [1/1] (0.00ns)   --->   "%write_ln0 = write void @_ssdm_op_Write.ap_auto.floatP0A, i32 %eps_load_1_out, i32 %eps_1_2_load"   --->   Operation 51 'write' 'write_ln0' <Predicate = (icmp_ln34)> <Delay = 0.00>
ST_3 : Operation 52 [1/1] (0.00ns)   --->   "%write_ln0 = write void @_ssdm_op_Write.ap_auto.floatP0A, i32 %eps_load_out, i32 %eps_1_load"   --->   Operation 52 'write' 'write_ln0' <Predicate = (icmp_ln34)> <Delay = 0.00>
ST_3 : Operation 53 [1/1] (0.00ns)   --->   "%ret_ln0 = ret"   --->   Operation 53 'ret' 'ret_ln0' <Predicate = (icmp_ln34)> <Delay = 0.00>

State 4 <SV = 3> <Delay = 7.01>
ST_4 : Operation 30 [1/1] (0.00ns)   --->   "%specloopname_ln34 = specloopname void @_ssdm_op_SpecLoopName, void @empty_0" [../src/ban.h:34]   --->   Operation 30 'specloopname' 'specloopname_ln34' <Predicate = true> <Delay = 0.00>
ST_4 : Operation 31 [1/3] (7.01ns)   --->   "%eps_1_8 = fmul i32 %tmp_29, i32 0.001" [../src/ban.h:35]   --->   Operation 31 'fmul' 'eps_1_8' <Predicate = true> <Delay = 7.01> <CoreInst = "FMul_maxdsp">   --->   Core 30 'FMul_maxdsp' <Latency = 2> <II = 1> <Delay = 7.01> <FuncUnit> <Opcode : 'fmul'> <InPorts = 2> <OutPorts = 1>
ST_4 : Operation 32 [1/1] (0.00ns)   --->   "%store_ln35 = store i32 %eps_1_8, i32 %eps_1_5" [../src/ban.h:35]   --->   Operation 32 'store' 'store_ln35' <Predicate = (i == 1)> <Delay = 0.00>
ST_4 : Operation 33 [1/1] (0.00ns)   --->   "%store_ln35 = store i32 %eps_1_8, i32 %eps_1_2" [../src/ban.h:35]   --->   Operation 33 'store' 'store_ln35' <Predicate = (i == 1)> <Delay = 0.00>
ST_4 : Operation 34 [1/1] (0.00ns)   --->   "%br_ln35 = br void %.split1582" [../src/ban.h:35]   --->   Operation 34 'br' 'br_ln35' <Predicate = (i == 1)> <Delay = 0.00>
ST_4 : Operation 35 [1/1] (0.00ns)   --->   "%store_ln35 = store i32 %eps_1_8, i32 %eps_1_4" [../src/ban.h:35]   --->   Operation 35 'store' 'store_ln35' <Predicate = (i == 0)> <Delay = 0.00>
ST_4 : Operation 36 [1/1] (0.00ns)   --->   "%store_ln35 = store i32 %eps_1_8, i32 %eps_1" [../src/ban.h:35]   --->   Operation 36 'store' 'store_ln35' <Predicate = (i == 0)> <Delay = 0.00>
ST_4 : Operation 37 [1/1] (0.00ns)   --->   "%br_ln35 = br void %.split1582" [../src/ban.h:35]   --->   Operation 37 'br' 'br_ln35' <Predicate = (i == 0)> <Delay = 0.00>
ST_4 : Operation 38 [1/1] (0.00ns)   --->   "%store_ln35 = store i32 %eps_1_8, i32 %eps_1_6" [../src/ban.h:35]   --->   Operation 38 'store' 'store_ln35' <Predicate = (i != 0 & i != 1)> <Delay = 0.00>
ST_4 : Operation 39 [1/1] (0.00ns)   --->   "%store_ln35 = store i32 %eps_1_8, i32 %eps_1_3" [../src/ban.h:35]   --->   Operation 39 'store' 'store_ln35' <Predicate = (i != 0 & i != 1)> <Delay = 0.00>
ST_4 : Operation 40 [1/1] (0.00ns)   --->   "%br_ln35 = br void %.split1582" [../src/ban.h:35]   --->   Operation 40 'br' 'br_ln35' <Predicate = (i != 0 & i != 1)> <Delay = 0.00>


============================================================
+ Verbose Summary: Timing violations
============================================================
Target clock period: 10ns, clock uncertainty: 2.7ns.

 <State 1>: 0.975ns
The critical path consists of the following:
	'alloca' operation ('i') [9]  (0 ns)
	'load' operation ('i', ../src/ban.h:34) on local variable 'i' [21]  (0 ns)
	'add' operation ('add_ln34', ../src/ban.h:34) [25]  (0.548 ns)
	'store' operation ('store_ln34', ../src/ban.h:34) of variable 'add_ln34', ../src/ban.h:34 on local variable 'i' [45]  (0.427 ns)

 <State 2>: 7.02ns
The critical path consists of the following:
	'fmul' operation ('eps[1]', ../src/ban.h:35) [30]  (7.02 ns)

 <State 3>: 7.02ns
The critical path consists of the following:
	'fmul' operation ('eps[1]', ../src/ban.h:35) [30]  (7.02 ns)

 <State 4>: 7.02ns
The critical path consists of the following:
	'fmul' operation ('eps[1]', ../src/ban.h:35) [30]  (7.02 ns)
	'store' operation ('store_ln35', ../src/ban.h:35) of variable 'eps[1]', ../src/ban.h:35 on local variable 'eps[1]' [33]  (0 ns)


============================================================
+ Verbose Summary: Binding
============================================================
N/A
* FSMD analyzer results:
  - Output states:
 - Input state : 
  - Chain level:
	State 1
	State 2
	State 3
	State 4


============================================================
+ Verbose Summary: Datapath Resource usage 
============================================================
N/A
