

================================================================
== Vitis HLS Report for 'operator_2_s'
================================================================
* Date:           Tue Feb  8 15:34:20 2022

* Version:        2021.2 (Build 3367213 on Tue Oct 19 02:47:39 MDT 2021)
* Project:        ban_interface
* Solution:       solution1 (Vivado IP Flow Target)
* Product family: zynquplus
* Target device:  xczu7ev-ffvc1156-2-e


================================================================
== Performance Estimates
================================================================
+ Timing: 
    * Summary: 
    +--------+----------+----------+------------+
    |  Clock |  Target  | Estimated| Uncertainty|
    +--------+----------+----------+------------+
    |ap_clk  |  10.00 ns|  7.057 ns|     2.70 ns|
    +--------+----------+----------+------------+

+ Latency: 
    * Summary: 
    +---------+---------+----------+----------+-----+-----+---------+
    |  Latency (cycles) |  Latency (absolute) |  Interval | Pipeline|
    |   min   |   max   |    min   |    max   | min | max |   Type  |
    +---------+---------+----------+----------+-----+-----+---------+
    |        ?|        ?|         ?|         ?|    ?|    ?|       no|
    +---------+---------+----------+----------+-----+-----+---------+

    + Detail: 
        * Instance: 
        N/A

        * Loop: 
        N/A

============================================================
+ Verbose Summary: Synthesis Manager
============================================================
InlineROM: 1
ExposeGlobal: 0
============================================================
+ Verbose Summary: CDFG Model
============================================================
IsTopModel: 0
ResetActiveHigh: 1
IsCombinational: 0
IsDatapathOnly: 0
HasWiredReturn: 1
HasMFsm: 0
HasVarLatency: 1
IsPipeline: 0
IsRtlPipelined: 0
IsInstanceOverlapped: 0
IsDontTouch: 0
HasImplIP: 0
IsGatedGlobalClock: 0


============================================================
+ Verbose Summary: Schedule
============================================================
* Number of FSM states : 18
* Pipeline : 0
* Dataflow Pipeline: 0

* FSM state transitions: 
1 --> 2 
2 --> 3 18 
3 --> 4 
4 --> 5 
5 --> 6 
6 --> 7 
7 --> 8 
8 --> 9 
9 --> 10 
10 --> 11 
11 --> 12 
12 --> 13 18 
13 --> 14 
14 --> 15 16 
15 --> 16 
16 --> 17 18 
17 --> 18 
18 --> 

* FSM state operations: 

State 1 <SV = 0> <Delay = 2.78>
ST_1 : Operation 19 [1/1] (0.00ns)   --->   "%p_read = read i128 @_ssdm_op_Read.ap_auto.i128, i128 %p_read14"   --->   Operation 19 'read' 'p_read' <Predicate = true> <Delay = 0.00>
ST_1 : Operation 20 [1/1] (0.00ns)   --->   "%res_num_load2_loc = alloca i64 1"   --->   Operation 20 'alloca' 'res_num_load2_loc' <Predicate = true> <Delay = 0.00>
ST_1 : Operation 21 [1/1] (0.00ns)   --->   "%res_num_load_68_loc = alloca i64 1"   --->   Operation 21 'alloca' 'res_num_load_68_loc' <Predicate = true> <Delay = 0.00>
ST_1 : Operation 22 [1/1] (0.00ns)   --->   "%res_num_load_714_loc = alloca i64 1"   --->   Operation 22 'alloca' 'res_num_load_714_loc' <Predicate = true> <Delay = 0.00>
ST_1 : Operation 23 [1/1] (0.00ns)   --->   "%res_num_load5_loc = alloca i64 1"   --->   Operation 23 'alloca' 'res_num_load5_loc' <Predicate = true> <Delay = 0.00>
ST_1 : Operation 24 [1/1] (0.00ns)   --->   "%res_num_load_611_loc = alloca i64 1"   --->   Operation 24 'alloca' 'res_num_load_611_loc' <Predicate = true> <Delay = 0.00>
ST_1 : Operation 25 [1/1] (0.00ns)   --->   "%res_num_load_717_loc = alloca i64 1"   --->   Operation 25 'alloca' 'res_num_load_717_loc' <Predicate = true> <Delay = 0.00>
ST_1 : Operation 26 [1/1] (0.00ns)   --->   "%idx_tmp_loc = alloca i64 1"   --->   Operation 26 'alloca' 'idx_tmp_loc' <Predicate = true> <Delay = 0.00>
ST_1 : Operation 27 [1/1] (0.00ns)   --->   "%res_p = trunc i128 %p_read" [../src/ban.cpp:61]   --->   Operation 27 'trunc' 'res_p' <Predicate = true> <Delay = 0.00>
ST_1 : Operation 28 [1/1] (0.00ns)   --->   "%trunc_ln61_s = partselect i32 @_ssdm_op_PartSelect.i32.i128.i32.i32, i128 %p_read, i32 32, i32 63" [../src/ban.cpp:61]   --->   Operation 28 'partselect' 'trunc_ln61_s' <Predicate = true> <Delay = 0.00>
ST_1 : Operation 29 [1/1] (0.00ns)   --->   "%bitcast_ln61 = bitcast i32 %trunc_ln61_s" [../src/ban.cpp:61]   --->   Operation 29 'bitcast' 'bitcast_ln61' <Predicate = true> <Delay = 0.00>
ST_1 : Operation 30 [1/1] (0.00ns)   --->   "%tmp_s = partselect i8 @_ssdm_op_PartSelect.i8.i128.i32.i32, i128 %p_read, i32 55, i32 62" [../src/ban.cpp:61]   --->   Operation 30 'partselect' 'tmp_s' <Predicate = true> <Delay = 0.00>
ST_1 : Operation 31 [1/1] (0.00ns)   --->   "%trunc_ln61_1 = partselect i23 @_ssdm_op_PartSelect.i23.i128.i32.i32, i128 %p_read, i32 32, i32 54" [../src/ban.cpp:61]   --->   Operation 31 'partselect' 'trunc_ln61_1' <Predicate = true> <Delay = 0.00>
ST_1 : Operation 32 [1/1] (0.84ns)   --->   "%icmp_ln61_3 = icmp_ne  i8 %tmp_s, i8 255" [../src/ban.cpp:61]   --->   Operation 32 'icmp' 'icmp_ln61_3' <Predicate = true> <Delay = 0.84> <CoreInst = "Cmp">   --->   Core 9 'Cmp' <Latency = 0> <II = 1> <Delay = 0.44> <FuncUnit> <Opcode : 'icmp'> <InPorts = 2> <OutPorts = 1>
ST_1 : Operation 33 [1/1] (1.05ns)   --->   "%icmp_ln61_4 = icmp_eq  i23 %trunc_ln61_1, i23 0" [../src/ban.cpp:61]   --->   Operation 33 'icmp' 'icmp_ln61_4' <Predicate = true> <Delay = 1.05> <CoreInst = "Cmp">   --->   Core 9 'Cmp' <Latency = 0> <II = 1> <Delay = 0.44> <FuncUnit> <Opcode : 'icmp'> <InPorts = 2> <OutPorts = 1>
ST_1 : Operation 34 [2/2] (2.78ns)   --->   "%tmp_9 = fcmp_oeq  i32 %bitcast_ln61, i32 0" [../src/ban.cpp:61]   --->   Operation 34 'fcmp' 'tmp_9' <Predicate = true> <Delay = 2.78> <CoreInst = "FCompare">   --->   Core 19 'FCompare' <Latency = 1> <II = 1> <Delay = 2.78> <FuncUnit> <Opcode : 'fcmp'> <InPorts = 2> <OutPorts = 1>

State 2 <SV = 1> <Delay = 7.05>
ST_2 : Operation 35 [1/1] (0.00ns)   --->   "%n_read = read i32 @_ssdm_op_Read.ap_auto.float, i32 %n"   --->   Operation 35 'read' 'n_read' <Predicate = true> <Delay = 0.00>
ST_2 : Operation 36 [1/1] (0.99ns)   --->   "%icmp_ln61 = icmp_eq  i32 %res_p, i32 0" [../src/ban.cpp:61]   --->   Operation 36 'icmp' 'icmp_ln61' <Predicate = true> <Delay = 0.99> <CoreInst = "Cmp">   --->   Core 9 'Cmp' <Latency = 0> <II = 1> <Delay = 0.44> <FuncUnit> <Opcode : 'icmp'> <InPorts = 2> <OutPorts = 1>
ST_2 : Operation 37 [1/1] (0.00ns) (grouped into LUT with out node and_ln61_2)   --->   "%or_ln61 = or i1 %icmp_ln61_4, i1 %icmp_ln61_3" [../src/ban.cpp:61]   --->   Operation 37 'or' 'or_ln61' <Predicate = true> <Delay = 0.00> <CoreInst = "LogicGate">   --->   Core 74 'LogicGate' <Latency = 0> <II = 1> <Delay = 0.28> <FuncUnit> <Opcode : 'and' 'or' 'xor'> <InPorts = 2> <OutPorts = 1>
ST_2 : Operation 38 [1/2] (2.78ns)   --->   "%tmp_9 = fcmp_oeq  i32 %bitcast_ln61, i32 0" [../src/ban.cpp:61]   --->   Operation 38 'fcmp' 'tmp_9' <Predicate = true> <Delay = 2.78> <CoreInst = "FCompare">   --->   Core 19 'FCompare' <Latency = 1> <II = 1> <Delay = 2.78> <FuncUnit> <Opcode : 'fcmp'> <InPorts = 2> <OutPorts = 1>
ST_2 : Operation 39 [1/1] (0.00ns) (grouped into LUT with out node and_ln61_2)   --->   "%and_ln61 = and i1 %or_ln61, i1 %tmp_9" [../src/ban.cpp:61]   --->   Operation 39 'and' 'and_ln61' <Predicate = true> <Delay = 0.00> <CoreInst = "LogicGate">   --->   Core 74 'LogicGate' <Latency = 0> <II = 1> <Delay = 0.28> <FuncUnit> <Opcode : 'and' 'or' 'xor'> <InPorts = 2> <OutPorts = 1>
ST_2 : Operation 40 [1/1] (0.28ns) (out node of the LUT)   --->   "%and_ln61_2 = and i1 %and_ln61, i1 %icmp_ln61" [../src/ban.cpp:61]   --->   Operation 40 'and' 'and_ln61_2' <Predicate = true> <Delay = 0.28> <CoreInst = "LogicGate">   --->   Core 74 'LogicGate' <Latency = 0> <II = 1> <Delay = 0.28> <FuncUnit> <Opcode : 'and' 'or' 'xor'> <InPorts = 2> <OutPorts = 1>
ST_2 : Operation 41 [1/1] (0.52ns)   --->   "%br_ln61 = br i1 %and_ln61_2, void %.critedge, void %_ZNK3BaneqEf.exit" [../src/ban.cpp:61]   --->   Operation 41 'br' 'br_ln61' <Predicate = true> <Delay = 0.52>
ST_2 : Operation 42 [1/1] (0.00ns)   --->   "%trunc_ln = partselect i32 @_ssdm_op_PartSelect.i32.i128.i32.i32, i128 %p_read, i32 64, i32 95" [../src/ban.cpp:575]   --->   Operation 42 'partselect' 'trunc_ln' <Predicate = (!and_ln61_2)> <Delay = 0.00>
ST_2 : Operation 43 [1/1] (0.00ns)   --->   "%bitcast_ln575 = bitcast i32 %trunc_ln" [../src/ban.cpp:575]   --->   Operation 43 'bitcast' 'bitcast_ln575' <Predicate = (!and_ln61_2)> <Delay = 0.00>
ST_2 : Operation 44 [1/1] (0.00ns)   --->   "%trunc_ln575_1 = partselect i32 @_ssdm_op_PartSelect.i32.i128.i32.i32, i128 %p_read, i32 96, i32 127" [../src/ban.cpp:575]   --->   Operation 44 'partselect' 'trunc_ln575_1' <Predicate = (!and_ln61_2)> <Delay = 0.00>
ST_2 : Operation 45 [1/1] (0.00ns)   --->   "%bitcast_ln575_1 = bitcast i32 %trunc_ln575_1" [../src/ban.cpp:575]   --->   Operation 45 'bitcast' 'bitcast_ln575_1' <Predicate = (!and_ln61_2)> <Delay = 0.00>
ST_2 : Operation 46 [9/9] (7.05ns)   --->   "%tmp = fdiv i32 %bitcast_ln61, i32 %n_read" [../src/ban.cpp:579]   --->   Operation 46 'fdiv' 'tmp' <Predicate = (!and_ln61_2)> <Delay = 7.05> <CoreInst = "FDiv">   --->   Core 20 'FDiv' <Latency = 8> <II = 1> <Delay = 7.05> <FuncUnit> <Opcode : 'fdiv' 'frem'> <InPorts = 2> <OutPorts = 1>
ST_2 : Operation 47 [9/9] (7.05ns)   --->   "%tmp_14 = fdiv i32 %bitcast_ln575, i32 %n_read" [../src/ban.cpp:579]   --->   Operation 47 'fdiv' 'tmp_14' <Predicate = (!and_ln61_2)> <Delay = 7.05> <CoreInst = "FDiv">   --->   Core 20 'FDiv' <Latency = 8> <II = 1> <Delay = 7.05> <FuncUnit> <Opcode : 'fdiv' 'frem'> <InPorts = 2> <OutPorts = 1>
ST_2 : Operation 48 [9/9] (7.05ns)   --->   "%tmp_15 = fdiv i32 %bitcast_ln575_1, i32 %n_read" [../src/ban.cpp:579]   --->   Operation 48 'fdiv' 'tmp_15' <Predicate = (!and_ln61_2)> <Delay = 7.05> <CoreInst = "FDiv">   --->   Core 20 'FDiv' <Latency = 8> <II = 1> <Delay = 7.05> <FuncUnit> <Opcode : 'fdiv' 'frem'> <InPorts = 2> <OutPorts = 1>

State 3 <SV = 2> <Delay = 7.05>
ST_3 : Operation 49 [8/9] (7.05ns)   --->   "%tmp = fdiv i32 %bitcast_ln61, i32 %n_read" [../src/ban.cpp:579]   --->   Operation 49 'fdiv' 'tmp' <Predicate = true> <Delay = 7.05> <CoreInst = "FDiv">   --->   Core 20 'FDiv' <Latency = 8> <II = 1> <Delay = 7.05> <FuncUnit> <Opcode : 'fdiv' 'frem'> <InPorts = 2> <OutPorts = 1>
ST_3 : Operation 50 [8/9] (7.05ns)   --->   "%tmp_14 = fdiv i32 %bitcast_ln575, i32 %n_read" [../src/ban.cpp:579]   --->   Operation 50 'fdiv' 'tmp_14' <Predicate = true> <Delay = 7.05> <CoreInst = "FDiv">   --->   Core 20 'FDiv' <Latency = 8> <II = 1> <Delay = 7.05> <FuncUnit> <Opcode : 'fdiv' 'frem'> <InPorts = 2> <OutPorts = 1>
ST_3 : Operation 51 [8/9] (7.05ns)   --->   "%tmp_15 = fdiv i32 %bitcast_ln575_1, i32 %n_read" [../src/ban.cpp:579]   --->   Operation 51 'fdiv' 'tmp_15' <Predicate = true> <Delay = 7.05> <CoreInst = "FDiv">   --->   Core 20 'FDiv' <Latency = 8> <II = 1> <Delay = 7.05> <FuncUnit> <Opcode : 'fdiv' 'frem'> <InPorts = 2> <OutPorts = 1>

State 4 <SV = 3> <Delay = 7.05>
ST_4 : Operation 52 [7/9] (7.05ns)   --->   "%tmp = fdiv i32 %bitcast_ln61, i32 %n_read" [../src/ban.cpp:579]   --->   Operation 52 'fdiv' 'tmp' <Predicate = true> <Delay = 7.05> <CoreInst = "FDiv">   --->   Core 20 'FDiv' <Latency = 8> <II = 1> <Delay = 7.05> <FuncUnit> <Opcode : 'fdiv' 'frem'> <InPorts = 2> <OutPorts = 1>
ST_4 : Operation 53 [7/9] (7.05ns)   --->   "%tmp_14 = fdiv i32 %bitcast_ln575, i32 %n_read" [../src/ban.cpp:579]   --->   Operation 53 'fdiv' 'tmp_14' <Predicate = true> <Delay = 7.05> <CoreInst = "FDiv">   --->   Core 20 'FDiv' <Latency = 8> <II = 1> <Delay = 7.05> <FuncUnit> <Opcode : 'fdiv' 'frem'> <InPorts = 2> <OutPorts = 1>
ST_4 : Operation 54 [7/9] (7.05ns)   --->   "%tmp_15 = fdiv i32 %bitcast_ln575_1, i32 %n_read" [../src/ban.cpp:579]   --->   Operation 54 'fdiv' 'tmp_15' <Predicate = true> <Delay = 7.05> <CoreInst = "FDiv">   --->   Core 20 'FDiv' <Latency = 8> <II = 1> <Delay = 7.05> <FuncUnit> <Opcode : 'fdiv' 'frem'> <InPorts = 2> <OutPorts = 1>

State 5 <SV = 4> <Delay = 7.05>
ST_5 : Operation 55 [6/9] (7.05ns)   --->   "%tmp = fdiv i32 %bitcast_ln61, i32 %n_read" [../src/ban.cpp:579]   --->   Operation 55 'fdiv' 'tmp' <Predicate = true> <Delay = 7.05> <CoreInst = "FDiv">   --->   Core 20 'FDiv' <Latency = 8> <II = 1> <Delay = 7.05> <FuncUnit> <Opcode : 'fdiv' 'frem'> <InPorts = 2> <OutPorts = 1>
ST_5 : Operation 56 [6/9] (7.05ns)   --->   "%tmp_14 = fdiv i32 %bitcast_ln575, i32 %n_read" [../src/ban.cpp:579]   --->   Operation 56 'fdiv' 'tmp_14' <Predicate = true> <Delay = 7.05> <CoreInst = "FDiv">   --->   Core 20 'FDiv' <Latency = 8> <II = 1> <Delay = 7.05> <FuncUnit> <Opcode : 'fdiv' 'frem'> <InPorts = 2> <OutPorts = 1>
ST_5 : Operation 57 [6/9] (7.05ns)   --->   "%tmp_15 = fdiv i32 %bitcast_ln575_1, i32 %n_read" [../src/ban.cpp:579]   --->   Operation 57 'fdiv' 'tmp_15' <Predicate = true> <Delay = 7.05> <CoreInst = "FDiv">   --->   Core 20 'FDiv' <Latency = 8> <II = 1> <Delay = 7.05> <FuncUnit> <Opcode : 'fdiv' 'frem'> <InPorts = 2> <OutPorts = 1>

State 6 <SV = 5> <Delay = 7.05>
ST_6 : Operation 58 [5/9] (7.05ns)   --->   "%tmp = fdiv i32 %bitcast_ln61, i32 %n_read" [../src/ban.cpp:579]   --->   Operation 58 'fdiv' 'tmp' <Predicate = true> <Delay = 7.05> <CoreInst = "FDiv">   --->   Core 20 'FDiv' <Latency = 8> <II = 1> <Delay = 7.05> <FuncUnit> <Opcode : 'fdiv' 'frem'> <InPorts = 2> <OutPorts = 1>
ST_6 : Operation 59 [5/9] (7.05ns)   --->   "%tmp_14 = fdiv i32 %bitcast_ln575, i32 %n_read" [../src/ban.cpp:579]   --->   Operation 59 'fdiv' 'tmp_14' <Predicate = true> <Delay = 7.05> <CoreInst = "FDiv">   --->   Core 20 'FDiv' <Latency = 8> <II = 1> <Delay = 7.05> <FuncUnit> <Opcode : 'fdiv' 'frem'> <InPorts = 2> <OutPorts = 1>
ST_6 : Operation 60 [5/9] (7.05ns)   --->   "%tmp_15 = fdiv i32 %bitcast_ln575_1, i32 %n_read" [../src/ban.cpp:579]   --->   Operation 60 'fdiv' 'tmp_15' <Predicate = true> <Delay = 7.05> <CoreInst = "FDiv">   --->   Core 20 'FDiv' <Latency = 8> <II = 1> <Delay = 7.05> <FuncUnit> <Opcode : 'fdiv' 'frem'> <InPorts = 2> <OutPorts = 1>

State 7 <SV = 6> <Delay = 7.05>
ST_7 : Operation 61 [4/9] (7.05ns)   --->   "%tmp = fdiv i32 %bitcast_ln61, i32 %n_read" [../src/ban.cpp:579]   --->   Operation 61 'fdiv' 'tmp' <Predicate = true> <Delay = 7.05> <CoreInst = "FDiv">   --->   Core 20 'FDiv' <Latency = 8> <II = 1> <Delay = 7.05> <FuncUnit> <Opcode : 'fdiv' 'frem'> <InPorts = 2> <OutPorts = 1>
ST_7 : Operation 62 [4/9] (7.05ns)   --->   "%tmp_14 = fdiv i32 %bitcast_ln575, i32 %n_read" [../src/ban.cpp:579]   --->   Operation 62 'fdiv' 'tmp_14' <Predicate = true> <Delay = 7.05> <CoreInst = "FDiv">   --->   Core 20 'FDiv' <Latency = 8> <II = 1> <Delay = 7.05> <FuncUnit> <Opcode : 'fdiv' 'frem'> <InPorts = 2> <OutPorts = 1>
ST_7 : Operation 63 [4/9] (7.05ns)   --->   "%tmp_15 = fdiv i32 %bitcast_ln575_1, i32 %n_read" [../src/ban.cpp:579]   --->   Operation 63 'fdiv' 'tmp_15' <Predicate = true> <Delay = 7.05> <CoreInst = "FDiv">   --->   Core 20 'FDiv' <Latency = 8> <II = 1> <Delay = 7.05> <FuncUnit> <Opcode : 'fdiv' 'frem'> <InPorts = 2> <OutPorts = 1>

State 8 <SV = 7> <Delay = 7.05>
ST_8 : Operation 64 [3/9] (7.05ns)   --->   "%tmp = fdiv i32 %bitcast_ln61, i32 %n_read" [../src/ban.cpp:579]   --->   Operation 64 'fdiv' 'tmp' <Predicate = true> <Delay = 7.05> <CoreInst = "FDiv">   --->   Core 20 'FDiv' <Latency = 8> <II = 1> <Delay = 7.05> <FuncUnit> <Opcode : 'fdiv' 'frem'> <InPorts = 2> <OutPorts = 1>
ST_8 : Operation 65 [3/9] (7.05ns)   --->   "%tmp_14 = fdiv i32 %bitcast_ln575, i32 %n_read" [../src/ban.cpp:579]   --->   Operation 65 'fdiv' 'tmp_14' <Predicate = true> <Delay = 7.05> <CoreInst = "FDiv">   --->   Core 20 'FDiv' <Latency = 8> <II = 1> <Delay = 7.05> <FuncUnit> <Opcode : 'fdiv' 'frem'> <InPorts = 2> <OutPorts = 1>
ST_8 : Operation 66 [3/9] (7.05ns)   --->   "%tmp_15 = fdiv i32 %bitcast_ln575_1, i32 %n_read" [../src/ban.cpp:579]   --->   Operation 66 'fdiv' 'tmp_15' <Predicate = true> <Delay = 7.05> <CoreInst = "FDiv">   --->   Core 20 'FDiv' <Latency = 8> <II = 1> <Delay = 7.05> <FuncUnit> <Opcode : 'fdiv' 'frem'> <InPorts = 2> <OutPorts = 1>

State 9 <SV = 8> <Delay = 7.05>
ST_9 : Operation 67 [2/9] (7.05ns)   --->   "%tmp = fdiv i32 %bitcast_ln61, i32 %n_read" [../src/ban.cpp:579]   --->   Operation 67 'fdiv' 'tmp' <Predicate = true> <Delay = 7.05> <CoreInst = "FDiv">   --->   Core 20 'FDiv' <Latency = 8> <II = 1> <Delay = 7.05> <FuncUnit> <Opcode : 'fdiv' 'frem'> <InPorts = 2> <OutPorts = 1>
ST_9 : Operation 68 [2/9] (7.05ns)   --->   "%tmp_14 = fdiv i32 %bitcast_ln575, i32 %n_read" [../src/ban.cpp:579]   --->   Operation 68 'fdiv' 'tmp_14' <Predicate = true> <Delay = 7.05> <CoreInst = "FDiv">   --->   Core 20 'FDiv' <Latency = 8> <II = 1> <Delay = 7.05> <FuncUnit> <Opcode : 'fdiv' 'frem'> <InPorts = 2> <OutPorts = 1>
ST_9 : Operation 69 [2/9] (7.05ns)   --->   "%tmp_15 = fdiv i32 %bitcast_ln575_1, i32 %n_read" [../src/ban.cpp:579]   --->   Operation 69 'fdiv' 'tmp_15' <Predicate = true> <Delay = 7.05> <CoreInst = "FDiv">   --->   Core 20 'FDiv' <Latency = 8> <II = 1> <Delay = 7.05> <FuncUnit> <Opcode : 'fdiv' 'frem'> <InPorts = 2> <OutPorts = 1>

State 10 <SV = 9> <Delay = 7.05>
ST_10 : Operation 70 [1/9] (7.05ns)   --->   "%tmp = fdiv i32 %bitcast_ln61, i32 %n_read" [../src/ban.cpp:579]   --->   Operation 70 'fdiv' 'tmp' <Predicate = true> <Delay = 7.05> <CoreInst = "FDiv">   --->   Core 20 'FDiv' <Latency = 8> <II = 1> <Delay = 7.05> <FuncUnit> <Opcode : 'fdiv' 'frem'> <InPorts = 2> <OutPorts = 1>
ST_10 : Operation 71 [1/9] (7.05ns)   --->   "%tmp_14 = fdiv i32 %bitcast_ln575, i32 %n_read" [../src/ban.cpp:579]   --->   Operation 71 'fdiv' 'tmp_14' <Predicate = true> <Delay = 7.05> <CoreInst = "FDiv">   --->   Core 20 'FDiv' <Latency = 8> <II = 1> <Delay = 7.05> <FuncUnit> <Opcode : 'fdiv' 'frem'> <InPorts = 2> <OutPorts = 1>
ST_10 : Operation 72 [1/9] (7.05ns)   --->   "%tmp_15 = fdiv i32 %bitcast_ln575_1, i32 %n_read" [../src/ban.cpp:579]   --->   Operation 72 'fdiv' 'tmp_15' <Predicate = true> <Delay = 7.05> <CoreInst = "FDiv">   --->   Core 20 'FDiv' <Latency = 8> <II = 1> <Delay = 7.05> <FuncUnit> <Opcode : 'fdiv' 'frem'> <InPorts = 2> <OutPorts = 1>

State 11 <SV = 10> <Delay = 2.78>
ST_11 : Operation 73 [2/2] (2.78ns)   --->   "%tmp_13 = fcmp_oeq  i32 %tmp, i32 0" [../src/ban.cpp:77]   --->   Operation 73 'fcmp' 'tmp_13' <Predicate = true> <Delay = 2.78> <CoreInst = "FCompare">   --->   Core 19 'FCompare' <Latency = 1> <II = 1> <Delay = 2.78> <FuncUnit> <Opcode : 'fcmp'> <InPorts = 2> <OutPorts = 1>

State 12 <SV = 11> <Delay = 3.59>
ST_12 : Operation 74 [1/1] (0.00ns)   --->   "%bitcast_ln77 = bitcast i32 %tmp" [../src/ban.cpp:77]   --->   Operation 74 'bitcast' 'bitcast_ln77' <Predicate = true> <Delay = 0.00>
ST_12 : Operation 75 [1/1] (0.00ns)   --->   "%tmp_12 = partselect i8 @_ssdm_op_PartSelect.i8.i32.i32.i32, i32 %bitcast_ln77, i32 23, i32 30" [../src/ban.cpp:77]   --->   Operation 75 'partselect' 'tmp_12' <Predicate = true> <Delay = 0.00>
ST_12 : Operation 76 [1/1] (0.00ns)   --->   "%trunc_ln77 = trunc i32 %bitcast_ln77" [../src/ban.cpp:77]   --->   Operation 76 'trunc' 'trunc_ln77' <Predicate = true> <Delay = 0.00>
ST_12 : Operation 77 [1/1] (0.84ns)   --->   "%icmp_ln77 = icmp_ne  i8 %tmp_12, i8 255" [../src/ban.cpp:77]   --->   Operation 77 'icmp' 'icmp_ln77' <Predicate = true> <Delay = 0.84> <CoreInst = "Cmp">   --->   Core 9 'Cmp' <Latency = 0> <II = 1> <Delay = 0.44> <FuncUnit> <Opcode : 'icmp'> <InPorts = 2> <OutPorts = 1>
ST_12 : Operation 78 [1/1] (1.05ns)   --->   "%icmp_ln77_1 = icmp_eq  i23 %trunc_ln77, i23 0" [../src/ban.cpp:77]   --->   Operation 78 'icmp' 'icmp_ln77_1' <Predicate = true> <Delay = 1.05> <CoreInst = "Cmp">   --->   Core 9 'Cmp' <Latency = 0> <II = 1> <Delay = 0.44> <FuncUnit> <Opcode : 'icmp'> <InPorts = 2> <OutPorts = 1>
ST_12 : Operation 79 [1/1] (0.00ns) (grouped into LUT with out node and_ln77)   --->   "%or_ln77 = or i1 %icmp_ln77_1, i1 %icmp_ln77" [../src/ban.cpp:77]   --->   Operation 79 'or' 'or_ln77' <Predicate = true> <Delay = 0.00> <CoreInst = "LogicGate">   --->   Core 74 'LogicGate' <Latency = 0> <II = 1> <Delay = 0.28> <FuncUnit> <Opcode : 'and' 'or' 'xor'> <InPorts = 2> <OutPorts = 1>
ST_12 : Operation 80 [1/2] (2.78ns)   --->   "%tmp_13 = fcmp_oeq  i32 %tmp, i32 0" [../src/ban.cpp:77]   --->   Operation 80 'fcmp' 'tmp_13' <Predicate = true> <Delay = 2.78> <CoreInst = "FCompare">   --->   Core 19 'FCompare' <Latency = 1> <II = 1> <Delay = 2.78> <FuncUnit> <Opcode : 'fcmp'> <InPorts = 2> <OutPorts = 1>
ST_12 : Operation 81 [1/1] (0.28ns) (out node of the LUT)   --->   "%and_ln77 = and i1 %or_ln77, i1 %tmp_13" [../src/ban.cpp:77]   --->   Operation 81 'and' 'and_ln77' <Predicate = true> <Delay = 0.28> <CoreInst = "LogicGate">   --->   Core 74 'LogicGate' <Latency = 0> <II = 1> <Delay = 0.28> <FuncUnit> <Opcode : 'and' 'or' 'xor'> <InPorts = 2> <OutPorts = 1>
ST_12 : Operation 82 [1/1] (0.52ns)   --->   "%br_ln77 = br i1 %and_ln77, void %_ZNK3BaneqEf.exit, void %.preheader.preheader" [../src/ban.cpp:77]   --->   Operation 82 'br' 'br_ln77' <Predicate = true> <Delay = 0.52>
ST_12 : Operation 83 [2/2] (0.00ns)   --->   "%call_ln579 = call void @operator/.2_Pipeline_VITIS_LOOP_84_1, i32 %tmp, i32 %tmp_14, i32 %tmp_15, i32 %idx_tmp_loc" [../src/ban.cpp:579]   --->   Operation 83 'call' 'call_ln579' <Predicate = (and_ln77)> <Delay = 0.00> <CoreType = "Generic">   --->   Core 0 '' <Latency = 0> <II = 1> <Delay = 1.00> <Generic> <Opcode : >

State 13 <SV = 12> <Delay = 0.44>
ST_13 : Operation 84 [1/2] (0.44ns)   --->   "%call_ln579 = call void @operator/.2_Pipeline_VITIS_LOOP_84_1, i32 %tmp, i32 %tmp_14, i32 %tmp_15, i32 %idx_tmp_loc" [../src/ban.cpp:579]   --->   Operation 84 'call' 'call_ln579' <Predicate = true> <Delay = 0.44> <CoreType = "Generic">   --->   Core 0 '' <Latency = 0> <II = 1> <Delay = 1.00> <Generic> <Opcode : >

State 14 <SV = 13> <Delay = 1.41>
ST_14 : Operation 85 [1/1] (0.00ns)   --->   "%idx_tmp_loc_load = load i32 %idx_tmp_loc"   --->   Operation 85 'load' 'idx_tmp_loc_load' <Predicate = true> <Delay = 0.00>
ST_14 : Operation 86 [1/1] (0.00ns)   --->   "%empty = trunc i32 %idx_tmp_loc_load"   --->   Operation 86 'trunc' 'empty' <Predicate = true> <Delay = 0.00>
ST_14 : Operation 87 [1/1] (0.99ns)   --->   "%icmp_ln92 = icmp_ult  i32 %idx_tmp_loc_load, i32 3" [../src/ban.cpp:92]   --->   Operation 87 'icmp' 'icmp_ln92' <Predicate = true> <Delay = 0.99> <CoreInst = "Cmp">   --->   Core 9 'Cmp' <Latency = 0> <II = 1> <Delay = 0.44> <FuncUnit> <Opcode : 'icmp'> <InPorts = 2> <OutPorts = 1>
ST_14 : Operation 88 [1/1] (0.42ns)   --->   "%br_ln92 = br i1 %icmp_ln92, void %.lr.ph.i, void %.lr.ph7.i" [../src/ban.cpp:92]   --->   Operation 88 'br' 'br_ln92' <Predicate = true> <Delay = 0.42>
ST_14 : Operation 89 [1/1] (0.28ns)   --->   "%xor_ln92 = xor i2 %empty, i2 3" [../src/ban.cpp:92]   --->   Operation 89 'xor' 'xor_ln92' <Predicate = (icmp_ln92)> <Delay = 0.28> <CoreInst = "LogicGate">   --->   Core 74 'LogicGate' <Latency = 0> <II = 1> <Delay = 0.28> <FuncUnit> <Opcode : 'and' 'or' 'xor'> <InPorts = 2> <OutPorts = 1>
ST_14 : Operation 90 [2/2] (0.42ns)   --->   "%call_ln579 = call void @operator/.2_Pipeline_VITIS_LOOP_92_2, i32 %tmp_15, i32 %tmp_14, i32 %tmp, i2 %empty, i2 %xor_ln92, i32 %res_num_load_717_loc, i32 %res_num_load_611_loc, i32 %res_num_load5_loc" [../src/ban.cpp:579]   --->   Operation 90 'call' 'call_ln579' <Predicate = (icmp_ln92)> <Delay = 0.42> <CoreType = "Generic">   --->   Core 0 '' <Latency = 0> <II = 1> <Delay = 1.00> <Generic> <Opcode : >

State 15 <SV = 14> <Delay = 0.44>
ST_15 : Operation 91 [1/2] (0.44ns)   --->   "%call_ln579 = call void @operator/.2_Pipeline_VITIS_LOOP_92_2, i32 %tmp_15, i32 %tmp_14, i32 %tmp, i2 %empty, i2 %xor_ln92, i32 %res_num_load_717_loc, i32 %res_num_load_611_loc, i32 %res_num_load5_loc" [../src/ban.cpp:579]   --->   Operation 91 'call' 'call_ln579' <Predicate = true> <Delay = 0.44> <CoreType = "Generic">   --->   Core 0 '' <Latency = 0> <II = 1> <Delay = 1.00> <Generic> <Opcode : >

State 16 <SV = 15> <Delay = 3.25>
ST_16 : Operation 92 [1/1] (0.00ns)   --->   "%res_num_load = load i32 %res_num_load_717_loc"   --->   Operation 92 'load' 'res_num_load' <Predicate = (icmp_ln92)> <Delay = 0.00>
ST_16 : Operation 93 [1/1] (0.00ns)   --->   "%res_num_load_3 = load i32 %res_num_load_611_loc"   --->   Operation 93 'load' 'res_num_load_3' <Predicate = (icmp_ln92)> <Delay = 0.00>
ST_16 : Operation 94 [1/1] (0.00ns)   --->   "%res_num_load_4 = load i32 %res_num_load5_loc"   --->   Operation 94 'load' 'res_num_load_4' <Predicate = (icmp_ln92)> <Delay = 0.00>
ST_16 : Operation 95 [1/1] (0.54ns)   --->   "%sub_ln92 = sub i2 2, i2 %empty" [../src/ban.cpp:92]   --->   Operation 95 'sub' 'sub_ln92' <Predicate = (icmp_ln92)> <Delay = 0.54> <CoreInst = "Adder">   --->   Core 1 'Adder' <Latency = 0> <II = 1> <Delay = 0.54> <FuncUnit> <Opcode : 'add' 'sub'> <InPorts = 2> <OutPorts = 1>
ST_16 : Operation 96 [1/1] (0.54ns)   --->   "%base = add i2 %sub_ln92, i2 1" [../src/ban.cpp:97]   --->   Operation 96 'add' 'base' <Predicate = (icmp_ln92)> <Delay = 0.54> <CoreInst = "Adder">   --->   Core 1 'Adder' <Latency = 0> <II = 1> <Delay = 0.54> <FuncUnit> <Opcode : 'add' 'sub'> <InPorts = 2> <OutPorts = 1>
ST_16 : Operation 97 [1/1] (0.00ns) (grouped into LUT with out node tmp_16)   --->   "%xor_ln100 = xor i2 %sub_ln92, i2 2" [../src/ban.cpp:100]   --->   Operation 97 'xor' 'xor_ln100' <Predicate = (icmp_ln92)> <Delay = 0.00> <CoreInst = "LogicGate">   --->   Core 74 'LogicGate' <Latency = 0> <II = 1> <Delay = 0.28> <FuncUnit> <Opcode : 'and' 'or' 'xor'> <InPorts = 2> <OutPorts = 1>
ST_16 : Operation 98 [1/1] (0.00ns) (grouped into LUT with out node tmp_16)   --->   "%sext_ln100 = sext i2 %xor_ln100" [../src/ban.cpp:100]   --->   Operation 98 'sext' 'sext_ln100' <Predicate = (icmp_ln92)> <Delay = 0.00>
ST_16 : Operation 99 [1/1] (1.01ns) (out node of the LUT)   --->   "%tmp_16 = add i32 %sext_ln100, i32 %res_p" [../src/ban.cpp:100]   --->   Operation 99 'add' 'tmp_16' <Predicate = (icmp_ln92)> <Delay = 1.01> <CoreInst = "Adder">   --->   Core 1 'Adder' <Latency = 0> <II = 1> <Delay = 0.54> <FuncUnit> <Opcode : 'add' 'sub'> <InPorts = 2> <OutPorts = 1>
ST_16 : Operation 100 [1/1] (0.44ns)   --->   "%icmp_ln104 = icmp_eq  i2 %base, i2 3" [../src/ban.cpp:104]   --->   Operation 100 'icmp' 'icmp_ln104' <Predicate = (icmp_ln92)> <Delay = 0.44> <CoreInst = "Cmp">   --->   Core 9 'Cmp' <Latency = 0> <II = 1> <Delay = 0.44> <FuncUnit> <Opcode : 'icmp'> <InPorts = 2> <OutPorts = 1>
ST_16 : Operation 101 [1/1] (0.52ns)   --->   "%br_ln104 = br i1 %icmp_ln104, void %.lr.ph.i, void %_ZNK3BaneqEf.exit" [../src/ban.cpp:104]   --->   Operation 101 'br' 'br_ln104' <Predicate = (icmp_ln92)> <Delay = 0.52>
ST_16 : Operation 102 [1/1] (0.00ns)   --->   "%res_num_load_715 = phi i32 %tmp_15, void %.preheader.preheader, i32 %res_num_load, void %.lr.ph7.i"   --->   Operation 102 'phi' 'res_num_load_715' <Predicate = (!icmp_ln104) | (!icmp_ln92)> <Delay = 0.00>
ST_16 : Operation 103 [1/1] (0.00ns)   --->   "%res_num_load_69 = phi i32 %tmp_14, void %.preheader.preheader, i32 %res_num_load_3, void %.lr.ph7.i"   --->   Operation 103 'phi' 'res_num_load_69' <Predicate = (!icmp_ln104) | (!icmp_ln92)> <Delay = 0.00>
ST_16 : Operation 104 [1/1] (0.00ns)   --->   "%res_num_load3 = phi i32 %tmp, void %.preheader.preheader, i32 %res_num_load_4, void %.lr.ph7.i"   --->   Operation 104 'phi' 'res_num_load3' <Predicate = (!icmp_ln104) | (!icmp_ln92)> <Delay = 0.00>
ST_16 : Operation 105 [1/1] (0.00ns)   --->   "%base_0_lcssa_i57 = phi i2 0, void %.preheader.preheader, i2 %base, void %.lr.ph7.i"   --->   Operation 105 'phi' 'base_0_lcssa_i57' <Predicate = (!icmp_ln104) | (!icmp_ln92)> <Delay = 0.00>
ST_16 : Operation 106 [1/1] (0.00ns)   --->   "%zext_ln104 = zext i2 %base_0_lcssa_i57" [../src/ban.cpp:104]   --->   Operation 106 'zext' 'zext_ln104' <Predicate = (!icmp_ln104) | (!icmp_ln92)> <Delay = 0.00>
ST_16 : Operation 107 [1/1] (0.44ns)   --->   "%icmp_ln104_1 = icmp_ne  i2 %base_0_lcssa_i57, i2 3" [../src/ban.cpp:104]   --->   Operation 107 'icmp' 'icmp_ln104_1' <Predicate = (!icmp_ln104) | (!icmp_ln92)> <Delay = 0.44> <CoreInst = "Cmp">   --->   Core 9 'Cmp' <Latency = 0> <II = 1> <Delay = 0.44> <FuncUnit> <Opcode : 'icmp'> <InPorts = 2> <OutPorts = 1>
ST_16 : Operation 108 [1/1] (0.54ns)   --->   "%add_ln104 = add i3 %zext_ln104, i3 1" [../src/ban.cpp:104]   --->   Operation 108 'add' 'add_ln104' <Predicate = (!icmp_ln104) | (!icmp_ln92)> <Delay = 0.54> <CoreInst = "Adder">   --->   Core 1 'Adder' <Latency = 0> <II = 1> <Delay = 0.54> <FuncUnit> <Opcode : 'add' 'sub'> <InPorts = 2> <OutPorts = 1>
ST_16 : Operation 109 [1/1] (0.20ns)   --->   "%select_ln104 = select i1 %icmp_ln104_1, i3 3, i3 %add_ln104" [../src/ban.cpp:104]   --->   Operation 109 'select' 'select_ln104' <Predicate = (!icmp_ln104) | (!icmp_ln92)> <Delay = 0.20> <CoreInst = "Sel">   --->   Core 73 'Sel' <Latency = 0> <II = 1> <Delay = 0.20> <FuncUnit> <Opcode : 'select'> <InPorts = 3> <OutPorts = 1>
ST_16 : Operation 110 [2/2] (0.42ns)   --->   "%call_ln579 = call void @operator/.2_Pipeline_VITIS_LOOP_104_3, i32 %res_num_load_715, i32 %res_num_load_69, i32 %res_num_load3, i2 %base_0_lcssa_i57, i3 %select_ln104, i32 %res_num_load_714_loc, i32 %res_num_load_68_loc, i32 %res_num_load2_loc" [../src/ban.cpp:579]   --->   Operation 110 'call' 'call_ln579' <Predicate = (!icmp_ln104) | (!icmp_ln92)> <Delay = 0.42> <CoreType = "Generic">   --->   Core 0 '' <Latency = 0> <II = 1> <Delay = 1.00> <Generic> <Opcode : >

State 17 <SV = 16> <Delay = 1.13>
ST_17 : Operation 111 [1/2] (1.13ns)   --->   "%call_ln579 = call void @operator/.2_Pipeline_VITIS_LOOP_104_3, i32 %res_num_load_715, i32 %res_num_load_69, i32 %res_num_load3, i2 %base_0_lcssa_i57, i3 %select_ln104, i32 %res_num_load_714_loc, i32 %res_num_load_68_loc, i32 %res_num_load2_loc" [../src/ban.cpp:579]   --->   Operation 111 'call' 'call_ln579' <Predicate = true> <Delay = 1.13> <CoreType = "Generic">   --->   Core 0 '' <Latency = 0> <II = 1> <Delay = 1.00> <Generic> <Opcode : >

State 18 <SV = 17> <Delay = 0.52>
ST_18 : Operation 112 [1/1] (0.00ns)   --->   "%empty_30 = phi i32 0, void %.preheader.preheader, i32 %tmp_16, void %.lr.ph7.i"   --->   Operation 112 'phi' 'empty_30' <Predicate = (!and_ln61_2 & and_ln77 & !icmp_ln104) | (!and_ln61_2 & and_ln77 & !icmp_ln92)> <Delay = 0.00>
ST_18 : Operation 113 [1/1] (0.00ns)   --->   "%res_num_load_5 = load i32 %res_num_load_714_loc"   --->   Operation 113 'load' 'res_num_load_5' <Predicate = (!and_ln61_2 & and_ln77 & !icmp_ln104) | (!and_ln61_2 & and_ln77 & !icmp_ln92)> <Delay = 0.00>
ST_18 : Operation 114 [1/1] (0.00ns)   --->   "%res_num_load_6 = load i32 %res_num_load_68_loc"   --->   Operation 114 'load' 'res_num_load_6' <Predicate = (!and_ln61_2 & and_ln77 & !icmp_ln104) | (!and_ln61_2 & and_ln77 & !icmp_ln92)> <Delay = 0.00>
ST_18 : Operation 115 [1/1] (0.00ns)   --->   "%res_num_load_7 = load i32 %res_num_load2_loc"   --->   Operation 115 'load' 'res_num_load_7' <Predicate = (!and_ln61_2 & and_ln77 & !icmp_ln104) | (!and_ln61_2 & and_ln77 & !icmp_ln92)> <Delay = 0.00>
ST_18 : Operation 116 [1/1] (0.52ns)   --->   "%br_ln0 = br void %_ZNK3BaneqEf.exit"   --->   Operation 116 'br' 'br_ln0' <Predicate = (!and_ln61_2 & and_ln77 & !icmp_ln104) | (!and_ln61_2 & and_ln77 & !icmp_ln92)> <Delay = 0.52>
ST_18 : Operation 117 [1/1] (0.00ns)   --->   "%agg_result_01_0 = phi i32 %empty_30, void %.lr.ph.i, i32 0, void, i32 %res_p, void %.critedge, i32 %tmp_16, void %.lr.ph7.i"   --->   Operation 117 'phi' 'agg_result_01_0' <Predicate = true> <Delay = 0.00>
ST_18 : Operation 118 [1/1] (0.00ns)   --->   "%agg_result_1_0_0 = phi i32 %res_num_load_7, void %.lr.ph.i, i32 0, void, i32 %tmp, void %.critedge, i32 %res_num_load_4, void %.lr.ph7.i"   --->   Operation 118 'phi' 'agg_result_1_0_0' <Predicate = true> <Delay = 0.00>
ST_18 : Operation 119 [1/1] (0.00ns)   --->   "%agg_result_1_1_0 = phi i32 %res_num_load_6, void %.lr.ph.i, i32 0, void, i32 %tmp_14, void %.critedge, i32 %res_num_load_3, void %.lr.ph7.i"   --->   Operation 119 'phi' 'agg_result_1_1_0' <Predicate = true> <Delay = 0.00>
ST_18 : Operation 120 [1/1] (0.00ns)   --->   "%agg_result_1_2_0 = phi i32 %res_num_load_5, void %.lr.ph.i, i32 0, void, i32 %tmp_15, void %.critedge, i32 %res_num_load, void %.lr.ph7.i"   --->   Operation 120 'phi' 'agg_result_1_2_0' <Predicate = true> <Delay = 0.00>
ST_18 : Operation 121 [1/1] (0.00ns)   --->   "%mrv = insertvalue i128 <undef>, i32 %agg_result_01_0" [../src/ban.cpp:586]   --->   Operation 121 'insertvalue' 'mrv' <Predicate = true> <Delay = 0.00>
ST_18 : Operation 122 [1/1] (0.00ns)   --->   "%mrv_1 = insertvalue i128 %mrv, i32 %agg_result_1_0_0" [../src/ban.cpp:586]   --->   Operation 122 'insertvalue' 'mrv_1' <Predicate = true> <Delay = 0.00>
ST_18 : Operation 123 [1/1] (0.00ns)   --->   "%mrv_2 = insertvalue i128 %mrv_1, i32 %agg_result_1_1_0" [../src/ban.cpp:586]   --->   Operation 123 'insertvalue' 'mrv_2' <Predicate = true> <Delay = 0.00>
ST_18 : Operation 124 [1/1] (0.00ns)   --->   "%mrv_3 = insertvalue i128 %mrv_2, i32 %agg_result_1_2_0" [../src/ban.cpp:586]   --->   Operation 124 'insertvalue' 'mrv_3' <Predicate = true> <Delay = 0.00>
ST_18 : Operation 125 [1/1] (0.00ns)   --->   "%ret_ln586 = ret i128 %mrv_3" [../src/ban.cpp:586]   --->   Operation 125 'ret' 'ret_ln586' <Predicate = true> <Delay = 0.00>


============================================================
+ Verbose Summary: Timing violations
============================================================
Target clock period: 10ns, clock uncertainty: 2.7ns.

 <State 1>: 2.78ns
The critical path consists of the following:
	wire read operation ('p_read') on port 'p_read14' [4]  (0 ns)
	'fcmp' operation ('tmp_9', ../src/ban.cpp:61) [21]  (2.78 ns)

 <State 2>: 7.06ns
The critical path consists of the following:
	wire read operation ('n_read') on port 'n' [3]  (0 ns)
	'fdiv' operation ('tmp', ../src/ban.cpp:579) [30]  (7.06 ns)

 <State 3>: 7.06ns
The critical path consists of the following:
	'fdiv' operation ('tmp', ../src/ban.cpp:579) [30]  (7.06 ns)

 <State 4>: 7.06ns
The critical path consists of the following:
	'fdiv' operation ('tmp', ../src/ban.cpp:579) [30]  (7.06 ns)

 <State 5>: 7.06ns
The critical path consists of the following:
	'fdiv' operation ('tmp', ../src/ban.cpp:579) [30]  (7.06 ns)

 <State 6>: 7.06ns
The critical path consists of the following:
	'fdiv' operation ('tmp', ../src/ban.cpp:579) [30]  (7.06 ns)

 <State 7>: 7.06ns
The critical path consists of the following:
	'fdiv' operation ('tmp', ../src/ban.cpp:579) [30]  (7.06 ns)

 <State 8>: 7.06ns
The critical path consists of the following:
	'fdiv' operation ('tmp', ../src/ban.cpp:579) [30]  (7.06 ns)

 <State 9>: 7.06ns
The critical path consists of the following:
	'fdiv' operation ('tmp', ../src/ban.cpp:579) [30]  (7.06 ns)

 <State 10>: 7.06ns
The critical path consists of the following:
	'fdiv' operation ('tmp', ../src/ban.cpp:579) [30]  (7.06 ns)

 <State 11>: 2.78ns
The critical path consists of the following:
	'fcmp' operation ('tmp_13', ../src/ban.cpp:77) [39]  (2.78 ns)

 <State 12>: 3.59ns
The critical path consists of the following:
	'fcmp' operation ('tmp_13', ../src/ban.cpp:77) [39]  (2.78 ns)
	'and' operation ('and_ln77', ../src/ban.cpp:77) [40]  (0.287 ns)
	multiplexor before 'phi' operation ('tmp') with incoming values : ('res.p', ../src/ban.cpp:61) ('tmp', ../src/ban.cpp:100) [77]  (0.525 ns)

 <State 13>: 0.446ns
The critical path consists of the following:
	'call' operation ('call_ln579', ../src/ban.cpp:579) to 'operator/.2_Pipeline_VITIS_LOOP_84_1' [43]  (0.446 ns)

 <State 14>: 1.42ns
The critical path consists of the following:
	'load' operation ('idx_tmp_loc_load') on local variable 'idx_tmp_loc' [44]  (0 ns)
	'icmp' operation ('icmp_ln92', ../src/ban.cpp:92) [46]  (0.991 ns)
	multiplexor before 'phi' operation ('res.num[2]') with incoming values : ('tmp', ../src/ban.cpp:579) ('res_num_load') [62]  (0.427 ns)

 <State 15>: 0.446ns
The critical path consists of the following:
	'call' operation ('call_ln579', ../src/ban.cpp:579) to 'operator/.2_Pipeline_VITIS_LOOP_92_2' [50]  (0.446 ns)

 <State 16>: 3.25ns
The critical path consists of the following:
	'sub' operation ('sub_ln92', ../src/ban.cpp:92) [54]  (0.548 ns)
	'add' operation ('base', ../src/ban.cpp:97) [55]  (0.548 ns)
	'icmp' operation ('icmp_ln104', ../src/ban.cpp:104) [59]  (0.446 ns)
	multiplexor before 'phi' operation ('base') with incoming values : ('base', ../src/ban.cpp:97) [66]  (0.525 ns)
	'phi' operation ('base') with incoming values : ('base', ../src/ban.cpp:97) [66]  (0 ns)
	'add' operation ('add_ln104', ../src/ban.cpp:104) [69]  (0.548 ns)
	'select' operation ('select_ln104', ../src/ban.cpp:104) [70]  (0.208 ns)
	'call' operation ('call_ln579', ../src/ban.cpp:579) to 'operator/.2_Pipeline_VITIS_LOOP_104_3' [71]  (0.427 ns)

 <State 17>: 1.13ns
The critical path consists of the following:
	'call' operation ('call_ln579', ../src/ban.cpp:579) to 'operator/.2_Pipeline_VITIS_LOOP_104_3' [71]  (1.13 ns)

 <State 18>: 0.525ns
The critical path consists of the following:
	'phi' operation ('tmp') with incoming values : ('tmp', ../src/ban.cpp:100) [65]  (0 ns)
	multiplexor before 'phi' operation ('tmp') with incoming values : ('res.p', ../src/ban.cpp:61) ('tmp', ../src/ban.cpp:100) [77]  (0.525 ns)
	'phi' operation ('tmp') with incoming values : ('res.p', ../src/ban.cpp:61) ('tmp', ../src/ban.cpp:100) [77]  (0 ns)


============================================================
+ Verbose Summary: Binding
============================================================
N/A
* FSMD analyzer results:
  - Output states:
 - Input state : 
  - Chain level:
	State 1
	State 2
	State 3
	State 4
	State 5
	State 6
	State 7
	State 8
	State 9
	State 10
	State 11
	State 12
	State 13
	State 14
	State 15
	State 16
	State 17
	State 18


============================================================
+ Verbose Summary: Datapath Resource usage 
============================================================
N/A
