

================================================================
== Vitis HLS Report for 'operator_add'
================================================================
* Date:           Tue Feb  8 15:34:18 2022

* Version:        2021.2 (Build 3367213 on Tue Oct 19 02:47:39 MDT 2021)
* Project:        ban_interface
* Solution:       solution1 (Vivado IP Flow Target)
* Product family: zynquplus
* Target device:  xczu7ev-ffvc1156-2-e


================================================================
== Performance Estimates
================================================================
+ Timing: 
    * Summary: 
    +--------+----------+----------+------------+
    |  Clock |  Target  | Estimated| Uncertainty|
    +--------+----------+----------+------------+
    |ap_clk  |  10.00 ns|  6.913 ns|     2.70 ns|
    +--------+----------+----------+------------+

+ Latency: 
    * Summary: 
    +---------+---------+----------+----------+-----+-----+---------+
    |  Latency (cycles) |  Latency (absolute) |  Interval | Pipeline|
    |   min   |   max   |    min   |    max   | min | max |   Type  |
    +---------+---------+----------+----------+-----+-----+---------+
    |        ?|        ?|         ?|         ?|    ?|    ?|       no|
    +---------+---------+----------+----------+-----+-----+---------+

    + Detail: 
        * Instance: 
        N/A

        * Loop: 
        N/A

============================================================
+ Verbose Summary: Synthesis Manager
============================================================
InlineROM: 1
ExposeGlobal: 0
============================================================
+ Verbose Summary: CDFG Model
============================================================
IsTopModel: 0
ResetActiveHigh: 1
IsCombinational: 0
IsDatapathOnly: 0
HasWiredReturn: 1
HasMFsm: 0
HasVarLatency: 1
IsPipeline: 0
IsRtlPipelined: 0
IsInstanceOverlapped: 0
IsDontTouch: 0
HasImplIP: 0
IsGatedGlobalClock: 0


============================================================
+ Verbose Summary: Schedule
============================================================
* Number of FSM states : 23
* Pipeline : 0
* Dataflow Pipeline: 0

* FSM state transitions: 
1 --> 2 
2 --> 13 14 3 
3 --> 4 
4 --> 5 
5 --> 6 
6 --> 7 
7 --> 8 13 
8 --> 9 
9 --> 10 11 
10 --> 11 
11 --> 12 13 
12 --> 13 
13 --> 
14 --> 15 
15 --> 16 
16 --> 17 
17 --> 18 
18 --> 19 
19 --> 20 
20 --> 21 
21 --> 22 
22 --> 23 
23 --> 13 

* FSM state operations: 

State 1 <SV = 0> <Delay = 2.78>
ST_1 : Operation 24 [1/1] (0.00ns)   --->   "%n_read = read i32 @_ssdm_op_Read.ap_auto.float, i32 %n"   --->   Operation 24 'read' 'n_read' <Predicate = true> <Delay = 0.00>
ST_1 : Operation 25 [1/1] (0.00ns)   --->   "%agg_result_num2_6_loc = alloca i64 1"   --->   Operation 25 'alloca' 'agg_result_num2_6_loc' <Predicate = true> <Delay = 0.00>
ST_1 : Operation 26 [1/1] (0.00ns)   --->   "%agg_result_num16_6_loc = alloca i64 1"   --->   Operation 26 'alloca' 'agg_result_num16_6_loc' <Predicate = true> <Delay = 0.00>
ST_1 : Operation 27 [1/1] (0.00ns)   --->   "%agg_result_num_6_loc = alloca i64 1"   --->   Operation 27 'alloca' 'agg_result_num_6_loc' <Predicate = true> <Delay = 0.00>
ST_1 : Operation 28 [1/1] (0.00ns)   --->   "%num_res_2_01_loc = alloca i64 1"   --->   Operation 28 'alloca' 'num_res_2_01_loc' <Predicate = true> <Delay = 0.00>
ST_1 : Operation 29 [1/1] (0.00ns)   --->   "%num_res_1_02_loc = alloca i64 1"   --->   Operation 29 'alloca' 'num_res_1_02_loc' <Predicate = true> <Delay = 0.00>
ST_1 : Operation 30 [1/1] (0.00ns)   --->   "%agg_result_num2_4_loc = alloca i64 1"   --->   Operation 30 'alloca' 'agg_result_num2_4_loc' <Predicate = true> <Delay = 0.00>
ST_1 : Operation 31 [1/1] (0.00ns)   --->   "%agg_result_num16_4_loc = alloca i64 1"   --->   Operation 31 'alloca' 'agg_result_num16_4_loc' <Predicate = true> <Delay = 0.00>
ST_1 : Operation 32 [1/1] (0.00ns)   --->   "%agg_result_num_4_loc = alloca i64 1"   --->   Operation 32 'alloca' 'agg_result_num_4_loc' <Predicate = true> <Delay = 0.00>
ST_1 : Operation 33 [1/1] (0.00ns)   --->   "%agg_result_num2_1_loc = alloca i64 1"   --->   Operation 33 'alloca' 'agg_result_num2_1_loc' <Predicate = true> <Delay = 0.00>
ST_1 : Operation 34 [1/1] (0.00ns)   --->   "%agg_result_num16_1_loc = alloca i64 1"   --->   Operation 34 'alloca' 'agg_result_num16_1_loc' <Predicate = true> <Delay = 0.00>
ST_1 : Operation 35 [1/1] (0.00ns)   --->   "%agg_result_num_1_loc = alloca i64 1"   --->   Operation 35 'alloca' 'agg_result_num_1_loc' <Predicate = true> <Delay = 0.00>
ST_1 : Operation 36 [1/1] (0.00ns)   --->   "%idx_tmp_loc = alloca i64 1"   --->   Operation 36 'alloca' 'idx_tmp_loc' <Predicate = true> <Delay = 0.00>
ST_1 : Operation 37 [2/2] (2.78ns)   --->   "%tmp_s = fcmp_oeq  i32 %n_read, i32 0" [../src/ban.cpp:521]   --->   Operation 37 'fcmp' 'tmp_s' <Predicate = true> <Delay = 2.78> <CoreInst = "FCompare">   --->   Core 19 'FCompare' <Latency = 1> <II = 1> <Delay = 2.78> <FuncUnit> <Opcode : 'fcmp'> <InPorts = 2> <OutPorts = 1>

State 2 <SV = 1> <Delay = 6.91>
ST_2 : Operation 38 [1/1] (0.00ns)   --->   "%p_read = read i32 @_ssdm_op_Read.ap_auto.float, i32 %p_read11"   --->   Operation 38 'read' 'p_read' <Predicate = true> <Delay = 0.00>
ST_2 : Operation 39 [1/1] (0.00ns)   --->   "%p_read108 = read i32 @_ssdm_op_Read.ap_auto.float, i32 %p_read10"   --->   Operation 39 'read' 'p_read108' <Predicate = true> <Delay = 0.00>
ST_2 : Operation 40 [1/1] (0.00ns)   --->   "%p_read37 = read i32 @_ssdm_op_Read.ap_auto.float, i32 %p_read3"   --->   Operation 40 'read' 'p_read37' <Predicate = true> <Delay = 0.00>
ST_2 : Operation 41 [1/1] (0.00ns)   --->   "%this_p_read_1 = read i32 @_ssdm_op_Read.ap_auto.i32, i32 %this_p_read"   --->   Operation 41 'read' 'this_p_read_1' <Predicate = true> <Delay = 0.00>
ST_2 : Operation 42 [1/1] (0.00ns)   --->   "%bitcast_ln521 = bitcast i32 %n_read" [../src/ban.cpp:521]   --->   Operation 42 'bitcast' 'bitcast_ln521' <Predicate = true> <Delay = 0.00>
ST_2 : Operation 43 [1/1] (0.00ns)   --->   "%tmp = partselect i8 @_ssdm_op_PartSelect.i8.i32.i32.i32, i32 %bitcast_ln521, i32 23, i32 30" [../src/ban.cpp:521]   --->   Operation 43 'partselect' 'tmp' <Predicate = true> <Delay = 0.00>
ST_2 : Operation 44 [1/1] (0.00ns)   --->   "%trunc_ln521 = trunc i32 %bitcast_ln521" [../src/ban.cpp:521]   --->   Operation 44 'trunc' 'trunc_ln521' <Predicate = true> <Delay = 0.00>
ST_2 : Operation 45 [1/1] (0.84ns)   --->   "%icmp_ln521 = icmp_ne  i8 %tmp, i8 255" [../src/ban.cpp:521]   --->   Operation 45 'icmp' 'icmp_ln521' <Predicate = true> <Delay = 0.84> <CoreInst = "Cmp">   --->   Core 9 'Cmp' <Latency = 0> <II = 1> <Delay = 0.44> <FuncUnit> <Opcode : 'icmp'> <InPorts = 2> <OutPorts = 1>
ST_2 : Operation 46 [1/1] (1.05ns)   --->   "%icmp_ln521_2 = icmp_eq  i23 %trunc_ln521, i23 0" [../src/ban.cpp:521]   --->   Operation 46 'icmp' 'icmp_ln521_2' <Predicate = true> <Delay = 1.05> <CoreInst = "Cmp">   --->   Core 9 'Cmp' <Latency = 0> <II = 1> <Delay = 0.44> <FuncUnit> <Opcode : 'icmp'> <InPorts = 2> <OutPorts = 1>
ST_2 : Operation 47 [1/1] (0.00ns) (grouped into LUT with out node and_ln521)   --->   "%or_ln521 = or i1 %icmp_ln521_2, i1 %icmp_ln521" [../src/ban.cpp:521]   --->   Operation 47 'or' 'or_ln521' <Predicate = true> <Delay = 0.00> <CoreInst = "LogicGate">   --->   Core 74 'LogicGate' <Latency = 0> <II = 1> <Delay = 0.28> <FuncUnit> <Opcode : 'and' 'or' 'xor'> <InPorts = 2> <OutPorts = 1>
ST_2 : Operation 48 [1/2] (2.78ns)   --->   "%tmp_s = fcmp_oeq  i32 %n_read, i32 0" [../src/ban.cpp:521]   --->   Operation 48 'fcmp' 'tmp_s' <Predicate = true> <Delay = 2.78> <CoreInst = "FCompare">   --->   Core 19 'FCompare' <Latency = 1> <II = 1> <Delay = 2.78> <FuncUnit> <Opcode : 'fcmp'> <InPorts = 2> <OutPorts = 1>
ST_2 : Operation 49 [1/1] (0.28ns) (out node of the LUT)   --->   "%and_ln521 = and i1 %or_ln521, i1 %tmp_s" [../src/ban.cpp:521]   --->   Operation 49 'and' 'and_ln521' <Predicate = true> <Delay = 0.28> <CoreInst = "LogicGate">   --->   Core 74 'LogicGate' <Latency = 0> <II = 1> <Delay = 0.28> <FuncUnit> <Opcode : 'and' 'or' 'xor'> <InPorts = 2> <OutPorts = 1>
ST_2 : Operation 50 [1/1] (0.57ns)   --->   "%br_ln521 = br i1 %and_ln521, void, void %_ZN3BanC2EiPKf.57.exit" [../src/ban.cpp:521]   --->   Operation 50 'br' 'br_ln521' <Predicate = true> <Delay = 0.57>
ST_2 : Operation 51 [1/1] (0.00ns)   --->   "%tmp_68 = bitselect i1 @_ssdm_op_BitSelect.i1.i32.i32, i32 %this_p_read_1, i32 31" [../src/ban.cpp:524]   --->   Operation 51 'bitselect' 'tmp_68' <Predicate = (!and_ln521)> <Delay = 0.00>
ST_2 : Operation 52 [1/1] (0.00ns)   --->   "%br_ln524 = br i1 %tmp_68, void, void %codeRepl4" [../src/ban.cpp:524]   --->   Operation 52 'br' 'br_ln524' <Predicate = (!and_ln521)> <Delay = 0.00>
ST_2 : Operation 53 [1/1] (0.00ns)   --->   "%trunc_ln527 = trunc i32 %this_p_read_1" [../src/ban.cpp:527]   --->   Operation 53 'trunc' 'trunc_ln527' <Predicate = (!and_ln521 & !tmp_68)> <Delay = 0.00>
ST_2 : Operation 54 [1/1] (1.01ns)   --->   "%add_ln527 = add i32 %this_p_read_1, i32 4294967293" [../src/ban.cpp:527]   --->   Operation 54 'add' 'add_ln527' <Predicate = (!and_ln521 & !tmp_68)> <Delay = 1.01> <CoreInst = "Adder">   --->   Core 1 'Adder' <Latency = 0> <II = 1> <Delay = 1.01> <FuncUnit> <Opcode : 'add' 'sub'> <InPorts = 2> <OutPorts = 1>
ST_2 : Operation 55 [1/1] (0.00ns)   --->   "%tmp_69 = bitselect i1 @_ssdm_op_BitSelect.i1.i32.i32, i32 %add_ln527, i32 31" [../src/ban.cpp:527]   --->   Operation 55 'bitselect' 'tmp_69' <Predicate = (!and_ln521 & !tmp_68)> <Delay = 0.00>
ST_2 : Operation 56 [1/1] (0.57ns)   --->   "%br_ln527 = br i1 %tmp_69, void %_ZN3BanC2EiPKf.57.exit, void" [../src/ban.cpp:527]   --->   Operation 56 'br' 'br_ln527' <Predicate = (!and_ln521 & !tmp_68)> <Delay = 0.57>
ST_2 : Operation 57 [1/1] (0.00ns)   --->   "%trunc_ln534 = trunc i32 %this_p_read_1" [../src/ban.cpp:534]   --->   Operation 57 'trunc' 'trunc_ln534' <Predicate = (!and_ln521 & !tmp_68 & tmp_69)> <Delay = 0.00>
ST_2 : Operation 58 [1/1] (0.47ns)   --->   "%tmp_67 = mux i32 @_ssdm_op_Mux.ap_auto.3float.i2, i32 %p_read37, i32 %p_read108, i32 %p_read, i2 %trunc_ln534" [../src/ban.cpp:534]   --->   Operation 58 'mux' 'tmp_67' <Predicate = (!and_ln521 & !tmp_68 & tmp_69)> <Delay = 0.47> <CoreInst = "Multiplexer">   --->   Core 76 'Multiplexer' <Latency = 0> <II = 1> <Delay = 0.47> <FuncUnit> <Opcode : 'mux'> <InPorts = 2> <OutPorts = 1>
ST_2 : Operation 59 [4/4] (6.43ns)   --->   "%add = fadd i32 %tmp_67, i32 %n_read" [../src/ban.cpp:534]   --->   Operation 59 'fadd' 'add' <Predicate = (!and_ln521 & !tmp_68 & tmp_69)> <Delay = 6.43> <CoreInst = "FAddSub_fulldsp">   --->   Core 18 'FAddSub_fulldsp' <Latency = 3> <II = 1> <Delay = 6.43> <FuncUnit> <Opcode : 'fadd' 'fsub'> <InPorts = 2> <OutPorts = 1>
ST_2 : Operation 60 [1/1] (1.01ns)   --->   "%sub_i1 = sub i32 0, i32 %this_p_read_1"   --->   Operation 60 'sub' 'sub_i1' <Predicate = (!and_ln521 & tmp_68)> <Delay = 1.01> <CoreInst = "Adder">   --->   Core 1 'Adder' <Latency = 0> <II = 1> <Delay = 1.01> <FuncUnit> <Opcode : 'add' 'sub'> <InPorts = 2> <OutPorts = 1>
ST_2 : Operation 61 [1/1] (0.00ns)   --->   "%trunc_ln509 = trunc i32 %this_p_read_1" [../src/ban.cpp:509]   --->   Operation 61 'trunc' 'trunc_ln509' <Predicate = (!and_ln521 & tmp_68)> <Delay = 0.00>
ST_2 : Operation 62 [2/2] (1.92ns)   --->   "%call_ln509 = call void @operator+_Pipeline_VITIS_LOOP_506_1, i32 %sub_i1, i2 %trunc_ln509, i32 %p_read37, i32 %p_read108, i32 %p_read, i32 %num_res_1_02_loc, i32 %num_res_2_01_loc" [../src/ban.cpp:509]   --->   Operation 62 'call' 'call_ln509' <Predicate = (!and_ln521 & tmp_68)> <Delay = 1.92> <CoreType = "Generic">   --->   Core 0 '' <Latency = 0> <II = 1> <Delay = 1.00> <Generic> <Opcode : >

State 3 <SV = 2> <Delay = 6.43>
ST_3 : Operation 63 [3/4] (6.43ns)   --->   "%add = fadd i32 %tmp_67, i32 %n_read" [../src/ban.cpp:534]   --->   Operation 63 'fadd' 'add' <Predicate = true> <Delay = 6.43> <CoreInst = "FAddSub_fulldsp">   --->   Core 18 'FAddSub_fulldsp' <Latency = 3> <II = 1> <Delay = 6.43> <FuncUnit> <Opcode : 'fadd' 'fsub'> <InPorts = 2> <OutPorts = 1>

State 4 <SV = 3> <Delay = 6.43>
ST_4 : Operation 64 [2/4] (6.43ns)   --->   "%add = fadd i32 %tmp_67, i32 %n_read" [../src/ban.cpp:534]   --->   Operation 64 'fadd' 'add' <Predicate = true> <Delay = 6.43> <CoreInst = "FAddSub_fulldsp">   --->   Core 18 'FAddSub_fulldsp' <Latency = 3> <II = 1> <Delay = 6.43> <FuncUnit> <Opcode : 'fadd' 'fsub'> <InPorts = 2> <OutPorts = 1>

State 5 <SV = 4> <Delay = 6.43>
ST_5 : Operation 65 [1/4] (6.43ns)   --->   "%add = fadd i32 %tmp_67, i32 %n_read" [../src/ban.cpp:534]   --->   Operation 65 'fadd' 'add' <Predicate = true> <Delay = 6.43> <CoreInst = "FAddSub_fulldsp">   --->   Core 18 'FAddSub_fulldsp' <Latency = 3> <II = 1> <Delay = 6.43> <FuncUnit> <Opcode : 'fadd' 'fsub'> <InPorts = 2> <OutPorts = 1>
ST_5 : Operation 66 [1/1] (0.58ns)   --->   "%switch_ln534 = switch i2 %trunc_ln534, void %branch11, i2 0, void %branch9, i2 1, void %branch10" [../src/ban.cpp:534]   --->   Operation 66 'switch' 'switch_ln534' <Predicate = true> <Delay = 0.58>
ST_5 : Operation 67 [1/1] (0.42ns)   --->   "%br_ln534 = br void %branch9" [../src/ban.cpp:534]   --->   Operation 67 'br' 'br_ln534' <Predicate = (trunc_ln534 == 1)> <Delay = 0.42>
ST_5 : Operation 68 [1/1] (0.42ns)   --->   "%br_ln534 = br void %branch9" [../src/ban.cpp:534]   --->   Operation 68 'br' 'br_ln534' <Predicate = (trunc_ln534 != 0 & trunc_ln534 != 1)> <Delay = 0.42>

State 6 <SV = 5> <Delay = 2.78>
ST_6 : Operation 69 [1/1] (0.00ns)   --->   "%agg_result_num_0 = phi i32 %p_read37, void %branch11, i32 %p_read37, void %branch10, i32 %add, void" [../src/ban.cpp:534]   --->   Operation 69 'phi' 'agg_result_num_0' <Predicate = true> <Delay = 0.00>
ST_6 : Operation 70 [2/2] (2.78ns)   --->   "%tmp_71 = fcmp_oeq  i32 %agg_result_num_0, i32 0" [../src/ban.cpp:77]   --->   Operation 70 'fcmp' 'tmp_71' <Predicate = true> <Delay = 2.78> <CoreInst = "FCompare">   --->   Core 19 'FCompare' <Latency = 1> <II = 1> <Delay = 2.78> <FuncUnit> <Opcode : 'fcmp'> <InPorts = 2> <OutPorts = 1>

State 7 <SV = 6> <Delay = 3.64>
ST_7 : Operation 71 [1/1] (0.00ns)   --->   "%agg_result_num16_0 = phi i32 %p_read108, void %branch11, i32 %add, void %branch10, i32 %p_read108, void" [../src/ban.cpp:534]   --->   Operation 71 'phi' 'agg_result_num16_0' <Predicate = true> <Delay = 0.00>
ST_7 : Operation 72 [1/1] (0.00ns)   --->   "%agg_result_num2_0 = phi i32 %add, void %branch11, i32 %p_read, void %branch10, i32 %p_read, void" [../src/ban.cpp:534]   --->   Operation 72 'phi' 'agg_result_num2_0' <Predicate = true> <Delay = 0.00>
ST_7 : Operation 73 [1/1] (0.00ns)   --->   "%bitcast_ln77 = bitcast i32 %agg_result_num_0" [../src/ban.cpp:77]   --->   Operation 73 'bitcast' 'bitcast_ln77' <Predicate = true> <Delay = 0.00>
ST_7 : Operation 74 [1/1] (0.00ns)   --->   "%tmp_70 = partselect i8 @_ssdm_op_PartSelect.i8.i32.i32.i32, i32 %bitcast_ln77, i32 23, i32 30" [../src/ban.cpp:77]   --->   Operation 74 'partselect' 'tmp_70' <Predicate = true> <Delay = 0.00>
ST_7 : Operation 75 [1/1] (0.00ns)   --->   "%trunc_ln77 = trunc i32 %bitcast_ln77" [../src/ban.cpp:77]   --->   Operation 75 'trunc' 'trunc_ln77' <Predicate = true> <Delay = 0.00>
ST_7 : Operation 76 [1/1] (0.84ns)   --->   "%icmp_ln77 = icmp_ne  i8 %tmp_70, i8 255" [../src/ban.cpp:77]   --->   Operation 76 'icmp' 'icmp_ln77' <Predicate = true> <Delay = 0.84> <CoreInst = "Cmp">   --->   Core 9 'Cmp' <Latency = 0> <II = 1> <Delay = 0.44> <FuncUnit> <Opcode : 'icmp'> <InPorts = 2> <OutPorts = 1>
ST_7 : Operation 77 [1/1] (1.05ns)   --->   "%icmp_ln77_7 = icmp_eq  i23 %trunc_ln77, i23 0" [../src/ban.cpp:77]   --->   Operation 77 'icmp' 'icmp_ln77_7' <Predicate = true> <Delay = 1.05> <CoreInst = "Cmp">   --->   Core 9 'Cmp' <Latency = 0> <II = 1> <Delay = 0.44> <FuncUnit> <Opcode : 'icmp'> <InPorts = 2> <OutPorts = 1>
ST_7 : Operation 78 [1/1] (0.00ns) (grouped into LUT with out node and_ln77)   --->   "%or_ln77 = or i1 %icmp_ln77_7, i1 %icmp_ln77" [../src/ban.cpp:77]   --->   Operation 78 'or' 'or_ln77' <Predicate = true> <Delay = 0.00> <CoreInst = "LogicGate">   --->   Core 74 'LogicGate' <Latency = 0> <II = 1> <Delay = 0.28> <FuncUnit> <Opcode : 'and' 'or' 'xor'> <InPorts = 2> <OutPorts = 1>
ST_7 : Operation 79 [1/2] (2.78ns)   --->   "%tmp_71 = fcmp_oeq  i32 %agg_result_num_0, i32 0" [../src/ban.cpp:77]   --->   Operation 79 'fcmp' 'tmp_71' <Predicate = true> <Delay = 2.78> <CoreInst = "FCompare">   --->   Core 19 'FCompare' <Latency = 1> <II = 1> <Delay = 2.78> <FuncUnit> <Opcode : 'fcmp'> <InPorts = 2> <OutPorts = 1>
ST_7 : Operation 80 [1/1] (0.28ns) (out node of the LUT)   --->   "%and_ln77 = and i1 %or_ln77, i1 %tmp_71" [../src/ban.cpp:77]   --->   Operation 80 'and' 'and_ln77' <Predicate = true> <Delay = 0.28> <CoreInst = "LogicGate">   --->   Core 74 'LogicGate' <Latency = 0> <II = 1> <Delay = 0.28> <FuncUnit> <Opcode : 'and' 'or' 'xor'> <InPorts = 2> <OutPorts = 1>
ST_7 : Operation 81 [1/1] (0.57ns)   --->   "%br_ln77 = br i1 %and_ln77, void %_ZN3BanC2EiPKf.57.exit, void %.preheader.preheader" [../src/ban.cpp:77]   --->   Operation 81 'br' 'br_ln77' <Predicate = true> <Delay = 0.57>
ST_7 : Operation 82 [2/2] (0.00ns)   --->   "%call_ln534 = call void @operator+_Pipeline_VITIS_LOOP_84_1, i32 %agg_result_num_0, i32 %agg_result_num16_0, i32 %agg_result_num2_0, i32 %idx_tmp_loc" [../src/ban.cpp:534]   --->   Operation 82 'call' 'call_ln534' <Predicate = (and_ln77)> <Delay = 0.00> <CoreType = "Generic">   --->   Core 0 '' <Latency = 0> <II = 1> <Delay = 1.00> <Generic> <Opcode : >

State 8 <SV = 7> <Delay = 0.44>
ST_8 : Operation 83 [1/2] (0.44ns)   --->   "%call_ln534 = call void @operator+_Pipeline_VITIS_LOOP_84_1, i32 %agg_result_num_0, i32 %agg_result_num16_0, i32 %agg_result_num2_0, i32 %idx_tmp_loc" [../src/ban.cpp:534]   --->   Operation 83 'call' 'call_ln534' <Predicate = true> <Delay = 0.44> <CoreType = "Generic">   --->   Core 0 '' <Latency = 0> <II = 1> <Delay = 1.00> <Generic> <Opcode : >

State 9 <SV = 8> <Delay = 1.41>
ST_9 : Operation 84 [1/1] (0.00ns)   --->   "%idx_tmp_loc_load = load i32 %idx_tmp_loc"   --->   Operation 84 'load' 'idx_tmp_loc_load' <Predicate = true> <Delay = 0.00>
ST_9 : Operation 85 [1/1] (0.00ns)   --->   "%empty = trunc i32 %idx_tmp_loc_load"   --->   Operation 85 'trunc' 'empty' <Predicate = true> <Delay = 0.00>
ST_9 : Operation 86 [1/1] (0.99ns)   --->   "%icmp_ln92 = icmp_ult  i32 %idx_tmp_loc_load, i32 3" [../src/ban.cpp:92]   --->   Operation 86 'icmp' 'icmp_ln92' <Predicate = true> <Delay = 0.99> <CoreInst = "Cmp">   --->   Core 9 'Cmp' <Latency = 0> <II = 1> <Delay = 0.44> <FuncUnit> <Opcode : 'icmp'> <InPorts = 2> <OutPorts = 1>
ST_9 : Operation 87 [1/1] (0.42ns)   --->   "%br_ln92 = br i1 %icmp_ln92, void %.lr.ph.i, void %.lr.ph7.i" [../src/ban.cpp:92]   --->   Operation 87 'br' 'br_ln92' <Predicate = true> <Delay = 0.42>
ST_9 : Operation 88 [1/1] (0.28ns)   --->   "%xor_ln92 = xor i2 %empty, i2 3" [../src/ban.cpp:92]   --->   Operation 88 'xor' 'xor_ln92' <Predicate = (icmp_ln92)> <Delay = 0.28> <CoreInst = "LogicGate">   --->   Core 74 'LogicGate' <Latency = 0> <II = 1> <Delay = 0.28> <FuncUnit> <Opcode : 'and' 'or' 'xor'> <InPorts = 2> <OutPorts = 1>
ST_9 : Operation 89 [2/2] (0.42ns)   --->   "%call_ln534 = call void @operator+_Pipeline_VITIS_LOOP_92_2, i32 %agg_result_num_0, i32 %agg_result_num16_0, i32 %agg_result_num2_0, i2 %empty, i2 %xor_ln92, i32 %agg_result_num_1_loc, i32 %agg_result_num16_1_loc, i32 %agg_result_num2_1_loc" [../src/ban.cpp:534]   --->   Operation 89 'call' 'call_ln534' <Predicate = (icmp_ln92)> <Delay = 0.42> <CoreType = "Generic">   --->   Core 0 '' <Latency = 0> <II = 1> <Delay = 1.00> <Generic> <Opcode : >

State 10 <SV = 9> <Delay = 0.44>
ST_10 : Operation 90 [1/2] (0.44ns)   --->   "%call_ln534 = call void @operator+_Pipeline_VITIS_LOOP_92_2, i32 %agg_result_num_0, i32 %agg_result_num16_0, i32 %agg_result_num2_0, i2 %empty, i2 %xor_ln92, i32 %agg_result_num_1_loc, i32 %agg_result_num16_1_loc, i32 %agg_result_num2_1_loc" [../src/ban.cpp:534]   --->   Operation 90 'call' 'call_ln534' <Predicate = true> <Delay = 0.44> <CoreType = "Generic">   --->   Core 0 '' <Latency = 0> <II = 1> <Delay = 1.00> <Generic> <Opcode : >

State 11 <SV = 10> <Delay = 2.34>
ST_11 : Operation 91 [1/1] (0.00ns)   --->   "%agg_result_num_1_loc_load = load i32 %agg_result_num_1_loc"   --->   Operation 91 'load' 'agg_result_num_1_loc_load' <Predicate = (icmp_ln92)> <Delay = 0.00>
ST_11 : Operation 92 [1/1] (0.00ns)   --->   "%agg_result_num16_1_loc_load = load i32 %agg_result_num16_1_loc"   --->   Operation 92 'load' 'agg_result_num16_1_loc_load' <Predicate = (icmp_ln92)> <Delay = 0.00>
ST_11 : Operation 93 [1/1] (0.00ns)   --->   "%agg_result_num2_1_loc_load = load i32 %agg_result_num2_1_loc"   --->   Operation 93 'load' 'agg_result_num2_1_loc_load' <Predicate = (icmp_ln92)> <Delay = 0.00>
ST_11 : Operation 94 [1/1] (0.00ns) (grouped into TernaryAdder)   --->   "%sub_ln92 = sub i2 2, i2 %empty" [../src/ban.cpp:92]   --->   Operation 94 'sub' 'sub_ln92' <Predicate = (icmp_ln92)> <Delay = 0.00> <CoreInst = "TAddSub">   --->   Core 10 'TAddSub' <Latency = 0> <II = 1> <Delay = 0.15> <IPBlock> <Opcode : 'add' 'sub'> <InPorts = 3> <OutPorts = 1> <Sync> <CReg>
ST_11 : Operation 95 [1/1] (0.14ns) (root node of TernaryAdder)   --->   "%base = add i2 %sub_ln92, i2 1" [../src/ban.cpp:97]   --->   Operation 95 'add' 'base' <Predicate = (icmp_ln92)> <Delay = 0.14> <CoreInst = "TAddSub">   --->   Core 10 'TAddSub' <Latency = 0> <II = 1> <Delay = 0.15> <IPBlock> <Opcode : 'add' 'sub'> <InPorts = 3> <OutPorts = 1> <Sync> <CReg>
ST_11 : Operation 96 [1/1] (0.00ns)   --->   "%zext_ln91 = zext i2 %base" [../src/ban.cpp:91]   --->   Operation 96 'zext' 'zext_ln91' <Predicate = (icmp_ln92)> <Delay = 0.00>
ST_11 : Operation 97 [1/1] (0.00ns) (grouped into TernaryAdder)   --->   "%add_ln100 = add i3 %trunc_ln527, i3 5" [../src/ban.cpp:100]   --->   Operation 97 'add' 'add_ln100' <Predicate = (icmp_ln92)> <Delay = 0.00> <CoreInst = "TAddSub">   --->   Core 10 'TAddSub' <Latency = 0> <II = 1> <Delay = 0.15> <IPBlock> <Opcode : 'add' 'sub'> <InPorts = 3> <OutPorts = 1> <Sync> <CReg>
ST_11 : Operation 98 [1/1] (0.00ns)   --->   "%zext_ln100 = zext i2 %base" [../src/ban.cpp:100]   --->   Operation 98 'zext' 'zext_ln100' <Predicate = (icmp_ln92)> <Delay = 0.00>
ST_11 : Operation 99 [1/1] (1.01ns)   --->   "%tmp_73 = add i32 %zext_ln91, i32 %add_ln527" [../src/ban.cpp:100]   --->   Operation 99 'add' 'tmp_73' <Predicate = (icmp_ln92)> <Delay = 1.01> <CoreInst = "Adder">   --->   Core 1 'Adder' <Latency = 0> <II = 1> <Delay = 1.01> <FuncUnit> <Opcode : 'add' 'sub'> <InPorts = 2> <OutPorts = 1>
ST_11 : Operation 100 [1/1] (0.30ns) (root node of TernaryAdder)   --->   "%add_ln100_4 = add i3 %zext_ln100, i3 %add_ln100" [../src/ban.cpp:100]   --->   Operation 100 'add' 'add_ln100_4' <Predicate = (icmp_ln92)> <Delay = 0.30> <CoreInst = "TAddSub">   --->   Core 10 'TAddSub' <Latency = 0> <II = 1> <Delay = 0.15> <IPBlock> <Opcode : 'add' 'sub'> <InPorts = 3> <OutPorts = 1> <Sync> <CReg>
ST_11 : Operation 101 [1/1] (0.44ns)   --->   "%icmp_ln104 = icmp_eq  i2 %base, i2 3" [../src/ban.cpp:104]   --->   Operation 101 'icmp' 'icmp_ln104' <Predicate = (icmp_ln92)> <Delay = 0.44> <CoreInst = "Cmp">   --->   Core 9 'Cmp' <Latency = 0> <II = 1> <Delay = 0.44> <FuncUnit> <Opcode : 'icmp'> <InPorts = 2> <OutPorts = 1>
ST_11 : Operation 102 [1/1] (0.57ns)   --->   "%br_ln104 = br i1 %icmp_ln104, void %.lr.ph.i, void %_ZN3BanC2EiPKf.57.exit" [../src/ban.cpp:104]   --->   Operation 102 'br' 'br_ln104' <Predicate = (icmp_ln92)> <Delay = 0.57>
ST_11 : Operation 103 [1/1] (0.00ns)   --->   "%agg_result_num_3 = phi i32 %agg_result_num_0, void %.preheader.preheader, i32 %agg_result_num_1_loc_load, void %.lr.ph7.i" [../src/ban.cpp:534]   --->   Operation 103 'phi' 'agg_result_num_3' <Predicate = (!icmp_ln104) | (!icmp_ln92)> <Delay = 0.00>
ST_11 : Operation 104 [1/1] (0.00ns)   --->   "%agg_result_num16_3 = phi i32 %agg_result_num16_0, void %.preheader.preheader, i32 %agg_result_num16_1_loc_load, void %.lr.ph7.i" [../src/ban.cpp:534]   --->   Operation 104 'phi' 'agg_result_num16_3' <Predicate = (!icmp_ln104) | (!icmp_ln92)> <Delay = 0.00>
ST_11 : Operation 105 [1/1] (0.00ns)   --->   "%agg_result_num2_3 = phi i32 %agg_result_num2_0, void %.preheader.preheader, i32 %agg_result_num2_1_loc_load, void %.lr.ph7.i" [../src/ban.cpp:534]   --->   Operation 105 'phi' 'agg_result_num2_3' <Predicate = (!icmp_ln104) | (!icmp_ln92)> <Delay = 0.00>
ST_11 : Operation 106 [1/1] (0.00ns)   --->   "%base_0_lcssa_i2023 = phi i2 0, void %.preheader.preheader, i2 %base, void %.lr.ph7.i"   --->   Operation 106 'phi' 'base_0_lcssa_i2023' <Predicate = (!icmp_ln104) | (!icmp_ln92)> <Delay = 0.00>
ST_11 : Operation 107 [1/1] (0.00ns)   --->   "%zext_ln104 = zext i2 %base_0_lcssa_i2023" [../src/ban.cpp:104]   --->   Operation 107 'zext' 'zext_ln104' <Predicate = (!icmp_ln104) | (!icmp_ln92)> <Delay = 0.00>
ST_11 : Operation 108 [1/1] (0.44ns)   --->   "%icmp_ln104_6 = icmp_ne  i2 %base_0_lcssa_i2023, i2 3" [../src/ban.cpp:104]   --->   Operation 108 'icmp' 'icmp_ln104_6' <Predicate = (!icmp_ln104) | (!icmp_ln92)> <Delay = 0.44> <CoreInst = "Cmp">   --->   Core 9 'Cmp' <Latency = 0> <II = 1> <Delay = 0.44> <FuncUnit> <Opcode : 'icmp'> <InPorts = 2> <OutPorts = 1>
ST_11 : Operation 109 [1/1] (0.54ns)   --->   "%add_ln104 = add i3 %zext_ln104, i3 1" [../src/ban.cpp:104]   --->   Operation 109 'add' 'add_ln104' <Predicate = (!icmp_ln104) | (!icmp_ln92)> <Delay = 0.54> <CoreInst = "Adder">   --->   Core 1 'Adder' <Latency = 0> <II = 1> <Delay = 1.01> <FuncUnit> <Opcode : 'add' 'sub'> <InPorts = 2> <OutPorts = 1>
ST_11 : Operation 110 [1/1] (0.20ns)   --->   "%select_ln104 = select i1 %icmp_ln104_6, i3 3, i3 %add_ln104" [../src/ban.cpp:104]   --->   Operation 110 'select' 'select_ln104' <Predicate = (!icmp_ln104) | (!icmp_ln92)> <Delay = 0.20> <CoreInst = "Sel">   --->   Core 73 'Sel' <Latency = 0> <II = 1> <Delay = 0.20> <FuncUnit> <Opcode : 'select'> <InPorts = 3> <OutPorts = 1>
ST_11 : Operation 111 [2/2] (0.42ns)   --->   "%call_ln534 = call void @operator+_Pipeline_VITIS_LOOP_104_3, i32 %agg_result_num_3, i32 %agg_result_num16_3, i32 %agg_result_num2_3, i2 %base_0_lcssa_i2023, i3 %select_ln104, i32 %agg_result_num_4_loc, i32 %agg_result_num16_4_loc, i32 %agg_result_num2_4_loc" [../src/ban.cpp:534]   --->   Operation 111 'call' 'call_ln534' <Predicate = (!icmp_ln104) | (!icmp_ln92)> <Delay = 0.42> <CoreType = "Generic">   --->   Core 0 '' <Latency = 0> <II = 1> <Delay = 1.00> <Generic> <Opcode : >

State 12 <SV = 11> <Delay = 1.13>
ST_12 : Operation 112 [1/2] (1.13ns)   --->   "%call_ln534 = call void @operator+_Pipeline_VITIS_LOOP_104_3, i32 %agg_result_num_3, i32 %agg_result_num16_3, i32 %agg_result_num2_3, i2 %base_0_lcssa_i2023, i3 %select_ln104, i32 %agg_result_num_4_loc, i32 %agg_result_num16_4_loc, i32 %agg_result_num2_4_loc" [../src/ban.cpp:534]   --->   Operation 112 'call' 'call_ln534' <Predicate = true> <Delay = 1.13> <CoreType = "Generic">   --->   Core 0 '' <Latency = 0> <II = 1> <Delay = 1.00> <Generic> <Opcode : >

State 13 <SV = 12> <Delay = 0.57>
ST_13 : Operation 113 [1/1] (0.00ns)   --->   "%agg_result_p_0 = phi i3 0, void %.preheader.preheader, i3 %add_ln100_4, void %.lr.ph7.i" [../src/ban.cpp:100]   --->   Operation 113 'phi' 'agg_result_p_0' <Predicate = (!and_ln521 & !tmp_68 & tmp_69 & and_ln77 & !icmp_ln104) | (!and_ln521 & !tmp_68 & tmp_69 & and_ln77 & !icmp_ln92)> <Delay = 0.00>
ST_13 : Operation 114 [1/1] (0.00ns)   --->   "%sext_ln104 = sext i3 %agg_result_p_0" [../src/ban.cpp:104]   --->   Operation 114 'sext' 'sext_ln104' <Predicate = (!and_ln521 & !tmp_68 & tmp_69 & and_ln77 & !icmp_ln104) | (!and_ln521 & !tmp_68 & tmp_69 & and_ln77 & !icmp_ln92)> <Delay = 0.00>
ST_13 : Operation 115 [1/1] (0.00ns)   --->   "%agg_result_num_4_loc_load = load i32 %agg_result_num_4_loc"   --->   Operation 115 'load' 'agg_result_num_4_loc_load' <Predicate = (!and_ln521 & !tmp_68 & tmp_69 & and_ln77 & !icmp_ln104) | (!and_ln521 & !tmp_68 & tmp_69 & and_ln77 & !icmp_ln92)> <Delay = 0.00>
ST_13 : Operation 116 [1/1] (0.00ns)   --->   "%agg_result_num16_4_loc_load = load i32 %agg_result_num16_4_loc"   --->   Operation 116 'load' 'agg_result_num16_4_loc_load' <Predicate = (!and_ln521 & !tmp_68 & tmp_69 & and_ln77 & !icmp_ln104) | (!and_ln521 & !tmp_68 & tmp_69 & and_ln77 & !icmp_ln92)> <Delay = 0.00>
ST_13 : Operation 117 [1/1] (0.00ns)   --->   "%agg_result_num2_4_loc_load = load i32 %agg_result_num2_4_loc"   --->   Operation 117 'load' 'agg_result_num2_4_loc_load' <Predicate = (!and_ln521 & !tmp_68 & tmp_69 & and_ln77 & !icmp_ln104) | (!and_ln521 & !tmp_68 & tmp_69 & and_ln77 & !icmp_ln92)> <Delay = 0.00>
ST_13 : Operation 118 [1/1] (0.57ns)   --->   "%br_ln0 = br void %_ZN3BanC2EiPKf.57.exit"   --->   Operation 118 'br' 'br_ln0' <Predicate = (!and_ln521 & !tmp_68 & tmp_69 & and_ln77 & !icmp_ln104) | (!and_ln521 & !tmp_68 & tmp_69 & and_ln77 & !icmp_ln92)> <Delay = 0.57>
ST_13 : Operation 119 [1/1] (0.00ns)   --->   "%agg_result_num_8 = phi i32 %agg_result_num_6_loc_load, void %codeRepl4, i32 %agg_result_num_4_loc_load, void %.lr.ph.i, i32 %p_read37, void, i32 %p_read37, void, i32 %agg_result_num_0, void %branch9, i32 %agg_result_num_1_loc_load, void %.lr.ph7.i" [../src/ban.cpp:534]   --->   Operation 119 'phi' 'agg_result_num_8' <Predicate = true> <Delay = 0.00>
ST_13 : Operation 120 [1/1] (0.00ns)   --->   "%agg_result_num16_8 = phi i32 %agg_result_num16_6_loc_load, void %codeRepl4, i32 %agg_result_num16_4_loc_load, void %.lr.ph.i, i32 %p_read108, void, i32 %p_read108, void, i32 %agg_result_num16_0, void %branch9, i32 %agg_result_num16_1_loc_load, void %.lr.ph7.i" [../src/ban.cpp:534]   --->   Operation 120 'phi' 'agg_result_num16_8' <Predicate = true> <Delay = 0.00>
ST_13 : Operation 121 [1/1] (0.00ns)   --->   "%agg_result_num2_8 = phi i32 %agg_result_num2_6_loc_load, void %codeRepl4, i32 %agg_result_num2_4_loc_load, void %.lr.ph.i, i32 %p_read, void, i32 %p_read, void, i32 %agg_result_num2_0, void %branch9, i32 %agg_result_num2_1_loc_load, void %.lr.ph7.i" [../src/ban.cpp:534]   --->   Operation 121 'phi' 'agg_result_num2_8' <Predicate = true> <Delay = 0.00>
ST_13 : Operation 122 [1/1] (0.00ns)   --->   "%this_p_write_assign = phi i32 0, void %codeRepl4, i32 %sext_ln104, void %.lr.ph.i, i32 %this_p_read_1, void, i32 %this_p_read_1, void, i32 %this_p_read_1, void %branch9, i32 %tmp_73, void %.lr.ph7.i"   --->   Operation 122 'phi' 'this_p_write_assign' <Predicate = true> <Delay = 0.00>
ST_13 : Operation 123 [1/1] (0.00ns)   --->   "%mrv = insertvalue i128 <undef>, i32 %this_p_write_assign" [../src/ban.cpp:544]   --->   Operation 123 'insertvalue' 'mrv' <Predicate = true> <Delay = 0.00>
ST_13 : Operation 124 [1/1] (0.00ns)   --->   "%mrv_1 = insertvalue i128 %mrv, i32 %agg_result_num_8" [../src/ban.cpp:544]   --->   Operation 124 'insertvalue' 'mrv_1' <Predicate = true> <Delay = 0.00>
ST_13 : Operation 125 [1/1] (0.00ns)   --->   "%mrv_2 = insertvalue i128 %mrv_1, i32 %agg_result_num16_8" [../src/ban.cpp:544]   --->   Operation 125 'insertvalue' 'mrv_2' <Predicate = true> <Delay = 0.00>
ST_13 : Operation 126 [1/1] (0.00ns)   --->   "%mrv_3 = insertvalue i128 %mrv_2, i32 %agg_result_num2_8" [../src/ban.cpp:544]   --->   Operation 126 'insertvalue' 'mrv_3' <Predicate = true> <Delay = 0.00>
ST_13 : Operation 127 [1/1] (0.00ns)   --->   "%ret_ln544 = ret i128 %mrv_3" [../src/ban.cpp:544]   --->   Operation 127 'ret' 'ret_ln544' <Predicate = true> <Delay = 0.00>

State 14 <SV = 2> <Delay = 0.87>
ST_14 : Operation 128 [1/2] (0.87ns)   --->   "%call_ln509 = call void @operator+_Pipeline_VITIS_LOOP_506_1, i32 %sub_i1, i2 %trunc_ln509, i32 %p_read37, i32 %p_read108, i32 %p_read, i32 %num_res_1_02_loc, i32 %num_res_2_01_loc" [../src/ban.cpp:509]   --->   Operation 128 'call' 'call_ln509' <Predicate = true> <Delay = 0.87> <CoreType = "Generic">   --->   Core 0 '' <Latency = 0> <II = 1> <Delay = 1.00> <Generic> <Opcode : >

State 15 <SV = 3> <Delay = 0.47>
ST_15 : Operation 129 [1/1] (0.00ns)   --->   "%num_res_1_02_loc_load = load i32 %num_res_1_02_loc"   --->   Operation 129 'load' 'num_res_1_02_loc_load' <Predicate = true> <Delay = 0.00>
ST_15 : Operation 130 [1/1] (0.00ns)   --->   "%num_res_2_01_loc_load = load i32 %num_res_2_01_loc"   --->   Operation 130 'load' 'num_res_2_01_loc_load' <Predicate = true> <Delay = 0.00>
ST_15 : Operation 131 [2/2] (0.47ns)   --->   "%call_ln0 = call void @operator+_Pipeline_VITIS_LOOP_21_1, i32 %n_read, i32 %num_res_1_02_loc_load, i32 %num_res_2_01_loc_load, i32 %agg_result_num_6_loc, i32 %agg_result_num16_6_loc, i32 %agg_result_num2_6_loc"   --->   Operation 131 'call' 'call_ln0' <Predicate = true> <Delay = 0.47> <CoreType = "Generic">   --->   Core 0 '' <Latency = 0> <II = 1> <Delay = 1.00> <Generic> <Opcode : >

State 16 <SV = 4> <Delay = 0.87>
ST_16 : Operation 132 [1/2] (0.87ns)   --->   "%call_ln0 = call void @operator+_Pipeline_VITIS_LOOP_21_1, i32 %n_read, i32 %num_res_1_02_loc_load, i32 %num_res_2_01_loc_load, i32 %agg_result_num_6_loc, i32 %agg_result_num16_6_loc, i32 %agg_result_num2_6_loc"   --->   Operation 132 'call' 'call_ln0' <Predicate = true> <Delay = 0.87> <CoreType = "Generic">   --->   Core 0 '' <Latency = 0> <II = 1> <Delay = 1.00> <Generic> <Opcode : >

State 17 <SV = 5> <Delay = 0.00>

State 18 <SV = 6> <Delay = 0.00>

State 19 <SV = 7> <Delay = 0.00>

State 20 <SV = 8> <Delay = 0.00>

State 21 <SV = 9> <Delay = 0.00>

State 22 <SV = 10> <Delay = 0.00>

State 23 <SV = 11> <Delay = 0.57>
ST_23 : Operation 133 [1/1] (0.00ns)   --->   "%agg_result_num_6_loc_load = load i32 %agg_result_num_6_loc"   --->   Operation 133 'load' 'agg_result_num_6_loc_load' <Predicate = true> <Delay = 0.00>
ST_23 : Operation 134 [1/1] (0.00ns)   --->   "%agg_result_num16_6_loc_load = load i32 %agg_result_num16_6_loc"   --->   Operation 134 'load' 'agg_result_num16_6_loc_load' <Predicate = true> <Delay = 0.00>
ST_23 : Operation 135 [1/1] (0.00ns)   --->   "%agg_result_num2_6_loc_load = load i32 %agg_result_num2_6_loc"   --->   Operation 135 'load' 'agg_result_num2_6_loc_load' <Predicate = true> <Delay = 0.00>
ST_23 : Operation 136 [1/1] (0.57ns)   --->   "%br_ln0 = br void %_ZN3BanC2EiPKf.57.exit"   --->   Operation 136 'br' 'br_ln0' <Predicate = true> <Delay = 0.57>


============================================================
+ Verbose Summary: Timing violations
============================================================
Target clock period: 10ns, clock uncertainty: 2.7ns.

 <State 1>: 2.78ns
The critical path consists of the following:
	wire read operation ('n_read') on port 'n' [6]  (0 ns)
	'fcmp' operation ('tmp_s', ../src/ban.cpp:521) [29]  (2.78 ns)

 <State 2>: 6.91ns
The critical path consists of the following:
	wire read operation ('this.num[2]') on port 'p_read11' [7]  (0 ns)
	'mux' operation ('tmp_67', ../src/ban.cpp:534) [42]  (0.476 ns)
	'fadd' operation ('add', ../src/ban.cpp:534) [43]  (6.44 ns)

 <State 3>: 6.44ns
The critical path consists of the following:
	'fadd' operation ('add', ../src/ban.cpp:534) [43]  (6.44 ns)

 <State 4>: 6.44ns
The critical path consists of the following:
	'fadd' operation ('add', ../src/ban.cpp:534) [43]  (6.44 ns)

 <State 5>: 6.44ns
The critical path consists of the following:
	'fadd' operation ('add', ../src/ban.cpp:534) [43]  (6.44 ns)

 <State 6>: 2.78ns
The critical path consists of the following:
	'phi' operation ('agg_result_num_0', ../src/ban.cpp:534) with incoming values : ('this.num[0]') ('add', ../src/ban.cpp:534) [50]  (0 ns)
	'fcmp' operation ('tmp_71', ../src/ban.cpp:77) [59]  (2.78 ns)

 <State 7>: 3.64ns
The critical path consists of the following:
	'fcmp' operation ('tmp_71', ../src/ban.cpp:77) [59]  (2.78 ns)
	'and' operation ('and_ln77', ../src/ban.cpp:77) [60]  (0.287 ns)
	multiplexor before 'phi' operation ('this.num[0]', ../src/ban.cpp:534) with incoming values : ('this.num[0]') ('add', ../src/ban.cpp:534) ('agg_result_num_1_loc_load') ('agg_result_num_4_loc_load') ('agg_result_num_6_loc_load') [111]  (0.574 ns)

 <State 8>: 0.446ns
The critical path consists of the following:
	'call' operation ('call_ln534', ../src/ban.cpp:534) to 'operator+_Pipeline_VITIS_LOOP_84_1' [63]  (0.446 ns)

 <State 9>: 1.42ns
The critical path consists of the following:
	'load' operation ('idx_tmp_loc_load') on local variable 'idx_tmp_loc' [64]  (0 ns)
	'icmp' operation ('icmp_ln92', ../src/ban.cpp:92) [66]  (0.991 ns)
	multiplexor before 'phi' operation ('agg_result_num_3', ../src/ban.cpp:534) with incoming values : ('this.num[0]') ('add', ../src/ban.cpp:534) ('agg_result_num_1_loc_load') [84]  (0.427 ns)

 <State 10>: 0.446ns
The critical path consists of the following:
	'call' operation ('call_ln534', ../src/ban.cpp:534) to 'operator+_Pipeline_VITIS_LOOP_92_2' [70]  (0.446 ns)

 <State 11>: 2.35ns
The critical path consists of the following:
	'sub' operation ('sub_ln92', ../src/ban.cpp:92) [74]  (0 ns)
	'add' operation ('base', ../src/ban.cpp:97) [75]  (0.144 ns)
	'icmp' operation ('icmp_ln104', ../src/ban.cpp:104) [81]  (0.446 ns)
	multiplexor before 'phi' operation ('base') with incoming values : ('base', ../src/ban.cpp:97) [88]  (0.574 ns)
	'phi' operation ('base') with incoming values : ('base', ../src/ban.cpp:97) [88]  (0 ns)
	'add' operation ('add_ln104', ../src/ban.cpp:104) [92]  (0.548 ns)
	'select' operation ('select_ln104', ../src/ban.cpp:104) [93]  (0.208 ns)
	'call' operation ('call_ln534', ../src/ban.cpp:534) to 'operator+_Pipeline_VITIS_LOOP_104_3' [94]  (0.427 ns)

 <State 12>: 1.13ns
The critical path consists of the following:
	'call' operation ('call_ln534', ../src/ban.cpp:534) to 'operator+_Pipeline_VITIS_LOOP_104_3' [94]  (1.13 ns)

 <State 13>: 0.574ns
The critical path consists of the following:
	'load' operation ('agg_result_num_4_loc_load') on local variable 'agg_result_num_4_loc' [95]  (0 ns)
	multiplexor before 'phi' operation ('this.num[0]', ../src/ban.cpp:534) with incoming values : ('this.num[0]') ('add', ../src/ban.cpp:534) ('agg_result_num_1_loc_load') ('agg_result_num_4_loc_load') ('agg_result_num_6_loc_load') [111]  (0.574 ns)
	'phi' operation ('this.num[0]', ../src/ban.cpp:534) with incoming values : ('this.num[0]') ('add', ../src/ban.cpp:534) ('agg_result_num_1_loc_load') ('agg_result_num_4_loc_load') ('agg_result_num_6_loc_load') [111]  (0 ns)

 <State 14>: 0.873ns
The critical path consists of the following:
	'call' operation ('call_ln509', ../src/ban.cpp:509) to 'operator+_Pipeline_VITIS_LOOP_506_1' [102]  (0.873 ns)

 <State 15>: 0.476ns
The critical path consists of the following:
	'load' operation ('num_res_1_02_loc_load') on local variable 'num_res_1_02_loc' [103]  (0 ns)
	'call' operation ('call_ln0') to 'operator+_Pipeline_VITIS_LOOP_21_1' [105]  (0.476 ns)

 <State 16>: 0.873ns
The critical path consists of the following:
	'call' operation ('call_ln0') to 'operator+_Pipeline_VITIS_LOOP_21_1' [105]  (0.873 ns)

 <State 17>: 0ns
The critical path consists of the following:

 <State 18>: 0ns
The critical path consists of the following:

 <State 19>: 0ns
The critical path consists of the following:

 <State 20>: 0ns
The critical path consists of the following:

 <State 21>: 0ns
The critical path consists of the following:

 <State 22>: 0ns
The critical path consists of the following:

 <State 23>: 0.574ns
The critical path consists of the following:
	multiplexor before 'phi' operation ('this.num[0]', ../src/ban.cpp:534) with incoming values : ('this.num[0]') ('add', ../src/ban.cpp:534) ('agg_result_num_1_loc_load') ('agg_result_num_4_loc_load') ('agg_result_num_6_loc_load') [111]  (0.574 ns)


============================================================
+ Verbose Summary: Binding
============================================================
N/A
* FSMD analyzer results:
  - Output states:
 - Input state : 
  - Chain level:
	State 1
	State 2
	State 3
	State 4
	State 5
	State 6
	State 7
	State 8
	State 9
	State 10
	State 11
	State 12
	State 13
	State 14
	State 15
	State 16
	State 17
	State 18
	State 19
	State 20
	State 21
	State 22
	State 23


============================================================
+ Verbose Summary: Datapath Resource usage 
============================================================
N/A
