

================================================================
== Vitis HLS Report for 'operator_2'
================================================================
* Date:           Tue Feb  8 15:34:19 2022

* Version:        2021.2 (Build 3367213 on Tue Oct 19 02:47:39 MDT 2021)
* Project:        ban_interface
* Solution:       solution1 (Vivado IP Flow Target)
* Product family: zynquplus
* Target device:  xczu7ev-ffvc1156-2-e


================================================================
== Performance Estimates
================================================================
+ Timing: 
    * Summary: 
    +--------+----------+----------+------------+
    |  Clock |  Target  | Estimated| Uncertainty|
    +--------+----------+----------+------------+
    |ap_clk  |  10.00 ns|  6.913 ns|     2.70 ns|
    +--------+----------+----------+------------+

+ Latency: 
    * Summary: 
    +---------+---------+----------+----------+-----+-----+---------+
    |  Latency (cycles) |  Latency (absolute) |  Interval | Pipeline|
    |   min   |   max   |    min   |    max   | min | max |   Type  |
    +---------+---------+----------+----------+-----+-----+---------+
    |        ?|        ?|         ?|         ?|    ?|    ?|       no|
    +---------+---------+----------+----------+-----+-----+---------+

    + Detail: 
        * Instance: 
        N/A

        * Loop: 
        N/A

============================================================
+ Verbose Summary: Synthesis Manager
============================================================
InlineROM: 1
ExposeGlobal: 0
============================================================
+ Verbose Summary: CDFG Model
============================================================
IsTopModel: 0
ResetActiveHigh: 1
IsCombinational: 0
IsDatapathOnly: 0
HasWiredReturn: 1
HasMFsm: 0
HasVarLatency: 1
IsPipeline: 0
IsRtlPipelined: 0
IsInstanceOverlapped: 0
IsDontTouch: 0
HasImplIP: 0
IsGatedGlobalClock: 0


============================================================
+ Verbose Summary: Schedule
============================================================
* Number of FSM states : 24
* Pipeline : 0
* Dataflow Pipeline: 0

* FSM state transitions: 
1 --> 2 
2 --> 24 14 3 13 
3 --> 4 
4 --> 5 
5 --> 6 
6 --> 7 
7 --> 8 13 
8 --> 9 
9 --> 10 11 
10 --> 11 
11 --> 12 13 
12 --> 13 
13 --> 
14 --> 15 
15 --> 16 
16 --> 17 
17 --> 18 
18 --> 19 
19 --> 20 
20 --> 21 
21 --> 22 
22 --> 23 
23 --> 13 
24 --> 13 

* FSM state operations: 

State 1 <SV = 0> <Delay = 2.78>
ST_1 : Operation 25 [1/1] (0.00ns)   --->   "%n_read = read i32 @_ssdm_op_Read.ap_auto.float, i32 %n"   --->   Operation 25 'read' 'n_read' <Predicate = true> <Delay = 0.00>
ST_1 : Operation 26 [1/1] (0.00ns)   --->   "%agg_result_num2_6_loc = alloca i64 1"   --->   Operation 26 'alloca' 'agg_result_num2_6_loc' <Predicate = true> <Delay = 0.00>
ST_1 : Operation 27 [1/1] (0.00ns)   --->   "%agg_result_num16_6_loc = alloca i64 1"   --->   Operation 27 'alloca' 'agg_result_num16_6_loc' <Predicate = true> <Delay = 0.00>
ST_1 : Operation 28 [1/1] (0.00ns)   --->   "%agg_result_num_6_loc = alloca i64 1"   --->   Operation 28 'alloca' 'agg_result_num_6_loc' <Predicate = true> <Delay = 0.00>
ST_1 : Operation 29 [1/1] (0.00ns)   --->   "%num_res_2_01_loc = alloca i64 1"   --->   Operation 29 'alloca' 'num_res_2_01_loc' <Predicate = true> <Delay = 0.00>
ST_1 : Operation 30 [1/1] (0.00ns)   --->   "%num_res_1_02_loc = alloca i64 1"   --->   Operation 30 'alloca' 'num_res_1_02_loc' <Predicate = true> <Delay = 0.00>
ST_1 : Operation 31 [1/1] (0.00ns)   --->   "%agg_result_num2_4_loc = alloca i64 1"   --->   Operation 31 'alloca' 'agg_result_num2_4_loc' <Predicate = true> <Delay = 0.00>
ST_1 : Operation 32 [1/1] (0.00ns)   --->   "%agg_result_num16_4_loc = alloca i64 1"   --->   Operation 32 'alloca' 'agg_result_num16_4_loc' <Predicate = true> <Delay = 0.00>
ST_1 : Operation 33 [1/1] (0.00ns)   --->   "%agg_result_num_4_loc = alloca i64 1"   --->   Operation 33 'alloca' 'agg_result_num_4_loc' <Predicate = true> <Delay = 0.00>
ST_1 : Operation 34 [1/1] (0.00ns)   --->   "%agg_result_num2_1_loc = alloca i64 1"   --->   Operation 34 'alloca' 'agg_result_num2_1_loc' <Predicate = true> <Delay = 0.00>
ST_1 : Operation 35 [1/1] (0.00ns)   --->   "%agg_result_num16_1_loc = alloca i64 1"   --->   Operation 35 'alloca' 'agg_result_num16_1_loc' <Predicate = true> <Delay = 0.00>
ST_1 : Operation 36 [1/1] (0.00ns)   --->   "%agg_result_num_1_loc = alloca i64 1"   --->   Operation 36 'alloca' 'agg_result_num_1_loc' <Predicate = true> <Delay = 0.00>
ST_1 : Operation 37 [1/1] (0.00ns)   --->   "%idx_tmp_loc = alloca i64 1"   --->   Operation 37 'alloca' 'idx_tmp_loc' <Predicate = true> <Delay = 0.00>
ST_1 : Operation 38 [2/2] (2.78ns)   --->   "%tmp_s = fcmp_oeq  i32 %n_read, i32 0" [../src/ban.cpp:521]   --->   Operation 38 'fcmp' 'tmp_s' <Predicate = true> <Delay = 2.78> <CoreInst = "FCompare">   --->   Core 19 'FCompare' <Latency = 1> <II = 1> <Delay = 2.78> <FuncUnit> <Opcode : 'fcmp'> <InPorts = 2> <OutPorts = 1>

State 2 <SV = 1> <Delay = 6.91>
ST_2 : Operation 39 [1/1] (0.00ns)   --->   "%p_read = read i128 @_ssdm_op_Read.ap_auto.i128, i128 %p_read13"   --->   Operation 39 'read' 'p_read' <Predicate = true> <Delay = 0.00>
ST_2 : Operation 40 [1/1] (0.00ns)   --->   "%bitcast_ln521 = bitcast i32 %n_read" [../src/ban.cpp:521]   --->   Operation 40 'bitcast' 'bitcast_ln521' <Predicate = true> <Delay = 0.00>
ST_2 : Operation 41 [1/1] (0.00ns)   --->   "%tmp = partselect i8 @_ssdm_op_PartSelect.i8.i32.i32.i32, i32 %bitcast_ln521, i32 23, i32 30" [../src/ban.cpp:521]   --->   Operation 41 'partselect' 'tmp' <Predicate = true> <Delay = 0.00>
ST_2 : Operation 42 [1/1] (0.00ns)   --->   "%trunc_ln521 = trunc i32 %bitcast_ln521" [../src/ban.cpp:521]   --->   Operation 42 'trunc' 'trunc_ln521' <Predicate = true> <Delay = 0.00>
ST_2 : Operation 43 [1/1] (0.84ns)   --->   "%icmp_ln521 = icmp_ne  i8 %tmp, i8 255" [../src/ban.cpp:521]   --->   Operation 43 'icmp' 'icmp_ln521' <Predicate = true> <Delay = 0.84> <CoreInst = "Cmp">   --->   Core 9 'Cmp' <Latency = 0> <II = 1> <Delay = 0.44> <FuncUnit> <Opcode : 'icmp'> <InPorts = 2> <OutPorts = 1>
ST_2 : Operation 44 [1/1] (1.05ns)   --->   "%icmp_ln521_1 = icmp_eq  i23 %trunc_ln521, i23 0" [../src/ban.cpp:521]   --->   Operation 44 'icmp' 'icmp_ln521_1' <Predicate = true> <Delay = 1.05> <CoreInst = "Cmp">   --->   Core 9 'Cmp' <Latency = 0> <II = 1> <Delay = 0.44> <FuncUnit> <Opcode : 'icmp'> <InPorts = 2> <OutPorts = 1>
ST_2 : Operation 45 [1/1] (0.00ns) (grouped into LUT with out node and_ln521)   --->   "%or_ln521 = or i1 %icmp_ln521_1, i1 %icmp_ln521" [../src/ban.cpp:521]   --->   Operation 45 'or' 'or_ln521' <Predicate = true> <Delay = 0.00> <CoreInst = "LogicGate">   --->   Core 74 'LogicGate' <Latency = 0> <II = 1> <Delay = 0.28> <FuncUnit> <Opcode : 'and' 'or' 'xor'> <InPorts = 2> <OutPorts = 1>
ST_2 : Operation 46 [1/2] (2.78ns)   --->   "%tmp_s = fcmp_oeq  i32 %n_read, i32 0" [../src/ban.cpp:521]   --->   Operation 46 'fcmp' 'tmp_s' <Predicate = true> <Delay = 2.78> <CoreInst = "FCompare">   --->   Core 19 'FCompare' <Latency = 1> <II = 1> <Delay = 2.78> <FuncUnit> <Opcode : 'fcmp'> <InPorts = 2> <OutPorts = 1>
ST_2 : Operation 47 [1/1] (0.28ns) (out node of the LUT)   --->   "%and_ln521 = and i1 %or_ln521, i1 %tmp_s" [../src/ban.cpp:521]   --->   Operation 47 'and' 'and_ln521' <Predicate = true> <Delay = 0.28> <CoreInst = "LogicGate">   --->   Core 74 'LogicGate' <Latency = 0> <II = 1> <Delay = 0.28> <FuncUnit> <Opcode : 'and' 'or' 'xor'> <InPorts = 2> <OutPorts = 1>
ST_2 : Operation 48 [1/1] (0.00ns)   --->   "%res_p = trunc i128 %p_read" [../src/ban.cpp:522]   --->   Operation 48 'trunc' 'res_p' <Predicate = true> <Delay = 0.00>
ST_2 : Operation 49 [1/1] (0.00ns)   --->   "%br_ln521 = br i1 %and_ln521, void, void" [../src/ban.cpp:521]   --->   Operation 49 'br' 'br_ln521' <Predicate = true> <Delay = 0.00>
ST_2 : Operation 50 [1/1] (0.00ns)   --->   "%tmp_60 = bitselect i1 @_ssdm_op_BitSelect.i1.i128.i32, i128 %p_read, i32 31" [../src/ban.cpp:524]   --->   Operation 50 'bitselect' 'tmp_60' <Predicate = (!and_ln521)> <Delay = 0.00>
ST_2 : Operation 51 [1/1] (0.00ns)   --->   "%br_ln524 = br i1 %tmp_60, void, void %codeRepl3" [../src/ban.cpp:524]   --->   Operation 51 'br' 'br_ln524' <Predicate = (!and_ln521)> <Delay = 0.00>
ST_2 : Operation 52 [1/1] (0.00ns)   --->   "%trunc_ln = partselect i32 @_ssdm_op_PartSelect.i32.i128.i32.i32, i128 %p_read, i32 32, i32 63" [../src/ban.cpp:525]   --->   Operation 52 'partselect' 'trunc_ln' <Predicate = (!and_ln521 & !tmp_60)> <Delay = 0.00>
ST_2 : Operation 53 [1/1] (0.00ns)   --->   "%bitcast_ln525 = bitcast i32 %trunc_ln" [../src/ban.cpp:525]   --->   Operation 53 'bitcast' 'bitcast_ln525' <Predicate = (!and_ln521 & !tmp_60)> <Delay = 0.00>
ST_2 : Operation 54 [1/1] (0.00ns)   --->   "%trunc_ln525_1 = partselect i32 @_ssdm_op_PartSelect.i32.i128.i32.i32, i128 %p_read, i32 64, i32 95" [../src/ban.cpp:525]   --->   Operation 54 'partselect' 'trunc_ln525_1' <Predicate = (!and_ln521 & !tmp_60)> <Delay = 0.00>
ST_2 : Operation 55 [1/1] (0.00ns)   --->   "%bitcast_ln525_1 = bitcast i32 %trunc_ln525_1" [../src/ban.cpp:525]   --->   Operation 55 'bitcast' 'bitcast_ln525_1' <Predicate = (!and_ln521 & !tmp_60)> <Delay = 0.00>
ST_2 : Operation 56 [1/1] (0.00ns)   --->   "%trunc_ln525_2 = partselect i32 @_ssdm_op_PartSelect.i32.i128.i32.i32, i128 %p_read, i32 96, i32 127" [../src/ban.cpp:525]   --->   Operation 56 'partselect' 'trunc_ln525_2' <Predicate = (!and_ln521 & !tmp_60)> <Delay = 0.00>
ST_2 : Operation 57 [1/1] (0.00ns)   --->   "%bitcast_ln525_2 = bitcast i32 %trunc_ln525_2" [../src/ban.cpp:525]   --->   Operation 57 'bitcast' 'bitcast_ln525_2' <Predicate = (!and_ln521 & !tmp_60)> <Delay = 0.00>
ST_2 : Operation 58 [1/1] (0.00ns)   --->   "%trunc_ln527 = trunc i128 %p_read" [../src/ban.cpp:527]   --->   Operation 58 'trunc' 'trunc_ln527' <Predicate = (!and_ln521 & !tmp_60)> <Delay = 0.00>
ST_2 : Operation 59 [1/1] (1.01ns)   --->   "%add_ln527 = add i32 %res_p, i32 4294967293" [../src/ban.cpp:527]   --->   Operation 59 'add' 'add_ln527' <Predicate = (!and_ln521 & !tmp_60)> <Delay = 1.01> <CoreInst = "Adder">   --->   Core 1 'Adder' <Latency = 0> <II = 1> <Delay = 1.01> <FuncUnit> <Opcode : 'add' 'sub'> <InPorts = 2> <OutPorts = 1>
ST_2 : Operation 60 [1/1] (0.00ns)   --->   "%tmp_61 = bitselect i1 @_ssdm_op_BitSelect.i1.i32.i32, i32 %add_ln527, i32 31" [../src/ban.cpp:527]   --->   Operation 60 'bitselect' 'tmp_61' <Predicate = (!and_ln521 & !tmp_60)> <Delay = 0.00>
ST_2 : Operation 61 [1/1] (0.62ns)   --->   "%br_ln527 = br i1 %tmp_61, void %_ZN3BanC2EiPKf.57.exit, void" [../src/ban.cpp:527]   --->   Operation 61 'br' 'br_ln527' <Predicate = (!and_ln521 & !tmp_60)> <Delay = 0.62>
ST_2 : Operation 62 [1/1] (0.00ns)   --->   "%trunc_ln534 = trunc i128 %p_read" [../src/ban.cpp:534]   --->   Operation 62 'trunc' 'trunc_ln534' <Predicate = (!and_ln521 & !tmp_60 & tmp_61)> <Delay = 0.00>
ST_2 : Operation 63 [1/1] (0.47ns)   --->   "%tmp_62 = mux i32 @_ssdm_op_Mux.ap_auto.3float.i2, i32 %bitcast_ln525, i32 %bitcast_ln525_1, i32 %bitcast_ln525_2, i2 %trunc_ln534" [../src/ban.cpp:534]   --->   Operation 63 'mux' 'tmp_62' <Predicate = (!and_ln521 & !tmp_60 & tmp_61)> <Delay = 0.47> <CoreInst = "Multiplexer">   --->   Core 76 'Multiplexer' <Latency = 0> <II = 1> <Delay = 0.47> <FuncUnit> <Opcode : 'mux'> <InPorts = 2> <OutPorts = 1>
ST_2 : Operation 64 [4/4] (6.43ns)   --->   "%add = fadd i32 %tmp_62, i32 %n_read" [../src/ban.cpp:534]   --->   Operation 64 'fadd' 'add' <Predicate = (!and_ln521 & !tmp_60 & tmp_61)> <Delay = 6.43> <CoreInst = "FAddSub_fulldsp">   --->   Core 18 'FAddSub_fulldsp' <Latency = 3> <II = 1> <Delay = 6.43> <FuncUnit> <Opcode : 'fadd' 'fsub'> <InPorts = 2> <OutPorts = 1>
ST_2 : Operation 65 [1/1] (1.01ns)   --->   "%sub_i1 = sub i32 0, i32 %res_p" [../src/ban.cpp:522]   --->   Operation 65 'sub' 'sub_i1' <Predicate = (!and_ln521 & tmp_60)> <Delay = 1.01> <CoreInst = "Adder">   --->   Core 1 'Adder' <Latency = 0> <II = 1> <Delay = 1.01> <FuncUnit> <Opcode : 'add' 'sub'> <InPorts = 2> <OutPorts = 1>

State 3 <SV = 2> <Delay = 6.43>
ST_3 : Operation 66 [3/4] (6.43ns)   --->   "%add = fadd i32 %tmp_62, i32 %n_read" [../src/ban.cpp:534]   --->   Operation 66 'fadd' 'add' <Predicate = true> <Delay = 6.43> <CoreInst = "FAddSub_fulldsp">   --->   Core 18 'FAddSub_fulldsp' <Latency = 3> <II = 1> <Delay = 6.43> <FuncUnit> <Opcode : 'fadd' 'fsub'> <InPorts = 2> <OutPorts = 1>

State 4 <SV = 3> <Delay = 6.43>
ST_4 : Operation 67 [2/4] (6.43ns)   --->   "%add = fadd i32 %tmp_62, i32 %n_read" [../src/ban.cpp:534]   --->   Operation 67 'fadd' 'add' <Predicate = true> <Delay = 6.43> <CoreInst = "FAddSub_fulldsp">   --->   Core 18 'FAddSub_fulldsp' <Latency = 3> <II = 1> <Delay = 6.43> <FuncUnit> <Opcode : 'fadd' 'fsub'> <InPorts = 2> <OutPorts = 1>

State 5 <SV = 4> <Delay = 6.43>
ST_5 : Operation 68 [1/4] (6.43ns)   --->   "%add = fadd i32 %tmp_62, i32 %n_read" [../src/ban.cpp:534]   --->   Operation 68 'fadd' 'add' <Predicate = true> <Delay = 6.43> <CoreInst = "FAddSub_fulldsp">   --->   Core 18 'FAddSub_fulldsp' <Latency = 3> <II = 1> <Delay = 6.43> <FuncUnit> <Opcode : 'fadd' 'fsub'> <InPorts = 2> <OutPorts = 1>
ST_5 : Operation 69 [1/1] (0.58ns)   --->   "%switch_ln534 = switch i2 %trunc_ln534, void %branch11, i2 0, void %branch9, i2 1, void %branch10" [../src/ban.cpp:534]   --->   Operation 69 'switch' 'switch_ln534' <Predicate = true> <Delay = 0.58>
ST_5 : Operation 70 [1/1] (0.42ns)   --->   "%br_ln534 = br void %branch9" [../src/ban.cpp:534]   --->   Operation 70 'br' 'br_ln534' <Predicate = (trunc_ln534 == 1)> <Delay = 0.42>
ST_5 : Operation 71 [1/1] (0.42ns)   --->   "%br_ln534 = br void %branch9" [../src/ban.cpp:534]   --->   Operation 71 'br' 'br_ln534' <Predicate = (trunc_ln534 != 0 & trunc_ln534 != 1)> <Delay = 0.42>

State 6 <SV = 5> <Delay = 2.78>
ST_6 : Operation 72 [1/1] (0.00ns)   --->   "%agg_result_num_0 = phi i32 %bitcast_ln525, void %branch11, i32 %bitcast_ln525, void %branch10, i32 %add, void" [../src/ban.cpp:525]   --->   Operation 72 'phi' 'agg_result_num_0' <Predicate = true> <Delay = 0.00>
ST_6 : Operation 73 [2/2] (2.78ns)   --->   "%tmp_64 = fcmp_oeq  i32 %agg_result_num_0, i32 0" [../src/ban.cpp:77]   --->   Operation 73 'fcmp' 'tmp_64' <Predicate = true> <Delay = 2.78> <CoreInst = "FCompare">   --->   Core 19 'FCompare' <Latency = 1> <II = 1> <Delay = 2.78> <FuncUnit> <Opcode : 'fcmp'> <InPorts = 2> <OutPorts = 1>

State 7 <SV = 6> <Delay = 3.69>
ST_7 : Operation 74 [1/1] (0.00ns)   --->   "%agg_result_num16_0 = phi i32 %bitcast_ln525_1, void %branch11, i32 %add, void %branch10, i32 %bitcast_ln525_1, void" [../src/ban.cpp:525]   --->   Operation 74 'phi' 'agg_result_num16_0' <Predicate = true> <Delay = 0.00>
ST_7 : Operation 75 [1/1] (0.00ns)   --->   "%agg_result_num2_0 = phi i32 %add, void %branch11, i32 %bitcast_ln525_2, void %branch10, i32 %bitcast_ln525_2, void" [../src/ban.cpp:534]   --->   Operation 75 'phi' 'agg_result_num2_0' <Predicate = true> <Delay = 0.00>
ST_7 : Operation 76 [1/1] (0.00ns)   --->   "%bitcast_ln77 = bitcast i32 %agg_result_num_0" [../src/ban.cpp:77]   --->   Operation 76 'bitcast' 'bitcast_ln77' <Predicate = true> <Delay = 0.00>
ST_7 : Operation 77 [1/1] (0.00ns)   --->   "%tmp_63 = partselect i8 @_ssdm_op_PartSelect.i8.i32.i32.i32, i32 %bitcast_ln77, i32 23, i32 30" [../src/ban.cpp:77]   --->   Operation 77 'partselect' 'tmp_63' <Predicate = true> <Delay = 0.00>
ST_7 : Operation 78 [1/1] (0.00ns)   --->   "%trunc_ln77 = trunc i32 %bitcast_ln77" [../src/ban.cpp:77]   --->   Operation 78 'trunc' 'trunc_ln77' <Predicate = true> <Delay = 0.00>
ST_7 : Operation 79 [1/1] (0.84ns)   --->   "%icmp_ln77 = icmp_ne  i8 %tmp_63, i8 255" [../src/ban.cpp:77]   --->   Operation 79 'icmp' 'icmp_ln77' <Predicate = true> <Delay = 0.84> <CoreInst = "Cmp">   --->   Core 9 'Cmp' <Latency = 0> <II = 1> <Delay = 0.44> <FuncUnit> <Opcode : 'icmp'> <InPorts = 2> <OutPorts = 1>
ST_7 : Operation 80 [1/1] (1.05ns)   --->   "%icmp_ln77_6 = icmp_eq  i23 %trunc_ln77, i23 0" [../src/ban.cpp:77]   --->   Operation 80 'icmp' 'icmp_ln77_6' <Predicate = true> <Delay = 1.05> <CoreInst = "Cmp">   --->   Core 9 'Cmp' <Latency = 0> <II = 1> <Delay = 0.44> <FuncUnit> <Opcode : 'icmp'> <InPorts = 2> <OutPorts = 1>
ST_7 : Operation 81 [1/1] (0.00ns) (grouped into LUT with out node and_ln77)   --->   "%or_ln77 = or i1 %icmp_ln77_6, i1 %icmp_ln77" [../src/ban.cpp:77]   --->   Operation 81 'or' 'or_ln77' <Predicate = true> <Delay = 0.00> <CoreInst = "LogicGate">   --->   Core 74 'LogicGate' <Latency = 0> <II = 1> <Delay = 0.28> <FuncUnit> <Opcode : 'and' 'or' 'xor'> <InPorts = 2> <OutPorts = 1>
ST_7 : Operation 82 [1/2] (2.78ns)   --->   "%tmp_64 = fcmp_oeq  i32 %agg_result_num_0, i32 0" [../src/ban.cpp:77]   --->   Operation 82 'fcmp' 'tmp_64' <Predicate = true> <Delay = 2.78> <CoreInst = "FCompare">   --->   Core 19 'FCompare' <Latency = 1> <II = 1> <Delay = 2.78> <FuncUnit> <Opcode : 'fcmp'> <InPorts = 2> <OutPorts = 1>
ST_7 : Operation 83 [1/1] (0.28ns) (out node of the LUT)   --->   "%and_ln77 = and i1 %or_ln77, i1 %tmp_64" [../src/ban.cpp:77]   --->   Operation 83 'and' 'and_ln77' <Predicate = true> <Delay = 0.28> <CoreInst = "LogicGate">   --->   Core 74 'LogicGate' <Latency = 0> <II = 1> <Delay = 0.28> <FuncUnit> <Opcode : 'and' 'or' 'xor'> <InPorts = 2> <OutPorts = 1>
ST_7 : Operation 84 [1/1] (0.62ns)   --->   "%br_ln77 = br i1 %and_ln77, void %_ZN3BanC2EiPKf.57.exit, void %.preheader.preheader" [../src/ban.cpp:77]   --->   Operation 84 'br' 'br_ln77' <Predicate = true> <Delay = 0.62>
ST_7 : Operation 85 [2/2] (0.00ns)   --->   "%call_ln525 = call void @operator+.2_Pipeline_VITIS_LOOP_84_1, i32 %agg_result_num_0, i32 %agg_result_num16_0, i32 %agg_result_num2_0, i32 %idx_tmp_loc" [../src/ban.cpp:525]   --->   Operation 85 'call' 'call_ln525' <Predicate = (and_ln77)> <Delay = 0.00> <CoreType = "Generic">   --->   Core 0 '' <Latency = 0> <II = 1> <Delay = 1.00> <Generic> <Opcode : >

State 8 <SV = 7> <Delay = 0.44>
ST_8 : Operation 86 [1/2] (0.44ns)   --->   "%call_ln525 = call void @operator+.2_Pipeline_VITIS_LOOP_84_1, i32 %agg_result_num_0, i32 %agg_result_num16_0, i32 %agg_result_num2_0, i32 %idx_tmp_loc" [../src/ban.cpp:525]   --->   Operation 86 'call' 'call_ln525' <Predicate = true> <Delay = 0.44> <CoreType = "Generic">   --->   Core 0 '' <Latency = 0> <II = 1> <Delay = 1.00> <Generic> <Opcode : >

State 9 <SV = 8> <Delay = 1.41>
ST_9 : Operation 87 [1/1] (0.00ns)   --->   "%idx_tmp_loc_load = load i32 %idx_tmp_loc"   --->   Operation 87 'load' 'idx_tmp_loc_load' <Predicate = true> <Delay = 0.00>
ST_9 : Operation 88 [1/1] (0.00ns)   --->   "%empty = trunc i32 %idx_tmp_loc_load"   --->   Operation 88 'trunc' 'empty' <Predicate = true> <Delay = 0.00>
ST_9 : Operation 89 [1/1] (0.99ns)   --->   "%icmp_ln92 = icmp_ult  i32 %idx_tmp_loc_load, i32 3" [../src/ban.cpp:92]   --->   Operation 89 'icmp' 'icmp_ln92' <Predicate = true> <Delay = 0.99> <CoreInst = "Cmp">   --->   Core 9 'Cmp' <Latency = 0> <II = 1> <Delay = 0.44> <FuncUnit> <Opcode : 'icmp'> <InPorts = 2> <OutPorts = 1>
ST_9 : Operation 90 [1/1] (0.42ns)   --->   "%br_ln92 = br i1 %icmp_ln92, void %.lr.ph.i, void %.lr.ph7.i" [../src/ban.cpp:92]   --->   Operation 90 'br' 'br_ln92' <Predicate = true> <Delay = 0.42>
ST_9 : Operation 91 [1/1] (0.28ns)   --->   "%xor_ln92 = xor i2 %empty, i2 3" [../src/ban.cpp:92]   --->   Operation 91 'xor' 'xor_ln92' <Predicate = (icmp_ln92)> <Delay = 0.28> <CoreInst = "LogicGate">   --->   Core 74 'LogicGate' <Latency = 0> <II = 1> <Delay = 0.28> <FuncUnit> <Opcode : 'and' 'or' 'xor'> <InPorts = 2> <OutPorts = 1>
ST_9 : Operation 92 [2/2] (0.42ns)   --->   "%call_ln525 = call void @operator+.2_Pipeline_VITIS_LOOP_92_2, i32 %agg_result_num_0, i32 %agg_result_num16_0, i32 %agg_result_num2_0, i2 %empty, i2 %xor_ln92, i32 %agg_result_num_1_loc, i32 %agg_result_num16_1_loc, i32 %agg_result_num2_1_loc" [../src/ban.cpp:525]   --->   Operation 92 'call' 'call_ln525' <Predicate = (icmp_ln92)> <Delay = 0.42> <CoreType = "Generic">   --->   Core 0 '' <Latency = 0> <II = 1> <Delay = 1.00> <Generic> <Opcode : >

State 10 <SV = 9> <Delay = 0.44>
ST_10 : Operation 93 [1/2] (0.44ns)   --->   "%call_ln525 = call void @operator+.2_Pipeline_VITIS_LOOP_92_2, i32 %agg_result_num_0, i32 %agg_result_num16_0, i32 %agg_result_num2_0, i2 %empty, i2 %xor_ln92, i32 %agg_result_num_1_loc, i32 %agg_result_num16_1_loc, i32 %agg_result_num2_1_loc" [../src/ban.cpp:525]   --->   Operation 93 'call' 'call_ln525' <Predicate = true> <Delay = 0.44> <CoreType = "Generic">   --->   Core 0 '' <Latency = 0> <II = 1> <Delay = 1.00> <Generic> <Opcode : >

State 11 <SV = 10> <Delay = 2.39>
ST_11 : Operation 94 [1/1] (0.00ns)   --->   "%agg_result_num_1_loc_load = load i32 %agg_result_num_1_loc"   --->   Operation 94 'load' 'agg_result_num_1_loc_load' <Predicate = (icmp_ln92)> <Delay = 0.00>
ST_11 : Operation 95 [1/1] (0.00ns)   --->   "%agg_result_num16_1_loc_load = load i32 %agg_result_num16_1_loc"   --->   Operation 95 'load' 'agg_result_num16_1_loc_load' <Predicate = (icmp_ln92)> <Delay = 0.00>
ST_11 : Operation 96 [1/1] (0.00ns)   --->   "%agg_result_num2_1_loc_load = load i32 %agg_result_num2_1_loc"   --->   Operation 96 'load' 'agg_result_num2_1_loc_load' <Predicate = (icmp_ln92)> <Delay = 0.00>
ST_11 : Operation 97 [1/1] (0.00ns) (grouped into TernaryAdder)   --->   "%sub_ln92 = sub i2 2, i2 %empty" [../src/ban.cpp:92]   --->   Operation 97 'sub' 'sub_ln92' <Predicate = (icmp_ln92)> <Delay = 0.00> <CoreInst = "TAddSub">   --->   Core 10 'TAddSub' <Latency = 0> <II = 1> <Delay = 0.15> <IPBlock> <Opcode : 'add' 'sub'> <InPorts = 3> <OutPorts = 1> <Sync> <CReg>
ST_11 : Operation 98 [1/1] (0.14ns) (root node of TernaryAdder)   --->   "%base = add i2 %sub_ln92, i2 1" [../src/ban.cpp:97]   --->   Operation 98 'add' 'base' <Predicate = (icmp_ln92)> <Delay = 0.14> <CoreInst = "TAddSub">   --->   Core 10 'TAddSub' <Latency = 0> <II = 1> <Delay = 0.15> <IPBlock> <Opcode : 'add' 'sub'> <InPorts = 3> <OutPorts = 1> <Sync> <CReg>
ST_11 : Operation 99 [1/1] (0.00ns)   --->   "%zext_ln91 = zext i2 %base" [../src/ban.cpp:91]   --->   Operation 99 'zext' 'zext_ln91' <Predicate = (icmp_ln92)> <Delay = 0.00>
ST_11 : Operation 100 [1/1] (0.00ns) (grouped into TernaryAdder)   --->   "%add_ln100 = add i3 %trunc_ln527, i3 5" [../src/ban.cpp:100]   --->   Operation 100 'add' 'add_ln100' <Predicate = (icmp_ln92)> <Delay = 0.00> <CoreInst = "TAddSub">   --->   Core 10 'TAddSub' <Latency = 0> <II = 1> <Delay = 0.15> <IPBlock> <Opcode : 'add' 'sub'> <InPorts = 3> <OutPorts = 1> <Sync> <CReg>
ST_11 : Operation 101 [1/1] (0.00ns)   --->   "%zext_ln100 = zext i2 %base" [../src/ban.cpp:100]   --->   Operation 101 'zext' 'zext_ln100' <Predicate = (icmp_ln92)> <Delay = 0.00>
ST_11 : Operation 102 [1/1] (1.01ns)   --->   "%tmp_66 = add i32 %zext_ln91, i32 %add_ln527" [../src/ban.cpp:100]   --->   Operation 102 'add' 'tmp_66' <Predicate = (icmp_ln92)> <Delay = 1.01> <CoreInst = "Adder">   --->   Core 1 'Adder' <Latency = 0> <II = 1> <Delay = 1.01> <FuncUnit> <Opcode : 'add' 'sub'> <InPorts = 2> <OutPorts = 1>
ST_11 : Operation 103 [1/1] (0.30ns) (root node of TernaryAdder)   --->   "%add_ln100_2 = add i3 %zext_ln100, i3 %add_ln100" [../src/ban.cpp:100]   --->   Operation 103 'add' 'add_ln100_2' <Predicate = (icmp_ln92)> <Delay = 0.30> <CoreInst = "TAddSub">   --->   Core 10 'TAddSub' <Latency = 0> <II = 1> <Delay = 0.15> <IPBlock> <Opcode : 'add' 'sub'> <InPorts = 3> <OutPorts = 1> <Sync> <CReg>
ST_11 : Operation 104 [1/1] (0.44ns)   --->   "%icmp_ln104 = icmp_eq  i2 %base, i2 3" [../src/ban.cpp:104]   --->   Operation 104 'icmp' 'icmp_ln104' <Predicate = (icmp_ln92)> <Delay = 0.44> <CoreInst = "Cmp">   --->   Core 9 'Cmp' <Latency = 0> <II = 1> <Delay = 0.44> <FuncUnit> <Opcode : 'icmp'> <InPorts = 2> <OutPorts = 1>
ST_11 : Operation 105 [1/1] (0.62ns)   --->   "%br_ln104 = br i1 %icmp_ln104, void %.lr.ph.i, void %_ZN3BanC2EiPKf.57.exit" [../src/ban.cpp:104]   --->   Operation 105 'br' 'br_ln104' <Predicate = (icmp_ln92)> <Delay = 0.62>
ST_11 : Operation 106 [1/1] (0.00ns)   --->   "%agg_result_num_3 = phi i32 %agg_result_num_0, void %.preheader.preheader, i32 %agg_result_num_1_loc_load, void %.lr.ph7.i" [../src/ban.cpp:525]   --->   Operation 106 'phi' 'agg_result_num_3' <Predicate = (!icmp_ln104) | (!icmp_ln92)> <Delay = 0.00>
ST_11 : Operation 107 [1/1] (0.00ns)   --->   "%agg_result_num16_3 = phi i32 %agg_result_num16_0, void %.preheader.preheader, i32 %agg_result_num16_1_loc_load, void %.lr.ph7.i" [../src/ban.cpp:525]   --->   Operation 107 'phi' 'agg_result_num16_3' <Predicate = (!icmp_ln104) | (!icmp_ln92)> <Delay = 0.00>
ST_11 : Operation 108 [1/1] (0.00ns)   --->   "%agg_result_num2_3 = phi i32 %agg_result_num2_0, void %.preheader.preheader, i32 %agg_result_num2_1_loc_load, void %.lr.ph7.i" [../src/ban.cpp:534]   --->   Operation 108 'phi' 'agg_result_num2_3' <Predicate = (!icmp_ln104) | (!icmp_ln92)> <Delay = 0.00>
ST_11 : Operation 109 [1/1] (0.00ns)   --->   "%base_0_lcssa_i47 = phi i2 0, void %.preheader.preheader, i2 %base, void %.lr.ph7.i"   --->   Operation 109 'phi' 'base_0_lcssa_i47' <Predicate = (!icmp_ln104) | (!icmp_ln92)> <Delay = 0.00>
ST_11 : Operation 110 [1/1] (0.00ns)   --->   "%zext_ln104 = zext i2 %base_0_lcssa_i47" [../src/ban.cpp:104]   --->   Operation 110 'zext' 'zext_ln104' <Predicate = (!icmp_ln104) | (!icmp_ln92)> <Delay = 0.00>
ST_11 : Operation 111 [1/1] (0.44ns)   --->   "%icmp_ln104_5 = icmp_ne  i2 %base_0_lcssa_i47, i2 3" [../src/ban.cpp:104]   --->   Operation 111 'icmp' 'icmp_ln104_5' <Predicate = (!icmp_ln104) | (!icmp_ln92)> <Delay = 0.44> <CoreInst = "Cmp">   --->   Core 9 'Cmp' <Latency = 0> <II = 1> <Delay = 0.44> <FuncUnit> <Opcode : 'icmp'> <InPorts = 2> <OutPorts = 1>
ST_11 : Operation 112 [1/1] (0.54ns)   --->   "%add_ln104 = add i3 %zext_ln104, i3 1" [../src/ban.cpp:104]   --->   Operation 112 'add' 'add_ln104' <Predicate = (!icmp_ln104) | (!icmp_ln92)> <Delay = 0.54> <CoreInst = "Adder">   --->   Core 1 'Adder' <Latency = 0> <II = 1> <Delay = 1.01> <FuncUnit> <Opcode : 'add' 'sub'> <InPorts = 2> <OutPorts = 1>
ST_11 : Operation 113 [1/1] (0.20ns)   --->   "%select_ln104 = select i1 %icmp_ln104_5, i3 3, i3 %add_ln104" [../src/ban.cpp:104]   --->   Operation 113 'select' 'select_ln104' <Predicate = (!icmp_ln104) | (!icmp_ln92)> <Delay = 0.20> <CoreInst = "Sel">   --->   Core 73 'Sel' <Latency = 0> <II = 1> <Delay = 0.20> <FuncUnit> <Opcode : 'select'> <InPorts = 3> <OutPorts = 1>
ST_11 : Operation 114 [2/2] (0.42ns)   --->   "%call_ln525 = call void @operator+.2_Pipeline_VITIS_LOOP_104_3, i32 %agg_result_num_3, i32 %agg_result_num16_3, i32 %agg_result_num2_3, i2 %base_0_lcssa_i47, i3 %select_ln104, i32 %agg_result_num_4_loc, i32 %agg_result_num16_4_loc, i32 %agg_result_num2_4_loc" [../src/ban.cpp:525]   --->   Operation 114 'call' 'call_ln525' <Predicate = (!icmp_ln104) | (!icmp_ln92)> <Delay = 0.42> <CoreType = "Generic">   --->   Core 0 '' <Latency = 0> <II = 1> <Delay = 1.00> <Generic> <Opcode : >

State 12 <SV = 11> <Delay = 1.13>
ST_12 : Operation 115 [1/2] (1.13ns)   --->   "%call_ln525 = call void @operator+.2_Pipeline_VITIS_LOOP_104_3, i32 %agg_result_num_3, i32 %agg_result_num16_3, i32 %agg_result_num2_3, i2 %base_0_lcssa_i47, i3 %select_ln104, i32 %agg_result_num_4_loc, i32 %agg_result_num16_4_loc, i32 %agg_result_num2_4_loc" [../src/ban.cpp:525]   --->   Operation 115 'call' 'call_ln525' <Predicate = true> <Delay = 1.13> <CoreType = "Generic">   --->   Core 0 '' <Latency = 0> <II = 1> <Delay = 1.00> <Generic> <Opcode : >

State 13 <SV = 12> <Delay = 0.62>
ST_13 : Operation 116 [1/1] (0.00ns)   --->   "%agg_result_p_0 = phi i3 0, void %.preheader.preheader, i3 %add_ln100_2, void %.lr.ph7.i" [../src/ban.cpp:100]   --->   Operation 116 'phi' 'agg_result_p_0' <Predicate = (!and_ln521 & !tmp_60 & tmp_61 & and_ln77 & !icmp_ln104) | (!and_ln521 & !tmp_60 & tmp_61 & and_ln77 & !icmp_ln92)> <Delay = 0.00>
ST_13 : Operation 117 [1/1] (0.00ns)   --->   "%sext_ln104 = sext i3 %agg_result_p_0" [../src/ban.cpp:104]   --->   Operation 117 'sext' 'sext_ln104' <Predicate = (!and_ln521 & !tmp_60 & tmp_61 & and_ln77 & !icmp_ln104) | (!and_ln521 & !tmp_60 & tmp_61 & and_ln77 & !icmp_ln92)> <Delay = 0.00>
ST_13 : Operation 118 [1/1] (0.00ns)   --->   "%agg_result_num_4_loc_load = load i32 %agg_result_num_4_loc"   --->   Operation 118 'load' 'agg_result_num_4_loc_load' <Predicate = (!and_ln521 & !tmp_60 & tmp_61 & and_ln77 & !icmp_ln104) | (!and_ln521 & !tmp_60 & tmp_61 & and_ln77 & !icmp_ln92)> <Delay = 0.00>
ST_13 : Operation 119 [1/1] (0.00ns)   --->   "%agg_result_num16_4_loc_load = load i32 %agg_result_num16_4_loc"   --->   Operation 119 'load' 'agg_result_num16_4_loc_load' <Predicate = (!and_ln521 & !tmp_60 & tmp_61 & and_ln77 & !icmp_ln104) | (!and_ln521 & !tmp_60 & tmp_61 & and_ln77 & !icmp_ln92)> <Delay = 0.00>
ST_13 : Operation 120 [1/1] (0.00ns)   --->   "%agg_result_num2_4_loc_load = load i32 %agg_result_num2_4_loc"   --->   Operation 120 'load' 'agg_result_num2_4_loc_load' <Predicate = (!and_ln521 & !tmp_60 & tmp_61 & and_ln77 & !icmp_ln104) | (!and_ln521 & !tmp_60 & tmp_61 & and_ln77 & !icmp_ln92)> <Delay = 0.00>
ST_13 : Operation 121 [1/1] (0.62ns)   --->   "%br_ln0 = br void %_ZN3BanC2EiPKf.57.exit"   --->   Operation 121 'br' 'br_ln0' <Predicate = (!and_ln521 & !tmp_60 & tmp_61 & and_ln77 & !icmp_ln104) | (!and_ln521 & !tmp_60 & tmp_61 & and_ln77 & !icmp_ln92)> <Delay = 0.62>
ST_13 : Operation 122 [1/1] (0.00ns)   --->   "%agg_result_num_8 = phi i32 %bitcast_ln522, void, i32 %agg_result_num_6_loc_load, void %codeRepl3, i32 %agg_result_num_4_loc_load, void %.lr.ph.i, i32 %bitcast_ln525, void, i32 %agg_result_num_0, void %branch9, i32 %agg_result_num_1_loc_load, void %.lr.ph7.i" [../src/ban.cpp:522]   --->   Operation 122 'phi' 'agg_result_num_8' <Predicate = true> <Delay = 0.00>
ST_13 : Operation 123 [1/1] (0.00ns)   --->   "%agg_result_num16_8 = phi i32 %bitcast_ln522_1, void, i32 %agg_result_num16_6_loc_load, void %codeRepl3, i32 %agg_result_num16_4_loc_load, void %.lr.ph.i, i32 %bitcast_ln525_1, void, i32 %agg_result_num16_0, void %branch9, i32 %agg_result_num16_1_loc_load, void %.lr.ph7.i" [../src/ban.cpp:522]   --->   Operation 123 'phi' 'agg_result_num16_8' <Predicate = true> <Delay = 0.00>
ST_13 : Operation 124 [1/1] (0.00ns)   --->   "%agg_result_num2_8 = phi i32 %bitcast_ln522_2, void, i32 %agg_result_num2_6_loc_load, void %codeRepl3, i32 %agg_result_num2_4_loc_load, void %.lr.ph.i, i32 %bitcast_ln525_2, void, i32 %agg_result_num2_0, void %branch9, i32 %agg_result_num2_1_loc_load, void %.lr.ph7.i" [../src/ban.cpp:522]   --->   Operation 124 'phi' 'agg_result_num2_8' <Predicate = true> <Delay = 0.00>
ST_13 : Operation 125 [1/1] (0.00ns)   --->   "%this_p_write_assign = phi i32 %res_p, void, i32 0, void %codeRepl3, i32 %sext_ln104, void %.lr.ph.i, i32 %res_p, void, i32 %res_p, void %branch9, i32 %tmp_66, void %.lr.ph7.i"   --->   Operation 125 'phi' 'this_p_write_assign' <Predicate = true> <Delay = 0.00>
ST_13 : Operation 126 [1/1] (0.00ns)   --->   "%mrv = insertvalue i128 <undef>, i32 %this_p_write_assign" [../src/ban.cpp:544]   --->   Operation 126 'insertvalue' 'mrv' <Predicate = true> <Delay = 0.00>
ST_13 : Operation 127 [1/1] (0.00ns)   --->   "%mrv_1 = insertvalue i128 %mrv, i32 %agg_result_num_8" [../src/ban.cpp:544]   --->   Operation 127 'insertvalue' 'mrv_1' <Predicate = true> <Delay = 0.00>
ST_13 : Operation 128 [1/1] (0.00ns)   --->   "%mrv_2 = insertvalue i128 %mrv_1, i32 %agg_result_num16_8" [../src/ban.cpp:544]   --->   Operation 128 'insertvalue' 'mrv_2' <Predicate = true> <Delay = 0.00>
ST_13 : Operation 129 [1/1] (0.00ns)   --->   "%mrv_3 = insertvalue i128 %mrv_2, i32 %agg_result_num2_8" [../src/ban.cpp:544]   --->   Operation 129 'insertvalue' 'mrv_3' <Predicate = true> <Delay = 0.00>
ST_13 : Operation 130 [1/1] (0.00ns)   --->   "%ret_ln544 = ret i128 %mrv_3" [../src/ban.cpp:544]   --->   Operation 130 'ret' 'ret_ln544' <Predicate = true> <Delay = 0.00>

State 14 <SV = 2> <Delay = 6.58>
ST_14 : Operation 131 [2/2] (6.58ns)   --->   "%call_ln522 = call void @operator+.2_Pipeline_VITIS_LOOP_506_1, i32 %sub_i1, i32 %res_p, i128 %p_read, i32 %num_res_1_02_loc, i32 %num_res_2_01_loc" [../src/ban.cpp:522]   --->   Operation 131 'call' 'call_ln522' <Predicate = true> <Delay = 6.58> <CoreType = "Generic">   --->   Core 0 '' <Latency = 0> <II = 1> <Delay = 1.00> <Generic> <Opcode : >

State 15 <SV = 3> <Delay = 0.87>
ST_15 : Operation 132 [1/2] (0.87ns)   --->   "%call_ln522 = call void @operator+.2_Pipeline_VITIS_LOOP_506_1, i32 %sub_i1, i32 %res_p, i128 %p_read, i32 %num_res_1_02_loc, i32 %num_res_2_01_loc" [../src/ban.cpp:522]   --->   Operation 132 'call' 'call_ln522' <Predicate = true> <Delay = 0.87> <CoreType = "Generic">   --->   Core 0 '' <Latency = 0> <II = 1> <Delay = 1.00> <Generic> <Opcode : >

State 16 <SV = 4> <Delay = 0.47>
ST_16 : Operation 133 [1/1] (0.00ns)   --->   "%num_res_1_02_loc_load = load i32 %num_res_1_02_loc"   --->   Operation 133 'load' 'num_res_1_02_loc_load' <Predicate = true> <Delay = 0.00>
ST_16 : Operation 134 [1/1] (0.00ns)   --->   "%num_res_2_01_loc_load = load i32 %num_res_2_01_loc"   --->   Operation 134 'load' 'num_res_2_01_loc_load' <Predicate = true> <Delay = 0.00>
ST_16 : Operation 135 [2/2] (0.47ns)   --->   "%call_ln0 = call void @operator+.2_Pipeline_VITIS_LOOP_21_1, i32 %n_read, i32 %num_res_1_02_loc_load, i32 %num_res_2_01_loc_load, i32 %agg_result_num_6_loc, i32 %agg_result_num16_6_loc, i32 %agg_result_num2_6_loc"   --->   Operation 135 'call' 'call_ln0' <Predicate = true> <Delay = 0.47> <CoreType = "Generic">   --->   Core 0 '' <Latency = 0> <II = 1> <Delay = 1.00> <Generic> <Opcode : >

State 17 <SV = 5> <Delay = 0.87>
ST_17 : Operation 136 [1/2] (0.87ns)   --->   "%call_ln0 = call void @operator+.2_Pipeline_VITIS_LOOP_21_1, i32 %n_read, i32 %num_res_1_02_loc_load, i32 %num_res_2_01_loc_load, i32 %agg_result_num_6_loc, i32 %agg_result_num16_6_loc, i32 %agg_result_num2_6_loc"   --->   Operation 136 'call' 'call_ln0' <Predicate = true> <Delay = 0.87> <CoreType = "Generic">   --->   Core 0 '' <Latency = 0> <II = 1> <Delay = 1.00> <Generic> <Opcode : >

State 18 <SV = 6> <Delay = 0.00>

State 19 <SV = 7> <Delay = 0.00>

State 20 <SV = 8> <Delay = 0.00>

State 21 <SV = 9> <Delay = 0.00>

State 22 <SV = 10> <Delay = 0.00>

State 23 <SV = 11> <Delay = 0.62>
ST_23 : Operation 137 [1/1] (0.00ns)   --->   "%agg_result_num_6_loc_load = load i32 %agg_result_num_6_loc"   --->   Operation 137 'load' 'agg_result_num_6_loc_load' <Predicate = true> <Delay = 0.00>
ST_23 : Operation 138 [1/1] (0.00ns)   --->   "%agg_result_num16_6_loc_load = load i32 %agg_result_num16_6_loc"   --->   Operation 138 'load' 'agg_result_num16_6_loc_load' <Predicate = true> <Delay = 0.00>
ST_23 : Operation 139 [1/1] (0.00ns)   --->   "%agg_result_num2_6_loc_load = load i32 %agg_result_num2_6_loc"   --->   Operation 139 'load' 'agg_result_num2_6_loc_load' <Predicate = true> <Delay = 0.00>
ST_23 : Operation 140 [1/1] (0.62ns)   --->   "%br_ln0 = br void %_ZN3BanC2EiPKf.57.exit"   --->   Operation 140 'br' 'br_ln0' <Predicate = true> <Delay = 0.62>

State 24 <SV = 2> <Delay = 0.62>
ST_24 : Operation 141 [1/1] (0.00ns)   --->   "%trunc_ln522_1 = partselect i32 @_ssdm_op_PartSelect.i32.i128.i32.i32, i128 %p_read, i32 32, i32 63" [../src/ban.cpp:522]   --->   Operation 141 'partselect' 'trunc_ln522_1' <Predicate = true> <Delay = 0.00>
ST_24 : Operation 142 [1/1] (0.00ns)   --->   "%bitcast_ln522 = bitcast i32 %trunc_ln522_1" [../src/ban.cpp:522]   --->   Operation 142 'bitcast' 'bitcast_ln522' <Predicate = true> <Delay = 0.00>
ST_24 : Operation 143 [1/1] (0.00ns)   --->   "%trunc_ln522_2 = partselect i32 @_ssdm_op_PartSelect.i32.i128.i32.i32, i128 %p_read, i32 64, i32 95" [../src/ban.cpp:522]   --->   Operation 143 'partselect' 'trunc_ln522_2' <Predicate = true> <Delay = 0.00>
ST_24 : Operation 144 [1/1] (0.00ns)   --->   "%bitcast_ln522_1 = bitcast i32 %trunc_ln522_2" [../src/ban.cpp:522]   --->   Operation 144 'bitcast' 'bitcast_ln522_1' <Predicate = true> <Delay = 0.00>
ST_24 : Operation 145 [1/1] (0.00ns)   --->   "%trunc_ln522_3 = partselect i32 @_ssdm_op_PartSelect.i32.i128.i32.i32, i128 %p_read, i32 96, i32 127" [../src/ban.cpp:522]   --->   Operation 145 'partselect' 'trunc_ln522_3' <Predicate = true> <Delay = 0.00>
ST_24 : Operation 146 [1/1] (0.00ns)   --->   "%bitcast_ln522_2 = bitcast i32 %trunc_ln522_3" [../src/ban.cpp:522]   --->   Operation 146 'bitcast' 'bitcast_ln522_2' <Predicate = true> <Delay = 0.00>
ST_24 : Operation 147 [1/1] (0.62ns)   --->   "%br_ln522 = br void %_ZN3BanC2EiPKf.57.exit" [../src/ban.cpp:522]   --->   Operation 147 'br' 'br_ln522' <Predicate = true> <Delay = 0.62>


============================================================
+ Verbose Summary: Timing violations
============================================================
Target clock period: 10ns, clock uncertainty: 2.7ns.

 <State 1>: 2.78ns
The critical path consists of the following:
	wire read operation ('n_read') on port 'n' [3]  (0 ns)
	'fcmp' operation ('tmp_s', ../src/ban.cpp:521) [23]  (2.78 ns)

 <State 2>: 6.91ns
The critical path consists of the following:
	wire read operation ('p_read') on port 'p_read13' [4]  (0 ns)
	'mux' operation ('tmp_62', ../src/ban.cpp:534) [43]  (0.476 ns)
	'fadd' operation ('add', ../src/ban.cpp:534) [44]  (6.44 ns)

 <State 3>: 6.44ns
The critical path consists of the following:
	'fadd' operation ('add', ../src/ban.cpp:534) [44]  (6.44 ns)

 <State 4>: 6.44ns
The critical path consists of the following:
	'fadd' operation ('add', ../src/ban.cpp:534) [44]  (6.44 ns)

 <State 5>: 6.44ns
The critical path consists of the following:
	'fadd' operation ('add', ../src/ban.cpp:534) [44]  (6.44 ns)

 <State 6>: 2.78ns
The critical path consists of the following:
	'phi' operation ('agg_result_num_0', ../src/ban.cpp:525) with incoming values : ('bitcast_ln525', ../src/ban.cpp:525) ('add', ../src/ban.cpp:534) [51]  (0 ns)
	'fcmp' operation ('tmp_64', ../src/ban.cpp:77) [60]  (2.78 ns)

 <State 7>: 3.69ns
The critical path consists of the following:
	'fcmp' operation ('tmp_64', ../src/ban.cpp:77) [60]  (2.78 ns)
	'and' operation ('and_ln77', ../src/ban.cpp:77) [61]  (0.287 ns)
	multiplexor before 'phi' operation ('this.num[0]', ../src/ban.cpp:522) with incoming values : ('bitcast_ln525', ../src/ban.cpp:525) ('add', ../src/ban.cpp:534) ('agg_result_num_1_loc_load') ('agg_result_num_4_loc_load') ('agg_result_num_6_loc_load') ('bitcast_ln522', ../src/ban.cpp:522) [119]  (0.623 ns)

 <State 8>: 0.446ns
The critical path consists of the following:
	'call' operation ('call_ln525', ../src/ban.cpp:525) to 'operator+.2_Pipeline_VITIS_LOOP_84_1' [64]  (0.446 ns)

 <State 9>: 1.42ns
The critical path consists of the following:
	'load' operation ('idx_tmp_loc_load') on local variable 'idx_tmp_loc' [65]  (0 ns)
	'icmp' operation ('icmp_ln92', ../src/ban.cpp:92) [67]  (0.991 ns)
	multiplexor before 'phi' operation ('agg_result_num_3', ../src/ban.cpp:525) with incoming values : ('bitcast_ln525', ../src/ban.cpp:525) ('add', ../src/ban.cpp:534) ('agg_result_num_1_loc_load') [85]  (0.427 ns)

 <State 10>: 0.446ns
The critical path consists of the following:
	'call' operation ('call_ln525', ../src/ban.cpp:525) to 'operator+.2_Pipeline_VITIS_LOOP_92_2' [71]  (0.446 ns)

 <State 11>: 2.4ns
The critical path consists of the following:
	'sub' operation ('sub_ln92', ../src/ban.cpp:92) [75]  (0 ns)
	'add' operation ('base', ../src/ban.cpp:97) [76]  (0.144 ns)
	'icmp' operation ('icmp_ln104', ../src/ban.cpp:104) [82]  (0.446 ns)
	multiplexor before 'phi' operation ('base') with incoming values : ('base', ../src/ban.cpp:97) [89]  (0.623 ns)
	'phi' operation ('base') with incoming values : ('base', ../src/ban.cpp:97) [89]  (0 ns)
	'add' operation ('add_ln104', ../src/ban.cpp:104) [93]  (0.548 ns)
	'select' operation ('select_ln104', ../src/ban.cpp:104) [94]  (0.208 ns)
	'call' operation ('call_ln525', ../src/ban.cpp:525) to 'operator+.2_Pipeline_VITIS_LOOP_104_3' [95]  (0.427 ns)

 <State 12>: 1.13ns
The critical path consists of the following:
	'call' operation ('call_ln525', ../src/ban.cpp:525) to 'operator+.2_Pipeline_VITIS_LOOP_104_3' [95]  (1.13 ns)

 <State 13>: 0.623ns
The critical path consists of the following:
	'load' operation ('agg_result_num_4_loc_load') on local variable 'agg_result_num_4_loc' [96]  (0 ns)
	multiplexor before 'phi' operation ('this.num[0]', ../src/ban.cpp:522) with incoming values : ('bitcast_ln525', ../src/ban.cpp:525) ('add', ../src/ban.cpp:534) ('agg_result_num_1_loc_load') ('agg_result_num_4_loc_load') ('agg_result_num_6_loc_load') ('bitcast_ln522', ../src/ban.cpp:522) [119]  (0.623 ns)
	'phi' operation ('this.num[0]', ../src/ban.cpp:522) with incoming values : ('bitcast_ln525', ../src/ban.cpp:525) ('add', ../src/ban.cpp:534) ('agg_result_num_1_loc_load') ('agg_result_num_4_loc_load') ('agg_result_num_6_loc_load') ('bitcast_ln522', ../src/ban.cpp:522) [119]  (0 ns)

 <State 14>: 6.59ns
The critical path consists of the following:
	'call' operation ('call_ln522', ../src/ban.cpp:522) to 'operator+.2_Pipeline_VITIS_LOOP_506_1' [102]  (6.59 ns)

 <State 15>: 0.873ns
The critical path consists of the following:
	'call' operation ('call_ln522', ../src/ban.cpp:522) to 'operator+.2_Pipeline_VITIS_LOOP_506_1' [102]  (0.873 ns)

 <State 16>: 0.476ns
The critical path consists of the following:
	'load' operation ('num_res_1_02_loc_load') on local variable 'num_res_1_02_loc' [103]  (0 ns)
	'call' operation ('call_ln0') to 'operator+.2_Pipeline_VITIS_LOOP_21_1' [105]  (0.476 ns)

 <State 17>: 0.873ns
The critical path consists of the following:
	'call' operation ('call_ln0') to 'operator+.2_Pipeline_VITIS_LOOP_21_1' [105]  (0.873 ns)

 <State 18>: 0ns
The critical path consists of the following:

 <State 19>: 0ns
The critical path consists of the following:

 <State 20>: 0ns
The critical path consists of the following:

 <State 21>: 0ns
The critical path consists of the following:

 <State 22>: 0ns
The critical path consists of the following:

 <State 23>: 0.623ns
The critical path consists of the following:
	multiplexor before 'phi' operation ('this.num[0]', ../src/ban.cpp:522) with incoming values : ('bitcast_ln525', ../src/ban.cpp:525) ('add', ../src/ban.cpp:534) ('agg_result_num_1_loc_load') ('agg_result_num_4_loc_load') ('agg_result_num_6_loc_load') ('bitcast_ln522', ../src/ban.cpp:522) [119]  (0.623 ns)

 <State 24>: 0.623ns
The critical path consists of the following:
	multiplexor before 'phi' operation ('this.num[0]', ../src/ban.cpp:522) with incoming values : ('bitcast_ln525', ../src/ban.cpp:525) ('add', ../src/ban.cpp:534) ('agg_result_num_1_loc_load') ('agg_result_num_4_loc_load') ('agg_result_num_6_loc_load') ('bitcast_ln522', ../src/ban.cpp:522) [119]  (0.623 ns)


============================================================
+ Verbose Summary: Binding
============================================================
N/A
* FSMD analyzer results:
  - Output states:
 - Input state : 
  - Chain level:
	State 1
	State 2
	State 3
	State 4
	State 5
	State 6
	State 7
	State 8
	State 9
	State 10
	State 11
	State 12
	State 13
	State 14
	State 15
	State 16
	State 17
	State 18
	State 19
	State 20
	State 21
	State 22
	State 23
	State 24


============================================================
+ Verbose Summary: Datapath Resource usage 
============================================================
N/A
