

================================================================
== Vitis HLS Report for 'p_mul_1_Pipeline_VITIS_LOOP_169_1'
================================================================
* Date:           Tue Feb  8 15:34:24 2022

* Version:        2021.2 (Build 3367213 on Tue Oct 19 02:47:39 MDT 2021)
* Project:        ban_interface
* Solution:       solution1 (Vivado IP Flow Target)
* Product family: zynquplus
* Target device:  xczu7ev-ffvc1156-2-e


================================================================
== Performance Estimates
================================================================
+ Timing: 
    * Summary: 
    +--------+----------+----------+------------+
    |  Clock |  Target  | Estimated| Uncertainty|
    +--------+----------+----------+------------+
    |ap_clk  |  10.00 ns|  7.016 ns|     2.70 ns|
    +--------+----------+----------+------------+

+ Latency: 
    * Summary: 
    +---------+---------+----------+----------+-----+-----+---------+
    |  Latency (cycles) |  Latency (absolute) |  Interval | Pipeline|
    |   min   |   max   |    min   |    max   | min | max |   Type  |
    +---------+---------+----------+----------+-----+-----+---------+
    |       22|       22|  0.220 us|  0.220 us|   22|   22|       no|
    +---------+---------+----------+----------+-----+-----+---------+

    + Detail: 
        * Instance: 
        N/A

        * Loop: 
        +--------------------+---------+---------+----------+-----------+-----------+------+----------+
        |                    |  Latency (cycles) | Iteration|  Initiation Interval  | Trip |          |
        |      Loop Name     |   min   |   max   |  Latency |  achieved |   target  | Count| Pipelined|
        +--------------------+---------+---------+----------+-----------+-----------+------+----------+
        |- VITIS_LOOP_169_1  |       20|       20|        17|          1|          1|     5|       yes|
        +--------------------+---------+---------+----------+-----------+-----------+------+----------+

============================================================
+ Verbose Summary: Synthesis Manager
============================================================
InlineROM: 1
ExposeGlobal: 0
============================================================
+ Verbose Summary: CDFG Model
============================================================
IsTopModel: 0
ResetActiveHigh: 1
IsCombinational: 0
IsDatapathOnly: 0
HasWiredReturn: 1
HasMFsm: 2
HasVarLatency: 1
IsPipeline: 0
IsRtlPipelined: 0
IsInstanceOverlapped: 0
IsDontTouch: 0
HasImplIP: 0
IsGatedGlobalClock: 0

+ Individual pipeline summary: 
  * Pipeline-0: initiation interval (II) = 1, depth = 17


============================================================
+ Verbose Summary: Schedule
============================================================
* Number of FSM states : 17
* Pipeline : 1
  Pipeline-0 : II = 1, D = 17, States = { 1 2 3 4 5 6 7 8 9 10 11 12 13 14 15 16 17 }
* Dataflow Pipeline: 0

* FSM state transitions: 
1 --> 2 
2 --> 3 
3 --> 4 
4 --> 5 
5 --> 6 
6 --> 7 
7 --> 8 
8 --> 9 
9 --> 10 
10 --> 11 
11 --> 12 
12 --> 13 
13 --> 14 
14 --> 15 
15 --> 16 
16 --> 17 
17 --> 

* FSM state operations: 

State 1 <SV = 0> <Delay = 1.09>
ST_1 : Operation 20 [1/1] (0.00ns)   --->   "%i = alloca i32 1"   --->   Operation 20 'alloca' 'i' <Predicate = true> <Delay = 0.00>
ST_1 : Operation 21 [1/1] (0.00ns)   --->   "%bitcast_ln173_4_read = read i32 @_ssdm_op_Read.ap_auto.float, i32 %bitcast_ln173_4"   --->   Operation 21 'read' 'bitcast_ln173_4_read' <Predicate = true> <Delay = 0.00>
ST_1 : Operation 22 [1/1] (0.00ns)   --->   "%bitcast_ln173_3_read = read i32 @_ssdm_op_Read.ap_auto.float, i32 %bitcast_ln173_3"   --->   Operation 22 'read' 'bitcast_ln173_3_read' <Predicate = true> <Delay = 0.00>
ST_1 : Operation 23 [1/1] (0.00ns)   --->   "%bitcast_ln173_read = read i32 @_ssdm_op_Read.ap_auto.float, i32 %bitcast_ln173"   --->   Operation 23 'read' 'bitcast_ln173_read' <Predicate = true> <Delay = 0.00>
ST_1 : Operation 24 [1/1] (0.00ns)   --->   "%p_read13 = read i32 @_ssdm_op_Read.ap_auto.float, i32 %p_read1"   --->   Operation 24 'read' 'p_read13' <Predicate = true> <Delay = 0.00>
ST_1 : Operation 25 [1/1] (0.00ns)   --->   "%p_read_13 = read i32 @_ssdm_op_Read.ap_auto.float, i32 %p_read"   --->   Operation 25 'read' 'p_read_13' <Predicate = true> <Delay = 0.00>
ST_1 : Operation 26 [1/1] (0.42ns)   --->   "%store_ln0 = store i3 0, i3 %i"   --->   Operation 26 'store' 'store_ln0' <Predicate = true> <Delay = 0.42>
ST_1 : Operation 27 [1/1] (0.00ns)   --->   "%br_ln0 = br void"   --->   Operation 27 'br' 'br_ln0' <Predicate = true> <Delay = 0.00>
ST_1 : Operation 28 [1/1] (0.00ns)   --->   "%i_21 = load i3 %i" [../src/ban.cpp:173]   --->   Operation 28 'load' 'i_21' <Predicate = true> <Delay = 0.00>
ST_1 : Operation 29 [1/1] (0.00ns)   --->   "%specpipeline_ln0 = specpipeline void @_ssdm_op_SpecPipeline, i32 4294967295, i32 0, i32 1, i32 0, void @p_str"   --->   Operation 29 'specpipeline' 'specpipeline_ln0' <Predicate = true> <Delay = 0.00>
ST_1 : Operation 30 [1/1] (0.58ns)   --->   "%icmp_ln169 = icmp_eq  i3 %i_21, i3 5" [../src/ban.cpp:169]   --->   Operation 30 'icmp' 'icmp_ln169' <Predicate = true> <Delay = 0.58> <CoreInst = "Cmp">   --->   Core 9 'Cmp' <Latency = 0> <II = 1> <Delay = 0.58> <FuncUnit> <Opcode : 'icmp'> <InPorts = 2> <OutPorts = 1>
ST_1 : Operation 31 [1/1] (0.00ns)   --->   "%empty = speclooptripcount i32 @_ssdm_op_SpecLoopTripCount, i64 5, i64 5, i64 5"   --->   Operation 31 'speclooptripcount' 'empty' <Predicate = true> <Delay = 0.00>
ST_1 : Operation 32 [1/1] (0.67ns)   --->   "%add_ln169 = add i3 %i_21, i3 1" [../src/ban.cpp:169]   --->   Operation 32 'add' 'add_ln169' <Predicate = true> <Delay = 0.67> <CoreInst = "Adder">   --->   Core 1 'Adder' <Latency = 0> <II = 1> <Delay = 0.67> <FuncUnit> <Opcode : 'add' 'sub'> <InPorts = 2> <OutPorts = 1>
ST_1 : Operation 33 [1/1] (0.00ns)   --->   "%br_ln169 = br i1 %icmp_ln169, void %.split2_ifconv, void %_ZN3Ban9_mul_convEPKfS1_Pf.exit.preheader.exitStub" [../src/ban.cpp:169]   --->   Operation 33 'br' 'br_ln169' <Predicate = true> <Delay = 0.00>
ST_1 : Operation 34 [1/1] (0.58ns)   --->   "%icmp_ln172 = icmp_ult  i3 %i_21, i3 3" [../src/ban.cpp:172]   --->   Operation 34 'icmp' 'icmp_ln172' <Predicate = (!icmp_ln169)> <Delay = 0.58> <CoreInst = "Cmp">   --->   Core 9 'Cmp' <Latency = 0> <II = 1> <Delay = 0.58> <FuncUnit> <Opcode : 'icmp'> <InPorts = 2> <OutPorts = 1>
ST_1 : Operation 35 [1/1] (0.00ns)   --->   "%trunc_ln173 = trunc i3 %i_21" [../src/ban.cpp:173]   --->   Operation 35 'trunc' 'trunc_ln173' <Predicate = (!icmp_ln169)> <Delay = 0.00>
ST_1 : Operation 36 [1/1] (0.47ns)   --->   "%tmp = mux i32 @_ssdm_op_Mux.ap_auto.3float.i2, i32 0, i32 %p_read_13, i32 %p_read13, i2 %trunc_ln173" [../src/ban.cpp:173]   --->   Operation 36 'mux' 'tmp' <Predicate = (!icmp_ln169)> <Delay = 0.47> <CoreInst = "Multiplexer">   --->   Core 76 'Multiplexer' <Latency = 0> <II = 1> <Delay = 0.47> <FuncUnit> <Opcode : 'mux'> <InPorts = 2> <OutPorts = 1>
ST_1 : Operation 37 [1/1] (0.42ns)   --->   "%store_ln169 = store i3 %add_ln169, i3 %i" [../src/ban.cpp:169]   --->   Operation 37 'store' 'store_ln169' <Predicate = (!icmp_ln169)> <Delay = 0.42>

State 2 <SV = 1> <Delay = 7.01>
ST_2 : Operation 38 [3/3] (7.01ns)   --->   "%mul_i = fmul i32 %tmp, i32 %bitcast_ln173_read" [../src/ban.cpp:173]   --->   Operation 38 'fmul' 'mul_i' <Predicate = (icmp_ln172)> <Delay = 7.01> <CoreInst = "FMul_maxdsp">   --->   Core 30 'FMul_maxdsp' <Latency = 2> <II = 1> <Delay = 7.01> <FuncUnit> <Opcode : 'fmul'> <InPorts = 2> <OutPorts = 1>

State 3 <SV = 2> <Delay = 7.01>
ST_3 : Operation 39 [2/3] (7.01ns)   --->   "%mul_i = fmul i32 %tmp, i32 %bitcast_ln173_read" [../src/ban.cpp:173]   --->   Operation 39 'fmul' 'mul_i' <Predicate = (icmp_ln172)> <Delay = 7.01> <CoreInst = "FMul_maxdsp">   --->   Core 30 'FMul_maxdsp' <Latency = 2> <II = 1> <Delay = 7.01> <FuncUnit> <Opcode : 'fmul'> <InPorts = 2> <OutPorts = 1>

State 4 <SV = 3> <Delay = 7.01>
ST_4 : Operation 40 [1/3] (7.01ns)   --->   "%mul_i = fmul i32 %tmp, i32 %bitcast_ln173_read" [../src/ban.cpp:173]   --->   Operation 40 'fmul' 'mul_i' <Predicate = (icmp_ln172)> <Delay = 7.01> <CoreInst = "FMul_maxdsp">   --->   Core 30 'FMul_maxdsp' <Latency = 2> <II = 1> <Delay = 7.01> <FuncUnit> <Opcode : 'fmul'> <InPorts = 2> <OutPorts = 1>

State 5 <SV = 4> <Delay = 6.43>
ST_5 : Operation 41 [4/4] (6.43ns)   --->   "%tmp2 = fadd i32 %mul_i, i32 0" [../src/ban.cpp:173]   --->   Operation 41 'fadd' 'tmp2' <Predicate = (icmp_ln172)> <Delay = 6.43> <CoreInst = "FAddSub_fulldsp">   --->   Core 18 'FAddSub_fulldsp' <Latency = 3> <II = 1> <Delay = 6.43> <FuncUnit> <Opcode : 'fadd' 'fsub'> <InPorts = 2> <OutPorts = 1>
ST_5 : Operation 42 [1/1] (0.67ns)   --->   "%add_ln172 = add i3 %i_21, i3 7" [../src/ban.cpp:172]   --->   Operation 42 'add' 'add_ln172' <Predicate = true> <Delay = 0.67> <CoreInst = "Adder">   --->   Core 1 'Adder' <Latency = 0> <II = 1> <Delay = 0.67> <FuncUnit> <Opcode : 'add' 'sub'> <InPorts = 2> <OutPorts = 1>
ST_5 : Operation 43 [1/1] (0.58ns)   --->   "%icmp_ln172_5 = icmp_ult  i3 %add_ln172, i3 3" [../src/ban.cpp:172]   --->   Operation 43 'icmp' 'icmp_ln172_5' <Predicate = true> <Delay = 0.58> <CoreInst = "Cmp">   --->   Core 9 'Cmp' <Latency = 0> <II = 1> <Delay = 0.58> <FuncUnit> <Opcode : 'icmp'> <InPorts = 2> <OutPorts = 1>
ST_5 : Operation 44 [1/1] (0.54ns)   --->   "%add_ln173 = add i2 %trunc_ln173, i2 3" [../src/ban.cpp:173]   --->   Operation 44 'add' 'add_ln173' <Predicate = true> <Delay = 0.54> <CoreInst = "Adder">   --->   Core 1 'Adder' <Latency = 0> <II = 1> <Delay = 0.67> <FuncUnit> <Opcode : 'add' 'sub'> <InPorts = 2> <OutPorts = 1>
ST_5 : Operation 45 [1/1] (0.47ns)   --->   "%tmp_s = mux i32 @_ssdm_op_Mux.ap_auto.3float.i2, i32 0, i32 %p_read_13, i32 %p_read13, i2 %add_ln173" [../src/ban.cpp:173]   --->   Operation 45 'mux' 'tmp_s' <Predicate = true> <Delay = 0.47> <CoreInst = "Multiplexer">   --->   Core 76 'Multiplexer' <Latency = 0> <II = 1> <Delay = 0.47> <FuncUnit> <Opcode : 'mux'> <InPorts = 2> <OutPorts = 1>

State 6 <SV = 5> <Delay = 7.01>
ST_6 : Operation 46 [3/4] (6.43ns)   --->   "%tmp2 = fadd i32 %mul_i, i32 0" [../src/ban.cpp:173]   --->   Operation 46 'fadd' 'tmp2' <Predicate = (icmp_ln172)> <Delay = 6.43> <CoreInst = "FAddSub_fulldsp">   --->   Core 18 'FAddSub_fulldsp' <Latency = 3> <II = 1> <Delay = 6.43> <FuncUnit> <Opcode : 'fadd' 'fsub'> <InPorts = 2> <OutPorts = 1>
ST_6 : Operation 47 [3/3] (7.01ns)   --->   "%mul_1_i = fmul i32 %tmp_s, i32 %bitcast_ln173_3_read" [../src/ban.cpp:173]   --->   Operation 47 'fmul' 'mul_1_i' <Predicate = (icmp_ln172_5)> <Delay = 7.01> <CoreInst = "FMul_maxdsp">   --->   Core 30 'FMul_maxdsp' <Latency = 2> <II = 1> <Delay = 7.01> <FuncUnit> <Opcode : 'fmul'> <InPorts = 2> <OutPorts = 1>

State 7 <SV = 6> <Delay = 7.01>
ST_7 : Operation 48 [2/4] (6.43ns)   --->   "%tmp2 = fadd i32 %mul_i, i32 0" [../src/ban.cpp:173]   --->   Operation 48 'fadd' 'tmp2' <Predicate = (icmp_ln172)> <Delay = 6.43> <CoreInst = "FAddSub_fulldsp">   --->   Core 18 'FAddSub_fulldsp' <Latency = 3> <II = 1> <Delay = 6.43> <FuncUnit> <Opcode : 'fadd' 'fsub'> <InPorts = 2> <OutPorts = 1>
ST_7 : Operation 49 [2/3] (7.01ns)   --->   "%mul_1_i = fmul i32 %tmp_s, i32 %bitcast_ln173_3_read" [../src/ban.cpp:173]   --->   Operation 49 'fmul' 'mul_1_i' <Predicate = (icmp_ln172_5)> <Delay = 7.01> <CoreInst = "FMul_maxdsp">   --->   Core 30 'FMul_maxdsp' <Latency = 2> <II = 1> <Delay = 7.01> <FuncUnit> <Opcode : 'fmul'> <InPorts = 2> <OutPorts = 1>

State 8 <SV = 7> <Delay = 7.01>
ST_8 : Operation 50 [1/4] (6.43ns)   --->   "%tmp2 = fadd i32 %mul_i, i32 0" [../src/ban.cpp:173]   --->   Operation 50 'fadd' 'tmp2' <Predicate = (icmp_ln172)> <Delay = 6.43> <CoreInst = "FAddSub_fulldsp">   --->   Core 18 'FAddSub_fulldsp' <Latency = 3> <II = 1> <Delay = 6.43> <FuncUnit> <Opcode : 'fadd' 'fsub'> <InPorts = 2> <OutPorts = 1>
ST_8 : Operation 51 [1/1] (0.44ns)   --->   "%tmp_252 = select i1 %icmp_ln172, i32 %tmp2, i32 0" [../src/ban.cpp:172]   --->   Operation 51 'select' 'tmp_252' <Predicate = true> <Delay = 0.44> <CoreInst = "Sel">   --->   Core 73 'Sel' <Latency = 0> <II = 1> <Delay = 0.44> <FuncUnit> <Opcode : 'select'> <InPorts = 3> <OutPorts = 1>
ST_8 : Operation 52 [1/3] (7.01ns)   --->   "%mul_1_i = fmul i32 %tmp_s, i32 %bitcast_ln173_3_read" [../src/ban.cpp:173]   --->   Operation 52 'fmul' 'mul_1_i' <Predicate = (icmp_ln172_5)> <Delay = 7.01> <CoreInst = "FMul_maxdsp">   --->   Core 30 'FMul_maxdsp' <Latency = 2> <II = 1> <Delay = 7.01> <FuncUnit> <Opcode : 'fmul'> <InPorts = 2> <OutPorts = 1>

State 9 <SV = 8> <Delay = 6.43>
ST_9 : Operation 53 [4/4] (6.43ns)   --->   "%tmp2_7 = fadd i32 %tmp_252, i32 %mul_1_i" [../src/ban.cpp:173]   --->   Operation 53 'fadd' 'tmp2_7' <Predicate = (icmp_ln172_5)> <Delay = 6.43> <CoreInst = "FAddSub_fulldsp">   --->   Core 18 'FAddSub_fulldsp' <Latency = 3> <II = 1> <Delay = 6.43> <FuncUnit> <Opcode : 'fadd' 'fsub'> <InPorts = 2> <OutPorts = 1>
ST_9 : Operation 54 [1/1] (0.67ns)   --->   "%add_ln172_3 = add i3 %i_21, i3 6" [../src/ban.cpp:172]   --->   Operation 54 'add' 'add_ln172_3' <Predicate = true> <Delay = 0.67> <CoreInst = "Adder">   --->   Core 1 'Adder' <Latency = 0> <II = 1> <Delay = 0.67> <FuncUnit> <Opcode : 'add' 'sub'> <InPorts = 2> <OutPorts = 1>
ST_9 : Operation 55 [1/1] (0.58ns)   --->   "%icmp_ln172_6 = icmp_ult  i3 %add_ln172_3, i3 3" [../src/ban.cpp:172]   --->   Operation 55 'icmp' 'icmp_ln172_6' <Predicate = true> <Delay = 0.58> <CoreInst = "Cmp">   --->   Core 9 'Cmp' <Latency = 0> <II = 1> <Delay = 0.58> <FuncUnit> <Opcode : 'icmp'> <InPorts = 2> <OutPorts = 1>
ST_9 : Operation 56 [1/1] (0.28ns)   --->   "%xor_ln173 = xor i2 %trunc_ln173, i2 2" [../src/ban.cpp:173]   --->   Operation 56 'xor' 'xor_ln173' <Predicate = true> <Delay = 0.28> <CoreInst = "LogicGate">   --->   Core 74 'LogicGate' <Latency = 0> <II = 1> <Delay = 0.28> <FuncUnit> <Opcode : 'and' 'or' 'xor'> <InPorts = 2> <OutPorts = 1>
ST_9 : Operation 57 [1/1] (0.47ns)   --->   "%tmp_234 = mux i32 @_ssdm_op_Mux.ap_auto.3float.i2, i32 0, i32 %p_read_13, i32 %p_read13, i2 %xor_ln173" [../src/ban.cpp:173]   --->   Operation 57 'mux' 'tmp_234' <Predicate = true> <Delay = 0.47> <CoreInst = "Multiplexer">   --->   Core 76 'Multiplexer' <Latency = 0> <II = 1> <Delay = 0.47> <FuncUnit> <Opcode : 'mux'> <InPorts = 2> <OutPorts = 1>

State 10 <SV = 9> <Delay = 7.01>
ST_10 : Operation 58 [3/4] (6.43ns)   --->   "%tmp2_7 = fadd i32 %tmp_252, i32 %mul_1_i" [../src/ban.cpp:173]   --->   Operation 58 'fadd' 'tmp2_7' <Predicate = (icmp_ln172_5)> <Delay = 6.43> <CoreInst = "FAddSub_fulldsp">   --->   Core 18 'FAddSub_fulldsp' <Latency = 3> <II = 1> <Delay = 6.43> <FuncUnit> <Opcode : 'fadd' 'fsub'> <InPorts = 2> <OutPorts = 1>
ST_10 : Operation 59 [3/3] (7.01ns)   --->   "%mul_2_i = fmul i32 %tmp_234, i32 %bitcast_ln173_4_read" [../src/ban.cpp:173]   --->   Operation 59 'fmul' 'mul_2_i' <Predicate = (icmp_ln172_6)> <Delay = 7.01> <CoreInst = "FMul_maxdsp">   --->   Core 30 'FMul_maxdsp' <Latency = 2> <II = 1> <Delay = 7.01> <FuncUnit> <Opcode : 'fmul'> <InPorts = 2> <OutPorts = 1>

State 11 <SV = 10> <Delay = 7.01>
ST_11 : Operation 60 [2/4] (6.43ns)   --->   "%tmp2_7 = fadd i32 %tmp_252, i32 %mul_1_i" [../src/ban.cpp:173]   --->   Operation 60 'fadd' 'tmp2_7' <Predicate = (icmp_ln172_5)> <Delay = 6.43> <CoreInst = "FAddSub_fulldsp">   --->   Core 18 'FAddSub_fulldsp' <Latency = 3> <II = 1> <Delay = 6.43> <FuncUnit> <Opcode : 'fadd' 'fsub'> <InPorts = 2> <OutPorts = 1>
ST_11 : Operation 61 [2/3] (7.01ns)   --->   "%mul_2_i = fmul i32 %tmp_234, i32 %bitcast_ln173_4_read" [../src/ban.cpp:173]   --->   Operation 61 'fmul' 'mul_2_i' <Predicate = (icmp_ln172_6)> <Delay = 7.01> <CoreInst = "FMul_maxdsp">   --->   Core 30 'FMul_maxdsp' <Latency = 2> <II = 1> <Delay = 7.01> <FuncUnit> <Opcode : 'fmul'> <InPorts = 2> <OutPorts = 1>

State 12 <SV = 11> <Delay = 7.01>
ST_12 : Operation 62 [1/4] (6.43ns)   --->   "%tmp2_7 = fadd i32 %tmp_252, i32 %mul_1_i" [../src/ban.cpp:173]   --->   Operation 62 'fadd' 'tmp2_7' <Predicate = (icmp_ln172_5)> <Delay = 6.43> <CoreInst = "FAddSub_fulldsp">   --->   Core 18 'FAddSub_fulldsp' <Latency = 3> <II = 1> <Delay = 6.43> <FuncUnit> <Opcode : 'fadd' 'fsub'> <InPorts = 2> <OutPorts = 1>
ST_12 : Operation 63 [1/1] (0.44ns)   --->   "%tmp_254 = select i1 %icmp_ln172_5, i32 %tmp2_7, i32 %tmp_252" [../src/ban.cpp:172]   --->   Operation 63 'select' 'tmp_254' <Predicate = true> <Delay = 0.44> <CoreInst = "Sel">   --->   Core 73 'Sel' <Latency = 0> <II = 1> <Delay = 0.44> <FuncUnit> <Opcode : 'select'> <InPorts = 3> <OutPorts = 1>
ST_12 : Operation 64 [1/3] (7.01ns)   --->   "%mul_2_i = fmul i32 %tmp_234, i32 %bitcast_ln173_4_read" [../src/ban.cpp:173]   --->   Operation 64 'fmul' 'mul_2_i' <Predicate = (icmp_ln172_6)> <Delay = 7.01> <CoreInst = "FMul_maxdsp">   --->   Core 30 'FMul_maxdsp' <Latency = 2> <II = 1> <Delay = 7.01> <FuncUnit> <Opcode : 'fmul'> <InPorts = 2> <OutPorts = 1>

State 13 <SV = 12> <Delay = 6.43>
ST_13 : Operation 65 [4/4] (6.43ns)   --->   "%tmp2_8 = fadd i32 %tmp_254, i32 %mul_2_i" [../src/ban.cpp:173]   --->   Operation 65 'fadd' 'tmp2_8' <Predicate = (icmp_ln172_6)> <Delay = 6.43> <CoreInst = "FAddSub_fulldsp">   --->   Core 18 'FAddSub_fulldsp' <Latency = 3> <II = 1> <Delay = 6.43> <FuncUnit> <Opcode : 'fadd' 'fsub'> <InPorts = 2> <OutPorts = 1>

State 14 <SV = 13> <Delay = 6.43>
ST_14 : Operation 66 [3/4] (6.43ns)   --->   "%tmp2_8 = fadd i32 %tmp_254, i32 %mul_2_i" [../src/ban.cpp:173]   --->   Operation 66 'fadd' 'tmp2_8' <Predicate = (icmp_ln172_6)> <Delay = 6.43> <CoreInst = "FAddSub_fulldsp">   --->   Core 18 'FAddSub_fulldsp' <Latency = 3> <II = 1> <Delay = 6.43> <FuncUnit> <Opcode : 'fadd' 'fsub'> <InPorts = 2> <OutPorts = 1>

State 15 <SV = 14> <Delay = 6.43>
ST_15 : Operation 67 [2/4] (6.43ns)   --->   "%tmp2_8 = fadd i32 %tmp_254, i32 %mul_2_i" [../src/ban.cpp:173]   --->   Operation 67 'fadd' 'tmp2_8' <Predicate = (icmp_ln172_6)> <Delay = 6.43> <CoreInst = "FAddSub_fulldsp">   --->   Core 18 'FAddSub_fulldsp' <Latency = 3> <II = 1> <Delay = 6.43> <FuncUnit> <Opcode : 'fadd' 'fsub'> <InPorts = 2> <OutPorts = 1>

State 16 <SV = 15> <Delay = 6.88>
ST_16 : Operation 68 [1/4] (6.43ns)   --->   "%tmp2_8 = fadd i32 %tmp_254, i32 %mul_2_i" [../src/ban.cpp:173]   --->   Operation 68 'fadd' 'tmp2_8' <Predicate = (icmp_ln172_6)> <Delay = 6.43> <CoreInst = "FAddSub_fulldsp">   --->   Core 18 'FAddSub_fulldsp' <Latency = 3> <II = 1> <Delay = 6.43> <FuncUnit> <Opcode : 'fadd' 'fsub'> <InPorts = 2> <OutPorts = 1>
ST_16 : Operation 69 [1/1] (0.44ns)   --->   "%tmp_256 = select i1 %icmp_ln172_6, i32 %tmp2_8, i32 %tmp_254" [../src/ban.cpp:172]   --->   Operation 69 'select' 'tmp_256' <Predicate = true> <Delay = 0.44> <CoreInst = "Sel">   --->   Core 73 'Sel' <Latency = 0> <II = 1> <Delay = 0.44> <FuncUnit> <Opcode : 'select'> <InPorts = 3> <OutPorts = 1>
ST_16 : Operation 75 [1/1] (0.00ns)   --->   "%ret_ln0 = ret"   --->   Operation 75 'ret' 'ret_ln0' <Predicate = (icmp_ln169)> <Delay = 0.00>

State 17 <SV = 16> <Delay = 0.67>
ST_17 : Operation 70 [1/1] (0.00ns)   --->   "%trunc_ln172_cast = zext i3 %i_21" [../src/ban.cpp:173]   --->   Operation 70 'zext' 'trunc_ln172_cast' <Predicate = true> <Delay = 0.00>
ST_17 : Operation 71 [1/1] (0.00ns)   --->   "%specloopname_ln169 = specloopname void @_ssdm_op_SpecLoopName, void @empty_5" [../src/ban.cpp:169]   --->   Operation 71 'specloopname' 'specloopname_ln169' <Predicate = true> <Delay = 0.00>
ST_17 : Operation 72 [1/1] (0.00ns)   --->   "%aux_addr = getelementptr i32 %aux, i64 0, i64 %trunc_ln172_cast" [../src/ban.cpp:177]   --->   Operation 72 'getelementptr' 'aux_addr' <Predicate = true> <Delay = 0.00>
ST_17 : Operation 73 [1/1] (0.67ns)   --->   "%store_ln177 = store i32 %tmp_256, i3 %aux_addr" [../src/ban.cpp:177]   --->   Operation 73 'store' 'store_ln177' <Predicate = true> <Delay = 0.67> <CoreInst = "RAM">   --->   Core 83 'RAM' <Latency = 1> <II = 1> <Delay = 0.67> <Storage> <Opcode : 'load' 'store'> <Ports = 2> <Width = 32> <Depth = 5> <RAM>
ST_17 : Operation 74 [1/1] (0.00ns)   --->   "%br_ln0 = br void"   --->   Operation 74 'br' 'br_ln0' <Predicate = true> <Delay = 0.00>


============================================================
+ Verbose Summary: Timing violations
============================================================
Target clock period: 10ns, clock uncertainty: 2.7ns.

 <State 1>: 1.1ns
The critical path consists of the following:
	'alloca' operation ('i') [7]  (0 ns)
	'load' operation ('i', ../src/ban.cpp:173) on local variable 'i' [16]  (0 ns)
	'add' operation ('add_ln169', ../src/ban.cpp:169) [20]  (0.673 ns)
	'store' operation ('store_ln169', ../src/ban.cpp:169) of variable 'add_ln169', ../src/ban.cpp:169 on local variable 'i' [47]  (0.427 ns)

 <State 2>: 7.02ns
The critical path consists of the following:
	'fmul' operation ('mul_i', ../src/ban.cpp:173) [28]  (7.02 ns)

 <State 3>: 7.02ns
The critical path consists of the following:
	'fmul' operation ('mul_i', ../src/ban.cpp:173) [28]  (7.02 ns)

 <State 4>: 7.02ns
The critical path consists of the following:
	'fmul' operation ('mul_i', ../src/ban.cpp:173) [28]  (7.02 ns)

 <State 5>: 6.44ns
The critical path consists of the following:
	'fadd' operation ('tmp2', ../src/ban.cpp:173) [29]  (6.44 ns)

 <State 6>: 7.02ns
The critical path consists of the following:
	'fmul' operation ('mul_1_i', ../src/ban.cpp:173) [35]  (7.02 ns)

 <State 7>: 7.02ns
The critical path consists of the following:
	'fmul' operation ('mul_1_i', ../src/ban.cpp:173) [35]  (7.02 ns)

 <State 8>: 7.02ns
The critical path consists of the following:
	'fmul' operation ('mul_1_i', ../src/ban.cpp:173) [35]  (7.02 ns)

 <State 9>: 6.44ns
The critical path consists of the following:
	'fadd' operation ('tmp2', ../src/ban.cpp:173) [36]  (6.44 ns)

 <State 10>: 7.02ns
The critical path consists of the following:
	'fmul' operation ('mul_2_i', ../src/ban.cpp:173) [42]  (7.02 ns)

 <State 11>: 7.02ns
The critical path consists of the following:
	'fmul' operation ('mul_2_i', ../src/ban.cpp:173) [42]  (7.02 ns)

 <State 12>: 7.02ns
The critical path consists of the following:
	'fmul' operation ('mul_2_i', ../src/ban.cpp:173) [42]  (7.02 ns)

 <State 13>: 6.44ns
The critical path consists of the following:
	'fadd' operation ('tmp2', ../src/ban.cpp:173) [43]  (6.44 ns)

 <State 14>: 6.44ns
The critical path consists of the following:
	'fadd' operation ('tmp2', ../src/ban.cpp:173) [43]  (6.44 ns)

 <State 15>: 6.44ns
The critical path consists of the following:
	'fadd' operation ('tmp2', ../src/ban.cpp:173) [43]  (6.44 ns)

 <State 16>: 6.89ns
The critical path consists of the following:
	'fadd' operation ('tmp2', ../src/ban.cpp:173) [43]  (6.44 ns)
	'select' operation ('tmp', ../src/ban.cpp:172) [44]  (0.449 ns)

 <State 17>: 0.677ns
The critical path consists of the following:
	'getelementptr' operation ('aux_addr', ../src/ban.cpp:177) [45]  (0 ns)
	'store' operation ('store_ln177', ../src/ban.cpp:177) of variable 'tmp', ../src/ban.cpp:172 on array 'aux' [46]  (0.677 ns)


============================================================
+ Verbose Summary: Binding
============================================================
N/A
* FSMD analyzer results:
  - Output states:
 - Input state : 
  - Chain level:
	State 1
	State 2
	State 3
	State 4
	State 5
	State 6
	State 7
	State 8
	State 9
	State 10
	State 11
	State 12
	State 13
	State 14
	State 15
	State 16
	State 17


============================================================
+ Verbose Summary: Datapath Resource usage 
============================================================
N/A
