#-----------------------------------------------------------
# Vivado v2021.2 (64-bit)
# SW Build 3367213 on Tue Oct 19 02:47:39 MDT 2021
# IP Build 3369179 on Thu Oct 21 08:25:16 MDT 2021
# Start of session at: Thu Mar 17 18:50:07 2022
# Process ID: 6412
# Current directory: /home/lorenzo/Documents/PhD/GitHub/ArithmeticNonStandarNumbersLibrary/fpga/bans3hw/solution1/.autopilot/db/ip_tmp
# Command line: vivado  -notrace -log vivado.log -mode batch -source run_vivado_gen_ip.tcl
# Log file: /home/lorenzo/Documents/PhD/GitHub/ArithmeticNonStandarNumbersLibrary/fpga/bans3hw/solution1/.autopilot/db/ip_tmp/vivado.log
# Journal file: /home/lorenzo/Documents/PhD/GitHub/ArithmeticNonStandarNumbersLibrary/fpga/bans3hw/solution1/.autopilot/db/ip_tmp/vivado.jou
# Running On: lorenzo-System-Product-Name, OS: Linux, CPU Frequency: 4544.339 MHz, CPU Physical cores: 8, Host memory: 33511 MB
#-----------------------------------------------------------
source run_vivado_gen_ip.tcl -notrace
INFO: [IP_Flow 19-234] Refreshing IP repositories
INFO: [IP_Flow 19-1704] No user IP repositories specified
INFO: [IP_Flow 19-2313] Loaded Vivado IP repository '/tools/Xilinx/Vivado/2021.2/data/ip'.
WARNING: [IP_Flow 19-4832] The IP name 'ban_interface_fdiv_32ns_32ns_32_9_no_dsp_1_ip' you have specified is long. The Windows operating system has path length limitations. It is recommended you use shorter names to reduce the likelihood of issues.
INFO: [IP_Flow 19-1686] Generating 'Synthesis' target for IP 'ban_interface_fdiv_32ns_32ns_32_9_no_dsp_1_ip'...
INFO: [IP_Flow 19-1686] Generating 'Simulation' target for IP 'ban_interface_fdiv_32ns_32ns_32_9_no_dsp_1_ip'...
WARNING: [IP_Flow 19-4832] The IP name 'ban_interface_fcmp_32ns_32ns_1_2_no_dsp_1_ip' you have specified is long. The Windows operating system has path length limitations. It is recommended you use shorter names to reduce the likelihood of issues.
INFO: [IP_Flow 19-1686] Generating 'Synthesis' target for IP 'ban_interface_fcmp_32ns_32ns_1_2_no_dsp_1_ip'...
INFO: [IP_Flow 19-1686] Generating 'Simulation' target for IP 'ban_interface_fcmp_32ns_32ns_1_2_no_dsp_1_ip'...
WARNING: [IP_Flow 19-4832] The IP name 'ban_interface_fmul_32ns_32ns_32_3_max_dsp_1_ip' you have specified is long. The Windows operating system has path length limitations. It is recommended you use shorter names to reduce the likelihood of issues.
INFO: [IP_Flow 19-1686] Generating 'Synthesis' target for IP 'ban_interface_fmul_32ns_32ns_32_3_max_dsp_1_ip'...
INFO: [IP_Flow 19-1686] Generating 'Simulation' target for IP 'ban_interface_fmul_32ns_32ns_32_3_max_dsp_1_ip'...
WARNING: [IP_Flow 19-4832] The IP name 'ban_interface_fsqrt_32ns_32ns_32_8_no_dsp_1_ip' you have specified is long. The Windows operating system has path length limitations. It is recommended you use shorter names to reduce the likelihood of issues.
INFO: [IP_Flow 19-1686] Generating 'Synthesis' target for IP 'ban_interface_fsqrt_32ns_32ns_32_8_no_dsp_1_ip'...
INFO: [IP_Flow 19-1686] Generating 'Simulation' target for IP 'ban_interface_fsqrt_32ns_32ns_32_8_no_dsp_1_ip'...
WARNING: [IP_Flow 19-4832] The IP name 'ban_interface_faddfsub_32ns_32ns_32_4_full_dsp_1_ip' you have specified is long. The Windows operating system has path length limitations. It is recommended you use shorter names to reduce the likelihood of issues.
INFO: [IP_Flow 19-1686] Generating 'Synthesis' target for IP 'ban_interface_faddfsub_32ns_32ns_32_4_full_dsp_1_ip'...
INFO: [IP_Flow 19-1686] Generating 'Simulation' target for IP 'ban_interface_faddfsub_32ns_32ns_32_4_full_dsp_1_ip'...
WARNING: [IP_Flow 19-4832] The IP name 'ban_interface_fadd_32ns_32ns_32_4_full_dsp_1_ip' you have specified is long. The Windows operating system has path length limitations. It is recommended you use shorter names to reduce the likelihood of issues.
INFO: [IP_Flow 19-1686] Generating 'Synthesis' target for IP 'ban_interface_fadd_32ns_32ns_32_4_full_dsp_1_ip'...
INFO: [IP_Flow 19-1686] Generating 'Simulation' target for IP 'ban_interface_fadd_32ns_32ns_32_4_full_dsp_1_ip'...
INFO: [Common 17-206] Exiting Vivado at Thu Mar 17 18:50:21 2022...
