
*** Running vivado
    with args -log design_1_wrapper.vds -m64 -product Vivado -mode batch -messageDb vivado.pb -notrace -source design_1_wrapper.tcl


****** Vivado v2021.2 (64-bit)
  **** SW Build 3367213 on Tue Oct 19 02:47:39 MDT 2021
  **** IP Build 3369179 on Thu Oct 21 08:25:16 MDT 2021
    ** Copyright 1986-2021 Xilinx, Inc. All Rights Reserved.

source design_1_wrapper.tcl -notrace
INFO: [IP_Flow 19-234] Refreshing IP repositories
INFO: [IP_Flow 19-1700] Loaded user IP repository '/home/lorenzo/Documents/PhD/GitHub/ArithmeticNonStandarNumbersLibrary/fpga/bans3hw/solution1/impl/ip'.
INFO: [IP_Flow 19-2313] Loaded Vivado IP repository '/tools/Xilinx/Vivado/2021.2/data/ip'.
Command: read_checkpoint -auto_incremental -incremental /home/lorenzo/Documents/PhD/GitHub/ArithmeticNonStandarNumbersLibrary/fpga/bans3hw_vivado/bans3hw_vivado.srcs/utils_1/imports/synth_1/design_1_wrapper.dcp
INFO: [Vivado 12-5825] Read reference checkpoint from /home/lorenzo/Documents/PhD/GitHub/ArithmeticNonStandarNumbersLibrary/fpga/bans3hw_vivado/bans3hw_vivado.srcs/utils_1/imports/synth_1/design_1_wrapper.dcp for incremental synthesis
INFO: [Vivado 12-7989] Please ensure there are no constraint changes
Command: synth_design -top design_1_wrapper -part xczu7ev-ffvc1156-2-e
Starting synth_design
Attempting to get a license for feature 'Synthesis' and/or device 'xczu7ev'
INFO: [Common 17-349] Got license for feature 'Synthesis' and/or device 'xczu7ev'
INFO: [Device 21-403] Loading part xczu7ev-ffvc1156-2-e
WARNING: [Designutils 20-4072] Reference run did not run incremental synthesis because the design is too small; reverting to default synthesis
INFO: [Designutils 20-4379] Flow is switching to default flow due to incremental criteria not met. If you would like to alter this behaviour and have the flow terminate instead, please set the following parameter config_implementation {autoIncr.Synth.RejectBehavior Terminate}
INFO: [Synth 8-7079] Multithreading enabled for synth_design using a maximum of 4 processes.
INFO: [Synth 8-7078] Launching helper process for spawning children vivado processes
INFO: [Synth 8-7075] Helper process launched with PID 8106
---------------------------------------------------------------------------------
Starting RTL Elaboration : Time (s): cpu = 00:00:03 ; elapsed = 00:00:03 . Memory (MB): peak = 3125.312 ; gain = 150.793 ; free physical = 4746 ; free virtual = 22032
---------------------------------------------------------------------------------
INFO: [Synth 8-6157] synthesizing module 'design_1_wrapper' [/home/lorenzo/Documents/PhD/GitHub/ArithmeticNonStandarNumbersLibrary/fpga/bans3hw_vivado/bans3hw_vivado.gen/sources_1/bd/design_1/hdl/design_1_wrapper.v:12]
INFO: [Synth 8-6157] synthesizing module 'design_1' [/home/lorenzo/Documents/PhD/GitHub/ArithmeticNonStandarNumbersLibrary/fpga/bans3hw_vivado/bans3hw_vivado.gen/sources_1/bd/design_1/synth/design_1.v:13]
INFO: [Synth 8-6157] synthesizing module 'design_1_ban_interface_0_0' [/home/lorenzo/Documents/PhD/GitHub/ArithmeticNonStandarNumbersLibrary/fpga/bans3hw_vivado/bans3hw_vivado.runs/synth_1/.Xil/Vivado-8082-lorenzo-System-Product-Name/realtime/design_1_ban_interface_0_0_stub.v:6]
INFO: [Synth 8-6155] done synthesizing module 'design_1_ban_interface_0_0' (1#1) [/home/lorenzo/Documents/PhD/GitHub/ArithmeticNonStandarNumbersLibrary/fpga/bans3hw_vivado/bans3hw_vivado.runs/synth_1/.Xil/Vivado-8082-lorenzo-System-Product-Name/realtime/design_1_ban_interface_0_0_stub.v:6]
INFO: [Synth 8-6157] synthesizing module 'design_1_clk_wiz_0' [/home/lorenzo/Documents/PhD/GitHub/ArithmeticNonStandarNumbersLibrary/fpga/bans3hw_vivado/bans3hw_vivado.runs/synth_1/.Xil/Vivado-8082-lorenzo-System-Product-Name/realtime/design_1_clk_wiz_0_stub.v:5]
INFO: [Synth 8-6155] done synthesizing module 'design_1_clk_wiz_0' (2#1) [/home/lorenzo/Documents/PhD/GitHub/ArithmeticNonStandarNumbersLibrary/fpga/bans3hw_vivado/bans3hw_vivado.runs/synth_1/.Xil/Vivado-8082-lorenzo-System-Product-Name/realtime/design_1_clk_wiz_0_stub.v:5]
INFO: [Synth 8-6157] synthesizing module 'design_1_rst_clk_wiz_100M_0' [/home/lorenzo/Documents/PhD/GitHub/ArithmeticNonStandarNumbersLibrary/fpga/bans3hw_vivado/bans3hw_vivado.runs/synth_1/.Xil/Vivado-8082-lorenzo-System-Product-Name/realtime/design_1_rst_clk_wiz_100M_0_stub.v:6]
INFO: [Synth 8-6155] done synthesizing module 'design_1_rst_clk_wiz_100M_0' (3#1) [/home/lorenzo/Documents/PhD/GitHub/ArithmeticNonStandarNumbersLibrary/fpga/bans3hw_vivado/bans3hw_vivado.runs/synth_1/.Xil/Vivado-8082-lorenzo-System-Product-Name/realtime/design_1_rst_clk_wiz_100M_0_stub.v:6]
WARNING: [Synth 8-7071] port 'mb_reset' of module 'design_1_rst_clk_wiz_100M_0' is unconnected for instance 'rst_clk_wiz_100M' [/home/lorenzo/Documents/PhD/GitHub/ArithmeticNonStandarNumbersLibrary/fpga/bans3hw_vivado/bans3hw_vivado.gen/sources_1/bd/design_1/synth/design_1.v:78]
WARNING: [Synth 8-7071] port 'bus_struct_reset' of module 'design_1_rst_clk_wiz_100M_0' is unconnected for instance 'rst_clk_wiz_100M' [/home/lorenzo/Documents/PhD/GitHub/ArithmeticNonStandarNumbersLibrary/fpga/bans3hw_vivado/bans3hw_vivado.gen/sources_1/bd/design_1/synth/design_1.v:78]
WARNING: [Synth 8-7071] port 'interconnect_aresetn' of module 'design_1_rst_clk_wiz_100M_0' is unconnected for instance 'rst_clk_wiz_100M' [/home/lorenzo/Documents/PhD/GitHub/ArithmeticNonStandarNumbersLibrary/fpga/bans3hw_vivado/bans3hw_vivado.gen/sources_1/bd/design_1/synth/design_1.v:78]
WARNING: [Synth 8-7071] port 'peripheral_aresetn' of module 'design_1_rst_clk_wiz_100M_0' is unconnected for instance 'rst_clk_wiz_100M' [/home/lorenzo/Documents/PhD/GitHub/ArithmeticNonStandarNumbersLibrary/fpga/bans3hw_vivado/bans3hw_vivado.gen/sources_1/bd/design_1/synth/design_1.v:78]
WARNING: [Synth 8-7023] instance 'rst_clk_wiz_100M' of module 'design_1_rst_clk_wiz_100M_0' has 10 connections declared, but only 6 given [/home/lorenzo/Documents/PhD/GitHub/ArithmeticNonStandarNumbersLibrary/fpga/bans3hw_vivado/bans3hw_vivado.gen/sources_1/bd/design_1/synth/design_1.v:78]
INFO: [Synth 8-6155] done synthesizing module 'design_1' (4#1) [/home/lorenzo/Documents/PhD/GitHub/ArithmeticNonStandarNumbersLibrary/fpga/bans3hw_vivado/bans3hw_vivado.gen/sources_1/bd/design_1/synth/design_1.v:13]
INFO: [Synth 8-6155] done synthesizing module 'design_1_wrapper' (5#1) [/home/lorenzo/Documents/PhD/GitHub/ArithmeticNonStandarNumbersLibrary/fpga/bans3hw_vivado/bans3hw_vivado.gen/sources_1/bd/design_1/hdl/design_1_wrapper.v:12]
---------------------------------------------------------------------------------
Finished RTL Elaboration : Time (s): cpu = 00:00:03 ; elapsed = 00:00:03 . Memory (MB): peak = 3171.250 ; gain = 196.730 ; free physical = 4543 ; free virtual = 21828
---------------------------------------------------------------------------------
---------------------------------------------------------------------------------
Start Handling Custom Attributes
---------------------------------------------------------------------------------
---------------------------------------------------------------------------------
Finished Handling Custom Attributes : Time (s): cpu = 00:00:04 ; elapsed = 00:00:04 . Memory (MB): peak = 3189.062 ; gain = 214.543 ; free physical = 5432 ; free virtual = 22725
---------------------------------------------------------------------------------
---------------------------------------------------------------------------------
Finished RTL Optimization Phase 1 : Time (s): cpu = 00:00:04 ; elapsed = 00:00:04 . Memory (MB): peak = 3189.062 ; gain = 214.543 ; free physical = 5432 ; free virtual = 22725
---------------------------------------------------------------------------------
Netlist sorting complete. Time (s): cpu = 00:00:00 ; elapsed = 00:00:00 . Memory (MB): peak = 3189.062 ; gain = 0.000 ; free physical = 5401 ; free virtual = 22695
INFO: [Project 1-570] Preparing netlist for logic optimization

Processing XDC Constraints
Initializing timing engine
Parsing XDC File [/home/lorenzo/Documents/PhD/GitHub/ArithmeticNonStandarNumbersLibrary/fpga/bans3hw_vivado/bans3hw_vivado.gen/sources_1/bd/design_1/ip/design_1_ban_interface_0_0/design_1_ban_interface_0_0/design_1_ban_interface_0_0_in_context.xdc] for cell 'design_1_i/ban_interface_0'
Finished Parsing XDC File [/home/lorenzo/Documents/PhD/GitHub/ArithmeticNonStandarNumbersLibrary/fpga/bans3hw_vivado/bans3hw_vivado.gen/sources_1/bd/design_1/ip/design_1_ban_interface_0_0/design_1_ban_interface_0_0/design_1_ban_interface_0_0_in_context.xdc] for cell 'design_1_i/ban_interface_0'
Parsing XDC File [/home/lorenzo/Documents/PhD/GitHub/ArithmeticNonStandarNumbersLibrary/fpga/bans3hw_vivado/bans3hw_vivado.gen/sources_1/bd/design_1/ip/design_1_clk_wiz_0/design_1_clk_wiz_0/design_1_clk_wiz_0_in_context.xdc] for cell 'design_1_i/clk_wiz'
Finished Parsing XDC File [/home/lorenzo/Documents/PhD/GitHub/ArithmeticNonStandarNumbersLibrary/fpga/bans3hw_vivado/bans3hw_vivado.gen/sources_1/bd/design_1/ip/design_1_clk_wiz_0/design_1_clk_wiz_0/design_1_clk_wiz_0_in_context.xdc] for cell 'design_1_i/clk_wiz'
Parsing XDC File [/home/lorenzo/Documents/PhD/GitHub/ArithmeticNonStandarNumbersLibrary/fpga/bans3hw_vivado/bans3hw_vivado.gen/sources_1/bd/design_1/ip/design_1_rst_clk_wiz_100M_0/design_1_rst_clk_wiz_100M_0/design_1_rst_clk_wiz_100M_0_in_context.xdc] for cell 'design_1_i/rst_clk_wiz_100M'
Finished Parsing XDC File [/home/lorenzo/Documents/PhD/GitHub/ArithmeticNonStandarNumbersLibrary/fpga/bans3hw_vivado/bans3hw_vivado.gen/sources_1/bd/design_1/ip/design_1_rst_clk_wiz_100M_0/design_1_rst_clk_wiz_100M_0/design_1_rst_clk_wiz_100M_0_in_context.xdc] for cell 'design_1_i/rst_clk_wiz_100M'
Parsing XDC File [/home/lorenzo/Documents/PhD/GitHub/ArithmeticNonStandarNumbersLibrary/fpga/bans3hw_vivado/bans3hw_vivado.srcs/constrs_1/new/impl.xdc]
Finished Parsing XDC File [/home/lorenzo/Documents/PhD/GitHub/ArithmeticNonStandarNumbersLibrary/fpga/bans3hw_vivado/bans3hw_vivado.srcs/constrs_1/new/impl.xdc]
Parsing XDC File [/home/lorenzo/Documents/PhD/GitHub/ArithmeticNonStandarNumbersLibrary/fpga/bans3hw_vivado/bans3hw_vivado.runs/synth_1/dont_touch.xdc]
Finished Parsing XDC File [/home/lorenzo/Documents/PhD/GitHub/ArithmeticNonStandarNumbersLibrary/fpga/bans3hw_vivado/bans3hw_vivado.runs/synth_1/dont_touch.xdc]
Completed Processing XDC Constraints

Netlist sorting complete. Time (s): cpu = 00:00:00 ; elapsed = 00:00:00 . Memory (MB): peak = 3281.844 ; gain = 0.000 ; free physical = 5376 ; free virtual = 22667
INFO: [Project 1-111] Unisim Transformation Summary:
No Unisim elements were transformed.

Constraint Validation Runtime : Time (s): cpu = 00:00:00 ; elapsed = 00:00:00 . Memory (MB): peak = 3281.844 ; gain = 0.000 ; free physical = 5376 ; free virtual = 22667
WARNING: [Designutils 20-4072] Reference run did not run incremental synthesis because the design is too small; reverting to default synthesis
INFO: [Designutils 20-4379] Flow is switching to default flow due to incremental criteria not met. If you would like to alter this behaviour and have the flow terminate instead, please set the following parameter config_implementation {autoIncr.Synth.RejectBehavior Terminate}
---------------------------------------------------------------------------------
Finished Constraint Validation : Time (s): cpu = 00:00:10 ; elapsed = 00:00:11 . Memory (MB): peak = 3281.844 ; gain = 307.324 ; free physical = 5455 ; free virtual = 22742
---------------------------------------------------------------------------------
---------------------------------------------------------------------------------
Start Loading Part and Timing Information
---------------------------------------------------------------------------------
Loading part: xczu7ev-ffvc1156-2-e
INFO: [Synth 8-6742] Reading net delay rules and data
---------------------------------------------------------------------------------
Finished Loading Part and Timing Information : Time (s): cpu = 00:00:10 ; elapsed = 00:00:11 . Memory (MB): peak = 3281.844 ; gain = 307.324 ; free physical = 5455 ; free virtual = 22742
---------------------------------------------------------------------------------
---------------------------------------------------------------------------------
Start Applying 'set_property' XDC Constraints
---------------------------------------------------------------------------------
Applied set_property IO_BUFFER_TYPE = NONE for clk_100MHz. (constraint file  /home/lorenzo/Documents/PhD/GitHub/ArithmeticNonStandarNumbersLibrary/fpga/bans3hw_vivado/bans3hw_vivado.gen/sources_1/bd/design_1/ip/design_1_clk_wiz_0/design_1_clk_wiz_0/design_1_clk_wiz_0_in_context.xdc, line 3).
Applied set_property CLOCK_BUFFER_TYPE = NONE for clk_100MHz. (constraint file  /home/lorenzo/Documents/PhD/GitHub/ArithmeticNonStandarNumbersLibrary/fpga/bans3hw_vivado/bans3hw_vivado.gen/sources_1/bd/design_1/ip/design_1_clk_wiz_0/design_1_clk_wiz_0/design_1_clk_wiz_0_in_context.xdc, line 4).
Applied set_property KEEP_HIERARCHY = SOFT for design_1_i. (constraint file  auto generated constraint).
Applied set_property KEEP_HIERARCHY = SOFT for design_1_i/ban_interface_0. (constraint file  auto generated constraint).
Applied set_property KEEP_HIERARCHY = SOFT for design_1_i/clk_wiz. (constraint file  auto generated constraint).
Applied set_property KEEP_HIERARCHY = SOFT for design_1_i/rst_clk_wiz_100M. (constraint file  auto generated constraint).
---------------------------------------------------------------------------------
Finished applying 'set_property' XDC Constraints : Time (s): cpu = 00:00:11 ; elapsed = 00:00:11 . Memory (MB): peak = 3281.844 ; gain = 307.324 ; free physical = 5455 ; free virtual = 22742
---------------------------------------------------------------------------------
---------------------------------------------------------------------------------
Finished RTL Optimization Phase 2 : Time (s): cpu = 00:00:11 ; elapsed = 00:00:11 . Memory (MB): peak = 3281.844 ; gain = 307.324 ; free physical = 5454 ; free virtual = 22741
---------------------------------------------------------------------------------
---------------------------------------------------------------------------------
Start RTL Component Statistics 
---------------------------------------------------------------------------------
Detailed RTL Component Info : 
---------------------------------------------------------------------------------
Finished RTL Component Statistics 
---------------------------------------------------------------------------------
---------------------------------------------------------------------------------
Start Part Resource Summary
---------------------------------------------------------------------------------
Part Resources:
DSPs: 1728 (col length:144)
BRAMs: 624 (col length: RAMB18 144 RAMB36 72)
---------------------------------------------------------------------------------
Finished Part Resource Summary
---------------------------------------------------------------------------------
---------------------------------------------------------------------------------
Start Cross Boundary and Area Optimization
---------------------------------------------------------------------------------
WARNING: [Synth 8-7080] Parallel synthesis criteria is not met
---------------------------------------------------------------------------------
Finished Cross Boundary and Area Optimization : Time (s): cpu = 00:00:12 ; elapsed = 00:00:12 . Memory (MB): peak = 3281.844 ; gain = 307.324 ; free physical = 5443 ; free virtual = 22733
---------------------------------------------------------------------------------
---------------------------------------------------------------------------------
Start Applying XDC Timing Constraints
---------------------------------------------------------------------------------
---------------------------------------------------------------------------------
Finished Applying XDC Timing Constraints : Time (s): cpu = 00:00:18 ; elapsed = 00:00:19 . Memory (MB): peak = 3729.391 ; gain = 754.871 ; free physical = 4863 ; free virtual = 22149
---------------------------------------------------------------------------------
---------------------------------------------------------------------------------
Start Timing Optimization
---------------------------------------------------------------------------------
---------------------------------------------------------------------------------
Finished Timing Optimization : Time (s): cpu = 00:00:18 ; elapsed = 00:00:19 . Memory (MB): peak = 3729.391 ; gain = 754.871 ; free physical = 4863 ; free virtual = 22149
---------------------------------------------------------------------------------
---------------------------------------------------------------------------------
Start Technology Mapping
---------------------------------------------------------------------------------
---------------------------------------------------------------------------------
Finished Technology Mapping : Time (s): cpu = 00:00:18 ; elapsed = 00:00:20 . Memory (MB): peak = 3748.422 ; gain = 773.902 ; free physical = 4861 ; free virtual = 22148
---------------------------------------------------------------------------------
---------------------------------------------------------------------------------
Start IO Insertion
---------------------------------------------------------------------------------
---------------------------------------------------------------------------------
Start Flattening Before IO Insertion
---------------------------------------------------------------------------------
---------------------------------------------------------------------------------
Finished Flattening Before IO Insertion
---------------------------------------------------------------------------------
---------------------------------------------------------------------------------
Start Final Netlist Cleanup
---------------------------------------------------------------------------------
---------------------------------------------------------------------------------
Finished Final Netlist Cleanup
---------------------------------------------------------------------------------
---------------------------------------------------------------------------------
Finished IO Insertion : Time (s): cpu = 00:00:21 ; elapsed = 00:00:23 . Memory (MB): peak = 3754.359 ; gain = 779.840 ; free physical = 4856 ; free virtual = 22144
---------------------------------------------------------------------------------
---------------------------------------------------------------------------------
Start Renaming Generated Instances
---------------------------------------------------------------------------------
---------------------------------------------------------------------------------
Finished Renaming Generated Instances : Time (s): cpu = 00:00:21 ; elapsed = 00:00:23 . Memory (MB): peak = 3754.359 ; gain = 779.840 ; free physical = 4856 ; free virtual = 22144
---------------------------------------------------------------------------------
---------------------------------------------------------------------------------
Start Rebuilding User Hierarchy
---------------------------------------------------------------------------------
---------------------------------------------------------------------------------
Finished Rebuilding User Hierarchy : Time (s): cpu = 00:00:21 ; elapsed = 00:00:23 . Memory (MB): peak = 3754.359 ; gain = 779.840 ; free physical = 4856 ; free virtual = 22144
---------------------------------------------------------------------------------
---------------------------------------------------------------------------------
Start Renaming Generated Ports
---------------------------------------------------------------------------------
---------------------------------------------------------------------------------
Finished Renaming Generated Ports : Time (s): cpu = 00:00:21 ; elapsed = 00:00:23 . Memory (MB): peak = 3754.359 ; gain = 779.840 ; free physical = 4856 ; free virtual = 22144
---------------------------------------------------------------------------------
---------------------------------------------------------------------------------
Start Handling Custom Attributes
---------------------------------------------------------------------------------
---------------------------------------------------------------------------------
Finished Handling Custom Attributes : Time (s): cpu = 00:00:21 ; elapsed = 00:00:23 . Memory (MB): peak = 3754.359 ; gain = 779.840 ; free physical = 4856 ; free virtual = 22144
---------------------------------------------------------------------------------
---------------------------------------------------------------------------------
Start Renaming Generated Nets
---------------------------------------------------------------------------------
---------------------------------------------------------------------------------
Finished Renaming Generated Nets : Time (s): cpu = 00:00:21 ; elapsed = 00:00:23 . Memory (MB): peak = 3754.359 ; gain = 779.840 ; free physical = 4856 ; free virtual = 22144
---------------------------------------------------------------------------------
---------------------------------------------------------------------------------
Start Writing Synthesis Report
---------------------------------------------------------------------------------

Report BlackBoxes: 
+------+----------------------------+----------+
|      |BlackBox name               |Instances |
+------+----------------------------+----------+
|1     |design_1_ban_interface_0_0  |         1|
|2     |design_1_clk_wiz_0          |         1|
|3     |design_1_rst_clk_wiz_100M_0 |         1|
+------+----------------------------+----------+

Report Cell Usage: 
+------+--------------------------+------+
|      |Cell                      |Count |
+------+--------------------------+------+
|1     |design_1_ban_interface_0  |     1|
|2     |design_1_clk_wiz          |     1|
|3     |design_1_rst_clk_wiz_100M |     1|
|4     |IBUF                      |   130|
|5     |OBUF                      |   165|
+------+--------------------------+------+
---------------------------------------------------------------------------------
Finished Writing Synthesis Report : Time (s): cpu = 00:00:21 ; elapsed = 00:00:23 . Memory (MB): peak = 3754.359 ; gain = 779.840 ; free physical = 4856 ; free virtual = 22144
---------------------------------------------------------------------------------
Synthesis finished with 0 errors, 0 critical warnings and 1 warnings.
Synthesis Optimization Runtime : Time (s): cpu = 00:00:17 ; elapsed = 00:00:18 . Memory (MB): peak = 3754.359 ; gain = 687.059 ; free physical = 4895 ; free virtual = 22184
Synthesis Optimization Complete : Time (s): cpu = 00:00:21 ; elapsed = 00:00:23 . Memory (MB): peak = 3754.367 ; gain = 779.840 ; free physical = 4895 ; free virtual = 22184
INFO: [Project 1-571] Translating synthesized netlist
Netlist sorting complete. Time (s): cpu = 00:00:00 ; elapsed = 00:00:00.01 . Memory (MB): peak = 3769.297 ; gain = 0.000 ; free physical = 4984 ; free virtual = 22273
INFO: [Netlist 29-17] Analyzing 130 Unisim elements for replacement
INFO: [Netlist 29-28] Unisim Transformation completed in 0 CPU seconds
INFO: [Project 1-570] Preparing netlist for logic optimization
INFO: [Opt 31-138] Pushed 0 inverter(s) to 0 load pin(s).
Netlist sorting complete. Time (s): cpu = 00:00:00 ; elapsed = 00:00:00 . Memory (MB): peak = 3791.109 ; gain = 0.000 ; free physical = 4912 ; free virtual = 22201
INFO: [Project 1-111] Unisim Transformation Summary:
  A total of 130 instances were transformed.
  IBUF => IBUF (IBUFCTRL, INBUF): 130 instances

Synth Design complete, checksum: 2cd35239
INFO: [Common 17-83] Releasing license: Synthesis
32 Infos, 8 Warnings, 0 Critical Warnings and 0 Errors encountered.
synth_design completed successfully
synth_design: Time (s): cpu = 00:00:29 ; elapsed = 00:00:27 . Memory (MB): peak = 3791.109 ; gain = 1032.594 ; free physical = 5104 ; free virtual = 22393
INFO: [Common 17-1381] The checkpoint '/home/lorenzo/Documents/PhD/GitHub/ArithmeticNonStandarNumbersLibrary/fpga/bans3hw_vivado/bans3hw_vivado.runs/synth_1/design_1_wrapper.dcp' has been generated.
INFO: [runtcl-4] Executing : report_utilization -file design_1_wrapper_utilization_synth.rpt -pb design_1_wrapper_utilization_synth.pb
INFO: [Common 17-206] Exiting Vivado at Fri Mar 18 12:29:24 2022...
