

================================================================
== Vitis HLS Report for 'operator_2'
================================================================
* Date:           Thu Mar 17 18:48:08 2022

* Version:        2021.2 (Build 3367213 on Tue Oct 19 02:47:39 MDT 2021)
* Project:        bans3hw
* Solution:       solution1 (Vivado IP Flow Target)
* Product family: zynquplus
* Target device:  xczu7ev-ffvc1156-2-e


================================================================
== Performance Estimates
================================================================
+ Timing: 
    * Summary: 
    +--------+----------+----------+------------+
    |  Clock |  Target  | Estimated| Uncertainty|
    +--------+----------+----------+------------+
    |ap_clk  |  10.00 ns|  6.913 ns|     2.70 ns|
    +--------+----------+----------+------------+

+ Latency: 
    * Summary: 
    +---------+---------+-----------+-----------+-----+-----+---------+
    |  Latency (cycles) |   Latency (absolute)  |  Interval | Pipeline|
    |   min   |   max   |    min    |    max    | min | max |   Type  |
    +---------+---------+-----------+-----------+-----+-----+---------+
    |        5|        5|  50.000 ns|  50.000 ns|    5|    5|       no|
    +---------+---------+-----------+-----------+-----+-----+---------+

    + Detail: 
        * Instance: 
        N/A

        * Loop: 
        N/A



================================================================
== Utilization Estimates
================================================================
* Summary: 
+-----------------+---------+------+--------+--------+-----+
|       Name      | BRAM_18K|  DSP |   FF   |   LUT  | URAM|
+-----------------+---------+------+--------+--------+-----+
|DSP              |        -|     -|       -|       -|    -|
|Expression       |        -|     -|       0|    1319|    -|
|FIFO             |        -|     -|       -|       -|    -|
|Instance         |        -|     2|     227|     228|    -|
|Memory           |        -|     -|       -|       -|    -|
|Multiplexer      |        -|     -|       -|      73|    -|
|Register         |        -|     -|     424|       -|    -|
+-----------------+---------+------+--------+--------+-----+
|Total            |        0|     2|     651|    1620|    0|
+-----------------+---------+------+--------+--------+-----+
|Available        |      624|  1728|  460800|  230400|   96|
+-----------------+---------+------+--------+--------+-----+
|Utilization (%)  |        0|    ~0|      ~0|      ~0|    0|
+-----------------+---------+------+--------+--------+-----+

+ Detail: 
    * Instance: 
    +-----------------------------------+--------------------------------+---------+----+-----+-----+-----+
    |              Instance             |             Module             | BRAM_18K| DSP|  FF | LUT | URAM|
    +-----------------------------------+--------------------------------+---------+----+-----+-----+-----+
    |fadd_32ns_32ns_32_4_full_dsp_1_U1  |fadd_32ns_32ns_32_4_full_dsp_1  |        0|   2|  227|  214|    0|
    |fcmp_32ns_32ns_1_2_no_dsp_1_U2     |fcmp_32ns_32ns_1_2_no_dsp_1     |        0|   0|    0|    0|    0|
    |fcmp_32ns_32ns_1_2_no_dsp_1_U3     |fcmp_32ns_32ns_1_2_no_dsp_1     |        0|   0|    0|    0|    0|
    |fcmp_32ns_32ns_1_2_no_dsp_1_U4     |fcmp_32ns_32ns_1_2_no_dsp_1     |        0|   0|    0|    0|    0|
    |fcmp_32ns_32ns_1_2_no_dsp_1_U5     |fcmp_32ns_32ns_1_2_no_dsp_1     |        0|   0|    0|    0|    0|
    |mux_32_32_1_1_U6                   |mux_32_32_1_1                   |        0|   0|    0|   14|    0|
    +-----------------------------------+--------------------------------+---------+----+-----+-----+-----+
    |Total                              |                                |        0|   2|  227|  228|    0|
    +-----------------------------------+--------------------------------+---------+----+-----+-----+-----+

    * DSP: 
    N/A

    * Memory: 
    N/A

    * FIFO: 
    N/A

    * Expression: 
    +--------------------------+----------+----+---+----+------------+------------+
    |       Variable Name      | Operation| DSP| FF| LUT| Bitwidth P0| Bitwidth P1|
    +--------------------------+----------+----+---+----+------------+------------+
    |add_ln279_fu_269_p2       |         +|   0|  0|  39|          32|           3|
    |res_p_1_fu_413_p2         |         +|   0|  0|  39|          32|           2|
    |res_p_2_fu_465_p2         |         +|   0|  0|  39|          32|           3|
    |and_ln273_fu_252_p2       |       and|   0|  0|   2|           1|           1|
    |and_ln276_1_fu_545_p2     |       and|   0|  0|   2|           1|           1|
    |and_ln276_fu_470_p2       |       and|   0|  0|   2|           1|           1|
    |and_ln279_1_fu_488_p2     |       and|   0|  0|   2|           1|           1|
    |and_ln279_fu_476_p2       |       and|   0|  0|   2|           1|           1|
    |and_ln27_1_fu_494_p2      |       and|   0|  0|   2|           1|           1|
    |and_ln27_2_fu_507_p2      |       and|   0|  0|   2|           1|           1|
    |and_ln27_fu_354_p2        |       and|   0|  0|   2|           1|           1|
    |and_ln30_1_fu_513_p2      |       and|   0|  0|   2|           1|           1|
    |and_ln30_fu_401_p2        |       and|   0|  0|   2|           1|           1|
    |and_ln38_1_fu_526_p2      |       and|   0|  0|   2|           1|           1|
    |and_ln38_2_fu_532_p2      |       and|   0|  0|   2|           1|           1|
    |and_ln38_fu_453_p2        |       and|   0|  0|   2|           1|           1|
    |icmp_ln273_1_fu_240_p2    |      icmp|   0|  0|  16|          23|           1|
    |icmp_ln273_fu_234_p2      |      icmp|   0|  0|  11|           8|           2|
    |icmp_ln27_2_fu_342_p2     |      icmp|   0|  0|  16|          23|           1|
    |icmp_ln27_fu_336_p2       |      icmp|   0|  0|  11|           8|           2|
    |icmp_ln282_1_fu_184_p2    |      icmp|   0|  0|   8|           2|           1|
    |icmp_ln282_fu_172_p2      |      icmp|   0|  0|   8|           2|           1|
    |icmp_ln291_1_fu_300_p2    |      icmp|   0|  0|  20|          32|           2|
    |icmp_ln291_fu_288_p2      |      icmp|   0|  0|  20|          32|           3|
    |icmp_ln30_2_fu_389_p2     |      icmp|   0|  0|  16|          23|           1|
    |icmp_ln30_fu_383_p2       |      icmp|   0|  0|  11|           8|           2|
    |icmp_ln38_2_fu_441_p2     |      icmp|   0|  0|  16|          23|           1|
    |icmp_ln38_fu_435_p2       |      icmp|   0|  0|  11|           8|           2|
    |or_ln273_fu_246_p2        |        or|   0|  0|   2|           1|           1|
    |or_ln27_fu_348_p2         |        or|   0|  0|   2|           1|           1|
    |or_ln30_fu_395_p2         |        or|   0|  0|   2|           1|           1|
    |or_ln38_1_fu_619_p2       |        or|   0|  0|   2|           1|           1|
    |or_ln38_fu_447_p2         |        or|   0|  0|   2|           1|           1|
    |grp_fu_82_p0              |    select|   0|  0|  32|           1|          32|
    |grp_fu_87_p0              |    select|   0|  0|  32|           1|          32|
    |grp_fu_92_p0              |    select|   0|  0|  32|           1|          32|
    |num_res_5_fu_293_p3       |    select|   0|  0|  32|           1|          32|
    |num_res_6_fu_305_p3       |    select|   0|  0|  32|           1|          32|
    |res_p_3_fu_648_p3         |    select|   0|  0|  31|           1|          31|
    |res_p_4_fu_655_p3         |    select|   0|  0|  31|           1|          31|
    |res_p_5_fu_666_p3         |    select|   0|  0|  32|           1|          32|
    |res_p_6_fu_674_p3         |    select|   0|  0|  32|           1|          32|
    |res_p_7_fu_682_p3         |    select|   0|  0|  32|           1|           1|
    |res_p_8_fu_690_p3         |    select|   0|  0|  32|           1|          32|
    |select_ln273_1_fu_599_p3  |    select|   0|  0|  32|           1|          32|
    |select_ln273_2_fu_641_p3  |    select|   0|  0|  32|           1|          32|
    |select_ln273_fu_557_p3    |    select|   0|  0|  32|           1|          32|
    |select_ln276_1_fu_591_p3  |    select|   0|  0|  32|           1|          32|
    |select_ln276_2_fu_633_p3  |    select|   0|  0|  32|           1|          32|
    |select_ln276_fu_550_p3    |    select|   0|  0|  32|           1|          32|
    |select_ln279_1_fu_564_p3  |    select|   0|  0|  32|           1|          32|
    |select_ln279_2_fu_606_p3  |    select|   0|  0|  32|           1|          32|
    |select_ln279_fu_482_p3    |    select|   0|  0|  32|           1|          32|
    |select_ln27_1_fu_570_p3   |    select|   0|  0|  32|           1|          32|
    |select_ln27_2_fu_612_p3   |    select|   0|  0|  32|           1|          32|
    |select_ln27_fu_500_p3     |    select|   0|  0|  32|           1|          32|
    |select_ln282_1_fu_189_p3  |    select|   0|  0|  32|           1|          32|
    |select_ln282_3_fu_203_p3  |    select|   0|  0|  32|           1|          32|
    |select_ln291_fu_312_p3    |    select|   0|  0|  32|           1|          32|
    |select_ln30_1_fu_577_p3   |    select|   0|  0|  32|           1|          32|
    |select_ln30_fu_519_p3     |    select|   0|  0|  32|           1|          32|
    |select_ln38_3_fu_584_p3   |    select|   0|  0|  32|           1|          32|
    |select_ln38_4_fu_625_p3   |    select|   0|  0|  32|           1|           1|
    |select_ln38_fu_538_p3     |    select|   0|  0|  32|           1|          32|
    |xor_ln273_fu_258_p2       |       xor|   0|  0|   2|           2|           1|
    |xor_ln276_fu_264_p2       |       xor|   0|  0|   2|           1|           2|
    |xor_ln279_fu_282_p2       |       xor|   0|  0|   2|           1|           2|
    |xor_ln27_fu_360_p2        |       xor|   0|  0|   2|           2|           1|
    |xor_ln30_fu_407_p2        |       xor|   0|  0|   2|           2|           1|
    |xor_ln38_fu_459_p2        |       xor|   0|  0|   2|           2|           1|
    +--------------------------+----------+----+---+----+------------+------------+
    |Total                     |          |   0|  0|1319|         347|         981|
    +--------------------------+----------+----+---+----+------------+------------+

    * Multiplexer: 
    +-------------+----+-----------+-----+-----------+
    |     Name    | LUT| Input Size| Bits| Total Bits|
    +-------------+----+-----------+-----+-----------+
    |ap_NS_fsm    |  37|          7|    1|          7|
    |ap_return_0  |   9|          2|   32|         64|
    |ap_return_1  |   9|          2|   32|         64|
    |ap_return_2  |   9|          2|   32|         64|
    |ap_return_3  |   9|          2|   32|         64|
    +-------------+----+-----------+-----+-----------+
    |Total        |  73|         15|  129|        263|
    +-------------+----+-----------+-----+-----------+

    * Register: 
    +-------------------------+----+----+-----+-----------+
    |           Name          | FF | LUT| Bits| Const Bits|
    +-------------------------+----+----+-----+-----------+
    |add_reg_788              |  32|   0|   32|          0|
    |ap_CS_fsm                |   6|   0|    6|          0|
    |ap_return_0_preg         |  32|   0|   32|          0|
    |ap_return_1_preg         |  32|   0|   32|          0|
    |ap_return_2_preg         |  32|   0|   32|          0|
    |ap_return_3_preg         |  32|   0|   32|          0|
    |bitcast_ln274_2_reg_769  |  32|   0|   32|          0|
    |num_res_4_reg_751        |  32|   0|   32|          0|
    |num_res_reg_760          |  32|   0|   32|          0|
    |res_p_reg_729            |  32|   0|   32|          0|
    |select_ln282_2_reg_803   |  32|   0|   32|          0|
    |select_ln282_4_reg_813   |  32|   0|   32|          0|
    |select_ln282_reg_795     |  32|   0|   32|          0|
    |tmp_reg_745              |   1|   0|    1|          0|
    |trunc_ln276_reg_739      |  31|   0|   31|          0|
    |trunc_ln282_reg_777      |   2|   0|    2|          0|
    +-------------------------+----+----+-----+-----------+
    |Total                    | 424|   0|  424|          0|
    +-------------------------+----+----+-----+-----------+



================================================================
== Interface
================================================================
* Summary: 
+-------------+-----+-----+------------+--------------+--------------+
|  RTL Ports  | Dir | Bits|  Protocol  | Source Object|    C Type    |
+-------------+-----+-----+------------+--------------+--------------+
|ap_clk       |   in|    1|  ap_ctrl_hs|   operator+.2|  return value|
|ap_rst       |   in|    1|  ap_ctrl_hs|   operator+.2|  return value|
|ap_start     |   in|    1|  ap_ctrl_hs|   operator+.2|  return value|
|ap_done      |  out|    1|  ap_ctrl_hs|   operator+.2|  return value|
|ap_idle      |  out|    1|  ap_ctrl_hs|   operator+.2|  return value|
|ap_ready     |  out|    1|  ap_ctrl_hs|   operator+.2|  return value|
|ap_return_0  |  out|   32|  ap_ctrl_hs|   operator+.2|  return value|
|ap_return_1  |  out|   32|  ap_ctrl_hs|   operator+.2|  return value|
|ap_return_2  |  out|   32|  ap_ctrl_hs|   operator+.2|  return value|
|ap_return_3  |  out|   32|  ap_ctrl_hs|   operator+.2|  return value|
|p_read13     |   in|  128|     ap_none|      p_read13|        scalar|
|n            |   in|   32|     ap_none|             n|        scalar|
+-------------+-----+-----+------------+--------------+--------------+

