Copyright 1986-2021 Xilinx, Inc. All Rights Reserved.
--------------------------------------------------------------------------------------------------------------------------------------------------------------------------------------
| Tool Version : Vivado v.2021.2 (lin64) Build 3367213 Tue Oct 19 02:47:39 MDT 2021
| Date         : Fri Mar 18 12:46:42 2022
| Host         : lorenzo-System-Product-Name running 64-bit Linux Mint 19.3 Tricia
| Command      : report_methodology -file design_1_wrapper_methodology_drc_routed.rpt -pb design_1_wrapper_methodology_drc_routed.pb -rpx design_1_wrapper_methodology_drc_routed.rpx
| Design       : design_1_wrapper
| Device       : xczu7ev-ffvc1156-2-e
| Speed File   : -2
| Design State : Fully Routed
--------------------------------------------------------------------------------------------------------------------------------------------------------------------------------------

Report Methodology

Table of Contents
-----------------
1. REPORT SUMMARY
2. REPORT DETAILS

1. REPORT SUMMARY
-----------------
            Netlist: netlist
          Floorplan: design_1
      Design limits: <entire design considered>
             Max violations: <unlimited>
             Violations found: 293
+-----------+----------+-------------------------------+------------+
| Rule      | Severity | Description                   | Violations |
+-----------+----------+-------------------------------+------------+
| TIMING-18 | Warning  | Missing input or output delay | 293        |
+-----------+----------+-------------------------------+------------+

2. REPORT DETAILS
-----------------
TIMING-18#1 Warning
Missing input or output delay  
An input delay is missing on ap_ctrl_0_start relative to clock(s) clk_100MHz
Related violations: <none>

TIMING-18#2 Warning
Missing input or output delay  
An input delay is missing on bus_in[0] relative to clock(s) clk_100MHz
Related violations: <none>

TIMING-18#3 Warning
Missing input or output delay  
An input delay is missing on bus_in[100] relative to clock(s) clk_100MHz
Related violations: <none>

TIMING-18#4 Warning
Missing input or output delay  
An input delay is missing on bus_in[101] relative to clock(s) clk_100MHz
Related violations: <none>

TIMING-18#5 Warning
Missing input or output delay  
An input delay is missing on bus_in[102] relative to clock(s) clk_100MHz
Related violations: <none>

TIMING-18#6 Warning
Missing input or output delay  
An input delay is missing on bus_in[103] relative to clock(s) clk_100MHz
Related violations: <none>

TIMING-18#7 Warning
Missing input or output delay  
An input delay is missing on bus_in[104] relative to clock(s) clk_100MHz
Related violations: <none>

TIMING-18#8 Warning
Missing input or output delay  
An input delay is missing on bus_in[105] relative to clock(s) clk_100MHz
Related violations: <none>

TIMING-18#9 Warning
Missing input or output delay  
An input delay is missing on bus_in[106] relative to clock(s) clk_100MHz
Related violations: <none>

TIMING-18#10 Warning
Missing input or output delay  
An input delay is missing on bus_in[107] relative to clock(s) clk_100MHz
Related violations: <none>

TIMING-18#11 Warning
Missing input or output delay  
An input delay is missing on bus_in[108] relative to clock(s) clk_100MHz
Related violations: <none>

TIMING-18#12 Warning
Missing input or output delay  
An input delay is missing on bus_in[109] relative to clock(s) clk_100MHz
Related violations: <none>

TIMING-18#13 Warning
Missing input or output delay  
An input delay is missing on bus_in[10] relative to clock(s) clk_100MHz
Related violations: <none>

TIMING-18#14 Warning
Missing input or output delay  
An input delay is missing on bus_in[110] relative to clock(s) clk_100MHz
Related violations: <none>

TIMING-18#15 Warning
Missing input or output delay  
An input delay is missing on bus_in[111] relative to clock(s) clk_100MHz
Related violations: <none>

TIMING-18#16 Warning
Missing input or output delay  
An input delay is missing on bus_in[112] relative to clock(s) clk_100MHz
Related violations: <none>

TIMING-18#17 Warning
Missing input or output delay  
An input delay is missing on bus_in[113] relative to clock(s) clk_100MHz
Related violations: <none>

TIMING-18#18 Warning
Missing input or output delay  
An input delay is missing on bus_in[114] relative to clock(s) clk_100MHz
Related violations: <none>

TIMING-18#19 Warning
Missing input or output delay  
An input delay is missing on bus_in[115] relative to clock(s) clk_100MHz
Related violations: <none>

TIMING-18#20 Warning
Missing input or output delay  
An input delay is missing on bus_in[116] relative to clock(s) clk_100MHz
Related violations: <none>

TIMING-18#21 Warning
Missing input or output delay  
An input delay is missing on bus_in[117] relative to clock(s) clk_100MHz
Related violations: <none>

TIMING-18#22 Warning
Missing input or output delay  
An input delay is missing on bus_in[118] relative to clock(s) clk_100MHz
Related violations: <none>

TIMING-18#23 Warning
Missing input or output delay  
An input delay is missing on bus_in[119] relative to clock(s) clk_100MHz
Related violations: <none>

TIMING-18#24 Warning
Missing input or output delay  
An input delay is missing on bus_in[11] relative to clock(s) clk_100MHz
Related violations: <none>

TIMING-18#25 Warning
Missing input or output delay  
An input delay is missing on bus_in[120] relative to clock(s) clk_100MHz
Related violations: <none>

TIMING-18#26 Warning
Missing input or output delay  
An input delay is missing on bus_in[121] relative to clock(s) clk_100MHz
Related violations: <none>

TIMING-18#27 Warning
Missing input or output delay  
An input delay is missing on bus_in[122] relative to clock(s) clk_100MHz
Related violations: <none>

TIMING-18#28 Warning
Missing input or output delay  
An input delay is missing on bus_in[123] relative to clock(s) clk_100MHz
Related violations: <none>

TIMING-18#29 Warning
Missing input or output delay  
An input delay is missing on bus_in[124] relative to clock(s) clk_100MHz
Related violations: <none>

TIMING-18#30 Warning
Missing input or output delay  
An input delay is missing on bus_in[125] relative to clock(s) clk_100MHz
Related violations: <none>

TIMING-18#31 Warning
Missing input or output delay  
An input delay is missing on bus_in[126] relative to clock(s) clk_100MHz
Related violations: <none>

TIMING-18#32 Warning
Missing input or output delay  
An input delay is missing on bus_in[127] relative to clock(s) clk_100MHz
Related violations: <none>

TIMING-18#33 Warning
Missing input or output delay  
An input delay is missing on bus_in[12] relative to clock(s) clk_100MHz
Related violations: <none>

TIMING-18#34 Warning
Missing input or output delay  
An input delay is missing on bus_in[13] relative to clock(s) clk_100MHz
Related violations: <none>

TIMING-18#35 Warning
Missing input or output delay  
An input delay is missing on bus_in[14] relative to clock(s) clk_100MHz
Related violations: <none>

TIMING-18#36 Warning
Missing input or output delay  
An input delay is missing on bus_in[15] relative to clock(s) clk_100MHz
Related violations: <none>

TIMING-18#37 Warning
Missing input or output delay  
An input delay is missing on bus_in[16] relative to clock(s) clk_100MHz
Related violations: <none>

TIMING-18#38 Warning
Missing input or output delay  
An input delay is missing on bus_in[17] relative to clock(s) clk_100MHz
Related violations: <none>

TIMING-18#39 Warning
Missing input or output delay  
An input delay is missing on bus_in[18] relative to clock(s) clk_100MHz
Related violations: <none>

TIMING-18#40 Warning
Missing input or output delay  
An input delay is missing on bus_in[19] relative to clock(s) clk_100MHz
Related violations: <none>

TIMING-18#41 Warning
Missing input or output delay  
An input delay is missing on bus_in[1] relative to clock(s) clk_100MHz
Related violations: <none>

TIMING-18#42 Warning
Missing input or output delay  
An input delay is missing on bus_in[20] relative to clock(s) clk_100MHz
Related violations: <none>

TIMING-18#43 Warning
Missing input or output delay  
An input delay is missing on bus_in[21] relative to clock(s) clk_100MHz
Related violations: <none>

TIMING-18#44 Warning
Missing input or output delay  
An input delay is missing on bus_in[22] relative to clock(s) clk_100MHz
Related violations: <none>

TIMING-18#45 Warning
Missing input or output delay  
An input delay is missing on bus_in[23] relative to clock(s) clk_100MHz
Related violations: <none>

TIMING-18#46 Warning
Missing input or output delay  
An input delay is missing on bus_in[24] relative to clock(s) clk_100MHz
Related violations: <none>

TIMING-18#47 Warning
Missing input or output delay  
An input delay is missing on bus_in[25] relative to clock(s) clk_100MHz
Related violations: <none>

TIMING-18#48 Warning
Missing input or output delay  
An input delay is missing on bus_in[26] relative to clock(s) clk_100MHz
Related violations: <none>

TIMING-18#49 Warning
Missing input or output delay  
An input delay is missing on bus_in[27] relative to clock(s) clk_100MHz
Related violations: <none>

TIMING-18#50 Warning
Missing input or output delay  
An input delay is missing on bus_in[28] relative to clock(s) clk_100MHz
Related violations: <none>

TIMING-18#51 Warning
Missing input or output delay  
An input delay is missing on bus_in[29] relative to clock(s) clk_100MHz
Related violations: <none>

TIMING-18#52 Warning
Missing input or output delay  
An input delay is missing on bus_in[2] relative to clock(s) clk_100MHz
Related violations: <none>

TIMING-18#53 Warning
Missing input or output delay  
An input delay is missing on bus_in[30] relative to clock(s) clk_100MHz
Related violations: <none>

TIMING-18#54 Warning
Missing input or output delay  
An input delay is missing on bus_in[31] relative to clock(s) clk_100MHz
Related violations: <none>

TIMING-18#55 Warning
Missing input or output delay  
An input delay is missing on bus_in[32] relative to clock(s) clk_100MHz
Related violations: <none>

TIMING-18#56 Warning
Missing input or output delay  
An input delay is missing on bus_in[33] relative to clock(s) clk_100MHz
Related violations: <none>

TIMING-18#57 Warning
Missing input or output delay  
An input delay is missing on bus_in[34] relative to clock(s) clk_100MHz
Related violations: <none>

TIMING-18#58 Warning
Missing input or output delay  
An input delay is missing on bus_in[35] relative to clock(s) clk_100MHz
Related violations: <none>

TIMING-18#59 Warning
Missing input or output delay  
An input delay is missing on bus_in[36] relative to clock(s) clk_100MHz
Related violations: <none>

TIMING-18#60 Warning
Missing input or output delay  
An input delay is missing on bus_in[37] relative to clock(s) clk_100MHz
Related violations: <none>

TIMING-18#61 Warning
Missing input or output delay  
An input delay is missing on bus_in[38] relative to clock(s) clk_100MHz
Related violations: <none>

TIMING-18#62 Warning
Missing input or output delay  
An input delay is missing on bus_in[39] relative to clock(s) clk_100MHz
Related violations: <none>

TIMING-18#63 Warning
Missing input or output delay  
An input delay is missing on bus_in[3] relative to clock(s) clk_100MHz
Related violations: <none>

TIMING-18#64 Warning
Missing input or output delay  
An input delay is missing on bus_in[40] relative to clock(s) clk_100MHz
Related violations: <none>

TIMING-18#65 Warning
Missing input or output delay  
An input delay is missing on bus_in[41] relative to clock(s) clk_100MHz
Related violations: <none>

TIMING-18#66 Warning
Missing input or output delay  
An input delay is missing on bus_in[42] relative to clock(s) clk_100MHz
Related violations: <none>

TIMING-18#67 Warning
Missing input or output delay  
An input delay is missing on bus_in[43] relative to clock(s) clk_100MHz
Related violations: <none>

TIMING-18#68 Warning
Missing input or output delay  
An input delay is missing on bus_in[44] relative to clock(s) clk_100MHz
Related violations: <none>

TIMING-18#69 Warning
Missing input or output delay  
An input delay is missing on bus_in[45] relative to clock(s) clk_100MHz
Related violations: <none>

TIMING-18#70 Warning
Missing input or output delay  
An input delay is missing on bus_in[46] relative to clock(s) clk_100MHz
Related violations: <none>

TIMING-18#71 Warning
Missing input or output delay  
An input delay is missing on bus_in[47] relative to clock(s) clk_100MHz
Related violations: <none>

TIMING-18#72 Warning
Missing input or output delay  
An input delay is missing on bus_in[48] relative to clock(s) clk_100MHz
Related violations: <none>

TIMING-18#73 Warning
Missing input or output delay  
An input delay is missing on bus_in[49] relative to clock(s) clk_100MHz
Related violations: <none>

TIMING-18#74 Warning
Missing input or output delay  
An input delay is missing on bus_in[4] relative to clock(s) clk_100MHz
Related violations: <none>

TIMING-18#75 Warning
Missing input or output delay  
An input delay is missing on bus_in[50] relative to clock(s) clk_100MHz
Related violations: <none>

TIMING-18#76 Warning
Missing input or output delay  
An input delay is missing on bus_in[51] relative to clock(s) clk_100MHz
Related violations: <none>

TIMING-18#77 Warning
Missing input or output delay  
An input delay is missing on bus_in[52] relative to clock(s) clk_100MHz
Related violations: <none>

TIMING-18#78 Warning
Missing input or output delay  
An input delay is missing on bus_in[53] relative to clock(s) clk_100MHz
Related violations: <none>

TIMING-18#79 Warning
Missing input or output delay  
An input delay is missing on bus_in[54] relative to clock(s) clk_100MHz
Related violations: <none>

TIMING-18#80 Warning
Missing input or output delay  
An input delay is missing on bus_in[55] relative to clock(s) clk_100MHz
Related violations: <none>

TIMING-18#81 Warning
Missing input or output delay  
An input delay is missing on bus_in[56] relative to clock(s) clk_100MHz
Related violations: <none>

TIMING-18#82 Warning
Missing input or output delay  
An input delay is missing on bus_in[57] relative to clock(s) clk_100MHz
Related violations: <none>

TIMING-18#83 Warning
Missing input or output delay  
An input delay is missing on bus_in[58] relative to clock(s) clk_100MHz
Related violations: <none>

TIMING-18#84 Warning
Missing input or output delay  
An input delay is missing on bus_in[59] relative to clock(s) clk_100MHz
Related violations: <none>

TIMING-18#85 Warning
Missing input or output delay  
An input delay is missing on bus_in[5] relative to clock(s) clk_100MHz
Related violations: <none>

TIMING-18#86 Warning
Missing input or output delay  
An input delay is missing on bus_in[60] relative to clock(s) clk_100MHz
Related violations: <none>

TIMING-18#87 Warning
Missing input or output delay  
An input delay is missing on bus_in[61] relative to clock(s) clk_100MHz
Related violations: <none>

TIMING-18#88 Warning
Missing input or output delay  
An input delay is missing on bus_in[62] relative to clock(s) clk_100MHz
Related violations: <none>

TIMING-18#89 Warning
Missing input or output delay  
An input delay is missing on bus_in[63] relative to clock(s) clk_100MHz
Related violations: <none>

TIMING-18#90 Warning
Missing input or output delay  
An input delay is missing on bus_in[64] relative to clock(s) clk_100MHz
Related violations: <none>

TIMING-18#91 Warning
Missing input or output delay  
An input delay is missing on bus_in[65] relative to clock(s) clk_100MHz
Related violations: <none>

TIMING-18#92 Warning
Missing input or output delay  
An input delay is missing on bus_in[66] relative to clock(s) clk_100MHz
Related violations: <none>

TIMING-18#93 Warning
Missing input or output delay  
An input delay is missing on bus_in[67] relative to clock(s) clk_100MHz
Related violations: <none>

TIMING-18#94 Warning
Missing input or output delay  
An input delay is missing on bus_in[68] relative to clock(s) clk_100MHz
Related violations: <none>

TIMING-18#95 Warning
Missing input or output delay  
An input delay is missing on bus_in[69] relative to clock(s) clk_100MHz
Related violations: <none>

TIMING-18#96 Warning
Missing input or output delay  
An input delay is missing on bus_in[6] relative to clock(s) clk_100MHz
Related violations: <none>

TIMING-18#97 Warning
Missing input or output delay  
An input delay is missing on bus_in[70] relative to clock(s) clk_100MHz
Related violations: <none>

TIMING-18#98 Warning
Missing input or output delay  
An input delay is missing on bus_in[71] relative to clock(s) clk_100MHz
Related violations: <none>

TIMING-18#99 Warning
Missing input or output delay  
An input delay is missing on bus_in[72] relative to clock(s) clk_100MHz
Related violations: <none>

TIMING-18#100 Warning
Missing input or output delay  
An input delay is missing on bus_in[73] relative to clock(s) clk_100MHz
Related violations: <none>

TIMING-18#101 Warning
Missing input or output delay  
An input delay is missing on bus_in[74] relative to clock(s) clk_100MHz
Related violations: <none>

TIMING-18#102 Warning
Missing input or output delay  
An input delay is missing on bus_in[75] relative to clock(s) clk_100MHz
Related violations: <none>

TIMING-18#103 Warning
Missing input or output delay  
An input delay is missing on bus_in[76] relative to clock(s) clk_100MHz
Related violations: <none>

TIMING-18#104 Warning
Missing input or output delay  
An input delay is missing on bus_in[77] relative to clock(s) clk_100MHz
Related violations: <none>

TIMING-18#105 Warning
Missing input or output delay  
An input delay is missing on bus_in[78] relative to clock(s) clk_100MHz
Related violations: <none>

TIMING-18#106 Warning
Missing input or output delay  
An input delay is missing on bus_in[79] relative to clock(s) clk_100MHz
Related violations: <none>

TIMING-18#107 Warning
Missing input or output delay  
An input delay is missing on bus_in[7] relative to clock(s) clk_100MHz
Related violations: <none>

TIMING-18#108 Warning
Missing input or output delay  
An input delay is missing on bus_in[80] relative to clock(s) clk_100MHz
Related violations: <none>

TIMING-18#109 Warning
Missing input or output delay  
An input delay is missing on bus_in[81] relative to clock(s) clk_100MHz
Related violations: <none>

TIMING-18#110 Warning
Missing input or output delay  
An input delay is missing on bus_in[82] relative to clock(s) clk_100MHz
Related violations: <none>

TIMING-18#111 Warning
Missing input or output delay  
An input delay is missing on bus_in[83] relative to clock(s) clk_100MHz
Related violations: <none>

TIMING-18#112 Warning
Missing input or output delay  
An input delay is missing on bus_in[84] relative to clock(s) clk_100MHz
Related violations: <none>

TIMING-18#113 Warning
Missing input or output delay  
An input delay is missing on bus_in[85] relative to clock(s) clk_100MHz
Related violations: <none>

TIMING-18#114 Warning
Missing input or output delay  
An input delay is missing on bus_in[86] relative to clock(s) clk_100MHz
Related violations: <none>

TIMING-18#115 Warning
Missing input or output delay  
An input delay is missing on bus_in[87] relative to clock(s) clk_100MHz
Related violations: <none>

TIMING-18#116 Warning
Missing input or output delay  
An input delay is missing on bus_in[88] relative to clock(s) clk_100MHz
Related violations: <none>

TIMING-18#117 Warning
Missing input or output delay  
An input delay is missing on bus_in[89] relative to clock(s) clk_100MHz
Related violations: <none>

TIMING-18#118 Warning
Missing input or output delay  
An input delay is missing on bus_in[8] relative to clock(s) clk_100MHz
Related violations: <none>

TIMING-18#119 Warning
Missing input or output delay  
An input delay is missing on bus_in[90] relative to clock(s) clk_100MHz
Related violations: <none>

TIMING-18#120 Warning
Missing input or output delay  
An input delay is missing on bus_in[91] relative to clock(s) clk_100MHz
Related violations: <none>

TIMING-18#121 Warning
Missing input or output delay  
An input delay is missing on bus_in[92] relative to clock(s) clk_100MHz
Related violations: <none>

TIMING-18#122 Warning
Missing input or output delay  
An input delay is missing on bus_in[93] relative to clock(s) clk_100MHz
Related violations: <none>

TIMING-18#123 Warning
Missing input or output delay  
An input delay is missing on bus_in[94] relative to clock(s) clk_100MHz
Related violations: <none>

TIMING-18#124 Warning
Missing input or output delay  
An input delay is missing on bus_in[95] relative to clock(s) clk_100MHz
Related violations: <none>

TIMING-18#125 Warning
Missing input or output delay  
An input delay is missing on bus_in[96] relative to clock(s) clk_100MHz
Related violations: <none>

TIMING-18#126 Warning
Missing input or output delay  
An input delay is missing on bus_in[97] relative to clock(s) clk_100MHz
Related violations: <none>

TIMING-18#127 Warning
Missing input or output delay  
An input delay is missing on bus_in[98] relative to clock(s) clk_100MHz
Related violations: <none>

TIMING-18#128 Warning
Missing input or output delay  
An input delay is missing on bus_in[99] relative to clock(s) clk_100MHz
Related violations: <none>

TIMING-18#129 Warning
Missing input or output delay  
An input delay is missing on bus_in[9] relative to clock(s) clk_100MHz
Related violations: <none>

TIMING-18#130 Warning
Missing input or output delay  
An input delay is missing on reset relative to clock(s) clk_100MHz
Related violations: <none>

TIMING-18#131 Warning
Missing input or output delay  
An output delay is missing on ap_ctrl_0_done relative to clock(s) clk_100MHz
Related violations: <none>

TIMING-18#132 Warning
Missing input or output delay  
An output delay is missing on ap_ctrl_0_idle relative to clock(s) clk_100MHz
Related violations: <none>

TIMING-18#133 Warning
Missing input or output delay  
An output delay is missing on ap_ctrl_0_ready relative to clock(s) clk_100MHz
Related violations: <none>

TIMING-18#134 Warning
Missing input or output delay  
An output delay is missing on bus_out[0] relative to clock(s) clk_100MHz
Related violations: <none>

TIMING-18#135 Warning
Missing input or output delay  
An output delay is missing on bus_out[100] relative to clock(s) clk_100MHz
Related violations: <none>

TIMING-18#136 Warning
Missing input or output delay  
An output delay is missing on bus_out[101] relative to clock(s) clk_100MHz
Related violations: <none>

TIMING-18#137 Warning
Missing input or output delay  
An output delay is missing on bus_out[102] relative to clock(s) clk_100MHz
Related violations: <none>

TIMING-18#138 Warning
Missing input or output delay  
An output delay is missing on bus_out[103] relative to clock(s) clk_100MHz
Related violations: <none>

TIMING-18#139 Warning
Missing input or output delay  
An output delay is missing on bus_out[104] relative to clock(s) clk_100MHz
Related violations: <none>

TIMING-18#140 Warning
Missing input or output delay  
An output delay is missing on bus_out[105] relative to clock(s) clk_100MHz
Related violations: <none>

TIMING-18#141 Warning
Missing input or output delay  
An output delay is missing on bus_out[106] relative to clock(s) clk_100MHz
Related violations: <none>

TIMING-18#142 Warning
Missing input or output delay  
An output delay is missing on bus_out[107] relative to clock(s) clk_100MHz
Related violations: <none>

TIMING-18#143 Warning
Missing input or output delay  
An output delay is missing on bus_out[108] relative to clock(s) clk_100MHz
Related violations: <none>

TIMING-18#144 Warning
Missing input or output delay  
An output delay is missing on bus_out[109] relative to clock(s) clk_100MHz
Related violations: <none>

TIMING-18#145 Warning
Missing input or output delay  
An output delay is missing on bus_out[10] relative to clock(s) clk_100MHz
Related violations: <none>

TIMING-18#146 Warning
Missing input or output delay  
An output delay is missing on bus_out[110] relative to clock(s) clk_100MHz
Related violations: <none>

TIMING-18#147 Warning
Missing input or output delay  
An output delay is missing on bus_out[111] relative to clock(s) clk_100MHz
Related violations: <none>

TIMING-18#148 Warning
Missing input or output delay  
An output delay is missing on bus_out[112] relative to clock(s) clk_100MHz
Related violations: <none>

TIMING-18#149 Warning
Missing input or output delay  
An output delay is missing on bus_out[113] relative to clock(s) clk_100MHz
Related violations: <none>

TIMING-18#150 Warning
Missing input or output delay  
An output delay is missing on bus_out[114] relative to clock(s) clk_100MHz
Related violations: <none>

TIMING-18#151 Warning
Missing input or output delay  
An output delay is missing on bus_out[115] relative to clock(s) clk_100MHz
Related violations: <none>

TIMING-18#152 Warning
Missing input or output delay  
An output delay is missing on bus_out[116] relative to clock(s) clk_100MHz
Related violations: <none>

TIMING-18#153 Warning
Missing input or output delay  
An output delay is missing on bus_out[117] relative to clock(s) clk_100MHz
Related violations: <none>

TIMING-18#154 Warning
Missing input or output delay  
An output delay is missing on bus_out[118] relative to clock(s) clk_100MHz
Related violations: <none>

TIMING-18#155 Warning
Missing input or output delay  
An output delay is missing on bus_out[119] relative to clock(s) clk_100MHz
Related violations: <none>

TIMING-18#156 Warning
Missing input or output delay  
An output delay is missing on bus_out[11] relative to clock(s) clk_100MHz
Related violations: <none>

TIMING-18#157 Warning
Missing input or output delay  
An output delay is missing on bus_out[120] relative to clock(s) clk_100MHz
Related violations: <none>

TIMING-18#158 Warning
Missing input or output delay  
An output delay is missing on bus_out[121] relative to clock(s) clk_100MHz
Related violations: <none>

TIMING-18#159 Warning
Missing input or output delay  
An output delay is missing on bus_out[122] relative to clock(s) clk_100MHz
Related violations: <none>

TIMING-18#160 Warning
Missing input or output delay  
An output delay is missing on bus_out[123] relative to clock(s) clk_100MHz
Related violations: <none>

TIMING-18#161 Warning
Missing input or output delay  
An output delay is missing on bus_out[124] relative to clock(s) clk_100MHz
Related violations: <none>

TIMING-18#162 Warning
Missing input or output delay  
An output delay is missing on bus_out[125] relative to clock(s) clk_100MHz
Related violations: <none>

TIMING-18#163 Warning
Missing input or output delay  
An output delay is missing on bus_out[126] relative to clock(s) clk_100MHz
Related violations: <none>

TIMING-18#164 Warning
Missing input or output delay  
An output delay is missing on bus_out[127] relative to clock(s) clk_100MHz
Related violations: <none>

TIMING-18#165 Warning
Missing input or output delay  
An output delay is missing on bus_out[128] relative to clock(s) clk_100MHz
Related violations: <none>

TIMING-18#166 Warning
Missing input or output delay  
An output delay is missing on bus_out[129] relative to clock(s) clk_100MHz
Related violations: <none>

TIMING-18#167 Warning
Missing input or output delay  
An output delay is missing on bus_out[12] relative to clock(s) clk_100MHz
Related violations: <none>

TIMING-18#168 Warning
Missing input or output delay  
An output delay is missing on bus_out[130] relative to clock(s) clk_100MHz
Related violations: <none>

TIMING-18#169 Warning
Missing input or output delay  
An output delay is missing on bus_out[131] relative to clock(s) clk_100MHz
Related violations: <none>

TIMING-18#170 Warning
Missing input or output delay  
An output delay is missing on bus_out[132] relative to clock(s) clk_100MHz
Related violations: <none>

TIMING-18#171 Warning
Missing input or output delay  
An output delay is missing on bus_out[133] relative to clock(s) clk_100MHz
Related violations: <none>

TIMING-18#172 Warning
Missing input or output delay  
An output delay is missing on bus_out[134] relative to clock(s) clk_100MHz
Related violations: <none>

TIMING-18#173 Warning
Missing input or output delay  
An output delay is missing on bus_out[135] relative to clock(s) clk_100MHz
Related violations: <none>

TIMING-18#174 Warning
Missing input or output delay  
An output delay is missing on bus_out[136] relative to clock(s) clk_100MHz
Related violations: <none>

TIMING-18#175 Warning
Missing input or output delay  
An output delay is missing on bus_out[137] relative to clock(s) clk_100MHz
Related violations: <none>

TIMING-18#176 Warning
Missing input or output delay  
An output delay is missing on bus_out[138] relative to clock(s) clk_100MHz
Related violations: <none>

TIMING-18#177 Warning
Missing input or output delay  
An output delay is missing on bus_out[139] relative to clock(s) clk_100MHz
Related violations: <none>

TIMING-18#178 Warning
Missing input or output delay  
An output delay is missing on bus_out[13] relative to clock(s) clk_100MHz
Related violations: <none>

TIMING-18#179 Warning
Missing input or output delay  
An output delay is missing on bus_out[140] relative to clock(s) clk_100MHz
Related violations: <none>

TIMING-18#180 Warning
Missing input or output delay  
An output delay is missing on bus_out[141] relative to clock(s) clk_100MHz
Related violations: <none>

TIMING-18#181 Warning
Missing input or output delay  
An output delay is missing on bus_out[142] relative to clock(s) clk_100MHz
Related violations: <none>

TIMING-18#182 Warning
Missing input or output delay  
An output delay is missing on bus_out[143] relative to clock(s) clk_100MHz
Related violations: <none>

TIMING-18#183 Warning
Missing input or output delay  
An output delay is missing on bus_out[144] relative to clock(s) clk_100MHz
Related violations: <none>

TIMING-18#184 Warning
Missing input or output delay  
An output delay is missing on bus_out[145] relative to clock(s) clk_100MHz
Related violations: <none>

TIMING-18#185 Warning
Missing input or output delay  
An output delay is missing on bus_out[146] relative to clock(s) clk_100MHz
Related violations: <none>

TIMING-18#186 Warning
Missing input or output delay  
An output delay is missing on bus_out[147] relative to clock(s) clk_100MHz
Related violations: <none>

TIMING-18#187 Warning
Missing input or output delay  
An output delay is missing on bus_out[148] relative to clock(s) clk_100MHz
Related violations: <none>

TIMING-18#188 Warning
Missing input or output delay  
An output delay is missing on bus_out[149] relative to clock(s) clk_100MHz
Related violations: <none>

TIMING-18#189 Warning
Missing input or output delay  
An output delay is missing on bus_out[14] relative to clock(s) clk_100MHz
Related violations: <none>

TIMING-18#190 Warning
Missing input or output delay  
An output delay is missing on bus_out[150] relative to clock(s) clk_100MHz
Related violations: <none>

TIMING-18#191 Warning
Missing input or output delay  
An output delay is missing on bus_out[151] relative to clock(s) clk_100MHz
Related violations: <none>

TIMING-18#192 Warning
Missing input or output delay  
An output delay is missing on bus_out[152] relative to clock(s) clk_100MHz
Related violations: <none>

TIMING-18#193 Warning
Missing input or output delay  
An output delay is missing on bus_out[153] relative to clock(s) clk_100MHz
Related violations: <none>

TIMING-18#194 Warning
Missing input or output delay  
An output delay is missing on bus_out[154] relative to clock(s) clk_100MHz
Related violations: <none>

TIMING-18#195 Warning
Missing input or output delay  
An output delay is missing on bus_out[155] relative to clock(s) clk_100MHz
Related violations: <none>

TIMING-18#196 Warning
Missing input or output delay  
An output delay is missing on bus_out[156] relative to clock(s) clk_100MHz
Related violations: <none>

TIMING-18#197 Warning
Missing input or output delay  
An output delay is missing on bus_out[157] relative to clock(s) clk_100MHz
Related violations: <none>

TIMING-18#198 Warning
Missing input or output delay  
An output delay is missing on bus_out[158] relative to clock(s) clk_100MHz
Related violations: <none>

TIMING-18#199 Warning
Missing input or output delay  
An output delay is missing on bus_out[159] relative to clock(s) clk_100MHz
Related violations: <none>

TIMING-18#200 Warning
Missing input or output delay  
An output delay is missing on bus_out[15] relative to clock(s) clk_100MHz
Related violations: <none>

TIMING-18#201 Warning
Missing input or output delay  
An output delay is missing on bus_out[16] relative to clock(s) clk_100MHz
Related violations: <none>

TIMING-18#202 Warning
Missing input or output delay  
An output delay is missing on bus_out[17] relative to clock(s) clk_100MHz
Related violations: <none>

TIMING-18#203 Warning
Missing input or output delay  
An output delay is missing on bus_out[18] relative to clock(s) clk_100MHz
Related violations: <none>

TIMING-18#204 Warning
Missing input or output delay  
An output delay is missing on bus_out[19] relative to clock(s) clk_100MHz
Related violations: <none>

TIMING-18#205 Warning
Missing input or output delay  
An output delay is missing on bus_out[1] relative to clock(s) clk_100MHz
Related violations: <none>

TIMING-18#206 Warning
Missing input or output delay  
An output delay is missing on bus_out[20] relative to clock(s) clk_100MHz
Related violations: <none>

TIMING-18#207 Warning
Missing input or output delay  
An output delay is missing on bus_out[21] relative to clock(s) clk_100MHz
Related violations: <none>

TIMING-18#208 Warning
Missing input or output delay  
An output delay is missing on bus_out[22] relative to clock(s) clk_100MHz
Related violations: <none>

TIMING-18#209 Warning
Missing input or output delay  
An output delay is missing on bus_out[23] relative to clock(s) clk_100MHz
Related violations: <none>

TIMING-18#210 Warning
Missing input or output delay  
An output delay is missing on bus_out[24] relative to clock(s) clk_100MHz
Related violations: <none>

TIMING-18#211 Warning
Missing input or output delay  
An output delay is missing on bus_out[25] relative to clock(s) clk_100MHz
Related violations: <none>

TIMING-18#212 Warning
Missing input or output delay  
An output delay is missing on bus_out[26] relative to clock(s) clk_100MHz
Related violations: <none>

TIMING-18#213 Warning
Missing input or output delay  
An output delay is missing on bus_out[27] relative to clock(s) clk_100MHz
Related violations: <none>

TIMING-18#214 Warning
Missing input or output delay  
An output delay is missing on bus_out[28] relative to clock(s) clk_100MHz
Related violations: <none>

TIMING-18#215 Warning
Missing input or output delay  
An output delay is missing on bus_out[29] relative to clock(s) clk_100MHz
Related violations: <none>

TIMING-18#216 Warning
Missing input or output delay  
An output delay is missing on bus_out[2] relative to clock(s) clk_100MHz
Related violations: <none>

TIMING-18#217 Warning
Missing input or output delay  
An output delay is missing on bus_out[30] relative to clock(s) clk_100MHz
Related violations: <none>

TIMING-18#218 Warning
Missing input or output delay  
An output delay is missing on bus_out[31] relative to clock(s) clk_100MHz
Related violations: <none>

TIMING-18#219 Warning
Missing input or output delay  
An output delay is missing on bus_out[32] relative to clock(s) clk_100MHz
Related violations: <none>

TIMING-18#220 Warning
Missing input or output delay  
An output delay is missing on bus_out[33] relative to clock(s) clk_100MHz
Related violations: <none>

TIMING-18#221 Warning
Missing input or output delay  
An output delay is missing on bus_out[34] relative to clock(s) clk_100MHz
Related violations: <none>

TIMING-18#222 Warning
Missing input or output delay  
An output delay is missing on bus_out[35] relative to clock(s) clk_100MHz
Related violations: <none>

TIMING-18#223 Warning
Missing input or output delay  
An output delay is missing on bus_out[36] relative to clock(s) clk_100MHz
Related violations: <none>

TIMING-18#224 Warning
Missing input or output delay  
An output delay is missing on bus_out[37] relative to clock(s) clk_100MHz
Related violations: <none>

TIMING-18#225 Warning
Missing input or output delay  
An output delay is missing on bus_out[38] relative to clock(s) clk_100MHz
Related violations: <none>

TIMING-18#226 Warning
Missing input or output delay  
An output delay is missing on bus_out[39] relative to clock(s) clk_100MHz
Related violations: <none>

TIMING-18#227 Warning
Missing input or output delay  
An output delay is missing on bus_out[3] relative to clock(s) clk_100MHz
Related violations: <none>

TIMING-18#228 Warning
Missing input or output delay  
An output delay is missing on bus_out[40] relative to clock(s) clk_100MHz
Related violations: <none>

TIMING-18#229 Warning
Missing input or output delay  
An output delay is missing on bus_out[41] relative to clock(s) clk_100MHz
Related violations: <none>

TIMING-18#230 Warning
Missing input or output delay  
An output delay is missing on bus_out[42] relative to clock(s) clk_100MHz
Related violations: <none>

TIMING-18#231 Warning
Missing input or output delay  
An output delay is missing on bus_out[43] relative to clock(s) clk_100MHz
Related violations: <none>

TIMING-18#232 Warning
Missing input or output delay  
An output delay is missing on bus_out[44] relative to clock(s) clk_100MHz
Related violations: <none>

TIMING-18#233 Warning
Missing input or output delay  
An output delay is missing on bus_out[45] relative to clock(s) clk_100MHz
Related violations: <none>

TIMING-18#234 Warning
Missing input or output delay  
An output delay is missing on bus_out[46] relative to clock(s) clk_100MHz
Related violations: <none>

TIMING-18#235 Warning
Missing input or output delay  
An output delay is missing on bus_out[47] relative to clock(s) clk_100MHz
Related violations: <none>

TIMING-18#236 Warning
Missing input or output delay  
An output delay is missing on bus_out[48] relative to clock(s) clk_100MHz
Related violations: <none>

TIMING-18#237 Warning
Missing input or output delay  
An output delay is missing on bus_out[49] relative to clock(s) clk_100MHz
Related violations: <none>

TIMING-18#238 Warning
Missing input or output delay  
An output delay is missing on bus_out[4] relative to clock(s) clk_100MHz
Related violations: <none>

TIMING-18#239 Warning
Missing input or output delay  
An output delay is missing on bus_out[50] relative to clock(s) clk_100MHz
Related violations: <none>

TIMING-18#240 Warning
Missing input or output delay  
An output delay is missing on bus_out[51] relative to clock(s) clk_100MHz
Related violations: <none>

TIMING-18#241 Warning
Missing input or output delay  
An output delay is missing on bus_out[52] relative to clock(s) clk_100MHz
Related violations: <none>

TIMING-18#242 Warning
Missing input or output delay  
An output delay is missing on bus_out[53] relative to clock(s) clk_100MHz
Related violations: <none>

TIMING-18#243 Warning
Missing input or output delay  
An output delay is missing on bus_out[54] relative to clock(s) clk_100MHz
Related violations: <none>

TIMING-18#244 Warning
Missing input or output delay  
An output delay is missing on bus_out[55] relative to clock(s) clk_100MHz
Related violations: <none>

TIMING-18#245 Warning
Missing input or output delay  
An output delay is missing on bus_out[56] relative to clock(s) clk_100MHz
Related violations: <none>

TIMING-18#246 Warning
Missing input or output delay  
An output delay is missing on bus_out[57] relative to clock(s) clk_100MHz
Related violations: <none>

TIMING-18#247 Warning
Missing input or output delay  
An output delay is missing on bus_out[58] relative to clock(s) clk_100MHz
Related violations: <none>

TIMING-18#248 Warning
Missing input or output delay  
An output delay is missing on bus_out[59] relative to clock(s) clk_100MHz
Related violations: <none>

TIMING-18#249 Warning
Missing input or output delay  
An output delay is missing on bus_out[5] relative to clock(s) clk_100MHz
Related violations: <none>

TIMING-18#250 Warning
Missing input or output delay  
An output delay is missing on bus_out[60] relative to clock(s) clk_100MHz
Related violations: <none>

TIMING-18#251 Warning
Missing input or output delay  
An output delay is missing on bus_out[61] relative to clock(s) clk_100MHz
Related violations: <none>

TIMING-18#252 Warning
Missing input or output delay  
An output delay is missing on bus_out[62] relative to clock(s) clk_100MHz
Related violations: <none>

TIMING-18#253 Warning
Missing input or output delay  
An output delay is missing on bus_out[63] relative to clock(s) clk_100MHz
Related violations: <none>

TIMING-18#254 Warning
Missing input or output delay  
An output delay is missing on bus_out[64] relative to clock(s) clk_100MHz
Related violations: <none>

TIMING-18#255 Warning
Missing input or output delay  
An output delay is missing on bus_out[65] relative to clock(s) clk_100MHz
Related violations: <none>

TIMING-18#256 Warning
Missing input or output delay  
An output delay is missing on bus_out[66] relative to clock(s) clk_100MHz
Related violations: <none>

TIMING-18#257 Warning
Missing input or output delay  
An output delay is missing on bus_out[67] relative to clock(s) clk_100MHz
Related violations: <none>

TIMING-18#258 Warning
Missing input or output delay  
An output delay is missing on bus_out[68] relative to clock(s) clk_100MHz
Related violations: <none>

TIMING-18#259 Warning
Missing input or output delay  
An output delay is missing on bus_out[69] relative to clock(s) clk_100MHz
Related violations: <none>

TIMING-18#260 Warning
Missing input or output delay  
An output delay is missing on bus_out[6] relative to clock(s) clk_100MHz
Related violations: <none>

TIMING-18#261 Warning
Missing input or output delay  
An output delay is missing on bus_out[70] relative to clock(s) clk_100MHz
Related violations: <none>

TIMING-18#262 Warning
Missing input or output delay  
An output delay is missing on bus_out[71] relative to clock(s) clk_100MHz
Related violations: <none>

TIMING-18#263 Warning
Missing input or output delay  
An output delay is missing on bus_out[72] relative to clock(s) clk_100MHz
Related violations: <none>

TIMING-18#264 Warning
Missing input or output delay  
An output delay is missing on bus_out[73] relative to clock(s) clk_100MHz
Related violations: <none>

TIMING-18#265 Warning
Missing input or output delay  
An output delay is missing on bus_out[74] relative to clock(s) clk_100MHz
Related violations: <none>

TIMING-18#266 Warning
Missing input or output delay  
An output delay is missing on bus_out[75] relative to clock(s) clk_100MHz
Related violations: <none>

TIMING-18#267 Warning
Missing input or output delay  
An output delay is missing on bus_out[76] relative to clock(s) clk_100MHz
Related violations: <none>

TIMING-18#268 Warning
Missing input or output delay  
An output delay is missing on bus_out[77] relative to clock(s) clk_100MHz
Related violations: <none>

TIMING-18#269 Warning
Missing input or output delay  
An output delay is missing on bus_out[78] relative to clock(s) clk_100MHz
Related violations: <none>

TIMING-18#270 Warning
Missing input or output delay  
An output delay is missing on bus_out[79] relative to clock(s) clk_100MHz
Related violations: <none>

TIMING-18#271 Warning
Missing input or output delay  
An output delay is missing on bus_out[7] relative to clock(s) clk_100MHz
Related violations: <none>

TIMING-18#272 Warning
Missing input or output delay  
An output delay is missing on bus_out[80] relative to clock(s) clk_100MHz
Related violations: <none>

TIMING-18#273 Warning
Missing input or output delay  
An output delay is missing on bus_out[81] relative to clock(s) clk_100MHz
Related violations: <none>

TIMING-18#274 Warning
Missing input or output delay  
An output delay is missing on bus_out[82] relative to clock(s) clk_100MHz
Related violations: <none>

TIMING-18#275 Warning
Missing input or output delay  
An output delay is missing on bus_out[83] relative to clock(s) clk_100MHz
Related violations: <none>

TIMING-18#276 Warning
Missing input or output delay  
An output delay is missing on bus_out[84] relative to clock(s) clk_100MHz
Related violations: <none>

TIMING-18#277 Warning
Missing input or output delay  
An output delay is missing on bus_out[85] relative to clock(s) clk_100MHz
Related violations: <none>

TIMING-18#278 Warning
Missing input or output delay  
An output delay is missing on bus_out[86] relative to clock(s) clk_100MHz
Related violations: <none>

TIMING-18#279 Warning
Missing input or output delay  
An output delay is missing on bus_out[87] relative to clock(s) clk_100MHz
Related violations: <none>

TIMING-18#280 Warning
Missing input or output delay  
An output delay is missing on bus_out[88] relative to clock(s) clk_100MHz
Related violations: <none>

TIMING-18#281 Warning
Missing input or output delay  
An output delay is missing on bus_out[89] relative to clock(s) clk_100MHz
Related violations: <none>

TIMING-18#282 Warning
Missing input or output delay  
An output delay is missing on bus_out[8] relative to clock(s) clk_100MHz
Related violations: <none>

TIMING-18#283 Warning
Missing input or output delay  
An output delay is missing on bus_out[90] relative to clock(s) clk_100MHz
Related violations: <none>

TIMING-18#284 Warning
Missing input or output delay  
An output delay is missing on bus_out[91] relative to clock(s) clk_100MHz
Related violations: <none>

TIMING-18#285 Warning
Missing input or output delay  
An output delay is missing on bus_out[92] relative to clock(s) clk_100MHz
Related violations: <none>

TIMING-18#286 Warning
Missing input or output delay  
An output delay is missing on bus_out[93] relative to clock(s) clk_100MHz
Related violations: <none>

TIMING-18#287 Warning
Missing input or output delay  
An output delay is missing on bus_out[94] relative to clock(s) clk_100MHz
Related violations: <none>

TIMING-18#288 Warning
Missing input or output delay  
An output delay is missing on bus_out[95] relative to clock(s) clk_100MHz
Related violations: <none>

TIMING-18#289 Warning
Missing input or output delay  
An output delay is missing on bus_out[96] relative to clock(s) clk_100MHz
Related violations: <none>

TIMING-18#290 Warning
Missing input or output delay  
An output delay is missing on bus_out[97] relative to clock(s) clk_100MHz
Related violations: <none>

TIMING-18#291 Warning
Missing input or output delay  
An output delay is missing on bus_out[98] relative to clock(s) clk_100MHz
Related violations: <none>

TIMING-18#292 Warning
Missing input or output delay  
An output delay is missing on bus_out[99] relative to clock(s) clk_100MHz
Related violations: <none>

TIMING-18#293 Warning
Missing input or output delay  
An output delay is missing on bus_out[9] relative to clock(s) clk_100MHz
Related violations: <none>


