

================================================================
== Synthesis Summary Report of 'ban_interface'
================================================================
+ General Information: 
    * Date:           Fri Feb 11 17:22:46 2022
    * Version:        2021.2 (Build 3367213 on Tue Oct 19 02:47:39 MDT 2021)
    * Project:        ban_s3
    * Solution:       solution1 (Vivado IP Flow Target)
    * Product family: virtex7
    * Target device:  xc7vx690t-ffg1761-2
    

+ Performance & Resource Estimates: 
    
    PS: '+' for module; 'o' for loop; '*' for dataflow
    +-----------------+--------+-------+---------+---------+----------+---------+------+----------+------+----------+------------+------------+-----+
    |     Modules     |  Issue |       | Latency | Latency | Iteration|         | Trip |          |      |          |            |            |     |
    |     & Loops     |  Type  | Slack | (cycles)|   (ns)  |  Latency | Interval| Count| Pipelined| BRAM |    DSP   |     FF     |     LUT    | URAM|
    +-----------------+--------+-------+---------+---------+----------+---------+------+----------+------+----------+------------+------------+-----+
    |+ ban_interface  |  Timing|  -0.30|       59|  590.000|         -|       60|     -|        no|     -|  32 (~0%)|  7095 (~0%)|  11922 (2%)|    -|
    | + operator_2    |       -|   0.03|        6|   60.000|         -|        6|     -|        no|     -|   2 (~0%)|   685 (~0%)|  1620 (~0%)|    -|
    | + operator_1    |  Timing|  -0.01|       14|  140.000|         -|       14|     -|        no|     -|         -|   781 (~0%)|  1043 (~0%)|    -|
    | + operator_add  |  Timing|  -0.00|       14|  140.000|         -|       14|     -|        no|     -|   6 (~0%)|  1778 (~0%)|  2037 (~0%)|    -|
    |  + p_sum        |       -|   0.53|        5|   50.000|         -|        5|     -|        no|     -|   6 (~0%)|  1170 (~0%)|  1399 (~0%)|    -|
    +-----------------+--------+-------+---------+---------+----------+---------+------+----------+------+----------+------------+------------+-----+


================================================================
== HW Interfaces
================================================================
* REGISTER
+-----------+---------+----------+
| Interface | Mode    | Bitwidth |
+-----------+---------+----------+
| ap_return |         | 160      |
| b_op1     | ap_none | 128      |
| b_op2     | ap_none | 128      |
| f_op      | ap_none | 32       |
| op        | ap_none | 32       |
+-----------+---------+----------+

* TOP LEVEL CONTROL
+-----------+------------+-----------------------------------+
| Interface | Type       | Ports                             |
+-----------+------------+-----------------------------------+
| ap_clk    | clock      | ap_clk                            |
| ap_rst    | reset      | ap_rst                            |
| ap_ctrl   | ap_ctrl_hs | ap_done ap_idle ap_ready ap_start |
+-----------+------------+-----------------------------------+


================================================================
== SW I/O Information
================================================================
* Top Function Arguments
+----------+-----------+-------------+
| Argument | Direction | Datatype    |
+----------+-----------+-------------+
| b_op1    | in        | Ban const & |
| b_op2    | in        | Ban const & |
| f_op     | in        | float       |
| op       | in        | op_type     |
| return   | out       | output      |
+----------+-----------+-------------+

* SW-to-HW Mapping
+----------+--------------+---------+
| Argument | HW Interface | HW Type |
+----------+--------------+---------+
| b_op1    | b_op1        | port    |
| b_op2    | b_op2        | port    |
| f_op     | f_op         | port    |
| op       | op           | port    |
| return   | ap_return    | port    |
+----------+--------------+---------+


================================================================
== Bind Op Report
================================================================
+----------------------------------------+-----+--------+--------------+-------+---------+---------+
| Name                                   | DSP | Pragma | Variable     | Op    | Impl    | Latency |
+----------------------------------------+-----+--------+--------------+-------+---------+---------+
| + ban_interface                        | 32  |        |              |       |         |         |
|   fdiv_32ns_32ns_32_9_no_dsp_1_U41     | -   |        | res_num_2    | fdiv  | fabric  | 8       |
|   fdiv_32ns_32ns_32_9_no_dsp_1_U41     | -   |        | res_num_3    | fdiv  | fabric  | 8       |
|   fdiv_32ns_32ns_32_9_no_dsp_1_U42     | -   |        | res_num_5    | fdiv  | fabric  | 8       |
|   res_p_17_fu_2885_p2                  | -   |        | res_p_17     | add   | fabric  | 0       |
|   res_p_16_fu_2931_p2                  | -   |        | res_p_16     | add   | fabric  | 0       |
|   fmul_32ns_32ns_32_3_max_dsp_1_U35    | 3   |        | res_num      | fmul  | maxdsp  | 2       |
|   fmul_32ns_32ns_32_3_max_dsp_1_U35    | 3   |        | res_num_1    | fmul  | maxdsp  | 2       |
|   fmul_32ns_32ns_32_3_max_dsp_1_U36    | 3   |        | res_num_4    | fmul  | maxdsp  | 2       |
|   res_p_15_fu_3060_p2                  | -   |        | res_p_15     | add   | fabric  | 0       |
|   res_p_14_fu_3107_p2                  | -   |        | res_p_14     | add   | fabric  | 0       |
|   fdiv_32ns_32ns_32_9_no_dsp_1_U41     | -   |        | eps_2        | fdiv  | fabric  | 8       |
|   fdiv_32ns_32ns_32_9_no_dsp_1_U41     | -   |        | eps_2_1      | fdiv  | fabric  | 8       |
|   fmul_32ns_32ns_32_3_max_dsp_1_U35    | 3   |        | conv14_i     | fmul  | maxdsp  | 2       |
|   fmul_32ns_32ns_32_3_max_dsp_1_U36    | 3   |        | conv19_i     | fmul  | maxdsp  | 2       |
|   fmul_32ns_32ns_32_3_max_dsp_1_U35    | 3   |        | mul5_i_i1    | fmul  | maxdsp  | 2       |
|   fadd_32ns_32ns_32_4_full_dsp_1_U32   | 2   |        | eps_3        | fadd  | fulldsp | 3       |
|   fmul_32ns_32ns_32_3_max_dsp_1_U35    | 3   |        | mul12_i_i1   | fmul  | maxdsp  | 2       |
|   fadd_32ns_32ns_32_4_full_dsp_1_U32   | 2   |        | add16_i_i1   | fadd  | fulldsp | 3       |
|   fmul_32ns_32ns_32_3_max_dsp_1_U36    | 3   |        | mul19_i_i1   | fmul  | maxdsp  | 2       |
|   fadd_32ns_32ns_32_4_full_dsp_1_U33   | 2   |        | eps_3_1      | fadd  | fulldsp | 3       |
|   fmul_32ns_32ns_32_3_max_dsp_1_U37    | 3   |        | mul27_i      | fmul  | maxdsp  | 2       |
|   fadd_32ns_32ns_32_4_full_dsp_1_U32   | 2   |        | add29_i      | fadd  | fulldsp | 3       |
|   fmul_32ns_32ns_32_3_max_dsp_1_U38    | 3   |        | mul31_i      | fmul  | maxdsp  | 2       |
|   fadd_32ns_32ns_32_4_full_dsp_1_U33   | 2   |        | add33_i      | fadd  | fulldsp | 3       |
|   fsqrt_32ns_32ns_32_8_no_dsp_1_U53    | -   |        | normalizer_3 | fsqrt | fabric  | 7       |
|   fmul_32ns_32ns_32_3_max_dsp_1_U35    | 3   |        | num_res_9    | fmul  | maxdsp  | 2       |
|   fmul_32ns_32ns_32_3_max_dsp_1_U36    | 3   |        | num_res_4    | fmul  | maxdsp  | 2       |
|   c_p_3_fu_4622_p2                     | -   |        | c_p_3        | sub   | fabric  | 0       |
|   fdiv_32ns_32ns_32_9_no_dsp_1_U41     | -   |        | div_i        | fdiv  | fabric  | 8       |
|   fdiv_32ns_32ns_32_9_no_dsp_1_U41     | -   |        | div6_i       | fdiv  | fabric  | 8       |
|   fmul_32ns_32ns_32_3_max_dsp_1_U35    | 3   |        | mul_i_i      | fmul  | maxdsp  | 2       |
|   fmul_32ns_32ns_32_3_max_dsp_1_U36    | 3   |        | mul5_i_i2    | fmul  | maxdsp  | 2       |
|   fmul_32ns_32ns_32_3_max_dsp_1_U37    | 3   |        | mul8_i_i1    | fmul  | maxdsp  | 2       |
|   fadd_32ns_32ns_32_4_full_dsp_1_U32   | 2   |        | add_i_i      | fadd  | fulldsp | 3       |
|   fmul_32ns_32ns_32_3_max_dsp_1_U35    | 3   |        | mul12_i_i2   | fmul  | maxdsp  | 2       |
|   fmul_32ns_32ns_32_3_max_dsp_1_U36    | 3   |        | mul15_i_i1   | fmul  | maxdsp  | 2       |
|   fadd_32ns_32ns_32_4_full_dsp_1_U32   | 2   |        | add16_i_i2   | fadd  | fulldsp | 3       |
|   fmul_32ns_32ns_32_3_max_dsp_1_U35    | 3   |        | mul19_i_i2   | fmul  | maxdsp  | 2       |
|   fadd_32ns_32ns_32_4_full_dsp_1_U32   | 2   |        | add20_i_i    | fadd  | fulldsp | 3       |
|   fadd_32ns_32ns_32_4_full_dsp_1_U32   | 2   |        | add_i        | fadd  | fulldsp | 3       |
|   fadd_32ns_32ns_32_4_full_dsp_1_U32   | 2   |        | add5_i       | fadd  | fulldsp | 3       |
|   fadd_32ns_32ns_32_4_full_dsp_1_U33   | 2   |        | add6_i       | fadd  | fulldsp | 3       |
|   fmul_32ns_32ns_32_3_max_dsp_1_U35    | 3   |        | mul_i1_i     | fmul  | maxdsp  | 2       |
|   fmul_32ns_32ns_32_3_max_dsp_1_U35    | 3   |        | mul5_i3_i    | fmul  | maxdsp  | 2       |
|   fmul_32ns_32ns_32_3_max_dsp_1_U36    | 3   |        | mul8_i5_i    | fmul  | maxdsp  | 2       |
|   fadd_32ns_32ns_32_4_full_dsp_1_U32   | 2   |        | add_i6_i     | fadd  | fulldsp | 3       |
|   fmul_32ns_32ns_32_3_max_dsp_1_U35    | 3   |        | mul12_i9_i   | fmul  | maxdsp  | 2       |
|   fmul_32ns_32ns_32_3_max_dsp_1_U36    | 3   |        | mul15_i1_i   | fmul  | maxdsp  | 2       |
|   fadd_32ns_32ns_32_4_full_dsp_1_U32   | 2   |        | add16_i1_i   | fadd  | fulldsp | 3       |
|   fmul_32ns_32ns_32_3_max_dsp_1_U37    | 3   |        | mul19_i1_i   | fmul  | maxdsp  | 2       |
|   fadd_32ns_32ns_32_4_full_dsp_1_U33   | 2   |        | add20_i1_i   | fadd  | fulldsp | 3       |
|   fadd_32ns_32ns_32_4_full_dsp_1_U32   | 2   |        | add7_i       | fadd  | fulldsp | 3       |
|   fadd_32ns_32ns_32_4_full_dsp_1_U32   | 2   |        | add8_i       | fadd  | fulldsp | 3       |
|   fadd_32ns_32ns_32_4_full_dsp_1_U33   | 2   |        | add9_i       | fadd  | fulldsp | 3       |
|   fmul_32ns_32ns_32_3_max_dsp_1_U35    | 3   |        | mul_i2_i     | fmul  | maxdsp  | 2       |
|   fmul_32ns_32ns_32_3_max_dsp_1_U36    | 3   |        | mul5_i1_i    | fmul  | maxdsp  | 2       |
|   fmul_32ns_32ns_32_3_max_dsp_1_U37    | 3   |        | mul8_i1_i    | fmul  | maxdsp  | 2       |
|   fadd_32ns_32ns_32_4_full_dsp_1_U32   | 2   |        | add_i2_i     | fadd  | fulldsp | 3       |
|   fmul_32ns_32ns_32_3_max_dsp_1_U38    | 3   |        | mul12_i1_i   | fmul  | maxdsp  | 2       |
|   fmul_32ns_32ns_32_3_max_dsp_1_U39    | 3   |        | mul15_i2_i   | fmul  | maxdsp  | 2       |
|   fadd_32ns_32ns_32_4_full_dsp_1_U33   | 2   |        | add16_i2_i   | fadd  | fulldsp | 3       |
|   fmul_32ns_32ns_32_3_max_dsp_1_U40    | 3   |        | mul19_i2_i   | fmul  | maxdsp  | 2       |
|   fadd_32ns_32ns_32_4_full_dsp_1_U32   | 2   |        | add20_i2_i   | fadd  | fulldsp | 3       |
|   fadd_32ns_32ns_32_4_full_dsp_1_U34   | 2   |        | add1_i       | fadd  | fulldsp | 3       |
|   fadd_32ns_32ns_32_4_full_dsp_1_U33   | 2   |        | add2_i       | fadd  | fulldsp | 3       |
|   fadd_32ns_32ns_32_4_full_dsp_1_U32   | 2   |        | add3_i       | fadd  | fulldsp | 3       |
|   fdiv_32ns_32ns_32_9_no_dsp_1_U41     | -   |        | c_num_0_1    | fdiv  | fabric  | 8       |
|   fdiv_32ns_32ns_32_9_no_dsp_1_U41     | -   |        | c_num_1_3    | fdiv  | fabric  | 8       |
|   fdiv_32ns_32ns_32_9_no_dsp_1_U42     | -   |        | c_num_0_4    | fdiv  | fabric  | 8       |
|   c_p_7_fu_4710_p2                     | -   |        | c_p_7        | add   | fabric  | 0       |
|   c_p_6_fu_4756_p2                     | -   |        | c_p_6        | add   | fabric  | 0       |
|   fmul_32ns_32ns_32_3_max_dsp_1_U35    | 3   |        | num_res      | fmul  | maxdsp  | 2       |
|   fmul_32ns_32ns_32_3_max_dsp_1_U36    | 3   |        | mul5_i_i     | fmul  | maxdsp  | 2       |
|   fmul_32ns_32ns_32_3_max_dsp_1_U37    | 3   |        | mul8_i_i     | fmul  | maxdsp  | 2       |
|   fadd_32ns_32ns_32_4_full_dsp_1_U32   | 2   |        | num_res_8    | fadd  | fulldsp | 3       |
|   fmul_32ns_32ns_32_3_max_dsp_1_U35    | 3   |        | mul12_i_i    | fmul  | maxdsp  | 2       |
|   fmul_32ns_32ns_32_3_max_dsp_1_U36    | 3   |        | mul15_i_i    | fmul  | maxdsp  | 2       |
|   fadd_32ns_32ns_32_4_full_dsp_1_U32   | 2   |        | add16_i_i    | fadd  | fulldsp | 3       |
|   fmul_32ns_32ns_32_3_max_dsp_1_U38    | 3   |        | mul19_i_i    | fmul  | maxdsp  | 2       |
|   fadd_32ns_32ns_32_4_full_dsp_1_U33   | 2   |        | c_num_2      | fadd  | fulldsp | 3       |
|   c_p_fu_4820_p2                       | -   |        | c_p          | add   | fabric  | 0       |
|   c_p_5_fu_4909_p2                     | -   |        | c_p_5        | add   | fabric  | 0       |
|   c_p_4_fu_4956_p2                     | -   |        | c_p_4        | add   | fabric  | 0       |
|  + operator_2                          | 2   |        |              |       |         |         |
|    add_ln290_fu_262_p2                 | -   |        | add_ln290    | add   | fabric  | 0       |
|    fadd_32ns_32ns_32_4_full_dsp_1_U1   | 2   |        | add          | fadd  | fulldsp | 3       |
|    res_p_1_fu_406_p2                   | -   |        | res_p_1      | add   | fabric  | 0       |
|    res_p_2_fu_458_p2                   | -   |        | res_p_2      | add   | fabric  | 0       |
|  + operator_1                          | 0   |        |              |       |         |         |
|    diff_p_fu_570_p2                    | -   |        | diff_p       | sub   | fabric  | 0       |
|    c_p_2_fu_695_p2                     | -   |        | c_p_2        | add   | fabric  | 0       |
|    c_p_1_fu_741_p2                     | -   |        | c_p_1        | add   | fabric  | 0       |
|  + operator_add                        | 6   |        |              |       |         |         |
|    diff_p_fu_528_p2                    | -   |        | diff_p       | sub   | fabric  | 0       |
|    sub_ln94_fu_556_p2                  | -   |        | sub_ln94     | sub   | fabric  | 0       |
|   + p_sum                              | 6   |        |              |       |         |         |
|     fadd_32ns_32ns_32_4_full_dsp_1_U20 | 2   |        | add1         | fadd  | fulldsp | 3       |
|     fadd_32ns_32ns_32_4_full_dsp_1_U21 | 2   |        | add2         | fadd  | fulldsp | 3       |
|     fadd_32ns_32ns_32_4_full_dsp_1_U22 | 2   |        | add3         | fadd  | fulldsp | 3       |
|     fadd_32ns_32ns_32_4_full_dsp_1_U20 | 2   |        | add          | fadd  | fulldsp | 3       |
|     fadd_32ns_32ns_32_4_full_dsp_1_U21 | 2   |        | add7         | fadd  | fulldsp | 3       |
|     fadd_32ns_32ns_32_4_full_dsp_1_U20 | 2   |        | add4         | fadd  | fulldsp | 3       |
|     add_ln53_fu_481_p2                 | -   |        | add_ln53     | add   | fabric  | 0       |
+----------------------------------------+-----+--------+--------------+-------+---------+---------+


================================================================
== Bind Storage Report
================================================================
  No bind storage info in design

================================================================
== User Pragma Report
================================================================
  No pragmas found

