

================================================================
== Vitis HLS Report for 'operator_div_assign'
================================================================
* Date:           Wed Feb  9 15:34:37 2022

* Version:        2021.2 (Build 3367213 on Tue Oct 19 02:47:39 MDT 2021)
* Project:        ban_s3
* Solution:       solution1 (Vivado IP Flow Target)
* Product family: zynquplus
* Target device:  xczu7ev-ffvc1156-2-e


================================================================
== Performance Estimates
================================================================
+ Timing: 
    * Summary: 
    +--------+----------+----------+------------+
    |  Clock |  Target  | Estimated| Uncertainty|
    +--------+----------+----------+------------+
    |ap_clk  |  10.00 ns|  7.419 ns|     2.70 ns|
    +--------+----------+----------+------------+

+ Latency: 
    * Summary: 
    +---------+---------+-----------+----------+-----+-----+---------+
    |  Latency (cycles) |  Latency (absolute)  |  Interval | Pipeline|
    |   min   |   max   |    min    |    max   | min | max |   Type  |
    +---------+---------+-----------+----------+-----+-----+---------+
    |        3|       59|  30.000 ns|  0.590 us|    3|   59|       no|
    +---------+---------+-----------+----------+-----+-----+---------+

    + Detail: 
        * Instance: 
        N/A

        * Loop: 
        N/A



================================================================
== Utilization Estimates
================================================================
* Summary: 
+-----------------+---------+------+--------+--------+-----+
|       Name      | BRAM_18K|  DSP |   FF   |   LUT  | URAM|
+-----------------+---------+------+--------+--------+-----+
|DSP              |        -|     -|       -|       -|    -|
|Expression       |        -|     -|       0|     593|    -|
|FIFO             |        -|     -|       -|       -|    -|
|Instance         |        -|     9|     384|     405|    -|
|Memory           |        -|     -|       -|       -|    -|
|Multiplexer      |        -|     -|       -|     696|    -|
|Register         |        -|     -|    1122|       -|    -|
+-----------------+---------+------+--------+--------+-----+
|Total            |        0|     9|    1506|    1694|    0|
+-----------------+---------+------+--------+--------+-----+
|Available        |      624|  1728|  460800|  230400|   96|
+-----------------+---------+------+--------+--------+-----+
|Utilization (%)  |        0|    ~0|      ~0|      ~0|    0|
+-----------------+---------+------+--------+--------+-----+

+ Detail: 
    * Instance: 
    +-----------------------------------+-------------------------------+---------+----+-----+-----+-----+
    |              Instance             |             Module            | BRAM_18K| DSP|  FF | LUT | URAM|
    +-----------------------------------+-------------------------------+---------+----+-----+-----+-----+
    |fdiv_32ns_32ns_32_9_no_dsp_1_U56   |fdiv_32ns_32ns_32_9_no_dsp_1   |        0|   0|    0|    0|    0|
    |fdiv_32ns_32ns_32_9_no_dsp_1_U57   |fdiv_32ns_32ns_32_9_no_dsp_1   |        0|   0|    0|    0|    0|
    |fdiv_32ns_32ns_32_9_no_dsp_1_U58   |fdiv_32ns_32ns_32_9_no_dsp_1   |        0|   0|    0|    0|    0|
    |fmul_32ns_32ns_32_3_max_dsp_1_U53  |fmul_32ns_32ns_32_3_max_dsp_1  |        0|   3|  128|  135|    0|
    |fmul_32ns_32ns_32_3_max_dsp_1_U54  |fmul_32ns_32ns_32_3_max_dsp_1  |        0|   3|  128|  135|    0|
    |fmul_32ns_32ns_32_3_max_dsp_1_U55  |fmul_32ns_32ns_32_3_max_dsp_1  |        0|   3|  128|  135|    0|
    +-----------------------------------+-------------------------------+---------+----+-----+-----+-----+
    |Total                              |                               |        0|   9|  384|  405|    0|
    +-----------------------------------+-------------------------------+---------+----+-----+-----+-----+

    * DSP: 
    N/A

    * Memory: 
    N/A

    * FIFO: 
    N/A

    * Expression: 
    +-------------------------+----------+----+---+----+------------+------------+
    |      Variable Name      | Operation| DSP| FF| LUT| Bitwidth P0| Bitwidth P1|
    +-------------------------+----------+----+---+----+------------+------------+
    |add_ln43_fu_722_p2       |         +|   0|  0|  39|          32|          32|
    |c_p_fu_472_p2            |         -|   0|  0|  39|          32|          32|
    |and_ln27_13_fu_400_p2    |       and|   0|  0|   2|           1|           1|
    |and_ln27_14_fu_406_p2    |       and|   0|  0|   2|           1|           1|
    |and_ln27_15_fu_459_p2    |       and|   0|  0|   2|           1|           1|
    |and_ln27_16_fu_412_p2    |       and|   0|  0|   2|           1|           1|
    |and_ln27_fu_390_p2       |       and|   0|  0|   2|           1|           1|
    |and_ln32_fu_564_p2       |       and|   0|  0|   2|           1|           1|
    |and_ln35_1_fu_665_p2     |       and|   0|  0|   2|           1|           1|
    |and_ln35_2_fu_671_p2     |       and|   0|  0|   2|           1|           1|
    |and_ln35_fu_606_p2       |       and|   0|  0|   2|           1|           1|
    |and_ln43_1_fu_677_p2     |       and|   0|  0|   2|           1|           1|
    |and_ln43_fu_653_p2       |       and|   0|  0|   2|           1|           1|
    |icmp_ln27_19_fu_322_p2   |      icmp|   0|  0|  11|           8|           2|
    |icmp_ln27_20_fu_328_p2   |      icmp|   0|  0|  16|          23|           1|
    |icmp_ln27_21_fu_369_p2   |      icmp|   0|  0|  11|           8|           2|
    |icmp_ln27_22_fu_375_p2   |      icmp|   0|  0|  16|          23|           1|
    |icmp_ln27_23_fu_441_p2   |      icmp|   0|  0|  11|           8|           2|
    |icmp_ln27_24_fu_447_p2   |      icmp|   0|  0|  16|          23|           1|
    |icmp_ln27_fu_381_p2      |      icmp|   0|  0|  20|          32|           1|
    |icmp_ln32_1_fu_552_p2    |      icmp|   0|  0|  16|          23|           1|
    |icmp_ln32_fu_546_p2      |      icmp|   0|  0|  11|           8|           2|
    |icmp_ln35_1_fu_594_p2    |      icmp|   0|  0|  16|          23|           1|
    |icmp_ln35_fu_588_p2      |      icmp|   0|  0|  11|           8|           2|
    |icmp_ln43_1_fu_641_p2    |      icmp|   0|  0|  16|          23|           1|
    |icmp_ln43_fu_635_p2      |      icmp|   0|  0|  11|           8|           2|
    |or_ln27_10_fu_396_p2     |        or|   0|  0|   2|           1|           1|
    |or_ln27_11_fu_453_p2     |        or|   0|  0|   2|           1|           1|
    |or_ln27_fu_386_p2        |        or|   0|  0|   2|           1|           1|
    |or_ln32_fu_558_p2        |        or|   0|  0|   2|           1|           1|
    |or_ln35_fu_600_p2        |        or|   0|  0|   2|           1|           1|
    |or_ln43_1_fu_727_p2      |        or|   0|  0|   2|           1|           1|
    |or_ln43_fu_647_p2        |        or|   0|  0|   2|           1|           1|
    |c_num_0_4_fu_683_p3      |    select|   0|  0|  32|           1|          32|
    |c_num_0_5_fu_690_p3      |    select|   0|  0|  32|           1|          32|
    |c_num_0_6_fu_698_p3      |    select|   0|  0|  32|           1|          32|
    |c_num_0_7_fu_706_p3      |    select|   0|  0|  32|           1|          32|
    |c_p_1_fu_740_p3          |    select|   0|  0|  32|           1|          32|
    |select_ln178_fu_754_p3   |    select|   0|  0|  32|           1|           1|
    |select_ln43_1_fu_733_p3  |    select|   0|  0|  32|           1|           1|
    |select_ln43_fu_714_p3    |    select|   0|  0|   3|           1|           3|
    |xor_ln143_fu_499_p2      |       xor|   0|  0|  33|          32|          33|
    |xor_ln144_fu_514_p2      |       xor|   0|  0|  33|          32|          33|
    |xor_ln35_fu_612_p2       |       xor|   0|  0|   2|           2|           1|
    |xor_ln43_fu_659_p2       |       xor|   0|  0|   2|           2|           1|
    +-------------------------+----------+----+---+----+------------+------------+
    |Total                    |          |   0|  0| 593|         376|         334|
    +-------------------------+----------+----+---+----+------------+------------+

    * Multiplexer: 
    +---------------------------------------+-----+-----------+-----+-----------+
    |                  Name                 | LUT | Input Size| Bits| Total Bits|
    +---------------------------------------+-----+-----------+-----+-----------+
    |ap_NS_fsm                              |  262|         61|    1|         61|
    |ap_phi_mux_empty_8_phi_fu_93_p4        |    9|          2|   32|         64|
    |ap_phi_mux_empty_phi_fu_82_p4          |    9|          2|   32|         64|
    |ap_phi_mux_p_1_0_phi_fu_104_p4         |    9|          2|   32|         64|
    |ap_phi_mux_ref_tmp_01_0_phi_fu_115_p4  |    9|          2|   32|         64|
    |ap_return                              |    9|          2|  128|        256|
    |empty_8_reg_89                         |    9|          2|   32|         64|
    |empty_reg_78                           |    9|          2|   32|         64|
    |grp_fu_122_p0                          |   43|          8|   32|        256|
    |grp_fu_122_p1                          |   54|         10|   32|        320|
    |grp_fu_126_p0                          |   26|          5|   32|        160|
    |grp_fu_126_p1                          |   31|          6|   32|        192|
    |grp_fu_134_p0                          |   31|          6|   32|        192|
    |grp_fu_134_p1                          |   20|          4|   32|        128|
    |grp_fu_138_p0                          |   26|          5|   32|        160|
    |grp_fu_138_p1                          |   26|          5|   32|        160|
    |grp_fu_144_p0                          |   20|          4|   32|        128|
    |grp_fu_144_p1                          |   14|          3|   32|         96|
    |grp_fu_162_p0                          |   14|          3|   32|         96|
    |grp_fu_166_p0                          |   14|          3|   32|         96|
    |grp_fu_174_p0                          |   20|          4|   32|        128|
    |grp_fu_179_p0                          |   14|          3|   32|         96|
    |p_1_0_reg_100                          |    9|          2|   32|         64|
    |ref_tmp_01_0_reg_111                   |    9|          2|   32|         64|
    +---------------------------------------+-----+-----------+-----+-----------+
    |Total                                  |  696|        148|  833|       3037|
    +---------------------------------------+-----+-----------+-----+-----------+

    * Register: 
    +----------------------+-----+----+-----+-----------+
    |         Name         |  FF | LUT| Bits| Const Bits|
    +----------------------+-----+----+-----+-----------+
    |add2_i_reg_909        |   32|   0|   32|          0|
    |and_ln27_15_reg_846   |    1|   0|    1|          0|
    |and_ln27_16_reg_837   |    1|   0|    1|          0|
    |ap_CS_fsm             |   60|   0|   60|          0|
    |ap_return_preg        |  128|   0|  128|          0|
    |c_num_0_reg_792       |   32|   0|   32|          0|
    |c_num_1_reg_811       |   32|   0|   32|          0|
    |c_num_2_2_reg_914     |   32|   0|   32|          0|
    |c_num_2_reg_850       |   32|   0|   32|          0|
    |c_p_reg_856           |   32|   0|   32|          0|
    |empty_8_reg_89        |   32|   0|   32|          0|
    |empty_reg_78          |   32|   0|   32|          0|
    |icmp_ln27_19_reg_801  |    1|   0|    1|          0|
    |icmp_ln27_20_reg_806  |    1|   0|    1|          0|
    |icmp_ln27_21_reg_819  |    1|   0|    1|          0|
    |icmp_ln27_22_reg_824  |    1|   0|    1|          0|
    |mul12_i1_i_reg_894    |   32|   0|   32|          0|
    |mul15_i1_i_reg_889    |   32|   0|   32|          0|
    |mul15_i2_i_reg_899    |   32|   0|   32|          0|
    |mul19_i2_i_reg_904    |   32|   0|   32|          0|
    |normalizer_reg_862    |   32|   0|   32|          0|
    |p_1_0_reg_100         |   32|   0|   32|          0|
    |ref_tmp_01_0_reg_111  |   32|   0|   32|          0|
    |reg_198               |   32|   0|   32|          0|
    |reg_208               |   32|   0|   32|          0|
    |reg_216               |   32|   0|   32|          0|
    |reg_227               |   32|   0|   32|          0|
    |reg_233               |   32|   0|   32|          0|
    |reg_243               |   32|   0|   32|          0|
    |reg_249               |   32|   0|   32|          0|
    |reg_254               |   32|   0|   32|          0|
    |reg_260               |   32|   0|   32|          0|
    |reg_269               |   32|   0|   32|          0|
    |reg_275               |   32|   0|   32|          0|
    |trunc_ln27_reg_786    |   32|   0|   32|          0|
    |xor_ln143_reg_869     |   32|   0|   32|          0|
    |xor_ln144_reg_874     |   32|   0|   32|          0|
    +----------------------+-----+----+-----+-----------+
    |Total                 | 1122|   0| 1122|          0|
    +----------------------+-----+----+-----+-----------+



================================================================
== Interface
================================================================
* Summary: 
+----------------------+-----+-----+------------+--------------+--------------+
|       RTL Ports      | Dir | Bits|  Protocol  | Source Object|    C Type    |
+----------------------+-----+-----+------------+--------------+--------------+
|ap_clk                |   in|    1|  ap_ctrl_hs|    operator/=|  return value|
|ap_rst                |   in|    1|  ap_ctrl_hs|    operator/=|  return value|
|ap_start              |   in|    1|  ap_ctrl_hs|    operator/=|  return value|
|ap_done               |  out|    1|  ap_ctrl_hs|    operator/=|  return value|
|ap_idle               |  out|    1|  ap_ctrl_hs|    operator/=|  return value|
|ap_ready              |  out|    1|  ap_ctrl_hs|    operator/=|  return value|
|ap_return             |  out|  128|  ap_ctrl_hs|    operator/=|  return value|
|grp_fu_928_p_din0     |  out|   32|  ap_ctrl_hs|    operator/=|  return value|
|grp_fu_928_p_din1     |  out|   32|  ap_ctrl_hs|    operator/=|  return value|
|grp_fu_928_p_opcode   |  out|    2|  ap_ctrl_hs|    operator/=|  return value|
|grp_fu_928_p_dout0    |   in|   32|  ap_ctrl_hs|    operator/=|  return value|
|grp_fu_928_p_ce       |  out|    1|  ap_ctrl_hs|    operator/=|  return value|
|grp_fu_932_p_din0     |  out|   32|  ap_ctrl_hs|    operator/=|  return value|
|grp_fu_932_p_din1     |  out|   32|  ap_ctrl_hs|    operator/=|  return value|
|grp_fu_932_p_opcode   |  out|    2|  ap_ctrl_hs|    operator/=|  return value|
|grp_fu_932_p_dout0    |   in|   32|  ap_ctrl_hs|    operator/=|  return value|
|grp_fu_932_p_ce       |  out|    1|  ap_ctrl_hs|    operator/=|  return value|
|grp_fu_936_p_din0     |  out|   32|  ap_ctrl_hs|    operator/=|  return value|
|grp_fu_936_p_din1     |  out|   32|  ap_ctrl_hs|    operator/=|  return value|
|grp_fu_936_p_opcode   |  out|    2|  ap_ctrl_hs|    operator/=|  return value|
|grp_fu_936_p_dout0    |   in|   32|  ap_ctrl_hs|    operator/=|  return value|
|grp_fu_936_p_ce       |  out|    1|  ap_ctrl_hs|    operator/=|  return value|
|grp_fu_958_p_din0     |  out|   32|  ap_ctrl_hs|    operator/=|  return value|
|grp_fu_958_p_din1     |  out|   32|  ap_ctrl_hs|    operator/=|  return value|
|grp_fu_958_p_dout0    |   in|   32|  ap_ctrl_hs|    operator/=|  return value|
|grp_fu_958_p_ce       |  out|    1|  ap_ctrl_hs|    operator/=|  return value|
|grp_fu_963_p_din0     |  out|   32|  ap_ctrl_hs|    operator/=|  return value|
|grp_fu_963_p_din1     |  out|   32|  ap_ctrl_hs|    operator/=|  return value|
|grp_fu_963_p_dout0    |   in|   32|  ap_ctrl_hs|    operator/=|  return value|
|grp_fu_963_p_ce       |  out|    1|  ap_ctrl_hs|    operator/=|  return value|
|grp_fu_967_p_din0     |  out|   32|  ap_ctrl_hs|    operator/=|  return value|
|grp_fu_967_p_din1     |  out|   32|  ap_ctrl_hs|    operator/=|  return value|
|grp_fu_967_p_dout0    |   in|   32|  ap_ctrl_hs|    operator/=|  return value|
|grp_fu_967_p_ce       |  out|    1|  ap_ctrl_hs|    operator/=|  return value|
|grp_fu_1001_p_din0    |  out|   32|  ap_ctrl_hs|    operator/=|  return value|
|grp_fu_1001_p_din1    |  out|   32|  ap_ctrl_hs|    operator/=|  return value|
|grp_fu_1001_p_opcode  |  out|    5|  ap_ctrl_hs|    operator/=|  return value|
|grp_fu_1001_p_dout0   |   in|    1|  ap_ctrl_hs|    operator/=|  return value|
|grp_fu_1001_p_ce      |  out|    1|  ap_ctrl_hs|    operator/=|  return value|
|grp_fu_1005_p_din0    |  out|   32|  ap_ctrl_hs|    operator/=|  return value|
|grp_fu_1005_p_din1    |  out|   32|  ap_ctrl_hs|    operator/=|  return value|
|grp_fu_1005_p_opcode  |  out|    5|  ap_ctrl_hs|    operator/=|  return value|
|grp_fu_1005_p_dout0   |   in|    1|  ap_ctrl_hs|    operator/=|  return value|
|grp_fu_1005_p_ce      |  out|    1|  ap_ctrl_hs|    operator/=|  return value|
|grp_fu_1009_p_din0    |  out|   32|  ap_ctrl_hs|    operator/=|  return value|
|grp_fu_1009_p_din1    |  out|   32|  ap_ctrl_hs|    operator/=|  return value|
|grp_fu_1009_p_opcode  |  out|    5|  ap_ctrl_hs|    operator/=|  return value|
|grp_fu_1009_p_dout0   |   in|    1|  ap_ctrl_hs|    operator/=|  return value|
|grp_fu_1009_p_ce      |  out|    1|  ap_ctrl_hs|    operator/=|  return value|
|b_op1_read            |   in|  128|     ap_none|    b_op1_read|        scalar|
|p_read                |   in|  128|     ap_none|        p_read|        scalar|
+----------------------+-----+-----+------------+--------------+--------------+

