

================================================================
== Vitis HLS Report for 'operator_ge'
================================================================
* Date:           Wed Feb  9 15:34:36 2022

* Version:        2021.2 (Build 3367213 on Tue Oct 19 02:47:39 MDT 2021)
* Project:        ban_s3
* Solution:       solution1 (Vivado IP Flow Target)
* Product family: zynquplus
* Target device:  xczu7ev-ffvc1156-2-e


================================================================
== Performance Estimates
================================================================
+ Timing: 
    * Summary: 
    +--------+----------+----------+------------+
    |  Clock |  Target  | Estimated| Uncertainty|
    +--------+----------+----------+------------+
    |ap_clk  |  10.00 ns|  5.652 ns|     2.70 ns|
    +--------+----------+----------+------------+

+ Latency: 
    * Summary: 
    +---------+---------+-----------+-----------+-----+-----+---------+
    |  Latency (cycles) |   Latency (absolute)  |  Interval | Pipeline|
    |   min   |   max   |    min    |    max    | min | max |   Type  |
    +---------+---------+-----------+-----------+-----+-----+---------+
    |        1|        1|  10.000 ns|  10.000 ns|    1|    1|       no|
    +---------+---------+-----------+-----------+-----+-----+---------+

    + Detail: 
        * Instance: 
        N/A

        * Loop: 
        N/A



================================================================
== Utilization Estimates
================================================================
* Summary: 
+-----------------+---------+------+--------+--------+-----+
|       Name      | BRAM_18K|  DSP |   FF   |   LUT  | URAM|
+-----------------+---------+------+--------+--------+-----+
|DSP              |        -|     -|       -|       -|    -|
|Expression       |        -|     -|       0|     286|    -|
|FIFO             |        -|     -|       -|       -|    -|
|Instance         |        -|     -|       -|       -|    -|
|Memory           |        -|     -|       -|       -|    -|
|Multiplexer      |        -|     -|       -|      23|    -|
|Register         |        -|     -|      10|       -|    -|
+-----------------+---------+------+--------+--------+-----+
|Total            |        0|     0|      10|     309|    0|
+-----------------+---------+------+--------+--------+-----+
|Available        |      624|  1728|  460800|  230400|   96|
+-----------------+---------+------+--------+--------+-----+
|Utilization (%)  |        0|     0|      ~0|      ~0|    0|
+-----------------+---------+------+--------+--------+-----+

+ Detail: 
    * Instance: 
    +---------------------------------+-----------------------------+---------+----+---+----+-----+
    |             Instance            |            Module           | BRAM_18K| DSP| FF| LUT| URAM|
    +---------------------------------+-----------------------------+---------+----+---+----+-----+
    |fcmp_32ns_32ns_1_2_no_dsp_1_U1   |fcmp_32ns_32ns_1_2_no_dsp_1  |        0|   0|  0|   0|    0|
    |fcmp_32ns_32ns_1_2_no_dsp_1_U2   |fcmp_32ns_32ns_1_2_no_dsp_1  |        0|   0|  0|   0|    0|
    |fcmp_32ns_32ns_1_2_no_dsp_1_U3   |fcmp_32ns_32ns_1_2_no_dsp_1  |        0|   0|  0|   0|    0|
    |fcmp_32ns_32ns_1_2_no_dsp_1_U4   |fcmp_32ns_32ns_1_2_no_dsp_1  |        0|   0|  0|   0|    0|
    |fcmp_32ns_32ns_1_2_no_dsp_1_U5   |fcmp_32ns_32ns_1_2_no_dsp_1  |        0|   0|  0|   0|    0|
    |fcmp_32ns_32ns_1_2_no_dsp_1_U6   |fcmp_32ns_32ns_1_2_no_dsp_1  |        0|   0|  0|   0|    0|
    |fcmp_32ns_32ns_1_2_no_dsp_1_U7   |fcmp_32ns_32ns_1_2_no_dsp_1  |        0|   0|  0|   0|    0|
    |fcmp_32ns_32ns_1_2_no_dsp_1_U8   |fcmp_32ns_32ns_1_2_no_dsp_1  |        0|   0|  0|   0|    0|
    |fcmp_32ns_32ns_1_2_no_dsp_1_U9   |fcmp_32ns_32ns_1_2_no_dsp_1  |        0|   0|  0|   0|    0|
    |fcmp_32ns_32ns_1_2_no_dsp_1_U10  |fcmp_32ns_32ns_1_2_no_dsp_1  |        0|   0|  0|   0|    0|
    +---------------------------------+-----------------------------+---------+----+---+----+-----+
    |Total                            |                             |        0|   0|  0|   0|    0|
    +---------------------------------+-----------------------------+---------+----+---+----+-----+

    * DSP: 
    N/A

    * Memory: 
    N/A

    * FIFO: 
    N/A

    * Expression: 
    +------------------------+----------+----+---+----+------------+------------+
    |      Variable Name     | Operation| DSP| FF| LUT| Bitwidth P0| Bitwidth P1|
    +------------------------+----------+----+---+----+------------+------------+
    |and_ln242_1_fu_574_p2   |       and|   0|  0|   2|           1|           1|
    |and_ln242_2_fu_586_p2   |       and|   0|  0|   2|           1|           1|
    |and_ln242_3_fu_597_p2   |       and|   0|  0|   2|           1|           1|
    |and_ln242_4_fu_603_p2   |       and|   0|  0|   2|           1|           1|
    |and_ln242_fu_532_p2     |       and|   0|  0|   2|           1|           1|
    |and_ln246_10_fu_526_p2  |       and|   0|  0|   2|           1|           1|
    |and_ln246_11_fu_537_p2  |       and|   0|  0|   2|           1|           1|
    |and_ln246_12_fu_609_p2  |       and|   0|  0|   2|           1|           1|
    |and_ln246_13_fu_615_p2  |       and|   0|  0|   2|           1|           1|
    |and_ln246_14_fu_627_p2  |       and|   0|  0|   2|           1|           1|
    |and_ln246_15_fu_639_p2  |       and|   0|  0|   2|           1|           1|
    |and_ln246_16_fu_657_p2  |       and|   0|  0|   2|           1|           1|
    |and_ln246_17_fu_669_p2  |       and|   0|  0|   2|           1|           1|
    |and_ln246_18_fu_675_p2  |       and|   0|  0|   2|           1|           1|
    |and_ln246_19_fu_681_p2  |       and|   0|  0|   2|           1|           1|
    |and_ln246_1_fu_375_p2   |       and|   0|  0|   2|           1|           1|
    |and_ln246_20_fu_699_p2  |       and|   0|  0|   2|           1|           1|
    |and_ln246_21_fu_705_p2  |       and|   0|  0|   2|           1|           1|
    |and_ln246_22_fu_711_p2  |       and|   0|  0|   2|           1|           1|
    |and_ln246_23_fu_723_p2  |       and|   0|  0|   2|           1|           1|
    |and_ln246_2_fu_407_p2   |       and|   0|  0|   2|           1|           1|
    |and_ln246_3_fu_418_p2   |       and|   0|  0|   2|           1|           1|
    |and_ln246_4_fu_441_p2   |       and|   0|  0|   2|           1|           1|
    |and_ln246_5_fu_458_p2   |       and|   0|  0|   2|           1|           1|
    |and_ln246_6_fu_464_p2   |       and|   0|  0|   2|           1|           1|
    |and_ln246_7_fu_469_p2   |       and|   0|  0|   2|           1|           1|
    |and_ln246_8_fu_502_p2   |       and|   0|  0|   2|           1|           1|
    |and_ln246_9_fu_508_p2   |       and|   0|  0|   2|           1|           1|
    |and_ln246_fu_435_p2     |       and|   0|  0|   2|           1|           1|
    |and_ln27_10_fu_485_p2   |       and|   0|  0|   2|           1|           1|
    |and_ln27_11_fu_491_p2   |       and|   0|  0|   2|           1|           1|
    |and_ln27_12_fu_563_p2   |       and|   0|  0|   2|           1|           1|
    |and_ln27_6_fu_358_p2    |       and|   0|  0|   2|           1|           1|
    |and_ln27_7_fu_391_p2    |       and|   0|  0|   2|           1|           1|
    |and_ln27_8_fu_402_p2    |       and|   0|  0|   2|           1|           1|
    |and_ln27_9_fu_479_p2    |       and|   0|  0|   2|           1|           1|
    |and_ln27_fu_354_p2      |       and|   0|  0|   2|           1|           1|
    |icmp_ln246_fu_240_p2    |      icmp|   0|  0|  20|          32|           1|
    |icmp_ln27_11_fu_196_p2  |      icmp|   0|  0|  11|           8|           2|
    |icmp_ln27_12_fu_202_p2  |      icmp|   0|  0|  16|          23|           1|
    |icmp_ln27_13_fu_214_p2  |      icmp|   0|  0|  11|           8|           2|
    |icmp_ln27_14_fu_220_p2  |      icmp|   0|  0|  16|          23|           1|
    |icmp_ln27_15_fu_282_p2  |      icmp|   0|  0|  11|           8|           2|
    |icmp_ln27_16_fu_288_p2  |      icmp|   0|  0|  16|          23|           1|
    |icmp_ln27_17_fu_336_p2  |      icmp|   0|  0|  11|           8|           2|
    |icmp_ln27_18_fu_342_p2  |      icmp|   0|  0|  16|          23|           1|
    |icmp_ln27_fu_134_p2     |      icmp|   0|  0|  20|          32|           1|
    |or_ln242_fu_580_p2      |        or|   0|  0|   2|           1|           1|
    |or_ln246_1_fu_429_p2    |        or|   0|  0|   2|           1|           1|
    |or_ln246_2_fu_453_p2    |        or|   0|  0|   2|           1|           1|
    |or_ln246_3_fu_447_p2    |        or|   0|  0|   2|           1|           1|
    |or_ln246_4_fu_514_p2    |        or|   0|  0|   2|           1|           1|
    |or_ln246_5_fu_520_p2    |        or|   0|  0|   2|           1|           1|
    |or_ln246_6_fu_621_p2    |        or|   0|  0|   2|           1|           1|
    |or_ln246_7_fu_633_p2    |        or|   0|  0|   2|           1|           1|
    |or_ln246_8_fu_651_p2    |        or|   0|  0|   2|           1|           1|
    |or_ln246_9_fu_687_p2    |        or|   0|  0|   2|           1|           1|
    |or_ln246_fu_386_p2      |        or|   0|  0|   2|           1|           1|
    |or_ln27_5_fu_208_p2     |        or|   0|  0|   2|           1|           1|
    |or_ln27_6_fu_226_p2     |        or|   0|  0|   2|           1|           1|
    |or_ln27_7_fu_294_p2     |        or|   0|  0|   2|           1|           1|
    |or_ln27_8_fu_348_p2     |        or|   0|  0|   2|           1|           1|
    |or_ln27_9_fu_557_p2     |        or|   0|  0|   2|           1|           1|
    |or_ln27_fu_370_p2       |        or|   0|  0|   2|           1|           1|
    |select_ln246_fu_543_p3  |    select|   0|  0|   2|           1|           1|
    |xor_ln242_1_fu_591_p2   |       xor|   0|  0|   2|           2|           1|
    |xor_ln242_fu_569_p2     |       xor|   0|  0|   2|           1|           2|
    |xor_ln246_1_fu_380_p2   |       xor|   0|  0|   2|           2|           1|
    |xor_ln246_2_fu_412_p2   |       xor|   0|  0|   2|           2|           1|
    |xor_ln246_3_fu_423_p2   |       xor|   0|  0|   2|           2|           1|
    |xor_ln246_4_fu_645_p2   |       xor|   0|  0|   2|           1|           2|
    |xor_ln246_5_fu_663_p2   |       xor|   0|  0|   2|           2|           1|
    |xor_ln246_6_fu_693_p2   |       xor|   0|  0|   2|           2|           1|
    |xor_ln246_7_fu_717_p2   |       xor|   0|  0|   2|           2|           1|
    |xor_ln246_fu_497_p2     |       xor|   0|  0|   2|           1|           2|
    |xor_ln27_1_fu_396_p2    |       xor|   0|  0|   2|           2|           1|
    |xor_ln27_2_fu_474_p2    |       xor|   0|  0|   2|           1|           2|
    |xor_ln27_3_fu_551_p2    |       xor|   0|  0|   2|           2|           1|
    |xor_ln27_fu_364_p2      |       xor|   0|  0|   2|           2|           1|
    +------------------------+----------+----+---+----+------------+------------+
    |Total                   |          |   0|  0| 286|         267|          87|
    +------------------------+----------+----+---+----+------------+------------+

    * Multiplexer: 
    +-----------+----+-----------+-----+-----------+
    |    Name   | LUT| Input Size| Bits| Total Bits|
    +-----------+----+-----------+-----+-----------+
    |ap_NS_fsm  |  14|          3|    1|          3|
    |ap_return  |   9|          2|    1|          2|
    +-----------+----+-----------+-----+-----------+
    |Total      |  23|          5|    2|          5|
    +-----------+----+-----------+-----+-----------+

    * Register: 
    +--------------------+---+----+-----+-----------+
    |        Name        | FF| LUT| Bits| Const Bits|
    +--------------------+---+----+-----+-----------+
    |ap_CS_fsm           |  2|   0|    2|          0|
    |ap_return_preg      |  1|   0|    1|          0|
    |icmp_ln246_reg_773  |  1|   0|    1|          0|
    |icmp_ln27_reg_738   |  1|   0|    1|          0|
    |or_ln27_5_reg_754   |  1|   0|    1|          0|
    |or_ln27_6_reg_760   |  1|   0|    1|          0|
    |or_ln27_7_reg_785   |  1|   0|    1|          0|
    |or_ln27_8_reg_797   |  1|   0|    1|          0|
    |pl_reg_767          |  1|   0|    1|          0|
    +--------------------+---+----+-----+-----------+
    |Total               | 10|   0|   10|          0|
    +--------------------+---+----+-----+-----------+



================================================================
== Interface
================================================================
* Summary: 
+-----------+-----+-----+------------+--------------+--------------+
| RTL Ports | Dir | Bits|  Protocol  | Source Object|    C Type    |
+-----------+-----+-----+------------+--------------+--------------+
|ap_clk     |   in|    1|  ap_ctrl_hs|    operator>=|  return value|
|ap_rst     |   in|    1|  ap_ctrl_hs|    operator>=|  return value|
|ap_start   |   in|    1|  ap_ctrl_hs|    operator>=|  return value|
|ap_done    |  out|    1|  ap_ctrl_hs|    operator>=|  return value|
|ap_idle    |  out|    1|  ap_ctrl_hs|    operator>=|  return value|
|ap_ready   |  out|    1|  ap_ctrl_hs|    operator>=|  return value|
|ap_return  |  out|    1|  ap_ctrl_hs|    operator>=|  return value|
|n          |   in|   32|     ap_none|             n|        scalar|
|p_read     |   in|  128|     ap_none|        p_read|        scalar|
+-----------+-----+-----+------------+--------------+--------------+

