

================================================================
== Vitis HLS Report for 'operator_1'
================================================================
* Date:           Fri Feb 11 17:22:39 2022

* Version:        2021.2 (Build 3367213 on Tue Oct 19 02:47:39 MDT 2021)
* Project:        ban_s3
* Solution:       solution1 (Vivado IP Flow Target)
* Product family: virtex7
* Target device:  xc7vx690t-ffg1761-2


================================================================
== Performance Estimates
================================================================
+ Timing: 
    * Summary: 
    +--------+----------+----------+------------+
    |  Clock |  Target  | Estimated| Uncertainty|
    +--------+----------+----------+------------+
    |ap_clk  |  10.00 ns|  7.311 ns|     2.70 ns|
    +--------+----------+----------+------------+

+ Latency: 
    * Summary: 
    +---------+---------+-----------+----------+-----+-----+---------+
    |  Latency (cycles) |  Latency (absolute)  |  Interval | Pipeline|
    |   min   |   max   |    min    |    max   | min | max |   Type  |
    +---------+---------+-----------+----------+-----+-----+---------+
    |        4|       14|  40.000 ns|  0.140 us|    4|   14|       no|
    +---------+---------+-----------+----------+-----+-----+---------+

    + Detail: 
        * Instance: 
        N/A

        * Loop: 
        N/A



================================================================
== Utilization Estimates
================================================================
* Summary: 
+-----------------+---------+------+--------+--------+-----+
|       Name      | BRAM_18K|  DSP |   FF   |   LUT  | URAM|
+-----------------+---------+------+--------+--------+-----+
|DSP              |        -|     -|       -|       -|    -|
|Expression       |        -|     -|       0|     577|    -|
|FIFO             |        -|     -|       -|       -|    -|
|Instance         |        -|     -|       -|       -|    -|
|Memory           |        -|     -|       -|       -|    -|
|Multiplexer      |        -|     -|       -|     466|    -|
|Register         |        -|     -|     781|       -|    -|
+-----------------+---------+------+--------+--------+-----+
|Total            |        0|     0|     781|    1043|    0|
+-----------------+---------+------+--------+--------+-----+
|Available        |     2940|  3600|  866400|  433200|    0|
+-----------------+---------+------+--------+--------+-----+
|Utilization (%)  |        0|     0|      ~0|      ~0|    0|
+-----------------+---------+------+--------+--------+-----+

+ Detail: 
    * Instance: 
    N/A

    * DSP: 
    N/A

    * Memory: 
    N/A

    * FIFO: 
    N/A

    * Expression: 
    +-------------------------+----------+----+---+----+------------+------------+
    |      Variable Name      | Operation| DSP| FF| LUT| Bitwidth P0| Bitwidth P1|
    +-------------------------+----------+----+---+----+------------+------------+
    |c_p_1_fu_741_p2          |         +|   0|  0|  39|          32|           3|
    |c_p_2_fu_695_p2          |         +|   0|  0|  39|          32|           2|
    |diff_p_fu_570_p2         |         -|   0|  0|  39|          32|          32|
    |and_ln22_1_fu_377_p2     |       and|   0|  0|   2|           1|           1|
    |and_ln22_2_fu_424_p2     |       and|   0|  0|   2|           1|           1|
    |and_ln22_3_fu_470_p2     |       and|   0|  0|   2|           1|           1|
    |and_ln22_4_fu_476_p2     |       and|   0|  0|   2|           1|           1|
    |and_ln22_5_fu_558_p2     |       and|   0|  0|   2|           1|           1|
    |and_ln22_fu_330_p2       |       and|   0|  0|   2|           1|           1|
    |and_ln27_fu_648_p2       |       and|   0|  0|   2|           1|           1|
    |and_ln30_fu_689_p2       |       and|   0|  0|   2|           1|           1|
    |and_ln38_fu_735_p2       |       and|   0|  0|   2|           1|           1|
    |and_ln80_1_fu_517_p2     |       and|   0|  0|   2|           1|           1|
    |and_ln80_fu_564_p2       |       and|   0|  0|   2|           1|           1|
    |icmp_ln22_10_fu_540_p2   |      icmp|   0|  0|  11|           8|           2|
    |icmp_ln22_11_fu_546_p2   |      icmp|   0|  0|  15|          23|           1|
    |icmp_ln22_1_fu_312_p2    |      icmp|   0|  0|  11|           8|           2|
    |icmp_ln22_2_fu_318_p2    |      icmp|   0|  0|  15|          23|           1|
    |icmp_ln22_3_fu_359_p2    |      icmp|   0|  0|  11|           8|           2|
    |icmp_ln22_4_fu_430_p2    |      icmp|   0|  0|  18|          32|           1|
    |icmp_ln22_5_fu_365_p2    |      icmp|   0|  0|  15|          23|           1|
    |icmp_ln22_6_fu_406_p2    |      icmp|   0|  0|  11|           8|           2|
    |icmp_ln22_7_fu_412_p2    |      icmp|   0|  0|  15|          23|           1|
    |icmp_ln22_8_fu_452_p2    |      icmp|   0|  0|  11|           8|           2|
    |icmp_ln22_9_fu_458_p2    |      icmp|   0|  0|  15|          23|           1|
    |icmp_ln22_fu_283_p2      |      icmp|   0|  0|  18|          32|           1|
    |icmp_ln27_2_fu_636_p2    |      icmp|   0|  0|  15|          23|           1|
    |icmp_ln27_fu_630_p2      |      icmp|   0|  0|  11|           8|           2|
    |icmp_ln30_2_fu_677_p2    |      icmp|   0|  0|  15|          23|           1|
    |icmp_ln30_fu_671_p2      |      icmp|   0|  0|  11|           8|           2|
    |icmp_ln38_2_fu_723_p2    |      icmp|   0|  0|  15|          23|           1|
    |icmp_ln38_fu_717_p2      |      icmp|   0|  0|  11|           8|           2|
    |icmp_ln53_fu_599_p2      |      icmp|   0|  0|  18|          32|           3|
    |icmp_ln80_1_fu_505_p2    |      icmp|   0|  0|  15|          23|           1|
    |icmp_ln80_fu_499_p2      |      icmp|   0|  0|  11|           8|           2|
    |icmp_ln86_fu_574_p2      |      icmp|   0|  0|  18|          32|           2|
    |icmp_ln89_fu_580_p2      |      icmp|   0|  0|  18|          32|           3|
    |or_ln22_1_fu_371_p2      |        or|   0|  0|   2|           1|           1|
    |or_ln22_2_fu_418_p2      |        or|   0|  0|   2|           1|           1|
    |or_ln22_3_fu_464_p2      |        or|   0|  0|   2|           1|           1|
    |or_ln22_4_fu_552_p2      |        or|   0|  0|   2|           1|           1|
    |or_ln22_fu_324_p2        |        or|   0|  0|   2|           1|           1|
    |or_ln27_fu_642_p2        |        or|   0|  0|   2|           1|           1|
    |or_ln30_fu_683_p2        |        or|   0|  0|   2|           1|           1|
    |or_ln38_fu_729_p2        |        or|   0|  0|   2|           1|           1|
    |or_ln80_fu_511_p2        |        or|   0|  0|   2|           1|           1|
    |select_ln38_4_fu_752_p3  |    select|   0|  0|  32|           1|          32|
    |select_ln38_5_fu_759_p3  |    select|   0|  0|  32|           1|           1|
    |select_ln38_fu_746_p3    |    select|   0|  0|  32|           1|          32|
    +-------------------------+----------+----+---+----+------------+------------+
    |Total                    |          |   0|  0| 577|         558|         159|
    +-------------------------+----------+----+---+----+------------+------------+

    * Multiplexer: 
    +---------------------------------------------------+-----+-----------+-----+-----------+
    |                        Name                       | LUT | Input Size| Bits| Total Bits|
    +---------------------------------------------------+-----+-----------+-----+-----------+
    |agg_result_1_1_0_reg_120                           |    9|          2|   32|         64|
    |ap_NS_fsm                                          |  168|         37|    1|         37|
    |ap_phi_mux_this_num_0_write_assign_phi_fu_132_p20  |    9|          2|   32|         64|
    |ap_phi_mux_this_num_1_write_assign_phi_fu_157_p20  |    9|          2|   32|         64|
    |ap_phi_mux_this_num_2_write_assign_phi_fu_184_p20  |    9|          2|   32|         64|
    |ap_phi_mux_this_p_write_assign_phi_fu_210_p20      |    9|          2|   32|         64|
    |ap_return_0                                        |    9|          2|   32|         64|
    |ap_return_1                                        |    9|          2|   32|         64|
    |ap_return_2                                        |    9|          2|   32|         64|
    |ap_return_3                                        |    9|          2|   32|         64|
    |bitcast_ln56_pn_reg_110                            |    9|          2|   32|         64|
    |grp_fu_232_p0                                      |   25|          6|   32|        192|
    |grp_fu_232_p1                                      |   17|          4|   32|        128|
    |grp_fu_236_p1                                      |   13|          3|   32|         96|
    |grp_fu_241_p0                                      |   37|          9|   32|        288|
    |this_num_0_write_assign_reg_129                    |   29|          7|   32|        224|
    |this_num_1_write_assign_reg_154                    |   33|          8|   32|        256|
    |this_num_2_write_assign_reg_180                    |   37|          9|   32|        288|
    |this_p_write_assign_reg_207                        |   17|          4|   32|        128|
    +---------------------------------------------------+-----+-----------+-----+-----------+
    |Total                                              |  466|        107|  577|       2277|
    +---------------------------------------------------+-----+-----------+-----+-----------+

    * Register: 
    +---------------------------------+----+----+-----+-----------+
    |               Name              | FF | LUT| Bits| Const Bits|
    +---------------------------------+----+----+-----+-----------+
    |add12_i1_reg_962                 |  32|   0|   32|          0|
    |add17_i1_reg_977                 |  32|   0|   32|          0|
    |add22_i1_reg_985                 |  32|   0|   32|          0|
    |add27_i1_reg_994                 |  32|   0|   32|          0|
    |add7_i1_reg_972                  |  32|   0|   32|          0|
    |add_i1_reg_967                   |  32|   0|   32|          0|
    |add_i_reg_1030                   |  32|   0|   32|          0|
    |agg_result_1_1_0_reg_120         |  32|   0|   32|          0|
    |and_ln22_1_reg_902               |   1|   0|    1|          0|
    |and_ln22_2_reg_911               |   1|   0|    1|          0|
    |and_ln22_4_reg_915               |   1|   0|    1|          0|
    |and_ln22_reg_893                 |   1|   0|    1|          0|
    |and_ln80_reg_919                 |   1|   0|    1|          0|
    |ap_CS_fsm                        |  36|   0|   36|          0|
    |ap_return_0_preg                 |  32|   0|   32|          0|
    |ap_return_1_preg                 |  32|   0|   32|          0|
    |ap_return_2_preg                 |  32|   0|   32|          0|
    |ap_return_3_preg                 |  32|   0|   32|          0|
    |bitcast_ln51_1_reg_956           |  32|   0|   32|          0|
    |bitcast_ln51_reg_950             |  32|   0|   32|          0|
    |bitcast_ln56_pn_reg_110          |  32|   0|   32|          0|
    |bitcast_ln64_reg_939             |  32|   0|   32|          0|
    |c_p_reg_872                      |  32|   0|   32|          0|
    |diff_p_reg_923                   |  32|   0|   32|          0|
    |icmp_ln22_reg_884                |   1|   0|    1|          0|
    |icmp_ln86_reg_927                |   1|   0|    1|          0|
    |icmp_ln89_reg_931                |   1|   0|    1|          0|
    |storemerge_reg_1040              |  32|   0|   32|          0|
    |this_num_0_write_assign_reg_129  |  32|   0|   32|          0|
    |this_num_1_write_assign_reg_154  |  32|   0|   32|          0|
    |this_num_2_write_assign_reg_180  |  32|   0|   32|          0|
    |this_p_write_assign_reg_207      |  32|   0|   32|          0|
    |tmp_11_reg_935                   |   1|   0|    1|          0|
    +---------------------------------+----+----+-----+-----------+
    |Total                            | 781|   0|  781|          0|
    +---------------------------------+----+----+-----+-----------+



================================================================
== Interface
================================================================
* Summary: 
+----------------------+-----+-----+------------+--------------+--------------+
|       RTL Ports      | Dir | Bits|  Protocol  | Source Object|    C Type    |
+----------------------+-----+-----+------------+--------------+--------------+
|ap_clk                |   in|    1|  ap_ctrl_hs|   operator+.1|  return value|
|ap_rst                |   in|    1|  ap_ctrl_hs|   operator+.1|  return value|
|ap_start              |   in|    1|  ap_ctrl_hs|   operator+.1|  return value|
|ap_done               |  out|    1|  ap_ctrl_hs|   operator+.1|  return value|
|ap_idle               |  out|    1|  ap_ctrl_hs|   operator+.1|  return value|
|ap_ready              |  out|    1|  ap_ctrl_hs|   operator+.1|  return value|
|ap_return_0           |  out|   32|  ap_ctrl_hs|   operator+.1|  return value|
|ap_return_1           |  out|   32|  ap_ctrl_hs|   operator+.1|  return value|
|ap_return_2           |  out|   32|  ap_ctrl_hs|   operator+.1|  return value|
|ap_return_3           |  out|   32|  ap_ctrl_hs|   operator+.1|  return value|
|grp_fu_1139_p_din0    |  out|   32|  ap_ctrl_hs|   operator+.1|  return value|
|grp_fu_1139_p_din1    |  out|   32|  ap_ctrl_hs|   operator+.1|  return value|
|grp_fu_1139_p_opcode  |  out|    2|  ap_ctrl_hs|   operator+.1|  return value|
|grp_fu_1139_p_dout0   |   in|   32|  ap_ctrl_hs|   operator+.1|  return value|
|grp_fu_1139_p_ce      |  out|    1|  ap_ctrl_hs|   operator+.1|  return value|
|grp_fu_1143_p_din0    |  out|   32|  ap_ctrl_hs|   operator+.1|  return value|
|grp_fu_1143_p_din1    |  out|   32|  ap_ctrl_hs|   operator+.1|  return value|
|grp_fu_1143_p_opcode  |  out|    2|  ap_ctrl_hs|   operator+.1|  return value|
|grp_fu_1143_p_dout0   |   in|   32|  ap_ctrl_hs|   operator+.1|  return value|
|grp_fu_1143_p_ce      |  out|    1|  ap_ctrl_hs|   operator+.1|  return value|
|grp_fu_1191_p_din0    |  out|   32|  ap_ctrl_hs|   operator+.1|  return value|
|grp_fu_1191_p_din1    |  out|   32|  ap_ctrl_hs|   operator+.1|  return value|
|grp_fu_1191_p_opcode  |  out|    5|  ap_ctrl_hs|   operator+.1|  return value|
|grp_fu_1191_p_dout0   |   in|    1|  ap_ctrl_hs|   operator+.1|  return value|
|grp_fu_1191_p_ce      |  out|    1|  ap_ctrl_hs|   operator+.1|  return value|
|grp_fu_1197_p_din0    |  out|   32|  ap_ctrl_hs|   operator+.1|  return value|
|grp_fu_1197_p_din1    |  out|   32|  ap_ctrl_hs|   operator+.1|  return value|
|grp_fu_1197_p_opcode  |  out|    5|  ap_ctrl_hs|   operator+.1|  return value|
|grp_fu_1197_p_dout0   |   in|    1|  ap_ctrl_hs|   operator+.1|  return value|
|grp_fu_1197_p_ce      |  out|    1|  ap_ctrl_hs|   operator+.1|  return value|
|p_read14              |   in|  128|     ap_none|      p_read14|        scalar|
|b_p_read              |   in|   32|     ap_none|      b_p_read|        scalar|
|p_read8               |   in|   32|     ap_none|       p_read8|        scalar|
|p_read9               |   in|   32|     ap_none|       p_read9|        scalar|
|p_read10              |   in|   32|     ap_none|      p_read10|        scalar|
+----------------------+-----+-----+------------+--------------+--------------+

