

================================================================
== Vitis HLS Report for 'operator_add'
================================================================
* Date:           Fri Feb 11 17:22:40 2022

* Version:        2021.2 (Build 3367213 on Tue Oct 19 02:47:39 MDT 2021)
* Project:        ban_s3
* Solution:       solution1 (Vivado IP Flow Target)
* Product family: virtex7
* Target device:  xc7vx690t-ffg1761-2


================================================================
== Performance Estimates
================================================================
+ Timing: 
    * Summary: 
    +--------+----------+----------+------------+
    |  Clock |  Target  | Estimated| Uncertainty|
    +--------+----------+----------+------------+
    |ap_clk  |  10.00 ns|  7.300 ns|     2.70 ns|
    +--------+----------+----------+------------+

+ Latency: 
    * Summary: 
    +---------+---------+-----------+----------+-----+-----+---------+
    |  Latency (cycles) |  Latency (absolute)  |  Interval | Pipeline|
    |   min   |   max   |    min    |    max   | min | max |   Type  |
    +---------+---------+-----------+----------+-----+-----+---------+
    |        4|       14|  40.000 ns|  0.140 us|    4|   14|       no|
    +---------+---------+-----------+----------+-----+-----+---------+

    + Detail: 
        * Instance: 
        +------------------+-------+---------+---------+-----------+-----------+-----+-----+---------+
        |                  |       |  Latency (cycles) |   Latency (absolute)  |  Interval | Pipeline|
        |     Instance     | Module|   min   |   max   |    min    |    max    | min | max |   Type  |
        +------------------+-------+---------+---------+-----------+-----------+-----+-----+---------+
        |grp_p_sum_fu_144  |p_sum  |        5|        5|  50.000 ns|  50.000 ns|    5|    5|       no|
        +------------------+-------+---------+---------+-----------+-----------+-----+-----+---------+

        * Loop: 
        N/A



================================================================
== Utilization Estimates
================================================================
* Summary: 
+-----------------+---------+------+--------+--------+-----+
|       Name      | BRAM_18K|  DSP |   FF   |   LUT  | URAM|
+-----------------+---------+------+--------+--------+-----+
|DSP              |        -|     -|       -|       -|    -|
|Expression       |        -|     -|       0|     305|    -|
|FIFO             |        -|     -|       -|       -|    -|
|Instance         |        -|     6|    1170|    1399|    -|
|Memory           |        -|     -|       -|       -|    -|
|Multiplexer      |        -|     -|       -|     333|    -|
|Register         |        -|     -|     608|       -|    -|
+-----------------+---------+------+--------+--------+-----+
|Total            |        0|     6|    1778|    2037|    0|
+-----------------+---------+------+--------+--------+-----+
|Available        |     2940|  3600|  866400|  433200|    0|
+-----------------+---------+------+--------+--------+-----+
|Utilization (%)  |        0|    ~0|      ~0|      ~0|    0|
+-----------------+---------+------+--------+--------+-----+

+ Detail: 
    * Instance: 
    +------------------+-------+---------+----+------+------+-----+
    |     Instance     | Module| BRAM_18K| DSP|  FF  |  LUT | URAM|
    +------------------+-------+---------+----+------+------+-----+
    |grp_p_sum_fu_144  |p_sum  |        0|   6|  1170|  1399|    0|
    +------------------+-------+---------+----+------+------+-----+
    |Total             |       |        0|   6|  1170|  1399|    0|
    +------------------+-------+---------+----+------+------+-----+

    * DSP: 
    N/A

    * Memory: 
    N/A

    * FIFO: 
    N/A

    * Expression: 
    +------------------------+----------+----+---+----+------------+------------+
    |      Variable Name     | Operation| DSP| FF| LUT| Bitwidth P0| Bitwidth P1|
    +------------------------+----------+----+---+----+------------+------------+
    |diff_p_fu_528_p2        |         -|   0|  0|  39|          32|          32|
    |sub_ln94_fu_556_p2      |         -|   0|  0|  10|           1|           2|
    |and_ln22_10_fu_522_p2   |       and|   0|  0|   2|           1|           1|
    |and_ln22_6_fu_325_p2    |       and|   0|  0|   2|           1|           1|
    |and_ln22_7_fu_372_p2    |       and|   0|  0|   2|           1|           1|
    |and_ln22_8_fu_428_p2    |       and|   0|  0|   2|           1|           1|
    |and_ln22_9_fu_475_p2    |       and|   0|  0|   2|           1|           1|
    |and_ln22_fu_278_p2      |       and|   0|  0|   2|           1|           1|
    |icmp_ln22_12_fu_260_p2  |      icmp|   0|  0|  11|           8|           2|
    |icmp_ln22_13_fu_266_p2  |      icmp|   0|  0|  15|          23|           1|
    |icmp_ln22_14_fu_307_p2  |      icmp|   0|  0|  11|           8|           2|
    |icmp_ln22_15_fu_313_p2  |      icmp|   0|  0|  15|          23|           1|
    |icmp_ln22_16_fu_354_p2  |      icmp|   0|  0|  11|           8|           2|
    |icmp_ln22_17_fu_360_p2  |      icmp|   0|  0|  15|          23|           1|
    |icmp_ln22_18_fu_410_p2  |      icmp|   0|  0|  11|           8|           2|
    |icmp_ln22_19_fu_416_p2  |      icmp|   0|  0|  15|          23|           1|
    |icmp_ln22_20_fu_457_p2  |      icmp|   0|  0|  11|           8|           2|
    |icmp_ln22_21_fu_463_p2  |      icmp|   0|  0|  15|          23|           1|
    |icmp_ln22_22_fu_504_p2  |      icmp|   0|  0|  11|           8|           2|
    |icmp_ln22_23_fu_510_p2  |      icmp|   0|  0|  15|          23|           1|
    |icmp_ln22_5_fu_381_p2   |      icmp|   0|  0|  18|          32|           1|
    |icmp_ln22_fu_231_p2     |      icmp|   0|  0|  18|          32|           1|
    |icmp_ln86_fu_536_p2     |      icmp|   0|  0|  18|          32|           2|
    |icmp_ln89_fu_542_p2     |      icmp|   0|  0|  18|          32|           3|
    |ap_condition_366        |        or|   0|  0|   2|           1|           1|
    |ap_condition_399        |        or|   0|  0|   2|           1|           1|
    |or_ln22_5_fu_319_p2     |        or|   0|  0|   2|           1|           1|
    |or_ln22_6_fu_366_p2     |        or|   0|  0|   2|           1|           1|
    |or_ln22_7_fu_422_p2     |        or|   0|  0|   2|           1|           1|
    |or_ln22_8_fu_469_p2     |        or|   0|  0|   2|           1|           1|
    |or_ln22_9_fu_516_p2     |        or|   0|  0|   2|           1|           1|
    |or_ln22_fu_272_p2       |        or|   0|  0|   2|           1|           1|
    +------------------------+----------+----+---+----+------------+------------+
    |Total                   |          |   0|  0| 305|         361|          73|
    +------------------------+----------+----+---+----+------------+------------+

    * Multiplexer: 
    +--------------------------------------------+----+-----------+-----+-----------+
    |                    Name                    | LUT| Input Size| Bits| Total Bits|
    +--------------------------------------------+----+-----------+-----+-----------+
    |agg_result_01_0_reg_127                     |  21|          5|   32|        160|
    |agg_result_1_0_0_reg_76                     |  25|          6|   32|        192|
    |agg_result_1_1_0_reg_93                     |  25|          6|   32|        192|
    |agg_result_1_2_0_reg_110                    |  25|          6|   32|        192|
    |ap_NS_fsm                                   |  81|         17|    1|         17|
    |ap_phi_mux_agg_result_01_0_phi_fu_130_p12   |  13|          3|   32|         96|
    |ap_phi_mux_agg_result_1_0_0_phi_fu_79_p12   |  13|          3|   32|         96|
    |ap_phi_mux_agg_result_1_1_0_phi_fu_96_p12   |  13|          3|   32|         96|
    |ap_phi_mux_agg_result_1_2_0_phi_fu_113_p12  |  13|          3|   32|         96|
    |ap_return_0                                 |   9|          2|   32|         64|
    |ap_return_1                                 |   9|          2|   32|         64|
    |ap_return_2                                 |   9|          2|   32|         64|
    |ap_return_3                                 |   9|          2|   32|         64|
    |grp_fu_151_p0                               |  29|          7|   32|        224|
    |grp_p_sum_fu_144_diff_p                     |  13|          3|    2|          6|
    |grp_p_sum_fu_144_p_read14                   |  13|          3|  128|        384|
    |grp_p_sum_fu_144_p_read25                   |  13|          3|  128|        384|
    +--------------------------------------------+----+-----------+-----+-----------+
    |Total                                       | 333|         76|  675|       2391|
    +--------------------------------------------+----+-----------+-----+-----------+

    * Register: 
    +-------------------------------+----+----+-----+-----------+
    |              Name             | FF | LUT| Bits| Const Bits|
    +-------------------------------+----+----+-----+-----------+
    |agg_result_01_0_reg_127        |  32|   0|   32|          0|
    |agg_result_1_0_0_reg_76        |  32|   0|   32|          0|
    |agg_result_1_0_ret1_reg_771    |  32|   0|   32|          0|
    |agg_result_1_0_ret_reg_791     |  32|   0|   32|          0|
    |agg_result_1_1_0_reg_93        |  32|   0|   32|          0|
    |agg_result_1_1_ret1_reg_776    |  32|   0|   32|          0|
    |agg_result_1_1_ret_reg_796     |  32|   0|   32|          0|
    |agg_result_1_2_0_reg_110       |  32|   0|   32|          0|
    |agg_result_1_2_ret1_reg_781    |  32|   0|   32|          0|
    |agg_result_1_2_ret_reg_801     |  32|   0|   32|          0|
    |and_ln22_10_reg_740            |   1|   0|    1|          0|
    |and_ln22_6_reg_694             |   1|   0|    1|          0|
    |and_ln22_7_reg_703             |   1|   0|    1|          0|
    |and_ln22_8_reg_722             |   1|   0|    1|          0|
    |and_ln22_9_reg_731             |   1|   0|    1|          0|
    |and_ln22_reg_685               |   1|   0|    1|          0|
    |ap_CS_fsm                      |  16|   0|   16|          0|
    |ap_return_0_preg               |  32|   0|   32|          0|
    |ap_return_1_preg               |  32|   0|   32|          0|
    |ap_return_2_preg               |  32|   0|   32|          0|
    |ap_return_3_preg               |  32|   0|   32|          0|
    |call_ret5_reg_786              |  32|   0|   32|          0|
    |call_ret_reg_766               |  32|   0|   32|          0|
    |grp_p_sum_fu_144_ap_start_reg  |   1|   0|    1|          0|
    |icmp_ln22_5_reg_713            |   1|   0|    1|          0|
    |icmp_ln22_reg_676              |   1|   0|    1|          0|
    |icmp_ln86_reg_749              |   1|   0|    1|          0|
    |icmp_ln89_reg_753              |   1|   0|    1|          0|
    |sub_ln94_reg_761               |   2|   0|    2|          0|
    |tmp_12_reg_757                 |   1|   0|    1|          0|
    |trunc_ln22_10_reg_707          |  32|   0|   32|          0|
    |trunc_ln22_reg_669             |  32|   0|   32|          0|
    |trunc_ln83_reg_744             |   2|   0|    2|          0|
    +-------------------------------+----+----+-----+-----------+
    |Total                          | 608|   0|  608|          0|
    +-------------------------------+----+----+-----+-----------+



================================================================
== Interface
================================================================
* Summary: 
+----------------------+-----+-----+------------+--------------+--------------+
|       RTL Ports      | Dir | Bits|  Protocol  | Source Object|    C Type    |
+----------------------+-----+-----+------------+--------------+--------------+
|ap_clk                |   in|    1|  ap_ctrl_hs|     operator+|  return value|
|ap_rst                |   in|    1|  ap_ctrl_hs|     operator+|  return value|
|ap_start              |   in|    1|  ap_ctrl_hs|     operator+|  return value|
|ap_done               |  out|    1|  ap_ctrl_hs|     operator+|  return value|
|ap_idle               |  out|    1|  ap_ctrl_hs|     operator+|  return value|
|ap_ready              |  out|    1|  ap_ctrl_hs|     operator+|  return value|
|ap_return_0           |  out|   32|  ap_ctrl_hs|     operator+|  return value|
|ap_return_1           |  out|   32|  ap_ctrl_hs|     operator+|  return value|
|ap_return_2           |  out|   32|  ap_ctrl_hs|     operator+|  return value|
|ap_return_3           |  out|   32|  ap_ctrl_hs|     operator+|  return value|
|grp_fu_1191_p_din0    |  out|   32|  ap_ctrl_hs|     operator+|  return value|
|grp_fu_1191_p_din1    |  out|   32|  ap_ctrl_hs|     operator+|  return value|
|grp_fu_1191_p_opcode  |  out|    5|  ap_ctrl_hs|     operator+|  return value|
|grp_fu_1191_p_dout0   |   in|    1|  ap_ctrl_hs|     operator+|  return value|
|grp_fu_1191_p_ce      |  out|    1|  ap_ctrl_hs|     operator+|  return value|
|p_read14              |   in|  128|     ap_none|      p_read14|        scalar|
|p_read12              |   in|  128|     ap_none|      p_read12|        scalar|
+----------------------+-----+-----+------------+--------------+--------------+

