

================================================================
== Vitis HLS Report for 'p_sum'
================================================================
* Date:           Fri Feb 11 17:22:40 2022

* Version:        2021.2 (Build 3367213 on Tue Oct 19 02:47:39 MDT 2021)
* Project:        ban_s3
* Solution:       solution1 (Vivado IP Flow Target)
* Product family: virtex7
* Target device:  xc7vx690t-ffg1761-2


================================================================
== Performance Estimates
================================================================
+ Timing: 
    * Summary: 
    +--------+----------+----------+------------+
    |  Clock |  Target  | Estimated| Uncertainty|
    +--------+----------+----------+------------+
    |ap_clk  |  10.00 ns|  6.771 ns|     2.70 ns|
    +--------+----------+----------+------------+

+ Latency: 
    * Summary: 
    +---------+---------+-----------+-----------+-----+-----+---------+
    |  Latency (cycles) |   Latency (absolute)  |  Interval | Pipeline|
    |   min   |   max   |    min    |    max    | min | max |   Type  |
    +---------+---------+-----------+-----------+-----+-----+---------+
    |        5|        5|  50.000 ns|  50.000 ns|    5|    5|       no|
    +---------+---------+-----------+-----------+-----+-----+---------+

    + Detail: 
        * Instance: 
        N/A

        * Loop: 
        N/A



================================================================
== Utilization Estimates
================================================================
* Summary: 
+-----------------+---------+------+--------+--------+-----+
|       Name      | BRAM_18K|  DSP |   FF   |   LUT  | URAM|
+-----------------+---------+------+--------+--------+-----+
|DSP              |        -|     -|       -|       -|    -|
|Expression       |        -|     -|       0|     636|    -|
|FIFO             |        -|     -|       -|       -|    -|
|Instance         |        -|     6|     681|     642|    -|
|Memory           |        -|     -|       -|       -|    -|
|Multiplexer      |        -|     -|       -|     121|    -|
|Register         |        -|     -|     489|       -|    -|
+-----------------+---------+------+--------+--------+-----+
|Total            |        0|     6|    1170|    1399|    0|
+-----------------+---------+------+--------+--------+-----+
|Available        |     2940|  3600|  866400|  433200|    0|
+-----------------+---------+------+--------+--------+-----+
|Utilization (%)  |        0|    ~0|      ~0|      ~0|    0|
+-----------------+---------+------+--------+--------+-----+

+ Detail: 
    * Instance: 
    +------------------------------------+--------------------------------+---------+----+-----+-----+-----+
    |              Instance              |             Module             | BRAM_18K| DSP|  FF | LUT | URAM|
    +------------------------------------+--------------------------------+---------+----+-----+-----+-----+
    |fadd_32ns_32ns_32_4_full_dsp_1_U20  |fadd_32ns_32ns_32_4_full_dsp_1  |        0|   2|  227|  214|    0|
    |fadd_32ns_32ns_32_4_full_dsp_1_U21  |fadd_32ns_32ns_32_4_full_dsp_1  |        0|   2|  227|  214|    0|
    |fadd_32ns_32ns_32_4_full_dsp_1_U22  |fadd_32ns_32ns_32_4_full_dsp_1  |        0|   2|  227|  214|    0|
    |fcmp_32ns_32ns_1_2_no_dsp_1_U23     |fcmp_32ns_32ns_1_2_no_dsp_1     |        0|   0|    0|    0|    0|
    |fcmp_32ns_32ns_1_2_no_dsp_1_U24     |fcmp_32ns_32ns_1_2_no_dsp_1     |        0|   0|    0|    0|    0|
    |fcmp_32ns_32ns_1_2_no_dsp_1_U25     |fcmp_32ns_32ns_1_2_no_dsp_1     |        0|   0|    0|    0|    0|
    +------------------------------------+--------------------------------+---------+----+-----+-----+-----+
    |Total                               |                                |        0|   6|  681|  642|    0|
    +------------------------------------+--------------------------------+---------+----+-----+-----+-----+

    * DSP: 
    N/A

    * Memory: 
    N/A

    * FIFO: 
    N/A

    * Expression: 
    +--------------------------+----------+----+---+----+------------+------------+
    |       Variable Name      | Operation| DSP| FF| LUT| Bitwidth P0| Bitwidth P1|
    +--------------------------+----------+----+---+----+------------+------------+
    |add_ln53_fu_481_p2        |         +|   0|  0|  39|          32|          32|
    |and_ln27_4_fu_364_p2      |       and|   0|  0|   2|           1|           1|
    |and_ln27_5_fu_464_p2      |       and|   0|  0|   2|           1|           1|
    |and_ln27_fu_258_p2        |       and|   0|  0|   2|           1|           1|
    |and_ln30_4_fu_369_p2      |       and|   0|  0|   2|           1|           1|
    |and_ln30_fu_305_p2        |       and|   0|  0|   2|           1|           1|
    |and_ln38_4_fu_381_p2      |       and|   0|  0|   2|           1|           1|
    |and_ln38_5_fu_387_p2      |       and|   0|  0|   2|           1|           1|
    |and_ln38_fu_352_p2        |       and|   0|  0|   2|           1|           1|
    |and_ln53_fu_205_p2        |       and|   0|  0|   2|           1|           1|
    |icmp_ln27_8_fu_246_p2     |      icmp|   0|  0|  15|          23|           1|
    |icmp_ln27_fu_240_p2       |      icmp|   0|  0|  11|           8|           2|
    |icmp_ln30_8_fu_293_p2     |      icmp|   0|  0|  15|          23|           1|
    |icmp_ln30_fu_287_p2       |      icmp|   0|  0|  11|           8|           2|
    |icmp_ln38_8_fu_340_p2     |      icmp|   0|  0|  15|          23|           1|
    |icmp_ln38_fu_334_p2       |      icmp|   0|  0|  11|           8|           2|
    |icmp_ln53_1_fu_199_p2     |      icmp|   0|  0|   8|           2|           3|
    |icmp_ln53_2_fu_211_p2     |      icmp|   0|  0|   8|           2|           3|
    |icmp_ln53_3_fu_217_p2     |      icmp|   0|  0|   8|           2|           1|
    |icmp_ln53_fu_193_p2       |      icmp|   0|  0|   8|           2|           1|
    |or_ln27_fu_252_p2         |        or|   0|  0|   2|           1|           1|
    |or_ln30_fu_299_p2         |        or|   0|  0|   2|           1|           1|
    |or_ln38_4_fu_438_p2       |        or|   0|  0|   2|           1|           1|
    |or_ln38_fu_346_p2         |        or|   0|  0|   2|           1|           1|
    |or_ln53_1_fu_500_p2       |        or|   0|  0|   2|           1|           1|
    |or_ln53_fu_469_p2         |        or|   0|  0|   2|           1|           1|
    |c_p_8_fu_506_p3           |    select|   0|  0|  32|           1|          32|
    |select_ln30_3_fu_412_p3   |    select|   0|  0|  32|           1|          32|
    |select_ln30_fu_375_p3     |    select|   0|  0|  32|           1|          32|
    |select_ln38_12_fu_418_p3  |    select|   0|  0|  32|           1|          32|
    |select_ln38_13_fu_444_p3  |    select|   0|  0|  32|           1|           1|
    |select_ln38_fu_393_p3     |    select|   0|  0|  32|           1|          32|
    |select_ln53_1_fu_406_p3   |    select|   0|  0|  32|           1|          32|
    |select_ln53_2_fu_425_p3   |    select|   0|  0|  32|           1|          32|
    |select_ln53_3_fu_431_p3   |    select|   0|  0|  32|           1|          32|
    |select_ln53_4_fu_451_p3   |    select|   0|  0|  32|           1|          32|
    |select_ln53_5_fu_458_p3   |    select|   0|  0|  32|           1|          32|
    |select_ln53_6_fu_473_p3   |    select|   0|  0|   3|           1|           3|
    |select_ln53_7_fu_486_p3   |    select|   0|  0|  32|           1|          32|
    |select_ln53_8_fu_493_p3   |    select|   0|  0|  32|           1|          32|
    |select_ln53_fu_400_p3     |    select|   0|  0|  32|           1|          32|
    |xor_ln27_fu_264_p2        |       xor|   0|  0|   2|           2|           1|
    |xor_ln30_fu_311_p2        |       xor|   0|  0|   2|           2|           1|
    |xor_ln38_fu_358_p2        |       xor|   0|  0|   2|           2|           1|
    +--------------------------+----------+----+---+----+------------+------------+
    |Total                     |          |   0|  0| 636|         169|         487|
    +--------------------------+----------+----+---+----+------------+------------+

    * Multiplexer: 
    +--------------+----+-----------+-----+-----------+
    |     Name     | LUT| Input Size| Bits| Total Bits|
    +--------------+----+-----------+-----+-----------+
    |ap_NS_fsm     |  29|          7|    1|          7|
    |ap_return_0   |   9|          2|   32|         64|
    |ap_return_1   |   9|          2|   32|         64|
    |ap_return_2   |   9|          2|   32|         64|
    |ap_return_3   |   9|          2|   32|         64|
    |grp_fu_68_p0  |  17|          4|   32|        128|
    |grp_fu_68_p1  |  13|          3|   32|         96|
    |grp_fu_72_p0  |  13|          3|   32|         96|
    |grp_fu_72_p1  |  13|          3|   32|         96|
    +--------------+----+-----------+-----+-----------+
    |Total         | 121|         28|  257|        679|
    +--------------+----+-----------+-----+-----------+

    * Register: 
    +------------------------+----+----+-----+-----------+
    |          Name          | FF | LUT| Bits| Const Bits|
    +------------------------+----+----+-----+-----------+
    |add1_reg_603            |  32|   0|   32|          0|
    |add2_reg_610            |  32|   0|   32|          0|
    |add3_reg_619            |  32|   0|   32|          0|
    |add7_reg_628            |  32|   0|   32|          0|
    |and_ln53_reg_581        |   1|   0|    1|          0|
    |ap_CS_fsm               |   6|   0|    6|          0|
    |ap_return_0_preg        |  32|   0|   32|          0|
    |ap_return_1_preg        |  32|   0|   32|          0|
    |ap_return_2_preg        |  32|   0|   32|          0|
    |ap_return_3_preg        |  32|   0|   32|          0|
    |bitcast_ln51_2_reg_552  |  32|   0|   32|          0|
    |bitcast_ln51_3_reg_559  |  32|   0|   32|          0|
    |bitcast_ln51_reg_545    |  32|   0|   32|          0|
    |bitcast_ln55_reg_566    |  32|   0|   32|          0|
    |bitcast_ln65_reg_571    |  32|   0|   32|          0|
    |c_p_reg_538             |  32|   0|   32|          0|
    |icmp_ln53_2_reg_587     |   1|   0|    1|          0|
    |icmp_ln53_3_reg_595     |   1|   0|    1|          0|
    |reg_95                  |  32|   0|   32|          0|
    +------------------------+----+----+-----+-----------+
    |Total                   | 489|   0|  489|          0|
    +------------------------+----+----+-----+-----------+



================================================================
== Interface
================================================================
* Summary: 
+-------------+-----+-----+------------+--------------+--------------+
|  RTL Ports  | Dir | Bits|  Protocol  | Source Object|    C Type    |
+-------------+-----+-----+------------+--------------+--------------+
|ap_clk       |   in|    1|  ap_ctrl_hs|          _sum|  return value|
|ap_rst       |   in|    1|  ap_ctrl_hs|          _sum|  return value|
|ap_start     |   in|    1|  ap_ctrl_hs|          _sum|  return value|
|ap_done      |  out|    1|  ap_ctrl_hs|          _sum|  return value|
|ap_idle      |  out|    1|  ap_ctrl_hs|          _sum|  return value|
|ap_ready     |  out|    1|  ap_ctrl_hs|          _sum|  return value|
|ap_return_0  |  out|   32|  ap_ctrl_hs|          _sum|  return value|
|ap_return_1  |  out|   32|  ap_ctrl_hs|          _sum|  return value|
|ap_return_2  |  out|   32|  ap_ctrl_hs|          _sum|  return value|
|ap_return_3  |  out|   32|  ap_ctrl_hs|          _sum|  return value|
|p_read14     |   in|  128|     ap_none|      p_read14|        scalar|
|p_read25     |   in|  128|     ap_none|      p_read25|        scalar|
|diff_p       |   in|    2|     ap_none|        diff_p|        scalar|
+-------------+-----+-----+------------+--------------+--------------+

