

================================================================
== Vitis HLS Report for 'main_Pipeline_VITIS_LOOP_627_1'
================================================================
* Date:           Tue Feb  8 11:02:35 2022

* Version:        2021.2 (Build 3367213 on Tue Oct 19 02:47:39 MDT 2021)
* Project:        ban
* Solution:       solution1 (Vivado IP Flow Target)
* Product family: zynquplus
* Target device:  xczu7ev-ffvc1156-2-e


================================================================
== Performance Estimates
================================================================
+ Timing: 
    * Summary: 
    +--------+----------+----------+------------+
    |  Clock |  Target  | Estimated| Uncertainty|
    +--------+----------+----------+------------+
    |ap_clk  |  10.00 ns|  2.923 ns|     2.70 ns|
    +--------+----------+----------+------------+

+ Latency: 
    * Summary: 
    +---------+---------+-----------+-----------+-----+-----+---------+
    |  Latency (cycles) |   Latency (absolute)  |  Interval | Pipeline|
    |   min   |   max   |    min    |    max    | min | max |   Type  |
    +---------+---------+-----------+-----------+-----+-----+---------+
    |        4|        4|  40.000 ns|  40.000 ns|    4|    4|       no|
    +---------+---------+-----------+-----------+-----+-----+---------+

    + Detail: 
        * Instance: 
        N/A

        * Loop: 
        +--------------------+---------+---------+----------+-----------+-----------+------+----------+
        |                    |  Latency (cycles) | Iteration|  Initiation Interval  | Trip |          |
        |      Loop Name     |   min   |   max   |  Latency |  achieved |   target  | Count| Pipelined|
        +--------------------+---------+---------+----------+-----------+-----------+------+----------+
        |- VITIS_LOOP_627_1  |        2|        2|         2|          1|          1|     2|       yes|
        +--------------------+---------+---------+----------+-----------+-----------+------+----------+



================================================================
== Utilization Estimates
================================================================
* Summary: 
+-----------------+---------+------+--------+--------+-----+
|       Name      | BRAM_18K|  DSP |   FF   |   LUT  | URAM|
+-----------------+---------+------+--------+--------+-----+
|DSP              |        -|     -|       -|       -|    -|
|Expression       |        -|     -|       0|     171|    -|
|FIFO             |        -|     -|       -|       -|    -|
|Instance         |        -|     -|       -|       -|    -|
|Memory           |        -|     -|       -|       -|    -|
|Multiplexer      |        -|     -|       -|      54|    -|
|Register         |        -|     -|     110|       -|    -|
+-----------------+---------+------+--------+--------+-----+
|Total            |        0|     0|     110|     225|    0|
+-----------------+---------+------+--------+--------+-----+
|Available        |      624|  1728|  460800|  230400|   96|
+-----------------+---------+------+--------+--------+-----+
|Utilization (%)  |        0|     0|      ~0|      ~0|    0|
+-----------------+---------+------+--------+--------+-----+

+ Detail: 
    * Instance: 
    N/A

    * DSP: 
    N/A

    * Memory: 
    N/A

    * FIFO: 
    N/A

    * Expression: 
    +------------------------+----------+----+---+----+------------+------------+
    |      Variable Name     | Operation| DSP| FF| LUT| Bitwidth P0| Bitwidth P1|
    +------------------------+----------+----+---+----+------------+------------+
    |add_ln627_fu_172_p2     |         +|   0|  0|   9|           2|           2|
    |add_ln630_2_fu_125_p2   |         +|   0|  0|  13|           6|           6|
    |add_ln630_3_fu_148_p2   |         +|   0|  0|  13|           6|           6|
    |add_ln630_fu_143_p2     |         +|   0|  0|  13|           6|           6|
    |addr_cmp_fu_161_p2      |      icmp|   0|  0|  29|          64|          64|
    |icmp_ln627_fu_115_p2    |      icmp|   0|  0|   8|           2|           1|
    |icmp_ln629_fu_138_p2    |      icmp|   0|  0|  20|          32|          32|
    |b_num_d0                |    select|   0|  0|  32|           1|           1|
    |reuse_select_fu_186_p3  |    select|   0|  0|  32|           1|          32|
    |ap_enable_pp0           |       xor|   0|  0|   2|           1|           2|
    +------------------------+----------+----+---+----+------------+------------+
    |Total                   |          |   0|  0| 171|         121|         152|
    +------------------------+----------+----+---+----+------------+------------+

    * Multiplexer: 
    +-------------------------+----+-----------+-----+-----------+
    |           Name          | LUT| Input Size| Bits| Total Bits|
    +-------------------------+----+-----------+-----+-----------+
    |ap_done_int              |   9|          2|    1|          2|
    |ap_enable_reg_pp0_iter1  |   9|          2|    1|          2|
    |ap_enable_reg_pp0_iter2  |   9|          2|    1|          2|
    |i_fu_50                  |   9|          2|    2|          4|
    |reuse_addr_reg_fu_42     |   9|          2|   64|        128|
    |reuse_reg_fu_46          |   9|          2|   32|         64|
    +-------------------------+----+-----------+-----+-----------+
    |Total                    |  54|         12|  101|        202|
    +-------------------------+----+-----------+-----+-----------+

    * Register: 
    +-------------------------+----+----+-----+-----------+
    |           Name          | FF | LUT| Bits| Const Bits|
    +-------------------------+----+----+-----+-----------+
    |addr_cmp_reg_261         |   1|   0|    1|          0|
    |ap_CS_fsm                |   1|   0|    1|          0|
    |ap_done_reg              |   1|   0|    1|          0|
    |ap_enable_reg_pp0_iter1  |   1|   0|    1|          0|
    |ap_enable_reg_pp0_iter2  |   1|   0|    1|          0|
    |i_fu_50                  |   2|   0|    2|          0|
    |icmp_ln629_reg_251       |   1|   0|    1|          0|
    |reuse_addr_reg_fu_42     |  64|   0|   64|          0|
    |reuse_reg_fu_46          |  32|   0|   32|          0|
    |zext_ln630_4_reg_246     |   6|   0|   64|         58|
    +-------------------------+----+----+-----+-----------+
    |Total                    | 110|   0|  168|         58|
    +-------------------------+----+----+-----+-----------+



================================================================
== Interface
================================================================
* Summary: 
+----------------+-----+-----+------------+--------------------------------+--------------+
|    RTL Ports   | Dir | Bits|  Protocol  |          Source Object         |    C Type    |
+----------------+-----+-----+------------+--------------------------------+--------------+
|ap_clk          |   in|    1|  ap_ctrl_hs|  main_Pipeline_VITIS_LOOP_627_1|  return value|
|ap_rst          |   in|    1|  ap_ctrl_hs|  main_Pipeline_VITIS_LOOP_627_1|  return value|
|ap_start        |   in|    1|  ap_ctrl_hs|  main_Pipeline_VITIS_LOOP_627_1|  return value|
|ap_done         |  out|    1|  ap_ctrl_hs|  main_Pipeline_VITIS_LOOP_627_1|  return value|
|ap_idle         |  out|    1|  ap_ctrl_hs|  main_Pipeline_VITIS_LOOP_627_1|  return value|
|ap_ready        |  out|    1|  ap_ctrl_hs|  main_Pipeline_VITIS_LOOP_627_1|  return value|
|sub_ln542       |   in|    6|     ap_none|                       sub_ln542|        scalar|
|b_num_address0  |  out|    6|   ap_memory|                           b_num|         array|
|b_num_ce0       |  out|    1|   ap_memory|                           b_num|         array|
|b_num_we0       |  out|    1|   ap_memory|                           b_num|         array|
|b_num_d0        |  out|   32|   ap_memory|                           b_num|         array|
|b_num_address1  |  out|    6|   ap_memory|                           b_num|         array|
|b_num_ce1       |  out|    1|   ap_memory|                           b_num|         array|
|b_num_q1        |   in|   32|   ap_memory|                           b_num|         array|
|sub_ln629       |   in|   32|     ap_none|                       sub_ln629|        scalar|
|trunc_ln56      |   in|    6|     ap_none|                      trunc_ln56|        scalar|
+----------------+-----+-----+------------+--------------------------------+--------------+

