

================================================================
== Vitis HLS Report for 'main_Pipeline_VITIS_LOOP_458_1'
================================================================
* Date:           Tue Feb  8 11:02:26 2022

* Version:        2021.2 (Build 3367213 on Tue Oct 19 02:47:39 MDT 2021)
* Project:        ban
* Solution:       solution1 (Vivado IP Flow Target)
* Product family: zynquplus
* Target device:  xczu7ev-ffvc1156-2-e


================================================================
== Performance Estimates
================================================================
+ Timing: 
    * Summary: 
    +--------+----------+----------+------------+
    |  Clock |  Target  | Estimated| Uncertainty|
    +--------+----------+----------+------------+
    |ap_clk  |  10.00 ns|  4.019 ns|     2.70 ns|
    +--------+----------+----------+------------+

+ Latency: 
    * Summary: 
    +---------+---------+-----------+-----------+-----+-----+---------+
    |  Latency (cycles) |   Latency (absolute)  |  Interval | Pipeline|
    |   min   |   max   |    min    |    max    | min | max |   Type  |
    +---------+---------+-----------+-----------+-----+-----+---------+
    |        6|        6|  60.000 ns|  60.000 ns|    6|    6|       no|
    +---------+---------+-----------+-----------+-----+-----+---------+

    + Detail: 
        * Instance: 
        N/A

        * Loop: 
        +--------------------+---------+---------+----------+-----------+-----------+------+----------+
        |                    |  Latency (cycles) | Iteration|  Initiation Interval  | Trip |          |
        |      Loop Name     |   min   |   max   |  Latency |  achieved |   target  | Count| Pipelined|
        +--------------------+---------+---------+----------+-----------+-----------+------+----------+
        |- VITIS_LOOP_458_1  |        4|        4|         3|          1|          1|     3|       yes|
        +--------------------+---------+---------+----------+-----------+-----------+------+----------+



================================================================
== Utilization Estimates
================================================================
* Summary: 
+-----------------+---------+------+--------+--------+-----+
|       Name      | BRAM_18K|  DSP |   FF   |   LUT  | URAM|
+-----------------+---------+------+--------+--------+-----+
|DSP              |        -|     -|       -|       -|    -|
|Expression       |        -|     -|       0|     125|    -|
|FIFO             |        -|     -|       -|       -|    -|
|Instance         |        -|     -|       -|       -|    -|
|Memory           |        -|     -|       -|       -|    -|
|Multiplexer      |        -|     -|       -|      54|    -|
|Register         |        -|     -|      12|       -|    -|
+-----------------+---------+------+--------+--------+-----+
|Total            |        0|     0|      12|     179|    0|
+-----------------+---------+------+--------+--------+-----+
|Available        |      624|  1728|  460800|  230400|   96|
+-----------------+---------+------+--------+--------+-----+
|Utilization (%)  |        0|     0|      ~0|      ~0|    0|
+-----------------+---------+------+--------+--------+-----+

+ Detail: 
    * Instance: 
    N/A

    * DSP: 
    N/A

    * Memory: 
    N/A

    * FIFO: 
    N/A

    * Expression: 
    +------------------------+----------+----+---+----+------------+------------+
    |      Variable Name     | Operation| DSP| FF| LUT| Bitwidth P0| Bitwidth P1|
    +------------------------+----------+----+---+----+------------+------------+
    |add_ln458_fu_151_p2     |         +|   0|  0|   9|           2|           1|
    |add_ln459_1_fu_172_p2   |         +|   0|  0|  13|           6|           6|
    |add_ln459_fu_161_p2     |         +|   0|  0|  13|           6|           6|
    |and_ln459_1_fu_266_p2   |       and|   0|  0|   2|           1|           1|
    |and_ln459_2_fu_282_p2   |       and|   0|  0|   2|           1|           1|
    |and_ln459_fu_260_p2     |       and|   0|  0|   2|           1|           1|
    |and_ln464_1_fu_306_p2   |       and|   0|  0|   2|           1|           1|
    |and_ln464_fu_271_p2     |       and|   0|  0|   2|           1|           1|
    |icmp_ln458_fu_145_p2    |      icmp|   0|  0|   8|           2|           2|
    |icmp_ln459_1_fu_230_p2  |      icmp|   0|  0|  16|          23|           1|
    |icmp_ln459_2_fu_242_p2  |      icmp|   0|  0|  11|           8|           2|
    |icmp_ln459_3_fu_248_p2  |      icmp|   0|  0|  16|          23|           1|
    |icmp_ln459_fu_224_p2    |      icmp|   0|  0|  11|           8|           2|
    |or_ln459_1_fu_254_p2    |        or|   0|  0|   2|           1|           1|
    |or_ln459_2_fu_288_p2    |        or|   0|  0|   2|           1|           1|
    |or_ln459_3_fu_294_p2    |        or|   0|  0|   2|           1|           1|
    |or_ln459_4_fu_312_p2    |        or|   0|  0|   2|           1|           1|
    |or_ln459_fu_236_p2      |        or|   0|  0|   2|           1|           1|
    |solved_2_fu_318_p2      |        or|   0|  0|   2|           1|           1|
    |ap_enable_pp0           |       xor|   0|  0|   2|           1|           2|
    |sel_tmp20_fu_276_p2     |       xor|   0|  0|   2|           1|           2|
    |xor_ln459_fu_300_p2     |       xor|   0|  0|   2|           1|           2|
    +------------------------+----------+----+---+----+------------+------------+
    |Total                   |          |   0|  0| 125|          92|          38|
    +------------------------+----------+----+---+----+------------+------------+

    * Multiplexer: 
    +-------------------------+----+-----------+-----+-----------+
    |           Name          | LUT| Input Size| Bits| Total Bits|
    +-------------------------+----+-----------+-----+-----------+
    |ap_done_int              |   9|          2|    1|          2|
    |ap_enable_reg_pp0_iter2  |   9|          2|    1|          2|
    |ap_sig_allocacmp_i_34    |   9|          2|    2|          4|
    |i_fu_52                  |   9|          2|    2|          4|
    |res_3_reg_112            |   9|          2|    1|          2|
    |solved_reg_100           |   9|          2|    1|          2|
    +-------------------------+----+-----------+-----+-----------+
    |Total                    |  54|         12|    8|         16|
    +-------------------------+----+-----------+-----+-----------+

    * Register: 
    +----------------------------------+---+----+-----+-----------+
    |               Name               | FF| LUT| Bits| Const Bits|
    +----------------------------------+---+----+-----+-----------+
    |and_ln459_reg_357                 |  1|   0|    1|          0|
    |ap_CS_fsm                         |  1|   0|    1|          0|
    |ap_done_reg                       |  1|   0|    1|          0|
    |ap_enable_reg_pp0_iter1           |  1|   0|    1|          0|
    |ap_enable_reg_pp0_iter2           |  1|   0|    1|          0|
    |ap_loop_exit_ready_pp0_iter1_reg  |  1|   0|    1|          0|
    |i_fu_52                           |  2|   0|    2|          0|
    |icmp_ln458_reg_331                |  1|   0|    1|          0|
    |icmp_ln458_reg_331_pp0_iter1_reg  |  1|   0|    1|          0|
    |res_3_reg_112                     |  1|   0|    1|          0|
    |solved_reg_100                    |  1|   0|    1|          0|
    +----------------------------------+---+----+-----+-----------+
    |Total                             | 12|   0|   12|          0|
    +----------------------------------+---+----+-----+-----------+



================================================================
== Interface
================================================================
* Summary: 
+-----------------------+-----+-----+------------+--------------------------------+--------------+
|       RTL Ports       | Dir | Bits|  Protocol  |          Source Object         |    C Type    |
+-----------------------+-----+-----+------------+--------------------------------+--------------+
|ap_clk                 |   in|    1|  ap_ctrl_hs|  main_Pipeline_VITIS_LOOP_458_1|  return value|
|ap_rst                 |   in|    1|  ap_ctrl_hs|  main_Pipeline_VITIS_LOOP_458_1|  return value|
|ap_start               |   in|    1|  ap_ctrl_hs|  main_Pipeline_VITIS_LOOP_458_1|  return value|
|ap_done                |  out|    1|  ap_ctrl_hs|  main_Pipeline_VITIS_LOOP_458_1|  return value|
|ap_idle                |  out|    1|  ap_ctrl_hs|  main_Pipeline_VITIS_LOOP_458_1|  return value|
|ap_ready               |  out|    1|  ap_ctrl_hs|  main_Pipeline_VITIS_LOOP_458_1|  return value|
|grp_fu_4235_p_din0     |  out|   32|  ap_ctrl_hs|  main_Pipeline_VITIS_LOOP_458_1|  return value|
|grp_fu_4235_p_din1     |  out|   32|  ap_ctrl_hs|  main_Pipeline_VITIS_LOOP_458_1|  return value|
|grp_fu_4235_p_opcode   |  out|    5|  ap_ctrl_hs|  main_Pipeline_VITIS_LOOP_458_1|  return value|
|grp_fu_4235_p_dout0    |   in|    1|  ap_ctrl_hs|  main_Pipeline_VITIS_LOOP_458_1|  return value|
|grp_fu_4235_p_ce       |  out|    1|  ap_ctrl_hs|  main_Pipeline_VITIS_LOOP_458_1|  return value|
|grp_fu_12733_p_din0    |  out|   32|  ap_ctrl_hs|  main_Pipeline_VITIS_LOOP_458_1|  return value|
|grp_fu_12733_p_din1    |  out|   32|  ap_ctrl_hs|  main_Pipeline_VITIS_LOOP_458_1|  return value|
|grp_fu_12733_p_opcode  |  out|    5|  ap_ctrl_hs|  main_Pipeline_VITIS_LOOP_458_1|  return value|
|grp_fu_12733_p_dout0   |   in|    1|  ap_ctrl_hs|  main_Pipeline_VITIS_LOOP_458_1|  return value|
|grp_fu_12733_p_ce      |  out|    1|  ap_ctrl_hs|  main_Pipeline_VITIS_LOOP_458_1|  return value|
|sub_ln542              |   in|    6|     ap_none|                       sub_ln542|        scalar|
|b_num_address0         |  out|    6|   ap_memory|                           b_num|         array|
|b_num_ce0              |  out|    1|   ap_memory|                           b_num|         array|
|b_num_q0               |   in|   32|   ap_memory|                           b_num|         array|
|b_num_address1         |  out|    6|   ap_memory|                           b_num|         array|
|b_num_ce1              |  out|    1|   ap_memory|                           b_num|         array|
|b_num_q1               |   in|   32|   ap_memory|                           b_num|         array|
|sub_ln155              |   in|    6|     ap_none|                       sub_ln155|        scalar|
|res_3_out              |  out|    1|      ap_vld|                       res_3_out|       pointer|
|res_3_out_ap_vld       |  out|    1|      ap_vld|                       res_3_out|       pointer|
+-----------------------+-----+-----+------------+--------------------------------+--------------+

