

================================================================
== Vitis HLS Report for 'main_Pipeline_VITIS_LOOP_53_1'
================================================================
* Date:           Tue Feb  8 11:02:26 2022

* Version:        2021.2 (Build 3367213 on Tue Oct 19 02:47:39 MDT 2021)
* Project:        ban
* Solution:       solution1 (Vivado IP Flow Target)
* Product family: zynquplus
* Target device:  xczu7ev-ffvc1156-2-e


================================================================
== Performance Estimates
================================================================
+ Timing: 
    * Summary: 
    +--------+----------+----------+------------+
    |  Clock |  Target  | Estimated| Uncertainty|
    +--------+----------+----------+------------+
    |ap_clk  |  10.00 ns|  4.019 ns|     2.70 ns|
    +--------+----------+----------+------------+

+ Latency: 
    * Summary: 
    +---------+---------+-----------+-----------+-----+-----+---------+
    |  Latency (cycles) |   Latency (absolute)  |  Interval | Pipeline|
    |   min   |   max   |    min    |    max    | min | max |   Type  |
    +---------+---------+-----------+-----------+-----+-----+---------+
    |        6|        6|  60.000 ns|  60.000 ns|    6|    6|       no|
    +---------+---------+-----------+-----------+-----+-----+---------+

    + Detail: 
        * Instance: 
        N/A

        * Loop: 
        +-------------------+---------+---------+----------+-----------+-----------+------+----------+
        |                   |  Latency (cycles) | Iteration|  Initiation Interval  | Trip |          |
        |     Loop Name     |   min   |   max   |  Latency |  achieved |   target  | Count| Pipelined|
        +-------------------+---------+---------+----------+-----------+-----------+------+----------+
        |- VITIS_LOOP_53_1  |        4|        4|         3|          1|          1|     3|       yes|
        +-------------------+---------+---------+----------+-----------+-----------+------+----------+



================================================================
== Utilization Estimates
================================================================
* Summary: 
+-----------------+---------+------+--------+--------+-----+
|       Name      | BRAM_18K|  DSP |   FF   |   LUT  | URAM|
+-----------------+---------+------+--------+--------+-----+
|DSP              |        -|     -|       -|       -|    -|
|Expression       |        -|     -|       0|     109|    -|
|FIFO             |        -|     -|       -|       -|    -|
|Instance         |        -|     -|       -|       -|    -|
|Memory           |        -|     -|       -|       -|    -|
|Multiplexer      |        -|     -|       -|      45|    -|
|Register         |        -|     -|      14|       -|    -|
+-----------------+---------+------+--------+--------+-----+
|Total            |        0|     0|      14|     154|    0|
+-----------------+---------+------+--------+--------+-----+
|Available        |      624|  1728|  460800|  230400|   96|
+-----------------+---------+------+--------+--------+-----+
|Utilization (%)  |        0|     0|      ~0|      ~0|    0|
+-----------------+---------+------+--------+--------+-----+

+ Detail: 
    * Instance: 
    N/A

    * DSP: 
    N/A

    * Memory: 
    N/A

    * FIFO: 
    N/A

    * Expression: 
    +----------------------+----------+----+---+----+------------+------------+
    |     Variable Name    | Operation| DSP| FF| LUT| Bitwidth P0| Bitwidth P1|
    +----------------------+----------+----+---+----+------------+------------+
    |add_ln53_fu_131_p2    |         +|   0|  0|   9|           2|           1|
    |add_ln54_1_fu_152_p2  |         +|   0|  0|  13|           6|           6|
    |add_ln54_fu_141_p2    |         +|   0|  0|  13|           6|           6|
    |empty_69_fu_236_p2    |       and|   0|  0|   2|           1|           1|
    |empty_70_fu_242_p2    |       and|   0|  0|   2|           1|           1|
    |res_2_fu_248_p2       |       and|   0|  0|   2|           1|           1|
    |icmp_ln53_fu_125_p2   |      icmp|   0|  0|   8|           2|           2|
    |notlhs574_fu_204_p2   |      icmp|   0|  0|  11|           8|           2|
    |notlhs576_fu_216_p2   |      icmp|   0|  0|  11|           8|           2|
    |notrhs575_fu_210_p2   |      icmp|   0|  0|  16|          23|           1|
    |notrhs577_fu_222_p2   |      icmp|   0|  0|  16|          23|           1|
    |empty_67_fu_228_p2    |        or|   0|  0|   2|           1|           1|
    |empty_68_fu_232_p2    |        or|   0|  0|   2|           1|           1|
    |ap_enable_pp0         |       xor|   0|  0|   2|           1|           2|
    +----------------------+----------+----+---+----+------------+------------+
    |Total                 |          |   0|  0| 109|          84|          28|
    +----------------------+----------+----+---+----+------------+------------+

    * Multiplexer: 
    +-------------------------+----+-----------+-----+-----------+
    |           Name          | LUT| Input Size| Bits| Total Bits|
    +-------------------------+----+-----------+-----+-----------+
    |ap_done_int              |   9|          2|    1|          2|
    |ap_enable_reg_pp0_iter2  |   9|          2|    1|          2|
    |ap_sig_allocacmp_i_32    |   9|          2|    2|          4|
    |i_fu_50                  |   9|          2|    2|          4|
    |res_reg_98               |   9|          2|    1|          2|
    +-------------------------+----+-----------+-----+-----------+
    |Total                    |  45|         10|    7|         14|
    +-------------------------+----+-----------+-----+-----------+

    * Register: 
    +----------------------------------+---+----+-----+-----------+
    |               Name               | FF| LUT| Bits| Const Bits|
    +----------------------------------+---+----+-----+-----------+
    |ap_CS_fsm                         |  1|   0|    1|          0|
    |ap_done_reg                       |  1|   0|    1|          0|
    |ap_enable_reg_pp0_iter1           |  1|   0|    1|          0|
    |ap_enable_reg_pp0_iter2           |  1|   0|    1|          0|
    |ap_loop_exit_ready_pp0_iter1_reg  |  1|   0|    1|          0|
    |i_fu_50                           |  2|   0|    2|          0|
    |icmp_ln53_reg_261                 |  1|   0|    1|          0|
    |icmp_ln53_reg_261_pp0_iter1_reg   |  1|   0|    1|          0|
    |notlhs574_reg_285                 |  1|   0|    1|          0|
    |notlhs576_reg_295                 |  1|   0|    1|          0|
    |notrhs575_reg_290                 |  1|   0|    1|          0|
    |notrhs577_reg_300                 |  1|   0|    1|          0|
    |res_reg_98                        |  1|   0|    1|          0|
    +----------------------------------+---+----+-----+-----------+
    |Total                             | 14|   0|   14|          0|
    +----------------------------------+---+----+-----+-----------+



================================================================
== Interface
================================================================
* Summary: 
+----------------------+-----+-----+------------+-------------------------------+--------------+
|       RTL Ports      | Dir | Bits|  Protocol  |         Source Object         |    C Type    |
+----------------------+-----+-----+------------+-------------------------------+--------------+
|ap_clk                |   in|    1|  ap_ctrl_hs|  main_Pipeline_VITIS_LOOP_53_1|  return value|
|ap_rst                |   in|    1|  ap_ctrl_hs|  main_Pipeline_VITIS_LOOP_53_1|  return value|
|ap_start              |   in|    1|  ap_ctrl_hs|  main_Pipeline_VITIS_LOOP_53_1|  return value|
|ap_done               |  out|    1|  ap_ctrl_hs|  main_Pipeline_VITIS_LOOP_53_1|  return value|
|ap_idle               |  out|    1|  ap_ctrl_hs|  main_Pipeline_VITIS_LOOP_53_1|  return value|
|ap_ready              |  out|    1|  ap_ctrl_hs|  main_Pipeline_VITIS_LOOP_53_1|  return value|
|grp_fu_4235_p_din0    |  out|   32|  ap_ctrl_hs|  main_Pipeline_VITIS_LOOP_53_1|  return value|
|grp_fu_4235_p_din1    |  out|   32|  ap_ctrl_hs|  main_Pipeline_VITIS_LOOP_53_1|  return value|
|grp_fu_4235_p_opcode  |  out|    5|  ap_ctrl_hs|  main_Pipeline_VITIS_LOOP_53_1|  return value|
|grp_fu_4235_p_dout0   |   in|    1|  ap_ctrl_hs|  main_Pipeline_VITIS_LOOP_53_1|  return value|
|grp_fu_4235_p_ce      |  out|    1|  ap_ctrl_hs|  main_Pipeline_VITIS_LOOP_53_1|  return value|
|sub_ln542             |   in|    6|     ap_none|                      sub_ln542|        scalar|
|b_num_address0        |  out|    6|   ap_memory|                          b_num|         array|
|b_num_ce0             |  out|    1|   ap_memory|                          b_num|         array|
|b_num_q0              |   in|   32|   ap_memory|                          b_num|         array|
|b_num_address1        |  out|    6|   ap_memory|                          b_num|         array|
|b_num_ce1             |  out|    1|   ap_memory|                          b_num|         array|
|b_num_q1              |   in|   32|   ap_memory|                          b_num|         array|
|sub_ln155             |   in|    6|     ap_none|                      sub_ln155|        scalar|
|res_out               |  out|    1|      ap_vld|                        res_out|       pointer|
|res_out_ap_vld        |  out|    1|      ap_vld|                        res_out|       pointer|
+----------------------+-----+-----+------------+-------------------------------+--------------+

