

================================================================
== Vitis HLS Report for 'main_Pipeline_VITIS_LOOP_21_163'
================================================================
* Date:           Tue Feb  8 11:02:37 2022

* Version:        2021.2 (Build 3367213 on Tue Oct 19 02:47:39 MDT 2021)
* Project:        ban
* Solution:       solution1 (Vivado IP Flow Target)
* Product family: zynquplus
* Target device:  xczu7ev-ffvc1156-2-e


================================================================
== Performance Estimates
================================================================
+ Timing: 
    * Summary: 
    +--------+----------+----------+------------+
    |  Clock |  Target  | Estimated| Uncertainty|
    +--------+----------+----------+------------+
    |ap_clk  |  10.00 ns|  0.975 ns|     2.70 ns|
    +--------+----------+----------+------------+

+ Latency: 
    * Summary: 
    +---------+---------+-----------+-----------+-----+-----+---------+
    |  Latency (cycles) |   Latency (absolute)  |  Interval | Pipeline|
    |   min   |   max   |    min    |    max    | min | max |   Type  |
    +---------+---------+-----------+-----------+-----+-----+---------+
    |        5|        5|  50.000 ns|  50.000 ns|    5|    5|       no|
    +---------+---------+-----------+-----------+-----+-----+---------+

    + Detail: 
        * Instance: 
        N/A

        * Loop: 
        +-------------------+---------+---------+----------+-----------+-----------+------+----------+
        |                   |  Latency (cycles) | Iteration|  Initiation Interval  | Trip |          |
        |     Loop Name     |   min   |   max   |  Latency |  achieved |   target  | Count| Pipelined|
        +-------------------+---------+---------+----------+-----------+-----------+------+----------+
        |- VITIS_LOOP_21_1  |        3|        3|         1|          1|          1|     3|       yes|
        +-------------------+---------+---------+----------+-----------+-----------+------+----------+



================================================================
== Utilization Estimates
================================================================
* Summary: 
+-----------------+---------+------+--------+--------+-----+
|       Name      | BRAM_18K|  DSP |   FF   |   LUT  | URAM|
+-----------------+---------+------+--------+--------+-----+
|DSP              |        -|     -|       -|       -|    -|
|Expression       |        -|     -|       0|      17|    -|
|FIFO             |        -|     -|       -|       -|    -|
|Instance         |        -|     -|       0|      14|    -|
|Memory           |        -|     -|       -|       -|    -|
|Multiplexer      |        -|     -|       -|      27|    -|
|Register         |        -|     -|     132|       -|    -|
+-----------------+---------+------+--------+--------+-----+
|Total            |        0|     0|     132|      58|    0|
+-----------------+---------+------+--------+--------+-----+
|Available        |      624|  1728|  460800|  230400|   96|
+-----------------+---------+------+--------+--------+-----+
|Utilization (%)  |        0|     0|      ~0|      ~0|    0|
+-----------------+---------+------+--------+--------+-----+

+ Detail: 
    * Instance: 
    +--------------------+---------------+---------+----+---+----+-----+
    |      Instance      |     Module    | BRAM_18K| DSP| FF| LUT| URAM|
    +--------------------+---------------+---------+----+---+----+-----+
    |mux_32_32_1_1_U635  |mux_32_32_1_1  |        0|   0|  0|  14|    0|
    +--------------------+---------------+---------+----+---+----+-----+
    |Total               |               |        0|   0|  0|  14|    0|
    +--------------------+---------------+---------+----+---+----+-----+

    * DSP: 
    N/A

    * Memory: 
    N/A

    * FIFO: 
    N/A

    * Expression: 
    +--------------------+----------+----+---+----+------------+------------+
    |    Variable Name   | Operation| DSP| FF| LUT| Bitwidth P0| Bitwidth P1|
    +--------------------+----------+----+---+----+------------+------------+
    |add_ln21_fu_104_p2  |         +|   0|  0|   9|           2|           1|
    |icmp_ln21_fu_98_p2  |      icmp|   0|  0|   8|           2|           2|
    +--------------------+----------+----+---+----+------------+------------+
    |Total               |          |   0|  0|  17|           4|           3|
    +--------------------+----------+----+---+----+------------+------------+

    * Multiplexer: 
    +-----------------------+----+-----------+-----+-----------+
    |          Name         | LUT| Input Size| Bits| Total Bits|
    +-----------------------+----+-----------+-----+-----------+
    |ap_done_int            |   9|          2|    1|          2|
    |ap_sig_allocacmp_i_44  |   9|          2|    2|          4|
    |i_fu_42                |   9|          2|    2|          4|
    +-----------------------+----+-----------+-----+-----------+
    |Total                  |  27|          6|    5|         10|
    +-----------------------+----+-----------+-----+-----------+

    * Register: 
    +---------------------+----+----+-----+-----------+
    |         Name        | FF | LUT| Bits| Const Bits|
    +---------------------+----+----+-----+-----------+
    |ap_CS_fsm            |   1|   0|    1|          0|
    |ap_done_reg          |   1|   0|    1|          0|
    |b1500_num_1_6_fu_50  |  32|   0|   32|          0|
    |b1500_num_1_7_fu_54  |  32|   0|   32|          0|
    |b1500_num_1_8_fu_58  |  32|   0|   32|          0|
    |b1500_num_1_fu_46    |  32|   0|   32|          0|
    |i_fu_42              |   2|   0|    2|          0|
    +---------------------+----+----+-----+-----------+
    |Total                | 132|   0|  132|          0|
    +---------------------+----+----+-----+-----------+



================================================================
== Interface
================================================================
* Summary: 
+---------------------------+-----+-----+------------+---------------------------------+--------------+
|         RTL Ports         | Dir | Bits|  Protocol  |          Source Object          |    C Type    |
+---------------------------+-----+-----+------------+---------------------------------+--------------+
|ap_clk                     |   in|    1|  ap_ctrl_hs|  main_Pipeline_VITIS_LOOP_21_163|  return value|
|ap_rst                     |   in|    1|  ap_ctrl_hs|  main_Pipeline_VITIS_LOOP_21_163|  return value|
|ap_start                   |   in|    1|  ap_ctrl_hs|  main_Pipeline_VITIS_LOOP_21_163|  return value|
|ap_done                    |  out|    1|  ap_ctrl_hs|  main_Pipeline_VITIS_LOOP_21_163|  return value|
|ap_idle                    |  out|    1|  ap_ctrl_hs|  main_Pipeline_VITIS_LOOP_21_163|  return value|
|ap_ready                   |  out|    1|  ap_ctrl_hs|  main_Pipeline_VITIS_LOOP_21_163|  return value|
|b1500_num_2_0_out          |  out|   32|      ap_vld|                b1500_num_2_0_out|       pointer|
|b1500_num_2_0_out_ap_vld   |  out|    1|      ap_vld|                b1500_num_2_0_out|       pointer|
|b1500_num_1_0_out          |  out|   32|      ap_vld|                b1500_num_1_0_out|       pointer|
|b1500_num_1_0_out_ap_vld   |  out|    1|      ap_vld|                b1500_num_1_0_out|       pointer|
|b1500_num_0_0_out          |  out|   32|      ap_vld|                b1500_num_0_0_out|       pointer|
|b1500_num_0_0_out_ap_vld   |  out|    1|      ap_vld|                b1500_num_0_0_out|       pointer|
|b1500_num_load_out         |  out|   32|      ap_vld|               b1500_num_load_out|       pointer|
|b1500_num_load_out_ap_vld  |  out|    1|      ap_vld|               b1500_num_load_out|       pointer|
+---------------------------+-----+-----+------------+---------------------------------+--------------+

