

================================================================
== Vitis HLS Report for 'mul_body'
================================================================
* Date:           Tue Feb  8 11:02:24 2022

* Version:        2021.2 (Build 3367213 on Tue Oct 19 02:47:39 MDT 2021)
* Project:        ban
* Solution:       solution1 (Vivado IP Flow Target)
* Product family: zynquplus
* Target device:  xczu7ev-ffvc1156-2-e


================================================================
== Performance Estimates
================================================================
+ Timing: 
    * Summary: 
    +--------+----------+----------+------------+
    |  Clock |  Target  | Estimated| Uncertainty|
    +--------+----------+----------+------------+
    |ap_clk  |  10.00 ns|  7.016 ns|     2.70 ns|
    +--------+----------+----------+------------+

+ Latency: 
    * Summary: 
    +---------+---------+----------+----------+-----+-----+---------+
    |  Latency (cycles) |  Latency (absolute) |  Interval | Pipeline|
    |   min   |   max   |    min   |    max   | min | max |   Type  |
    +---------+---------+----------+----------+-----+-----+---------+
    |        ?|        ?|         ?|         ?|    ?|    ?|       no|
    +---------+---------+----------+----------+-----+-----+---------+

    + Detail: 
        * Instance: 
        +-----------------------------------------------+------------------------------------+---------+---------+-----------+-----------+-----+-----+---------+
        |                                               |                                    |  Latency (cycles) |   Latency (absolute)  |  Interval | Pipeline|
        |                    Instance                   |               Module               |   min   |   max   |    min    |    max    | min | max |   Type  |
        +-----------------------------------------------+------------------------------------+---------+---------+-----------+-----------+-----+-----+---------+
        |grp_mul_body_Pipeline_VITIS_LOOP_84_1_fu_383   |mul_body_Pipeline_VITIS_LOOP_84_1   |        ?|        ?|          ?|          ?|    ?|    ?|       no|
        |grp_mul_body_Pipeline_VITIS_LOOP_92_2_fu_391   |mul_body_Pipeline_VITIS_LOOP_92_2   |        3|        5|  30.000 ns|  50.000 ns|    3|    5|       no|
        |grp_mul_body_Pipeline_VITIS_LOOP_104_3_fu_403  |mul_body_Pipeline_VITIS_LOOP_104_3  |        ?|        ?|          ?|          ?|    ?|    ?|       no|
        +-----------------------------------------------+------------------------------------+---------+---------+-----------+-----------+-----+-----+---------+

        * Loop: 
        +--------------------+---------+---------+----------+-----------+-----------+------+----------+
        |                    |  Latency (cycles) | Iteration|  Initiation Interval  | Trip |          |
        |      Loop Name     |   min   |   max   |  Latency |  achieved |   target  | Count| Pipelined|
        +--------------------+---------+---------+----------+-----------+-----------+------+----------+
        |- VITIS_LOOP_169_1  |       90|       90|        18|          -|          -|     5|        no|
        |- VITIS_LOOP_187_1  |        6|        6|         2|          -|          -|     3|        no|
        |- VITIS_LOOP_21_1   |        3|        3|         1|          -|          -|     3|        no|
        +--------------------+---------+---------+----------+-----------+-----------+------+----------+



================================================================
== Utilization Estimates
================================================================
* Summary: 
+-----------------+---------+------+--------+--------+-----+
|       Name      | BRAM_18K|  DSP |   FF   |   LUT  | URAM|
+-----------------+---------+------+--------+--------+-----+
|DSP              |        -|     -|       -|       -|    -|
|Expression       |        -|     -|       0|     465|    -|
|FIFO             |        -|     -|       -|       -|    -|
|Instance         |        -|     -|     377|     475|    -|
|Memory           |        0|     -|      64|       3|    0|
|Multiplexer      |        -|     -|       -|     448|    -|
|Register         |        -|     -|    1155|       -|    -|
+-----------------+---------+------+--------+--------+-----+
|Total            |        0|     0|    1596|    1391|    0|
+-----------------+---------+------+--------+--------+-----+
|Available        |      624|  1728|  460800|  230400|   96|
+-----------------+---------+------+--------+--------+-----+
|Utilization (%)  |        0|     0|      ~0|      ~0|    0|
+-----------------+---------+------+--------+--------+-----+

+ Detail: 
    * Instance: 
    +-----------------------------------------------+------------------------------------+---------+----+-----+-----+-----+
    |                    Instance                   |               Module               | BRAM_18K| DSP|  FF | LUT | URAM|
    +-----------------------------------------------+------------------------------------+---------+----+-----+-----+-----+
    |grp_mul_body_Pipeline_VITIS_LOOP_104_3_fu_403  |mul_body_Pipeline_VITIS_LOOP_104_3  |        0|   0|  166|  162|    0|
    |grp_mul_body_Pipeline_VITIS_LOOP_84_1_fu_383   |mul_body_Pipeline_VITIS_LOOP_84_1   |        0|   0|   75|  178|    0|
    |grp_mul_body_Pipeline_VITIS_LOOP_92_2_fu_391   |mul_body_Pipeline_VITIS_LOOP_92_2   |        0|   0|  136|  121|    0|
    |mux_32_32_1_1_U207                             |mux_32_32_1_1                       |        0|   0|    0|   14|    0|
    +-----------------------------------------------+------------------------------------+---------+----+-----+-----+-----+
    |Total                                          |                                    |        0|   0|  377|  475|    0|
    +-----------------------------------------------+------------------------------------+---------+----+-----+-----+-----+

    * DSP: 
    N/A

    * Memory: 
    +-------+------------------------+---------+----+----+-----+------+-----+------+-------------+
    | Memory|         Module         | BRAM_18K| FF | LUT| URAM| Words| Bits| Banks| W*Bits*Banks|
    +-------+------------------------+---------+----+----+-----+------+-----+------+-------------+
    |aux_U  |sqrt_aux_RAM_AUTO_1R1W  |        0|  64|   3|    0|     5|   32|     1|          160|
    +-------+------------------------+---------+----+----+-----+------+-----+------+-------------+
    |Total  |                        |        0|  64|   3|    0|     5|   32|     1|          160|
    +-------+------------------------+---------+----+----+-----+------+-----+------+-------------+

    * FIFO: 
    N/A

    * Expression: 
    +-------------------------+----------+----+---+----+------------+------------+
    |      Variable Name      | Operation| DSP| FF| LUT| Bitwidth P0| Bitwidth P1|
    +-------------------------+----------+----+---+----+------------+------------+
    |add_ln104_fu_868_p2      |         +|   0|  0|  10|           3|           1|
    |add_ln169_fu_536_p2      |         +|   0|  0|  10|           3|           1|
    |add_ln172_7_fu_574_p2    |         +|   0|  0|  10|           3|           3|
    |add_ln172_fu_548_p2      |         +|   0|  0|  10|           3|           2|
    |add_ln173_2_fu_564_p2    |         +|   0|  0|  13|           6|           6|
    |add_ln173_3_fu_590_p2    |         +|   0|  0|  13|           6|           6|
    |add_ln173_fu_520_p2      |         +|   0|  0|  13|           6|           6|
    |add_ln187_fu_643_p2      |         +|   0|  0|   9|           2|           1|
    |add_ln21_fu_708_p2       |         +|   0|  0|   9|           2|           1|
    |base_fu_831_p2           |         +|   0|  0|   9|           2|           1|
    |empty_57_fu_475_p2       |         +|   0|  0|  13|           6|           2|
    |empty_fu_464_p2          |         +|   0|  0|  13|           6|           1|
    |p_fu_649_p2              |         +|   0|  0|  39|          32|          32|
    |tmp_fu_847_p2            |         +|   0|  0|  39|          32|          32|
    |sub_ln173_fu_503_p2      |         -|   0|  0|  13|           6|           6|
    |sub_ln193_fu_453_p2      |         -|   0|  0|  13|           6|           6|
    |sub_ln92_fu_826_p2       |         -|   0|  0|  10|           3|           2|
    |and_ln77_fu_790_p2       |       and|   0|  0|   2|           1|           1|
    |icmp_ln104_7_fu_862_p2   |      icmp|   0|  0|   8|           2|           2|
    |icmp_ln104_fu_852_p2     |      icmp|   0|  0|   8|           2|           2|
    |icmp_ln169_fu_530_p2     |      icmp|   0|  0|   8|           3|           3|
    |icmp_ln172_12_fu_554_p2  |      icmp|   0|  0|   8|           3|           2|
    |icmp_ln172_13_fu_580_p2  |      icmp|   0|  0|   8|           3|           2|
    |icmp_ln172_fu_542_p2     |      icmp|   0|  0|   8|           3|           2|
    |icmp_ln187_fu_637_p2     |      icmp|   0|  0|   8|           2|           2|
    |icmp_ln21_fu_702_p2      |      icmp|   0|  0|   8|           2|           2|
    |icmp_ln77_7_fu_778_p2    |      icmp|   0|  0|  16|          23|           1|
    |icmp_ln77_fu_772_p2      |      icmp|   0|  0|  11|           8|           2|
    |icmp_ln92_fu_804_p2      |      icmp|   0|  0|  20|          32|           2|
    |or_ln77_fu_784_p2        |        or|   0|  0|   2|           1|           1|
    |select_ln104_fu_874_p3   |    select|   0|  0|   3|           1|           2|
    |tmp_118_fu_610_p3        |    select|   0|  0|  32|           1|          32|
    |tmp_122_fu_617_p3        |    select|   0|  0|  32|           1|          32|
    |tmp_124_fu_623_p3        |    select|   0|  0|  32|           1|          32|
    |xor_ln100_fu_837_p2      |       xor|   0|  0|   3|           2|           3|
    |xor_ln92_fu_810_p2       |       xor|   0|  0|   2|           2|           2|
    +-------------------------+----------+----+---+----+------------+------------+
    |Total                    |          |   0|  0| 465|         220|         236|
    +-------------------------+----------+----+---+----+------------+------------+

    * Multiplexer: 
    +-----------------------------+-----+-----------+-----+-----------+
    |             Name            | LUT | Input Size| Bits| Total Bits|
    +-----------------------------+-----+-----------+-----+-----------+
    |agg_result_num12_0_fu_154    |    9|          2|   32|         64|
    |agg_result_num12_4_reg_294   |    9|          2|   32|         64|
    |agg_result_num12_7_reg_349   |   14|          3|   32|         96|
    |agg_result_num2_0_fu_150     |    9|          2|   32|         64|
    |agg_result_num2_4_reg_304    |    9|          2|   32|         64|
    |agg_result_num2_7_reg_360    |   14|          3|   32|         96|
    |agg_result_num_0_fu_158      |    9|          2|   32|         64|
    |agg_result_num_4_reg_284     |    9|          2|   32|         64|
    |agg_result_num_7_reg_338     |   14|          3|   32|         96|
    |agg_result_p_0_reg_326       |    9|          2|   32|         64|
    |ap_NS_fsm                    |  152|         33|    1|         33|
    |ap_return_0                  |    9|          2|   32|         64|
    |ap_return_1                  |    9|          2|   32|         64|
    |ap_return_2                  |    9|          2|   32|         64|
    |ap_return_3                  |    9|          2|   32|         64|
    |aux_address0                 |   14|          3|    3|          9|
    |b_1_address0                 |   14|          3|    6|         18|
    |b_1_address1                 |   14|          3|    6|         18|
    |b_1_address2                 |   14|          3|    6|         18|
    |base_0_lcssa_i3336_reg_314   |    9|          2|    2|          4|
    |grp_fu_1274_ce               |    9|          2|    1|          2|
    |grp_fu_419_p0                |   20|          4|   32|        128|
    |grp_fu_419_p1                |   20|          4|   32|        128|
    |i_20_fu_130                  |    9|          2|    2|          4|
    |i_21_fu_146                  |    9|          2|    2|          4|
    |i_fu_94                      |    9|          2|    3|          6|
    |this_p_write_assign_reg_371  |   14|          3|   32|         96|
    +-----------------------------+-----+-----------+-----+-----------+
    |Total                        |  448|         97|  576|       1460|
    +-----------------------------+-----+-----------+-----+-----------+

    * Register: 
    +------------------------------------------------------------+----+----+-----+-----------+
    |                            Name                            | FF | LUT| Bits| Const Bits|
    +------------------------------------------------------------+----+----+-----+-----------+
    |add_ln187_reg_1144                                          |   2|   0|    2|          0|
    |agg_result_num12_0_fu_154                                   |  32|   0|   32|          0|
    |agg_result_num12_0_load_reg_1199                            |  32|   0|   32|          0|
    |agg_result_num12_4_reg_294                                  |  32|   0|   32|          0|
    |agg_result_num12_7_reg_349                                  |  32|   0|   32|          0|
    |agg_result_num2_0_fu_150                                    |  32|   0|   32|          0|
    |agg_result_num2_0_load_reg_1191                             |  32|   0|   32|          0|
    |agg_result_num2_4_reg_304                                   |  32|   0|   32|          0|
    |agg_result_num2_7_reg_360                                   |  32|   0|   32|          0|
    |agg_result_num_0_fu_158                                     |  32|   0|   32|          0|
    |agg_result_num_0_load_reg_1207                              |  32|   0|   32|          0|
    |agg_result_num_4_reg_284                                    |  32|   0|   32|          0|
    |agg_result_num_7_reg_338                                    |  32|   0|   32|          0|
    |agg_result_p_0_reg_326                                      |  32|   0|   32|          0|
    |ap_CS_fsm                                                   |  32|   0|   32|          0|
    |ap_return_0_preg                                            |  32|   0|   32|          0|
    |ap_return_1_preg                                            |  32|   0|   32|          0|
    |ap_return_2_preg                                            |  32|   0|   32|          0|
    |ap_return_3_preg                                            |  32|   0|   32|          0|
    |b_1_load_10_reg_1022                                        |  32|   0|   32|          0|
    |b_1_load_17_reg_1090                                        |  32|   0|   32|          0|
    |b_1_load_18_reg_1095                                        |  32|   0|   32|          0|
    |b_1_load_19_reg_1100                                        |  32|   0|   32|          0|
    |b_1_load_20_reg_1017                                        |  32|   0|   32|          0|
    |b_1_load_reg_1012                                           |  32|   0|   32|          0|
    |base_0_lcssa_i3336_reg_314                                  |   2|   0|    2|          0|
    |empty_61_reg_1223                                           |   2|   0|    2|          0|
    |grp_mul_body_Pipeline_VITIS_LOOP_104_3_fu_403_ap_start_reg  |   1|   0|    1|          0|
    |grp_mul_body_Pipeline_VITIS_LOOP_84_1_fu_383_ap_start_reg   |   1|   0|    1|          0|
    |grp_mul_body_Pipeline_VITIS_LOOP_92_2_fu_391_ap_start_reg   |   1|   0|    1|          0|
    |i_20_fu_130                                                 |   2|   0|    2|          0|
    |i_21_fu_146                                                 |   2|   0|    2|          0|
    |i_27_reg_1137                                               |   2|   0|    2|          0|
    |i_fu_94                                                     |   3|   0|    3|          0|
    |icmp_ln172_12_reg_1045                                      |   1|   0|    1|          0|
    |icmp_ln172_13_reg_1055                                      |   1|   0|    1|          0|
    |icmp_ln172_reg_1040                                         |   1|   0|    1|          0|
    |mul_1_i_i_reg_1110                                          |  32|   0|   32|          0|
    |mul_2_i_i_reg_1115                                          |  32|   0|   32|          0|
    |mul_i_i_reg_1105                                            |  32|   0|   32|          0|
    |num_res_2_03_fu_142                                         |  32|   0|   32|          0|
    |num_res_2_7_fu_138                                          |  32|   0|   32|          0|
    |num_res_2_fu_134                                            |  32|   0|   32|          0|
    |p_reg_1182                                                  |  32|   0|   32|          0|
    |select_ln104_reg_1260                                       |   3|   0|    3|          0|
    |sub_ln173_reg_1005                                          |   6|   0|    6|          0|
    |this_p_write_assign_reg_371                                 |  32|   0|   32|          0|
    |tmp_118_reg_1120                                            |  32|   0|   32|          0|
    |tmp_122_reg_1126                                            |  32|   0|   32|          0|
    |tmp_124_reg_1132                                            |  32|   0|   32|          0|
    |xor_ln92_reg_1232                                           |   2|   0|    2|          0|
    |zext_ln169_reg_1027                                         |   3|   0|   64|         61|
    +------------------------------------------------------------+----+----+-----+-----------+
    |Total                                                       |1155|   0| 1216|         61|
    +------------------------------------------------------------+----+----+-----+-----------+



================================================================
== Interface
================================================================
* Summary: 
+-----------------------+-----+-----+------------+---------------+--------------+
|       RTL Ports       | Dir | Bits|  Protocol  | Source Object |    C Type    |
+-----------------------+-----+-----+------------+---------------+--------------+
|ap_clk                 |   in|    1|  ap_ctrl_hs|       mul_body|  return value|
|ap_rst                 |   in|    1|  ap_ctrl_hs|       mul_body|  return value|
|ap_start               |   in|    1|  ap_ctrl_hs|       mul_body|  return value|
|ap_done                |  out|    1|  ap_ctrl_hs|       mul_body|  return value|
|ap_idle                |  out|    1|  ap_ctrl_hs|       mul_body|  return value|
|ap_ready               |  out|    1|  ap_ctrl_hs|       mul_body|  return value|
|ap_return_0            |  out|   32|  ap_ctrl_hs|       mul_body|  return value|
|ap_return_1            |  out|   32|  ap_ctrl_hs|       mul_body|  return value|
|ap_return_2            |  out|   32|  ap_ctrl_hs|       mul_body|  return value|
|ap_return_3            |  out|   32|  ap_ctrl_hs|       mul_body|  return value|
|grp_fu_4235_p_din0     |  out|   32|  ap_ctrl_hs|       mul_body|  return value|
|grp_fu_4235_p_din1     |  out|   32|  ap_ctrl_hs|       mul_body|  return value|
|grp_fu_4235_p_opcode   |  out|    5|  ap_ctrl_hs|       mul_body|  return value|
|grp_fu_4235_p_dout0    |   in|    1|  ap_ctrl_hs|       mul_body|  return value|
|grp_fu_4235_p_ce       |  out|    1|  ap_ctrl_hs|       mul_body|  return value|
|grp_fu_12725_p_din0    |  out|   32|  ap_ctrl_hs|       mul_body|  return value|
|grp_fu_12725_p_din1    |  out|   32|  ap_ctrl_hs|       mul_body|  return value|
|grp_fu_12725_p_opcode  |  out|    2|  ap_ctrl_hs|       mul_body|  return value|
|grp_fu_12725_p_dout0   |   in|   32|  ap_ctrl_hs|       mul_body|  return value|
|grp_fu_12725_p_ce      |  out|    1|  ap_ctrl_hs|       mul_body|  return value|
|grp_fu_4198_p_din0     |  out|   32|  ap_ctrl_hs|       mul_body|  return value|
|grp_fu_4198_p_din1     |  out|   32|  ap_ctrl_hs|       mul_body|  return value|
|grp_fu_4198_p_dout0    |   in|   32|  ap_ctrl_hs|       mul_body|  return value|
|grp_fu_4198_p_ce       |  out|    1|  ap_ctrl_hs|       mul_body|  return value|
|grp_fu_4204_p_din0     |  out|   32|  ap_ctrl_hs|       mul_body|  return value|
|grp_fu_4204_p_din1     |  out|   32|  ap_ctrl_hs|       mul_body|  return value|
|grp_fu_4204_p_dout0    |   in|   32|  ap_ctrl_hs|       mul_body|  return value|
|grp_fu_4204_p_ce       |  out|    1|  ap_ctrl_hs|       mul_body|  return value|
|grp_fu_12729_p_din0    |  out|   32|  ap_ctrl_hs|       mul_body|  return value|
|grp_fu_12729_p_din1    |  out|   32|  ap_ctrl_hs|       mul_body|  return value|
|grp_fu_12729_p_dout0   |   in|   32|  ap_ctrl_hs|       mul_body|  return value|
|grp_fu_12729_p_ce      |  out|    1|  ap_ctrl_hs|       mul_body|  return value|
|grp_fu_12733_p_din0    |  out|   32|  ap_ctrl_hs|       mul_body|  return value|
|grp_fu_12733_p_din1    |  out|   32|  ap_ctrl_hs|       mul_body|  return value|
|grp_fu_12733_p_opcode  |  out|    5|  ap_ctrl_hs|       mul_body|  return value|
|grp_fu_12733_p_dout0   |   in|    1|  ap_ctrl_hs|       mul_body|  return value|
|grp_fu_12733_p_ce      |  out|    1|  ap_ctrl_hs|       mul_body|  return value|
|p_read                 |   in|   32|     ap_none|         p_read|        scalar|
|p_read1                |   in|   32|     ap_none|        p_read1|        scalar|
|p_read2                |   in|   32|     ap_none|        p_read2|        scalar|
|this_p_read            |   in|   32|     ap_none|    this_p_read|        scalar|
|b_1_address0           |  out|    6|   ap_memory|            b_1|         array|
|b_1_ce0                |  out|    1|   ap_memory|            b_1|         array|
|b_1_q0                 |   in|   32|   ap_memory|            b_1|         array|
|b_1_address1           |  out|    6|   ap_memory|            b_1|         array|
|b_1_ce1                |  out|    1|   ap_memory|            b_1|         array|
|b_1_q1                 |   in|   32|   ap_memory|            b_1|         array|
|b_1_address2           |  out|    6|   ap_memory|            b_1|         array|
|b_1_ce2                |  out|    1|   ap_memory|            b_1|         array|
|b_1_q2                 |   in|   32|   ap_memory|            b_1|         array|
|this_1_offset          |   in|    4|     ap_none|  this_1_offset|        scalar|
|b_p_read               |   in|   32|     ap_none|       b_p_read|        scalar|
|b_1_offset             |   in|    4|     ap_none|     b_1_offset|        scalar|
+-----------------------+-----+-----+------------+---------------+--------------+

