

================================================================
== Vitis HLS Report for 'operator_1_1'
================================================================
* Date:           Tue Feb  8 11:02:25 2022

* Version:        2021.2 (Build 3367213 on Tue Oct 19 02:47:39 MDT 2021)
* Project:        ban
* Solution:       solution1 (Vivado IP Flow Target)
* Product family: zynquplus
* Target device:  xczu7ev-ffvc1156-2-e


================================================================
== Performance Estimates
================================================================
+ Timing: 
    * Summary: 
    +--------+----------+----------+------------+
    |  Clock |  Target  | Estimated| Uncertainty|
    +--------+----------+----------+------------+
    |ap_clk  |  10.00 ns|  7.057 ns|     2.70 ns|
    +--------+----------+----------+------------+

+ Latency: 
    * Summary: 
    +---------+---------+----------+----------+-----+-----+---------+
    |  Latency (cycles) |  Latency (absolute) |  Interval | Pipeline|
    |   min   |   max   |    min   |    max   | min | max |   Type  |
    +---------+---------+----------+----------+-----+-----+---------+
    |        ?|        ?|         ?|         ?|    ?|    ?|       no|
    +---------+---------+----------+----------+-----+-----+---------+

    + Detail: 
        * Instance: 
        +---------------------------------------------------+----------------------------------------+---------+---------+-----------+-----------+-----+-----+---------+
        |                                                   |                                        |  Latency (cycles) |   Latency (absolute)  |  Interval | Pipeline|
        |                      Instance                     |                 Module                 |   min   |   max   |    min    |    max    | min | max |   Type  |
        +---------------------------------------------------+----------------------------------------+---------+---------+-----------+-----------+-----+-----+---------+
        |grp_p_mul_fu_318                                   |p_mul                                   |       94|       94|   0.940 us|   0.940 us|   94|   94|       no|
        |grp_p_mul_161_fu_327                               |p_mul_161                               |       94|       94|   0.940 us|   0.940 us|   94|   94|       no|
        |grp_operator_1_1_Pipeline_VITIS_LOOP_84_1_fu_344   |operator_1_1_Pipeline_VITIS_LOOP_84_1   |        ?|        ?|          ?|          ?|    ?|    ?|       no|
        |grp_operator_1_1_Pipeline_VITIS_LOOP_92_2_fu_352   |operator_1_1_Pipeline_VITIS_LOOP_92_2   |        3|        5|  30.000 ns|  50.000 ns|    3|    5|       no|
        |grp_operator_1_1_Pipeline_VITIS_LOOP_104_3_fu_364  |operator_1_1_Pipeline_VITIS_LOOP_104_3  |        ?|        ?|          ?|          ?|    ?|    ?|       no|
        +---------------------------------------------------+----------------------------------------+---------+---------+-----------+-----------+-----+-----+---------+

        * Loop: 
        +--------------------+---------+---------+----------+-----------+-----------+------+----------+
        |                    |  Latency (cycles) | Iteration|  Initiation Interval  | Trip |          |
        |      Loop Name     |   min   |   max   |  Latency |  achieved |   target  | Count| Pipelined|
        +--------------------+---------+---------+----------+-----------+-----------+------+----------+
        |- VITIS_LOOP_215_1  |       24|       24|        12|          -|          -|     2|        no|
        +--------------------+---------+---------+----------+-----------+-----------+------+----------+



================================================================
== Utilization Estimates
================================================================
* Summary: 
+-----------------+---------+------+--------+--------+-----+
|       Name      | BRAM_18K|  DSP |   FF   |   LUT  | URAM|
+-----------------+---------+------+--------+--------+-----+
|DSP              |        -|     -|       -|       -|    -|
|Expression       |        -|     -|       0|     484|    -|
|FIFO             |        -|     -|       -|       -|    -|
|Instance         |        0|     -|    1021|     933|    0|
|Memory           |        -|     -|       -|       -|    -|
|Multiplexer      |        -|     -|       -|     791|    -|
|Register         |        -|     -|    1411|       -|    -|
+-----------------+---------+------+--------+--------+-----+
|Total            |        0|     0|    2432|    2208|    0|
+-----------------+---------+------+--------+--------+-----+
|Available        |      624|  1728|  460800|  230400|   96|
+-----------------+---------+------+--------+--------+-----+
|Utilization (%)  |        0|     0|      ~0|      ~0|    0|
+-----------------+---------+------+--------+--------+-----+

+ Detail: 
    * Instance: 
    +---------------------------------------------------+----------------------------------------+---------+----+-----+-----+-----+
    |                      Instance                     |                 Module                 | BRAM_18K| DSP|  FF | LUT | URAM|
    +---------------------------------------------------+----------------------------------------+---------+----+-----+-----+-----+
    |grp_operator_1_1_Pipeline_VITIS_LOOP_104_3_fu_364  |operator_1_1_Pipeline_VITIS_LOOP_104_3  |        0|   0|  166|  162|    0|
    |grp_operator_1_1_Pipeline_VITIS_LOOP_84_1_fu_344   |operator_1_1_Pipeline_VITIS_LOOP_84_1   |        0|   0|   75|  178|    0|
    |grp_operator_1_1_Pipeline_VITIS_LOOP_92_2_fu_352   |operator_1_1_Pipeline_VITIS_LOOP_92_2   |        0|   0|  200|  139|    0|
    |grp_p_mul_fu_318                                   |p_mul                                   |        0|   0|  580|  454|    0|
    +---------------------------------------------------+----------------------------------------+---------+----+-----+-----+-----+
    |Total                                              |                                        |        0|   0| 1021|  933|    0|
    +---------------------------------------------------+----------------------------------------+---------+----+-----+-----+-----+

    * DSP: 
    N/A

    * Memory: 
    N/A

    * FIFO: 
    N/A

    * Expression: 
    +--------------------------+----------+----+---+----+------------+------------+
    |       Variable Name      | Operation| DSP| FF| LUT| Bitwidth P0| Bitwidth P1|
    +--------------------------+----------+----+---+----+------------+------------+
    |add_ln104_fu_836_p2       |         +|   0|  0|  10|           3|           1|
    |add_ln215_fu_626_p2       |         +|   0|  0|   9|           2|           1|
    |add_ln216_fu_604_p2       |         +|   0|  0|  13|           6|           6|
    |add_ln270_1_fu_535_p2     |         +|   0|  0|  13|           6|           2|
    |add_ln270_fu_524_p2       |         +|   0|  0|  13|           6|           1|
    |base_fu_798_p2            |         +|   0|  0|   9|           2|           1|
    |tmp_63_fu_815_p2          |         +|   0|  0|  39|          32|          32|
    |c_p_2_fu_637_p2           |         -|   0|  0|  39|          32|          32|
    |sub_ln277_fu_490_p2       |         -|   0|  0|  13|           6|           6|
    |sub_ln61_fu_513_p2        |         -|   0|  0|  13|           6|           6|
    |sub_ln92_fu_793_p2        |         -|   0|  0|  10|           3|           2|
    |and_ln61_fu_586_p2        |       and|   0|  0|   2|           1|           1|
    |and_ln77_fu_754_p2        |       and|   0|  0|   2|           1|           1|
    |icmp_ln104_3_fu_830_p2    |      icmp|   0|  0|   8|           2|           2|
    |icmp_ln104_fu_820_p2      |      icmp|   0|  0|   8|           2|           2|
    |icmp_ln215_fu_614_p2      |      icmp|   0|  0|   8|           2|           2|
    |icmp_ln216_fu_620_p2      |      icmp|   0|  0|   8|           2|           1|
    |icmp_ln61_5_fu_570_p2     |      icmp|   0|  0|  11|           8|           2|
    |icmp_ln61_6_fu_576_p2     |      icmp|   0|  0|  16|          23|           1|
    |icmp_ln61_fu_546_p2       |      icmp|   0|  0|  20|          32|           1|
    |icmp_ln77_3_fu_742_p2     |      icmp|   0|  0|  16|          23|           1|
    |icmp_ln77_fu_736_p2       |      icmp|   0|  0|  11|           8|           2|
    |icmp_ln92_fu_768_p2       |      icmp|   0|  0|  20|          32|           2|
    |or_ln61_fu_582_p2         |        or|   0|  0|   2|           1|           1|
    |or_ln77_fu_748_p2         |        or|   0|  0|   2|           1|           1|
    |select_ln104_fu_842_p3    |    select|   0|  0|   3|           1|           2|
    |select_ln216_5_fu_662_p3  |    select|   0|  0|  32|           1|          32|
    |select_ln216_6_fu_669_p3  |    select|   0|  0|  32|           1|          32|
    |select_ln216_7_fu_676_p3  |    select|   0|  0|  32|           1|          32|
    |select_ln216_fu_655_p3    |    select|   0|  0|  32|           1|          32|
    |xor_ln100_fu_805_p2       |       xor|   0|  0|   3|           2|           3|
    |xor_ln216_fu_645_p2       |       xor|   0|  0|  33|          32|          33|
    |xor_ln92_fu_774_p2        |       xor|   0|  0|   2|           2|           2|
    +--------------------------+----------+----+---+----+------------+------------+
    |Total                     |          |   0|  0| 484|         283|         278|
    +--------------------------+----------+----+---+----+------------+------------+

    * Multiplexer: 
    +---------------------------------------------+-----+-----------+-----+-----------+
    |                     Name                    | LUT | Input Size| Bits| Total Bits|
    +---------------------------------------------+-----+-----------+-----+-----------+
    |agg_result_01_0_reg_302                      |   20|          4|   32|        128|
    |agg_result_1_0_0_reg_257                     |   20|          4|   32|        128|
    |agg_result_1_1_0_reg_272                     |   20|          4|   32|        128|
    |agg_result_1_2_0_reg_287                     |   20|          4|   32|        128|
    |ap_NS_fsm                                    |  212|         46|    1|         46|
    |ap_phi_mux_agg_result_01_0_phi_fu_306_p8     |    9|          2|   32|         64|
    |ap_phi_mux_agg_result_1_0_0_phi_fu_261_p8    |    9|          2|   32|         64|
    |ap_phi_mux_agg_result_1_1_0_phi_fu_276_p8    |    9|          2|   32|         64|
    |ap_phi_mux_agg_result_1_2_0_phi_fu_291_p8    |    9|          2|   32|         64|
    |ap_phi_mux_base_0_lcssa_i2628_phi_fu_238_p4  |    9|          2|    2|          4|
    |ap_return_0                                  |    9|          2|   32|         64|
    |ap_return_1                                  |    9|          2|   32|         64|
    |ap_return_2                                  |    9|          2|   32|         64|
    |ap_return_3                                  |    9|          2|   32|         64|
    |b_1_address0                                 |   26|          5|    6|         30|
    |b_1_address1                                 |   14|          3|    6|         18|
    |b_1_address2                                 |   14|          3|    6|         18|
    |b_1_ce0                                      |   14|          3|    1|          3|
    |b_1_ce1                                      |   14|          3|    1|          3|
    |b_1_ce2                                      |   14|          3|    1|          3|
    |base_0_lcssa_i2628_reg_234                   |    9|          2|    2|          4|
    |c_num_load13_reg_214                         |    9|          2|   32|         64|
    |c_num_load_219_reg_204                       |    9|          2|   32|         64|
    |empty_38_reg_246                             |    9|          2|   32|         64|
    |grp_fu_1201_ce                               |    9|          2|    1|          2|
    |grp_fu_1205_ce                               |    9|          2|    1|          2|
    |grp_fu_1209_ce                               |    9|          2|    1|          2|
    |grp_fu_1213_ce                               |    9|          2|    1|          2|
    |grp_fu_1217_ce                               |    9|          2|    1|          2|
    |grp_fu_380_p0                                |   14|          3|   32|         96|
    |grp_fu_380_p1                                |   20|          4|   32|        128|
    |grp_fu_384_p0                                |   14|          3|   32|         96|
    |grp_fu_384_p1                                |   20|          4|   32|        128|
    |grp_fu_388_p0                                |   14|          3|   32|         96|
    |grp_fu_388_p1                                |   20|          4|   32|        128|
    |grp_fu_392_p0                                |   14|          3|   32|         96|
    |grp_fu_404_p0                                |   14|          3|   32|         96|
    |grp_p_mul_161_fu_327_num_a_0_read            |   14|          3|   32|         96|
    |grp_p_mul_161_fu_327_num_a_1_read            |   14|          3|   32|         96|
    |grp_p_mul_161_fu_327_num_a_2_read            |   14|          3|   32|         96|
    |grp_p_mul_161_fu_327_num_res_0_read          |   14|          3|   32|         96|
    |grp_p_mul_161_fu_327_num_res_1_read          |   14|          3|   32|         96|
    |grp_p_mul_161_fu_327_num_res_2_read          |   14|          3|   32|         96|
    |i_fu_106                                     |    9|          2|    2|          4|
    |num_res_assign_load7_reg_224                 |    9|          2|   32|         64|
    |reg_444                                      |    9|          2|   32|         64|
    +---------------------------------------------+-----+-----------+-----+-----------+
    |Total                                        |  791|        169| 1025|       2927|
    +---------------------------------------------+-----+-----------+-----+-----------+

    * Register: 
    +----------------------------------------------------------------+----+----+-----+-----------+
    |                              Name                              | FF | LUT| Bits| Const Bits|
    +----------------------------------------------------------------+----+----+-----+-----------+
    |agg_result_01_0_reg_302                                         |  32|   0|   32|          0|
    |agg_result_1_0_0_reg_257                                        |  32|   0|   32|          0|
    |agg_result_1_1_0_reg_272                                        |  32|   0|   32|          0|
    |agg_result_1_2_0_reg_287                                        |  32|   0|   32|          0|
    |and_ln61_reg_984                                                |   1|   0|    1|          0|
    |and_ln77_reg_1158                                               |   1|   0|    1|          0|
    |ap_CS_fsm                                                       |  45|   0|   45|          0|
    |ap_return_0_preg                                                |  32|   0|   32|          0|
    |ap_return_1_preg                                                |  32|   0|   32|          0|
    |ap_return_2_preg                                                |  32|   0|   32|          0|
    |ap_return_3_preg                                                |  32|   0|   32|          0|
    |b_1_addr_5_reg_949                                              |   6|   0|    6|          0|
    |b_1_addr_6_reg_960                                              |   6|   0|    6|          0|
    |b_1_addr_7_reg_965                                              |   6|   0|    6|          0|
    |b_1_addr_reg_954                                                |   6|   0|    6|          0|
    |b_1_load_7_reg_1019                                             |  32|   0|   32|          0|
    |b_1_load_8_reg_1024                                             |  32|   0|   32|          0|
    |base_0_lcssa_i2628_reg_234                                      |   2|   0|    2|          0|
    |c_num_load13_reg_214                                            |  32|   0|   32|          0|
    |c_num_load_219_reg_204                                          |  32|   0|   32|          0|
    |c_p_2_reg_1062                                                  |  32|   0|   32|          0|
    |den_norm_173_fu_110                                             |  32|   0|   32|          0|
    |den_norm_173_load_reg_1099                                      |  32|   0|   32|          0|
    |den_norm_1_018_fu_118                                           |  32|   0|   32|          0|
    |den_norm_1_018_load_reg_1052                                    |  32|   0|   32|          0|
    |den_norm_274_fu_114                                             |  32|   0|   32|          0|
    |den_norm_274_load_reg_1104                                      |  32|   0|   32|          0|
    |den_norm_2_019_fu_122                                           |  32|   0|   32|          0|
    |den_norm_2_019_load_reg_1057                                    |  32|   0|   32|          0|
    |empty_37_reg_1162                                               |   2|   0|    2|          0|
    |empty_38_reg_246                                                |  32|   0|   32|          0|
    |eps_0_2_reg_1127                                                |  32|   0|   32|          0|
    |eps_0_reg_1078                                                  |  32|   0|   32|          0|
    |eps_1_2_reg_1132                                                |  32|   0|   32|          0|
    |eps_1_reg_1085                                                  |  32|   0|   32|          0|
    |eps_2_2_reg_1137                                                |  32|   0|   32|          0|
    |eps_2_reg_1092                                                  |  32|   0|   32|          0|
    |eps_tmp_0_reg_1109                                              |  32|   0|   32|          0|
    |eps_tmp_1_reg_1115                                              |  32|   0|   32|          0|
    |eps_tmp_2_reg_1121                                              |  32|   0|   32|          0|
    |grp_operator_1_1_Pipeline_VITIS_LOOP_104_3_fu_364_ap_start_reg  |   1|   0|    1|          0|
    |grp_operator_1_1_Pipeline_VITIS_LOOP_84_1_fu_344_ap_start_reg   |   1|   0|    1|          0|
    |grp_operator_1_1_Pipeline_VITIS_LOOP_92_2_fu_352_ap_start_reg   |   1|   0|    1|          0|
    |grp_p_mul_161_fu_327_ap_start_reg                               |   1|   0|    1|          0|
    |grp_p_mul_fu_318_ap_start_reg                                   |   1|   0|    1|          0|
    |i_fu_106                                                        |   2|   0|    2|          0|
    |icmp_ln104_reg_1192                                             |   1|   0|    1|          0|
    |icmp_ln216_reg_1044                                             |   1|   0|    1|          0|
    |icmp_ln61_5_reg_974                                             |   1|   0|    1|          0|
    |icmp_ln61_6_reg_979                                             |   1|   0|    1|          0|
    |icmp_ln61_reg_970                                               |   1|   0|    1|          0|
    |icmp_ln92_reg_1168                                              |   1|   0|    1|          0|
    |normalizer_reg_1029                                             |  32|   0|   32|          0|
    |num_res_assign_load7_reg_224                                    |  32|   0|   32|          0|
    |reg_444                                                         |  32|   0|   32|          0|
    |reg_451                                                         |  32|   0|   32|          0|
    |reg_460                                                         |  32|   0|   32|          0|
    |reg_466                                                         |  32|   0|   32|          0|
    |reg_472                                                         |  32|   0|   32|          0|
    |select_ln104_reg_1196                                           |   3|   0|    3|          0|
    |sub_ln277_reg_944                                               |   6|   0|    6|          0|
    |tmp_61_reg_1142                                                 |  32|   0|   32|          0|
    |tmp_62_reg_1150                                                 |  32|   0|   32|          0|
    |xor_ln216_reg_1068                                              |  32|   0|   32|          0|
    |xor_ln92_reg_1172                                               |   2|   0|    2|          0|
    +----------------------------------------------------------------+----+----+-----+-----------+
    |Total                                                           |1411|   0| 1411|          0|
    +----------------------------------------------------------------+----+----+-----+-----------+



================================================================
== Interface
================================================================
* Summary: 
+---------------------------------+-----+-----+------------+---------------+--------------+
|            RTL Ports            | Dir | Bits|  Protocol  | Source Object |    C Type    |
+---------------------------------+-----+-----+------------+---------------+--------------+
|ap_clk                           |   in|    1|  ap_ctrl_hs|  operator/.1.1|  return value|
|ap_rst                           |   in|    1|  ap_ctrl_hs|  operator/.1.1|  return value|
|ap_start                         |   in|    1|  ap_ctrl_hs|  operator/.1.1|  return value|
|ap_done                          |  out|    1|  ap_ctrl_hs|  operator/.1.1|  return value|
|ap_idle                          |  out|    1|  ap_ctrl_hs|  operator/.1.1|  return value|
|ap_ready                         |  out|    1|  ap_ctrl_hs|  operator/.1.1|  return value|
|ap_return_0                      |  out|   32|  ap_ctrl_hs|  operator/.1.1|  return value|
|ap_return_1                      |  out|   32|  ap_ctrl_hs|  operator/.1.1|  return value|
|ap_return_2                      |  out|   32|  ap_ctrl_hs|  operator/.1.1|  return value|
|ap_return_3                      |  out|   32|  ap_ctrl_hs|  operator/.1.1|  return value|
|grp_fu_12725_p_din0              |  out|   32|  ap_ctrl_hs|  operator/.1.1|  return value|
|grp_fu_12725_p_din1              |  out|   32|  ap_ctrl_hs|  operator/.1.1|  return value|
|grp_fu_12725_p_opcode            |  out|    2|  ap_ctrl_hs|  operator/.1.1|  return value|
|grp_fu_12725_p_dout0             |   in|   32|  ap_ctrl_hs|  operator/.1.1|  return value|
|grp_fu_12725_p_ce                |  out|    1|  ap_ctrl_hs|  operator/.1.1|  return value|
|grp_fu_4198_p_din0               |  out|   32|  ap_ctrl_hs|  operator/.1.1|  return value|
|grp_fu_4198_p_din1               |  out|   32|  ap_ctrl_hs|  operator/.1.1|  return value|
|grp_fu_4198_p_dout0              |   in|   32|  ap_ctrl_hs|  operator/.1.1|  return value|
|grp_fu_4198_p_ce                 |  out|    1|  ap_ctrl_hs|  operator/.1.1|  return value|
|grp_fu_4204_p_din0               |  out|   32|  ap_ctrl_hs|  operator/.1.1|  return value|
|grp_fu_4204_p_din1               |  out|   32|  ap_ctrl_hs|  operator/.1.1|  return value|
|grp_fu_4204_p_dout0              |   in|   32|  ap_ctrl_hs|  operator/.1.1|  return value|
|grp_fu_4204_p_ce                 |  out|    1|  ap_ctrl_hs|  operator/.1.1|  return value|
|grp_fu_12729_p_din0              |  out|   32|  ap_ctrl_hs|  operator/.1.1|  return value|
|grp_fu_12729_p_din1              |  out|   32|  ap_ctrl_hs|  operator/.1.1|  return value|
|grp_fu_12729_p_dout0             |   in|   32|  ap_ctrl_hs|  operator/.1.1|  return value|
|grp_fu_12729_p_ce                |  out|    1|  ap_ctrl_hs|  operator/.1.1|  return value|
|grp_fu_4235_p_din0               |  out|   32|  ap_ctrl_hs|  operator/.1.1|  return value|
|grp_fu_4235_p_din1               |  out|   32|  ap_ctrl_hs|  operator/.1.1|  return value|
|grp_fu_4235_p_opcode             |  out|    5|  ap_ctrl_hs|  operator/.1.1|  return value|
|grp_fu_4235_p_dout0              |   in|    1|  ap_ctrl_hs|  operator/.1.1|  return value|
|grp_fu_4235_p_ce                 |  out|    1|  ap_ctrl_hs|  operator/.1.1|  return value|
|grp_fu_4183_p_din0               |  out|   32|  ap_ctrl_hs|  operator/.1.1|  return value|
|grp_fu_4183_p_din1               |  out|   32|  ap_ctrl_hs|  operator/.1.1|  return value|
|grp_fu_4183_p_opcode             |  out|    1|  ap_ctrl_hs|  operator/.1.1|  return value|
|grp_fu_4183_p_dout0              |   in|   32|  ap_ctrl_hs|  operator/.1.1|  return value|
|grp_fu_4183_p_ce                 |  out|    1|  ap_ctrl_hs|  operator/.1.1|  return value|
|grp_fu_4190_p_din0               |  out|   32|  ap_ctrl_hs|  operator/.1.1|  return value|
|grp_fu_4190_p_din1               |  out|   32|  ap_ctrl_hs|  operator/.1.1|  return value|
|grp_fu_4190_p_opcode             |  out|    2|  ap_ctrl_hs|  operator/.1.1|  return value|
|grp_fu_4190_p_dout0              |   in|   32|  ap_ctrl_hs|  operator/.1.1|  return value|
|grp_fu_4190_p_ce                 |  out|    1|  ap_ctrl_hs|  operator/.1.1|  return value|
|grp_fu_4194_p_din0               |  out|   32|  ap_ctrl_hs|  operator/.1.1|  return value|
|grp_fu_4194_p_din1               |  out|   32|  ap_ctrl_hs|  operator/.1.1|  return value|
|grp_fu_4194_p_opcode             |  out|    2|  ap_ctrl_hs|  operator/.1.1|  return value|
|grp_fu_4194_p_dout0              |   in|   32|  ap_ctrl_hs|  operator/.1.1|  return value|
|grp_fu_4194_p_ce                 |  out|    1|  ap_ctrl_hs|  operator/.1.1|  return value|
|grp_fu_4211_p_din0               |  out|   32|  ap_ctrl_hs|  operator/.1.1|  return value|
|grp_fu_4211_p_din1               |  out|   32|  ap_ctrl_hs|  operator/.1.1|  return value|
|grp_fu_4211_p_dout0              |   in|   32|  ap_ctrl_hs|  operator/.1.1|  return value|
|grp_fu_4211_p_ce                 |  out|    1|  ap_ctrl_hs|  operator/.1.1|  return value|
|grp_fu_4215_p_din0               |  out|   32|  ap_ctrl_hs|  operator/.1.1|  return value|
|grp_fu_4215_p_din1               |  out|   32|  ap_ctrl_hs|  operator/.1.1|  return value|
|grp_fu_4215_p_dout0              |   in|   32|  ap_ctrl_hs|  operator/.1.1|  return value|
|grp_fu_4215_p_ce                 |  out|    1|  ap_ctrl_hs|  operator/.1.1|  return value|
|grp_fu_4219_p_din0               |  out|   32|  ap_ctrl_hs|  operator/.1.1|  return value|
|grp_fu_4219_p_din1               |  out|   32|  ap_ctrl_hs|  operator/.1.1|  return value|
|grp_fu_4219_p_dout0              |   in|   32|  ap_ctrl_hs|  operator/.1.1|  return value|
|grp_fu_4219_p_ce                 |  out|    1|  ap_ctrl_hs|  operator/.1.1|  return value|
|grp_fu_12733_p_din0              |  out|   32|  ap_ctrl_hs|  operator/.1.1|  return value|
|grp_fu_12733_p_din1              |  out|   32|  ap_ctrl_hs|  operator/.1.1|  return value|
|grp_fu_12733_p_opcode            |  out|    5|  ap_ctrl_hs|  operator/.1.1|  return value|
|grp_fu_12733_p_dout0             |   in|    1|  ap_ctrl_hs|  operator/.1.1|  return value|
|grp_fu_12733_p_ce                |  out|    1|  ap_ctrl_hs|  operator/.1.1|  return value|
|grp_p_mul_161_fu_3810_p_din1     |  out|   32|  ap_ctrl_hs|  operator/.1.1|  return value|
|grp_p_mul_161_fu_3810_p_din2     |  out|   32|  ap_ctrl_hs|  operator/.1.1|  return value|
|grp_p_mul_161_fu_3810_p_din3     |  out|   32|  ap_ctrl_hs|  operator/.1.1|  return value|
|grp_p_mul_161_fu_3810_p_din4     |  out|   32|  ap_ctrl_hs|  operator/.1.1|  return value|
|grp_p_mul_161_fu_3810_p_din5     |  out|   32|  ap_ctrl_hs|  operator/.1.1|  return value|
|grp_p_mul_161_fu_3810_p_din6     |  out|   32|  ap_ctrl_hs|  operator/.1.1|  return value|
|grp_p_mul_161_fu_3810_p_din7     |  out|   32|  ap_ctrl_hs|  operator/.1.1|  return value|
|grp_p_mul_161_fu_3810_p_din8     |  out|   32|  ap_ctrl_hs|  operator/.1.1|  return value|
|grp_p_mul_161_fu_3810_p_din9     |  out|   32|  ap_ctrl_hs|  operator/.1.1|  return value|
|grp_p_mul_161_fu_3810_p_dout0_0  |   in|   32|  ap_ctrl_hs|  operator/.1.1|  return value|
|grp_p_mul_161_fu_3810_p_dout0_1  |   in|   32|  ap_ctrl_hs|  operator/.1.1|  return value|
|grp_p_mul_161_fu_3810_p_dout0_2  |   in|   32|  ap_ctrl_hs|  operator/.1.1|  return value|
|grp_p_mul_161_fu_3810_p_start    |  out|    1|  ap_ctrl_hs|  operator/.1.1|  return value|
|grp_p_mul_161_fu_3810_p_ready    |   in|    1|  ap_ctrl_hs|  operator/.1.1|  return value|
|grp_p_mul_161_fu_3810_p_done     |   in|    1|  ap_ctrl_hs|  operator/.1.1|  return value|
|grp_p_mul_161_fu_3810_p_idle     |   in|    1|  ap_ctrl_hs|  operator/.1.1|  return value|
|this_p_read                      |   in|   32|     ap_none|    this_p_read|        scalar|
|b_1_address0                     |  out|    6|   ap_memory|            b_1|         array|
|b_1_ce0                          |  out|    1|   ap_memory|            b_1|         array|
|b_1_q0                           |   in|   32|   ap_memory|            b_1|         array|
|b_1_address1                     |  out|    6|   ap_memory|            b_1|         array|
|b_1_ce1                          |  out|    1|   ap_memory|            b_1|         array|
|b_1_q1                           |   in|   32|   ap_memory|            b_1|         array|
|b_1_address2                     |  out|    6|   ap_memory|            b_1|         array|
|b_1_ce2                          |  out|    1|   ap_memory|            b_1|         array|
|b_1_q2                           |   in|   32|   ap_memory|            b_1|         array|
|b_1_address3                     |  out|    6|   ap_memory|            b_1|         array|
|b_1_ce3                          |  out|    1|   ap_memory|            b_1|         array|
|b_1_q3                           |   in|   32|   ap_memory|            b_1|         array|
|this_1_offset                    |   in|    4|     ap_none|  this_1_offset|        scalar|
|b_p_read                         |   in|   32|     ap_none|       b_p_read|        scalar|
|b_1_offset                       |   in|    4|     ap_none|     b_1_offset|        scalar|
+---------------------------------+-----+-----+------------+---------------+--------------+

