

================================================================
== Vitis HLS Report for 'operator_1_2'
================================================================
* Date:           Tue Feb  8 11:02:29 2022

* Version:        2021.2 (Build 3367213 on Tue Oct 19 02:47:39 MDT 2021)
* Project:        ban
* Solution:       solution1 (Vivado IP Flow Target)
* Product family: zynquplus
* Target device:  xczu7ev-ffvc1156-2-e


================================================================
== Performance Estimates
================================================================
+ Timing: 
    * Summary: 
    +--------+----------+----------+------------+
    |  Clock |  Target  | Estimated| Uncertainty|
    +--------+----------+----------+------------+
    |ap_clk  |  10.00 ns|  7.057 ns|     2.70 ns|
    +--------+----------+----------+------------+

+ Latency: 
    * Summary: 
    +---------+---------+----------+----------+-----+-----+---------+
    |  Latency (cycles) |  Latency (absolute) |  Interval | Pipeline|
    |   min   |   max   |    min   |    max   | min | max |   Type  |
    +---------+---------+----------+----------+-----+-----+---------+
    |        ?|        ?|         ?|         ?|    ?|    ?|       no|
    +---------+---------+----------+----------+-----+-----+---------+

    + Detail: 
        * Instance: 
        +---------------------------------------------------+----------------------------------------+---------+---------+-----------+-----------+-----+-----+---------+
        |                                                   |                                        |  Latency (cycles) |   Latency (absolute)  |  Interval | Pipeline|
        |                      Instance                     |                 Module                 |   min   |   max   |    min    |    max    | min | max |   Type  |
        +---------------------------------------------------+----------------------------------------+---------+---------+-----------+-----------+-----+-----+---------+
        |grp_operator_1_2_Pipeline_VITIS_LOOP_84_1_fu_251   |operator_1_2_Pipeline_VITIS_LOOP_84_1   |        ?|        ?|          ?|          ?|    ?|    ?|       no|
        |grp_operator_1_2_Pipeline_VITIS_LOOP_92_2_fu_259   |operator_1_2_Pipeline_VITIS_LOOP_92_2   |        3|        5|  30.000 ns|  50.000 ns|    3|    5|       no|
        |grp_operator_1_2_Pipeline_VITIS_LOOP_104_3_fu_271  |operator_1_2_Pipeline_VITIS_LOOP_104_3  |        ?|        ?|          ?|          ?|    ?|    ?|       no|
        +---------------------------------------------------+----------------------------------------+---------+---------+-----------+-----------+-----+-----+---------+

        * Loop: 
        N/A



================================================================
== Utilization Estimates
================================================================
* Summary: 
+-----------------+---------+------+--------+--------+-----+
|       Name      | BRAM_18K|  DSP |   FF   |   LUT  | URAM|
+-----------------+---------+------+--------+--------+-----+
|DSP              |        -|     -|       -|       -|    -|
|Expression       |        -|     -|       0|     233|    -|
|FIFO             |        -|     -|       -|       -|    -|
|Instance         |        -|     -|     441|     479|    -|
|Memory           |        -|     -|       -|       -|    -|
|Multiplexer      |        -|     -|       -|     374|    -|
|Register         |        -|     -|     634|       -|    -|
+-----------------+---------+------+--------+--------+-----+
|Total            |        0|     0|    1075|    1086|    0|
+-----------------+---------+------+--------+--------+-----+
|Available        |      624|  1728|  460800|  230400|   96|
+-----------------+---------+------+--------+--------+-----+
|Utilization (%)  |        0|     0|      ~0|      ~0|    0|
+-----------------+---------+------+--------+--------+-----+

+ Detail: 
    * Instance: 
    +---------------------------------------------------+----------------------------------------+---------+----+-----+-----+-----+
    |                      Instance                     |                 Module                 | BRAM_18K| DSP|  FF | LUT | URAM|
    +---------------------------------------------------+----------------------------------------+---------+----+-----+-----+-----+
    |grp_operator_1_2_Pipeline_VITIS_LOOP_104_3_fu_271  |operator_1_2_Pipeline_VITIS_LOOP_104_3  |        0|   0|  166|  162|    0|
    |grp_operator_1_2_Pipeline_VITIS_LOOP_84_1_fu_251   |operator_1_2_Pipeline_VITIS_LOOP_84_1   |        0|   0|   75|  178|    0|
    |grp_operator_1_2_Pipeline_VITIS_LOOP_92_2_fu_259   |operator_1_2_Pipeline_VITIS_LOOP_92_2   |        0|   0|  200|  139|    0|
    +---------------------------------------------------+----------------------------------------+---------+----+-----+-----+-----+
    |Total                                              |                                        |        0|   0|  441|  479|    0|
    +---------------------------------------------------+----------------------------------------+---------+----+-----+-----+-----+

    * DSP: 
    N/A

    * Memory: 
    N/A

    * FIFO: 
    N/A

    * Expression: 
    +------------------------+----------+----+---+----+------------+------------+
    |      Variable Name     | Operation| DSP| FF| LUT| Bitwidth P0| Bitwidth P1|
    +------------------------+----------+----+---+----+------------+------------+
    |add_ln104_fu_515_p2     |         +|   0|  0|  10|           3|           1|
    |add_ln696_1_fu_341_p2   |         +|   0|  0|  13|           6|           2|
    |add_ln696_fu_330_p2     |         +|   0|  0|  13|           6|           1|
    |base_fu_477_p2          |         +|   0|  0|   9|           2|           1|
    |tmp_52_fu_494_p2        |         +|   0|  0|  39|          32|          32|
    |sub_ln61_fu_319_p2      |         -|   0|  0|  13|           6|           6|
    |sub_ln92_fu_472_p2      |         -|   0|  0|  10|           3|           2|
    |and_ln61_fu_392_p2      |       and|   0|  0|   2|           1|           1|
    |and_ln77_fu_433_p2      |       and|   0|  0|   2|           1|           1|
    |icmp_ln104_2_fu_509_p2  |      icmp|   0|  0|   8|           2|           2|
    |icmp_ln104_fu_499_p2    |      icmp|   0|  0|   8|           2|           2|
    |icmp_ln61_3_fu_376_p2   |      icmp|   0|  0|  11|           8|           2|
    |icmp_ln61_4_fu_382_p2   |      icmp|   0|  0|  16|          23|           1|
    |icmp_ln61_fu_352_p2     |      icmp|   0|  0|  20|          32|           1|
    |icmp_ln77_2_fu_421_p2   |      icmp|   0|  0|  16|          23|           1|
    |icmp_ln77_fu_415_p2     |      icmp|   0|  0|  11|           8|           2|
    |icmp_ln92_fu_447_p2     |      icmp|   0|  0|  20|          32|           2|
    |or_ln61_fu_388_p2       |        or|   0|  0|   2|           1|           1|
    |or_ln77_fu_427_p2       |        or|   0|  0|   2|           1|           1|
    |select_ln104_fu_521_p3  |    select|   0|  0|   3|           1|           2|
    |xor_ln100_fu_484_p2     |       xor|   0|  0|   3|           2|           3|
    |xor_ln92_fu_453_p2      |       xor|   0|  0|   2|           2|           2|
    +------------------------+----------+----+---+----+------------+------------+
    |Total                   |          |   0|  0| 233|         197|          69|
    +------------------------+----------+----+---+----+------------+------------+

    * Multiplexer: 
    +---------------------------------------------+-----+-----------+-----+-----------+
    |                     Name                    | LUT | Input Size| Bits| Total Bits|
    +---------------------------------------------+-----+-----------+-----+-----------+
    |agg_result_01_0_reg_235                      |   20|          4|   32|        128|
    |agg_result_1_0_0_reg_190                     |   20|          4|   32|        128|
    |agg_result_1_1_0_reg_205                     |   20|          4|   32|        128|
    |agg_result_1_2_0_reg_220                     |   20|          4|   32|        128|
    |ap_NS_fsm                                    |  111|         22|    1|         22|
    |ap_phi_mux_agg_result_01_0_phi_fu_239_p8     |    9|          2|   32|         64|
    |ap_phi_mux_agg_result_1_0_0_phi_fu_194_p8    |    9|          2|   32|         64|
    |ap_phi_mux_agg_result_1_1_0_phi_fu_209_p8    |    9|          2|   32|         64|
    |ap_phi_mux_agg_result_1_2_0_phi_fu_224_p8    |    9|          2|   32|         64|
    |ap_phi_mux_base_0_lcssa_i1517_phi_fu_171_p4  |    9|          2|    2|          4|
    |ap_return_0                                  |    9|          2|   32|         64|
    |ap_return_1                                  |    9|          2|   32|         64|
    |ap_return_2                                  |    9|          2|   32|         64|
    |ap_return_3                                  |    9|          2|   32|         64|
    |base_0_lcssa_i1517_reg_167                   |    9|          2|    2|          4|
    |empty_36_reg_179                             |    9|          2|   32|         64|
    |grp_fu_287_p0                                |   14|          3|   32|         96|
    |grp_fu_295_p0                                |   14|          3|   32|         96|
    |grp_fu_732_ce                                |    9|          2|    1|          2|
    |res_num_load3_reg_157                        |    9|          2|   32|         64|
    |res_num_load_19_reg_147                      |    9|          2|   32|         64|
    |res_num_load_215_reg_137                     |    9|          2|   32|         64|
    |this_1_address0                              |   20|          4|    6|         24|
    +---------------------------------------------+-----+-----------+-----+-----------+
    |Total                                        |  374|         78|  588|       1528|
    +---------------------------------------------+-----+-----------+-----+-----------+

    * Register: 
    +----------------------------------------------------------------+----+----+-----+-----------+
    |                              Name                              | FF | LUT| Bits| Const Bits|
    +----------------------------------------------------------------+----+----+-----+-----------+
    |agg_result_01_0_reg_235                                         |  32|   0|   32|          0|
    |agg_result_1_0_0_reg_190                                        |  32|   0|   32|          0|
    |agg_result_1_1_0_reg_205                                        |  32|   0|   32|          0|
    |agg_result_1_2_0_reg_220                                        |  32|   0|   32|          0|
    |and_ln61_reg_649                                                |   1|   0|    1|          0|
    |and_ln77_reg_689                                                |   1|   0|    1|          0|
    |ap_CS_fsm                                                       |  21|   0|   21|          0|
    |ap_return_0_preg                                                |  32|   0|   32|          0|
    |ap_return_1_preg                                                |  32|   0|   32|          0|
    |ap_return_2_preg                                                |  32|   0|   32|          0|
    |ap_return_3_preg                                                |  32|   0|   32|          0|
    |base_0_lcssa_i1517_reg_167                                      |   2|   0|    2|          0|
    |empty_36_reg_179                                                |  32|   0|   32|          0|
    |empty_reg_693                                                   |   2|   0|    2|          0|
    |grp_operator_1_2_Pipeline_VITIS_LOOP_104_3_fu_271_ap_start_reg  |   1|   0|    1|          0|
    |grp_operator_1_2_Pipeline_VITIS_LOOP_84_1_fu_251_ap_start_reg   |   1|   0|    1|          0|
    |grp_operator_1_2_Pipeline_VITIS_LOOP_92_2_fu_259_ap_start_reg   |   1|   0|    1|          0|
    |icmp_ln104_reg_723                                              |   1|   0|    1|          0|
    |icmp_ln61_3_reg_639                                             |   1|   0|    1|          0|
    |icmp_ln61_4_reg_644                                             |   1|   0|    1|          0|
    |icmp_ln61_reg_635                                               |   1|   0|    1|          0|
    |icmp_ln92_reg_699                                               |   1|   0|    1|          0|
    |reg_301                                                         |  32|   0|   32|          0|
    |res_num_load3_reg_157                                           |  32|   0|   32|          0|
    |res_num_load_19_reg_147                                         |  32|   0|   32|          0|
    |res_num_load_215_reg_137                                        |  32|   0|   32|          0|
    |select_ln104_reg_727                                            |   3|   0|    3|          0|
    |this_1_addr_1_reg_625                                           |   6|   0|    6|          0|
    |this_1_addr_2_reg_630                                           |   6|   0|    6|          0|
    |this_1_addr_reg_620                                             |   6|   0|    6|          0|
    |this_1_load_2_reg_653                                           |  32|   0|   32|          0|
    |this_1_load_3_reg_658                                           |  32|   0|   32|          0|
    |tmp_50_reg_673                                                  |  32|   0|   32|          0|
    |tmp_51_reg_681                                                  |  32|   0|   32|          0|
    |tmp_reg_663                                                     |  32|   0|   32|          0|
    |xor_ln92_reg_703                                                |   2|   0|    2|          0|
    +----------------------------------------------------------------+----+----+-----+-----------+
    |Total                                                           | 634|   0|  634|          0|
    +----------------------------------------------------------------+----+----+-----+-----------+



================================================================
== Interface
================================================================
* Summary: 
+-----------------------+-----+-----+------------+---------------+--------------+
|       RTL Ports       | Dir | Bits|  Protocol  | Source Object |    C Type    |
+-----------------------+-----+-----+------------+---------------+--------------+
|ap_clk                 |   in|    1|  ap_ctrl_hs|  operator/.1.2|  return value|
|ap_rst                 |   in|    1|  ap_ctrl_hs|  operator/.1.2|  return value|
|ap_start               |   in|    1|  ap_ctrl_hs|  operator/.1.2|  return value|
|ap_done                |  out|    1|  ap_ctrl_hs|  operator/.1.2|  return value|
|ap_idle                |  out|    1|  ap_ctrl_hs|  operator/.1.2|  return value|
|ap_ready               |  out|    1|  ap_ctrl_hs|  operator/.1.2|  return value|
|ap_return_0            |  out|   32|  ap_ctrl_hs|  operator/.1.2|  return value|
|ap_return_1            |  out|   32|  ap_ctrl_hs|  operator/.1.2|  return value|
|ap_return_2            |  out|   32|  ap_ctrl_hs|  operator/.1.2|  return value|
|ap_return_3            |  out|   32|  ap_ctrl_hs|  operator/.1.2|  return value|
|grp_fu_4211_p_din0     |  out|   32|  ap_ctrl_hs|  operator/.1.2|  return value|
|grp_fu_4211_p_din1     |  out|   32|  ap_ctrl_hs|  operator/.1.2|  return value|
|grp_fu_4211_p_dout0    |   in|   32|  ap_ctrl_hs|  operator/.1.2|  return value|
|grp_fu_4211_p_ce       |  out|    1|  ap_ctrl_hs|  operator/.1.2|  return value|
|grp_fu_4215_p_din0     |  out|   32|  ap_ctrl_hs|  operator/.1.2|  return value|
|grp_fu_4215_p_din1     |  out|   32|  ap_ctrl_hs|  operator/.1.2|  return value|
|grp_fu_4215_p_dout0    |   in|   32|  ap_ctrl_hs|  operator/.1.2|  return value|
|grp_fu_4215_p_ce       |  out|    1|  ap_ctrl_hs|  operator/.1.2|  return value|
|grp_fu_12733_p_din0    |  out|   32|  ap_ctrl_hs|  operator/.1.2|  return value|
|grp_fu_12733_p_din1    |  out|   32|  ap_ctrl_hs|  operator/.1.2|  return value|
|grp_fu_12733_p_opcode  |  out|    5|  ap_ctrl_hs|  operator/.1.2|  return value|
|grp_fu_12733_p_dout0   |   in|    1|  ap_ctrl_hs|  operator/.1.2|  return value|
|grp_fu_12733_p_ce      |  out|    1|  ap_ctrl_hs|  operator/.1.2|  return value|
|grp_fu_4235_p_din0     |  out|   32|  ap_ctrl_hs|  operator/.1.2|  return value|
|grp_fu_4235_p_din1     |  out|   32|  ap_ctrl_hs|  operator/.1.2|  return value|
|grp_fu_4235_p_opcode   |  out|    5|  ap_ctrl_hs|  operator/.1.2|  return value|
|grp_fu_4235_p_dout0    |   in|    1|  ap_ctrl_hs|  operator/.1.2|  return value|
|grp_fu_4235_p_ce       |  out|    1|  ap_ctrl_hs|  operator/.1.2|  return value|
|this_p_read            |   in|   32|     ap_none|    this_p_read|        scalar|
|this_1_address0        |  out|    6|   ap_memory|         this_1|         array|
|this_1_ce0             |  out|    1|   ap_memory|         this_1|         array|
|this_1_q0              |   in|   32|   ap_memory|         this_1|         array|
|this_1_address1        |  out|    6|   ap_memory|         this_1|         array|
|this_1_ce1             |  out|    1|   ap_memory|         this_1|         array|
|this_1_q1              |   in|   32|   ap_memory|         this_1|         array|
|this_1_offset          |   in|    4|     ap_none|  this_1_offset|        scalar|
|n                      |   in|   32|     ap_none|              n|        scalar|
+-----------------------+-----+-----+------------+---------------+--------------+

