

================================================================
== Vitis HLS Report for 'operator_3'
================================================================
* Date:           Tue Feb  8 11:02:48 2022

* Version:        2021.2 (Build 3367213 on Tue Oct 19 02:47:39 MDT 2021)
* Project:        ban
* Solution:       solution1 (Vivado IP Flow Target)
* Product family: zynquplus
* Target device:  xczu7ev-ffvc1156-2-e


================================================================
== Performance Estimates
================================================================
+ Timing: 
    * Summary: 
    +--------+----------+----------+------------+
    |  Clock |  Target  | Estimated| Uncertainty|
    +--------+----------+----------+------------+
    |ap_clk  |  10.00 ns|  7.200 ns|     2.70 ns|
    +--------+----------+----------+------------+

+ Latency: 
    * Summary: 
    +---------+---------+----------+----------+-----+-----+---------+
    |  Latency (cycles) |  Latency (absolute) |  Interval | Pipeline|
    |   min   |   max   |    min   |    max   | min | max |   Type  |
    +---------+---------+----------+----------+-----+-----+---------+
    |        ?|        ?|         ?|         ?|    ?|    ?|       no|
    +---------+---------+----------+----------+-----+-----+---------+

    + Detail: 
        * Instance: 
        +--------------------+---------+---------+---------+----------+----------+-----+-----+---------+
        |                    |         |  Latency (cycles) |  Latency (absolute) |  Interval | Pipeline|
        |      Instance      |  Module |   min   |   max   |    min   |    max   | min | max |   Type  |
        +--------------------+---------+---------+---------+----------+----------+-----+-----+---------+
        |grp_p_sum_2_fu_209  |p_sum_2  |        ?|        ?|         ?|         ?|    ?|    ?|       no|
        +--------------------+---------+---------+---------+----------+----------+-----+-----+---------+

        * Loop: 
        N/A



================================================================
== Utilization Estimates
================================================================
* Summary: 
+-----------------+---------+------+--------+--------+-----+
|       Name      | BRAM_18K|  DSP |   FF   |   LUT  | URAM|
+-----------------+---------+------+--------+--------+-----+
|DSP              |        -|     -|       -|       -|    -|
|Expression       |        -|     -|       0|     285|    -|
|FIFO             |        -|     -|       -|       -|    -|
|Instance         |        -|     -|    1006|    1125|    -|
|Memory           |        -|     -|       -|       -|    -|
|Multiplexer      |        -|     -|       -|     445|    -|
|Register         |        -|     -|     522|       -|    -|
+-----------------+---------+------+--------+--------+-----+
|Total            |        0|     0|    1528|    1855|    0|
+-----------------+---------+------+--------+--------+-----+
|Available        |      624|  1728|  460800|  230400|   96|
+-----------------+---------+------+--------+--------+-----+
|Utilization (%)  |        0|     0|      ~0|      ~0|    0|
+-----------------+---------+------+--------+--------+-----+

+ Detail: 
    * Instance: 
    +---------------------+---------------+---------+----+------+------+-----+
    |       Instance      |     Module    | BRAM_18K| DSP|  FF  |  LUT | URAM|
    +---------------------+---------------+---------+----+------+------+-----+
    |mux_32_32_1_1_U1031  |mux_32_32_1_1  |        0|   0|     0|    14|    0|
    |grp_p_sum_2_fu_209   |p_sum_2        |        0|   0|  1006|  1111|    0|
    +---------------------+---------------+---------+----+------+------+-----+
    |Total                |               |        0|   0|  1006|  1125|    0|
    +---------------------+---------------+---------+----+------+------+-----+

    * DSP: 
    N/A

    * Memory: 
    N/A

    * FIFO: 
    N/A

    * Expression: 
    +------------------------+----------+----+---+----+------------+------------+
    |      Variable Name     | Operation| DSP| FF| LUT| Bitwidth P0| Bitwidth P1|
    +------------------------+----------+----+---+----+------------+------------+
    |add_ln133_1_fu_278_p2   |         +|   0|  0|  20|          13|           2|
    |add_ln133_fu_267_p2     |         +|   0|  0|  20|          13|           1|
    |diff_p_fu_381_p2        |         -|   0|  0|  39|          32|          32|
    |sub_ln117_fu_425_p2     |         -|   0|  0|   9|           1|           2|
    |sub_ln133_fu_256_p2     |         -|   0|  0|  20|          13|          13|
    |and_ln61_2_fu_375_p2    |       and|   0|  0|   2|           1|           1|
    |and_ln61_fu_330_p2      |       and|   0|  0|   2|           1|           1|
    |icmp_ln141_fu_389_p2    |      icmp|   0|  0|  20|          32|           2|
    |icmp_ln144_fu_395_p2    |      icmp|   0|  0|  20|          32|           3|
    |icmp_ln61_10_fu_359_p2  |      icmp|   0|  0|  11|           8|           2|
    |icmp_ln61_11_fu_365_p2  |      icmp|   0|  0|  16|          23|           1|
    |icmp_ln61_7_fu_312_p2   |      icmp|   0|  0|  11|           8|           2|
    |icmp_ln61_8_fu_318_p2   |      icmp|   0|  0|  16|          23|           1|
    |icmp_ln61_9_fu_336_p2   |      icmp|   0|  0|  20|          32|           1|
    |icmp_ln61_fu_289_p2     |      icmp|   0|  0|  20|          32|           1|
    |or_ln61_1_fu_371_p2     |        or|   0|  0|   2|           1|           1|
    |or_ln61_fu_324_p2       |        or|   0|  0|   2|           1|           1|
    |select_ln117_fu_441_p3  |    select|   0|  0|  32|           1|          32|
    |tmp_87_fu_453_p4        |       xor|   0|  0|   3|           2|           3|
    +------------------------+----------+----+---+----+------------+------------+
    |Total                   |          |   0|  0| 285|         269|         102|
    +------------------------+----------+----+---+----+------------+------------+

    * Multiplexer: 
    +--------------------------------------------+-----+-----------+-----+-----------+
    |                    Name                    | LUT | Input Size| Bits| Total Bits|
    +--------------------------------------------+-----+-----------+-----+-----------+
    |agg_result_01_0_reg_192                     |   14|          3|   32|         96|
    |agg_result_112_0_reg_157                    |   26|          5|   32|        160|
    |agg_result_12_0_reg_175                     |   26|          5|   32|        160|
    |agg_result_1_0_reg_140                      |   26|          5|   32|        160|
    |agg_result_num16_0_i_reg_130                |    9|          2|   32|         64|
    |ap_NS_fsm                                   |  106|         21|    1|         21|
    |ap_phi_mux_agg_result_01_0_phi_fu_195_p12   |    9|          2|   32|         64|
    |ap_phi_mux_agg_result_112_0_phi_fu_160_p12  |    9|          2|   32|         64|
    |ap_phi_mux_agg_result_12_0_phi_fu_178_p12   |    9|          2|   32|         64|
    |ap_phi_mux_agg_result_1_0_phi_fu_143_p12    |    9|          2|   32|         64|
    |ap_return_0                                 |    9|          2|   32|         64|
    |ap_return_1                                 |    9|          2|   32|         64|
    |ap_return_2                                 |    9|          2|   32|         64|
    |ap_return_3                                 |    9|          2|   32|         64|
    |b_num_address0                              |   26|          5|   13|         65|
    |b_num_address1                              |   20|          4|   13|         52|
    |b_num_ce0                                   |   14|          3|    1|          3|
    |grp_fu_221_ce                               |    9|          2|    1|          2|
    |grp_fu_221_p0                               |   20|          4|   32|        128|
    |grp_fu_221_p1                               |   20|          4|   32|        128|
    |grp_fu_226_ce                               |    9|          2|    1|          2|
    |grp_fu_226_opcode                           |   14|          3|    5|         15|
    |grp_fu_226_p0                               |   20|          4|   32|        128|
    |grp_fu_226_p1                               |   14|          3|   32|         96|
    +--------------------------------------------+-----+-----------+-----+-----------+
    |Total                                       |  445|         91|  579|       1792|
    +--------------------------------------------+-----+-----------+-----+-----------+

    * Register: 
    +---------------------------------+----+----+-----+-----------+
    |               Name              | FF | LUT| Bits| Const Bits|
    +---------------------------------+----+----+-----+-----------+
    |agg_result_01_0_reg_192          |  32|   0|   32|          0|
    |agg_result_112_0_reg_157         |  32|   0|   32|          0|
    |agg_result_12_0_reg_175          |  32|   0|   32|          0|
    |agg_result_1_0_reg_140           |  32|   0|   32|          0|
    |agg_result_num16_0_i_reg_130     |  32|   0|   32|          0|
    |and_ln61_2_reg_577               |   1|   0|    1|          0|
    |and_ln61_reg_559                 |   1|   0|    1|          0|
    |ap_CS_fsm                        |  20|   0|   20|          0|
    |ap_return_0_preg                 |  32|   0|   32|          0|
    |ap_return_1_preg                 |  32|   0|   32|          0|
    |ap_return_2_preg                 |  32|   0|   32|          0|
    |ap_return_3_preg                 |  32|   0|   32|          0|
    |b_num_addr_1_reg_543             |  13|   0|   13|          0|
    |b_num_addr_2_reg_549             |  13|   0|   13|          0|
    |b_num_addr_reg_537               |  13|   0|   13|          0|
    |b_num_load_4_reg_654             |  32|   0|   32|          0|
    |b_num_load_7_reg_625             |  32|   0|   32|          0|
    |b_num_load_9_reg_634             |  32|   0|   32|          0|
    |b_num_load_reg_669               |  32|   0|   32|          0|
    |grp_p_sum_2_fu_209_ap_start_reg  |   1|   0|    1|          0|
    |icmp_ln141_reg_588               |   1|   0|    1|          0|
    |icmp_ln144_reg_592               |   1|   0|    1|          0|
    |icmp_ln61_10_reg_567             |   1|   0|    1|          0|
    |icmp_ln61_11_reg_572             |   1|   0|    1|          0|
    |icmp_ln61_9_reg_563              |   1|   0|    1|          0|
    |icmp_ln61_reg_555                |   1|   0|    1|          0|
    |reg_233                          |  32|   0|   32|          0|
    |sub_ln117_reg_620                |   2|   0|    2|          0|
    |tmp_95_reg_596                   |   1|   0|    1|          0|
    |tmp_96_reg_630                   |   1|   0|    1|          0|
    |trunc_ln138_reg_581              |   2|   0|    2|          0|
    +---------------------------------+----+----+-----+-----------+
    |Total                            | 522|   0|  522|          0|
    +---------------------------------+----+----+-----+-----------+



================================================================
== Interface
================================================================
* Summary: 
+-----------------------+-----+-----+------------+--------------+--------------+
|       RTL Ports       | Dir | Bits|  Protocol  | Source Object|    C Type    |
+-----------------------+-----+-----+------------+--------------+--------------+
|ap_clk                 |   in|    1|  ap_ctrl_hs|   operator+.3|  return value|
|ap_rst                 |   in|    1|  ap_ctrl_hs|   operator+.3|  return value|
|ap_start               |   in|    1|  ap_ctrl_hs|   operator+.3|  return value|
|ap_done                |  out|    1|  ap_ctrl_hs|   operator+.3|  return value|
|ap_idle                |  out|    1|  ap_ctrl_hs|   operator+.3|  return value|
|ap_ready               |  out|    1|  ap_ctrl_hs|   operator+.3|  return value|
|ap_return_0            |  out|   32|  ap_ctrl_hs|   operator+.3|  return value|
|ap_return_1            |  out|   32|  ap_ctrl_hs|   operator+.3|  return value|
|ap_return_2            |  out|   32|  ap_ctrl_hs|   operator+.3|  return value|
|ap_return_3            |  out|   32|  ap_ctrl_hs|   operator+.3|  return value|
|grp_fu_12725_p_din0    |  out|   32|  ap_ctrl_hs|   operator+.3|  return value|
|grp_fu_12725_p_din1    |  out|   32|  ap_ctrl_hs|   operator+.3|  return value|
|grp_fu_12725_p_opcode  |  out|    2|  ap_ctrl_hs|   operator+.3|  return value|
|grp_fu_12725_p_dout0   |   in|   32|  ap_ctrl_hs|   operator+.3|  return value|
|grp_fu_12725_p_ce      |  out|    1|  ap_ctrl_hs|   operator+.3|  return value|
|grp_fu_4235_p_din0     |  out|   32|  ap_ctrl_hs|   operator+.3|  return value|
|grp_fu_4235_p_din1     |  out|   32|  ap_ctrl_hs|   operator+.3|  return value|
|grp_fu_4235_p_opcode   |  out|    5|  ap_ctrl_hs|   operator+.3|  return value|
|grp_fu_4235_p_dout0    |   in|    1|  ap_ctrl_hs|   operator+.3|  return value|
|grp_fu_4235_p_ce       |  out|    1|  ap_ctrl_hs|   operator+.3|  return value|
|this_p_read            |   in|   32|     ap_none|   this_p_read|        scalar|
|p_read3                |   in|   32|     ap_none|       p_read3|        scalar|
|p_read14               |   in|   32|     ap_none|      p_read14|        scalar|
|p_read25               |   in|   32|     ap_none|      p_read25|        scalar|
|b_p_read               |   in|   32|     ap_none|      b_p_read|        scalar|
|b_num_address0         |  out|   13|   ap_memory|         b_num|         array|
|b_num_ce0              |  out|    1|   ap_memory|         b_num|         array|
|b_num_q0               |   in|   32|   ap_memory|         b_num|         array|
|b_num_address1         |  out|   13|   ap_memory|         b_num|         array|
|b_num_ce1              |  out|    1|   ap_memory|         b_num|         array|
|b_num_q1               |   in|   32|   ap_memory|         b_num|         array|
|b_num_offset           |   in|   12|     ap_none|  b_num_offset|        scalar|
+-----------------------+-----+-----+------------+--------------+--------------+

