

================================================================
== Vitis HLS Report for 'p_mul_1'
================================================================
* Date:           Tue Feb  8 11:02:34 2022

* Version:        2021.2 (Build 3367213 on Tue Oct 19 02:47:39 MDT 2021)
* Project:        ban
* Solution:       solution1 (Vivado IP Flow Target)
* Product family: zynquplus
* Target device:  xczu7ev-ffvc1156-2-e


================================================================
== Performance Estimates
================================================================
+ Timing: 
    * Summary: 
    +--------+----------+----------+------------+
    |  Clock |  Target  | Estimated| Uncertainty|
    +--------+----------+----------+------------+
    |ap_clk  |  10.00 ns|  7.016 ns|     2.70 ns|
    +--------+----------+----------+------------+

+ Latency: 
    * Summary: 
    +---------+---------+----------+----------+-----+-----+---------+
    |  Latency (cycles) |  Latency (absolute) |  Interval | Pipeline|
    |   min   |   max   |    min   |    max   | min | max |   Type  |
    +---------+---------+----------+----------+-----+-----+---------+
    |       94|       94|  0.940 us|  0.940 us|   94|   94|       no|
    +---------+---------+----------+----------+-----+-----+---------+

    + Detail: 
        * Instance: 
        N/A

        * Loop: 
        +--------------------+---------+---------+----------+-----------+-----------+------+----------+
        |                    |  Latency (cycles) | Iteration|  Initiation Interval  | Trip |          |
        |      Loop Name     |   min   |   max   |  Latency |  achieved |   target  | Count| Pipelined|
        +--------------------+---------+---------+----------+-----------+-----------+------+----------+
        |- VITIS_LOOP_169_1  |       85|       85|        17|          -|          -|     5|        no|
        |- VITIS_LOOP_187_1  |        6|        6|         2|          -|          -|     3|        no|
        +--------------------+---------+---------+----------+-----------+-----------+------+----------+



================================================================
== Utilization Estimates
================================================================
* Summary: 
+-----------------+---------+------+--------+--------+-----+
|       Name      | BRAM_18K|  DSP |   FF   |   LUT  | URAM|
+-----------------+---------+------+--------+--------+-----+
|DSP              |        -|     -|       -|       -|    -|
|Expression       |        -|     -|       0|     322|    -|
|FIFO             |        -|     -|       -|       -|    -|
|Instance         |        -|     -|       0|      42|    -|
|Memory           |        0|     -|      64|       3|    0|
|Multiplexer      |        -|     -|       -|     183|    -|
|Register         |        -|     -|     519|       -|    -|
+-----------------+---------+------+--------+--------+-----+
|Total            |        0|     0|     583|     550|    0|
+-----------------+---------+------+--------+--------+-----+
|Available        |      624|  1728|  460800|  230400|   96|
+-----------------+---------+------+--------+--------+-----+
|Utilization (%)  |        0|     0|      ~0|      ~0|    0|
+-----------------+---------+------+--------+--------+-----+

+ Detail: 
    * Instance: 
    +--------------------+---------------+---------+----+---+----+-----+
    |      Instance      |     Module    | BRAM_18K| DSP| FF| LUT| URAM|
    +--------------------+---------------+---------+----+---+----+-----+
    |mux_32_32_1_1_U557  |mux_32_32_1_1  |        0|   0|  0|  14|    0|
    |mux_32_32_1_1_U558  |mux_32_32_1_1  |        0|   0|  0|  14|    0|
    |mux_32_32_1_1_U559  |mux_32_32_1_1  |        0|   0|  0|  14|    0|
    +--------------------+---------------+---------+----+---+----+-----+
    |Total               |               |        0|   0|  0|  42|    0|
    +--------------------+---------------+---------+----+---+----+-----+

    * DSP: 
    N/A

    * Memory: 
    +-------+------------------------+---------+----+----+-----+------+-----+------+-------------+
    | Memory|         Module         | BRAM_18K| FF | LUT| URAM| Words| Bits| Banks| W*Bits*Banks|
    +-------+------------------------+---------+----+----+-----+------+-----+------+-------------+
    |aux_U  |sqrt_aux_RAM_AUTO_1R1W  |        0|  64|   3|    0|     5|   32|     1|          160|
    +-------+------------------------+---------+----+----+-----+------+-----+------+-------------+
    |Total  |                        |        0|  64|   3|    0|     5|   32|     1|          160|
    +-------+------------------------+---------+----+----+-----+------+-----+------+-------------+

    * FIFO: 
    N/A

    * Expression: 
    +--------------------------+----------+----+---+----+------------+------------+
    |       Variable Name      | Operation| DSP| FF| LUT| Bitwidth P0| Bitwidth P1|
    +--------------------------+----------+----+---+----+------------+------------+
    |add_ln169_fu_280_p2       |         +|   0|  0|  10|           3|           1|
    |add_ln172_11_fu_334_p2    |         +|   0|  0|  10|           3|           3|
    |add_ln172_fu_306_p2       |         +|   0|  0|  10|           3|           2|
    |add_ln187_fu_420_p2       |         +|   0|  0|   9|           2|           1|
    |empty_114_fu_251_p2       |         +|   0|  0|  13|           6|           2|
    |empty_fu_240_p2           |         +|   0|  0|  13|           6|           1|
    |tmp_s_fu_324_p4           |         +|   0|  0|   9|           2|           2|
    |sub_ln166_fu_229_p2       |         -|   0|  0|  13|           6|           6|
    |icmp_ln169_fu_274_p2      |      icmp|   0|  0|   8|           3|           3|
    |icmp_ln172_20_fu_312_p2   |      icmp|   0|  0|   8|           3|           2|
    |icmp_ln172_21_fu_340_p2   |      icmp|   0|  0|   8|           3|           2|
    |icmp_ln172_fu_286_p2      |      icmp|   0|  0|   8|           3|           2|
    |icmp_ln187_fu_414_p2      |      icmp|   0|  0|   8|           2|           2|
    |select_ln189_3_fu_451_p3  |    select|   0|  0|  32|           1|          32|
    |select_ln189_4_fu_458_p3  |    select|   0|  0|  32|           1|          32|
    |select_ln189_fu_444_p3    |    select|   0|  0|  32|           1|          32|
    |tmp_248_fu_387_p3         |    select|   0|  0|  32|           1|          32|
    |tmp_250_fu_394_p3         |    select|   0|  0|  32|           1|          32|
    |tmp_252_fu_400_p3         |    select|   0|  0|  32|           1|          32|
    |tmp_246_fu_352_p4         |       xor|   0|  0|   3|           2|           3|
    +--------------------------+----------+----+---+----+------------+------------+
    |Total                     |          |   0|  0| 322|          53|         224|
    +--------------------------+----------+----+---+----+------------+------------+

    * Multiplexer: 
    +---------------+-----+-----------+-----+-----------+
    |      Name     | LUT | Input Size| Bits| Total Bits|
    +---------------+-----+-----------+-----+-----------+
    |ap_NS_fsm      |  111|         22|    1|         22|
    |aux_address0   |   14|          3|    3|          9|
    |grp_fu_200_p0  |   20|          4|   32|        128|
    |grp_fu_200_p1  |   20|          4|   32|        128|
    |i_66_fu_80     |    9|          2|    2|          4|
    |i_fu_72        |    9|          2|    3|          6|
    +---------------+-----+-----------+-----+-----------+
    |Total          |  183|         37|   73|        297|
    +---------------+-----+-----------+-----+-----------+

    * Register: 
    +-----------------------+----+----+-----+-----------+
    |          Name         | FF | LUT| Bits| Const Bits|
    +-----------------------+----+----+-----+-----------+
    |add_ln187_reg_706      |   2|   0|    2|          0|
    |ap_CS_fsm              |  21|   0|   21|          0|
    |i_66_fu_80             |   2|   0|    2|          0|
    |i_68_reg_699           |   2|   0|    2|          0|
    |i_fu_72                |   3|   0|    3|          0|
    |icmp_ln172_20_reg_601  |   1|   0|    1|          0|
    |icmp_ln172_21_reg_611  |   1|   0|    1|          0|
    |icmp_ln172_reg_591     |   1|   0|    1|          0|
    |mul_1_i_reg_672        |  32|   0|   32|          0|
    |mul_2_i_reg_677        |  32|   0|   32|          0|
    |mul_i_reg_667          |  32|   0|   32|          0|
    |num_b_load_1_reg_573   |  32|   0|   32|          0|
    |num_b_load_2_reg_578   |  32|   0|   32|          0|
    |num_b_load_reg_568     |  32|   0|   32|          0|
    |num_res3_02_fu_96      |  32|   0|   32|          0|
    |num_res4_01_fu_84      |  32|   0|   32|          0|
    |num_res_03_fu_100      |  32|   0|   32|          0|
    |tmp_246_reg_616        |  32|   0|   32|          0|
    |tmp_248_reg_682        |  32|   0|   32|          0|
    |tmp_250_reg_688        |  32|   0|   32|          0|
    |tmp_252_reg_694        |  32|   0|   32|          0|
    |tmp_reg_596            |  32|   0|   32|          0|
    |tmp_s_reg_606          |  32|   0|   32|          0|
    |write_flag3_0_fu_104   |   1|   0|    1|          0|
    |write_flag6_0_fu_92    |   1|   0|    1|          0|
    |write_flag_0_fu_88     |   1|   0|    1|          0|
    |zext_ln169_reg_583     |   3|   0|   64|         61|
    +-----------------------+----+----+-----+-----------+
    |Total                  | 519|   0|  580|         61|
    +-----------------------+----+----+-----+-----------+



================================================================
== Interface
================================================================
* Summary: 
+-----------------------+-----+-----+------------+----------------+--------------+
|       RTL Ports       | Dir | Bits|  Protocol  |  Source Object |    C Type    |
+-----------------------+-----+-----+------------+----------------+--------------+
|ap_clk                 |   in|    1|  ap_ctrl_hs|          _mul.1|  return value|
|ap_rst                 |   in|    1|  ap_ctrl_hs|          _mul.1|  return value|
|ap_start               |   in|    1|  ap_ctrl_hs|          _mul.1|  return value|
|ap_done                |  out|    1|  ap_ctrl_hs|          _mul.1|  return value|
|ap_idle                |  out|    1|  ap_ctrl_hs|          _mul.1|  return value|
|ap_ready               |  out|    1|  ap_ctrl_hs|          _mul.1|  return value|
|ap_return_0            |  out|   32|  ap_ctrl_hs|          _mul.1|  return value|
|ap_return_1            |  out|   32|  ap_ctrl_hs|          _mul.1|  return value|
|ap_return_2            |  out|   32|  ap_ctrl_hs|          _mul.1|  return value|
|grp_fu_12725_p_din0    |  out|   32|  ap_ctrl_hs|          _mul.1|  return value|
|grp_fu_12725_p_din1    |  out|   32|  ap_ctrl_hs|          _mul.1|  return value|
|grp_fu_12725_p_opcode  |  out|    2|  ap_ctrl_hs|          _mul.1|  return value|
|grp_fu_12725_p_dout0   |   in|   32|  ap_ctrl_hs|          _mul.1|  return value|
|grp_fu_12725_p_ce      |  out|    1|  ap_ctrl_hs|          _mul.1|  return value|
|grp_fu_4198_p_din0     |  out|   32|  ap_ctrl_hs|          _mul.1|  return value|
|grp_fu_4198_p_din1     |  out|   32|  ap_ctrl_hs|          _mul.1|  return value|
|grp_fu_4198_p_dout0    |   in|   32|  ap_ctrl_hs|          _mul.1|  return value|
|grp_fu_4198_p_ce       |  out|    1|  ap_ctrl_hs|          _mul.1|  return value|
|grp_fu_4204_p_din0     |  out|   32|  ap_ctrl_hs|          _mul.1|  return value|
|grp_fu_4204_p_din1     |  out|   32|  ap_ctrl_hs|          _mul.1|  return value|
|grp_fu_4204_p_dout0    |   in|   32|  ap_ctrl_hs|          _mul.1|  return value|
|grp_fu_4204_p_ce       |  out|    1|  ap_ctrl_hs|          _mul.1|  return value|
|grp_fu_12729_p_din0    |  out|   32|  ap_ctrl_hs|          _mul.1|  return value|
|grp_fu_12729_p_din1    |  out|   32|  ap_ctrl_hs|          _mul.1|  return value|
|grp_fu_12729_p_dout0   |   in|   32|  ap_ctrl_hs|          _mul.1|  return value|
|grp_fu_12729_p_ce      |  out|    1|  ap_ctrl_hs|          _mul.1|  return value|
|num_a_1_read           |   in|   32|     ap_none|    num_a_1_read|        scalar|
|num_a_2_read           |   in|   32|     ap_none|    num_a_2_read|        scalar|
|num_b_address0         |  out|    6|   ap_memory|           num_b|         array|
|num_b_ce0              |  out|    1|   ap_memory|           num_b|         array|
|num_b_q0               |   in|   32|   ap_memory|           num_b|         array|
|num_b_address1         |  out|    6|   ap_memory|           num_b|         array|
|num_b_ce1              |  out|    1|   ap_memory|           num_b|         array|
|num_b_q1               |   in|   32|   ap_memory|           num_b|         array|
|num_b_address2         |  out|    6|   ap_memory|           num_b|         array|
|num_b_ce2              |  out|    1|   ap_memory|           num_b|         array|
|num_b_q2               |   in|   32|   ap_memory|           num_b|         array|
|num_b_offset           |   in|    4|     ap_none|    num_b_offset|        scalar|
|num_res_0_read         |   in|   32|     ap_none|  num_res_0_read|        scalar|
|num_res_1_read         |   in|   32|     ap_none|  num_res_1_read|        scalar|
|num_res_2_read         |   in|   32|     ap_none|  num_res_2_read|        scalar|
+-----------------------+-----+-----+------------+----------------+--------------+

