

================================================================
== Vitis HLS Report for 'p_mul_161'
================================================================
* Date:           Tue Feb  8 11:02:24 2022

* Version:        2021.2 (Build 3367213 on Tue Oct 19 02:47:39 MDT 2021)
* Project:        ban
* Solution:       solution1 (Vivado IP Flow Target)
* Product family: zynquplus
* Target device:  xczu7ev-ffvc1156-2-e


================================================================
== Performance Estimates
================================================================
+ Timing: 
    * Summary: 
    +--------+----------+----------+------------+
    |  Clock |  Target  | Estimated| Uncertainty|
    +--------+----------+----------+------------+
    |ap_clk  |  10.00 ns|  7.016 ns|     2.70 ns|
    +--------+----------+----------+------------+

+ Latency: 
    * Summary: 
    +---------+---------+----------+----------+-----+-----+---------+
    |  Latency (cycles) |  Latency (absolute) |  Interval | Pipeline|
    |   min   |   max   |    min   |    max   | min | max |   Type  |
    +---------+---------+----------+----------+-----+-----+---------+
    |       94|       94|  0.940 us|  0.940 us|   94|   94|       no|
    +---------+---------+----------+----------+-----+-----+---------+

    + Detail: 
        * Instance: 
        N/A

        * Loop: 
        +--------------------+---------+---------+----------+-----------+-----------+------+----------+
        |                    |  Latency (cycles) | Iteration|  Initiation Interval  | Trip |          |
        |      Loop Name     |   min   |   max   |  Latency |  achieved |   target  | Count| Pipelined|
        +--------------------+---------+---------+----------+-----------+-----------+------+----------+
        |- VITIS_LOOP_169_1  |       85|       85|        17|          -|          -|     5|        no|
        |- VITIS_LOOP_187_1  |        6|        6|         2|          -|          -|     3|        no|
        +--------------------+---------+---------+----------+-----------+-----------+------+----------+



================================================================
== Utilization Estimates
================================================================
* Summary: 
+-----------------+---------+------+--------+--------+-----+
|       Name      | BRAM_18K|  DSP |   FF   |   LUT  | URAM|
+-----------------+---------+------+--------+--------+-----+
|DSP              |        -|     -|       -|       -|    -|
|Expression       |        -|     -|       0|     283|    -|
|FIFO             |        -|     -|       -|       -|    -|
|Instance         |        -|    11|     611|     661|    -|
|Memory           |        0|     -|      64|       3|    0|
|Multiplexer      |        -|     -|       -|     178|    -|
|Register         |        -|     -|     422|       -|    -|
+-----------------+---------+------+--------+--------+-----+
|Total            |        0|    11|    1097|    1125|    0|
+-----------------+---------+------+--------+--------+-----+
|Available        |      624|  1728|  460800|  230400|   96|
+-----------------+---------+------+--------+--------+-----+
|Utilization (%)  |        0|    ~0|      ~0|      ~0|    0|
+-----------------+---------+------+--------+--------+-----+

+ Detail: 
    * Instance: 
    +-------------------------------------+--------------------------------+---------+----+-----+-----+-----+
    |               Instance              |             Module             | BRAM_18K| DSP|  FF | LUT | URAM|
    +-------------------------------------+--------------------------------+---------+----+-----+-----+-----+
    |fadd_32ns_32ns_32_4_full_dsp_1_U228  |fadd_32ns_32ns_32_4_full_dsp_1  |        0|   2|  227|  214|    0|
    |fmul_32ns_32ns_32_3_max_dsp_1_U229   |fmul_32ns_32ns_32_3_max_dsp_1   |        0|   3|  128|  135|    0|
    |fmul_32ns_32ns_32_3_max_dsp_1_U230   |fmul_32ns_32ns_32_3_max_dsp_1   |        0|   3|  128|  135|    0|
    |fmul_32ns_32ns_32_3_max_dsp_1_U231   |fmul_32ns_32ns_32_3_max_dsp_1   |        0|   3|  128|  135|    0|
    |mux_32_32_1_1_U232                   |mux_32_32_1_1                   |        0|   0|    0|   14|    0|
    |mux_32_32_1_1_U233                   |mux_32_32_1_1                   |        0|   0|    0|   14|    0|
    |mux_32_32_1_1_U234                   |mux_32_32_1_1                   |        0|   0|    0|   14|    0|
    +-------------------------------------+--------------------------------+---------+----+-----+-----+-----+
    |Total                                |                                |        0|  11|  611|  661|    0|
    +-------------------------------------+--------------------------------+---------+----+-----+-----+-----+

    * DSP: 
    N/A

    * Memory: 
    +-------+------------------------+---------+----+----+-----+------+-----+------+-------------+
    | Memory|         Module         | BRAM_18K| FF | LUT| URAM| Words| Bits| Banks| W*Bits*Banks|
    +-------+------------------------+---------+----+----+-----+------+-----+------+-------------+
    |aux_U  |sqrt_aux_RAM_AUTO_1R1W  |        0|  64|   3|    0|     5|   32|     1|          160|
    +-------+------------------------+---------+----+----+-----+------+-----+------+-------------+
    |Total  |                        |        0|  64|   3|    0|     5|   32|     1|          160|
    +-------+------------------------+---------+----+----+-----+------+-----+------+-------------+

    * FIFO: 
    N/A

    * Expression: 
    +--------------------------+----------+----+---+----+------------+------------+
    |       Variable Name      | Operation| DSP| FF| LUT| Bitwidth P0| Bitwidth P1|
    +--------------------------+----------+----+---+----+------------+------------+
    |add_ln169_fu_212_p2       |         +|   0|  0|  10|           3|           1|
    |add_ln172_10_fu_264_p2    |         +|   0|  0|  10|           3|           3|
    |add_ln172_fu_237_p2       |         +|   0|  0|  10|           3|           2|
    |add_ln187_fu_349_p2       |         +|   0|  0|   9|           2|           1|
    |tmp_s_fu_255_p4           |         +|   0|  0|   9|           2|           2|
    |icmp_ln169_fu_206_p2      |      icmp|   0|  0|   8|           3|           3|
    |icmp_ln172_18_fu_243_p2   |      icmp|   0|  0|   8|           3|           2|
    |icmp_ln172_19_fu_270_p2   |      icmp|   0|  0|   8|           3|           2|
    |icmp_ln172_fu_218_p2      |      icmp|   0|  0|   8|           3|           2|
    |icmp_ln187_fu_343_p2      |      icmp|   0|  0|   8|           2|           2|
    |select_ln189_1_fu_380_p3  |    select|   0|  0|  32|           1|          32|
    |select_ln189_2_fu_387_p3  |    select|   0|  0|  32|           1|          32|
    |select_ln189_fu_373_p3    |    select|   0|  0|  32|           1|          32|
    |tmp_241_fu_316_p3         |    select|   0|  0|  32|           1|          32|
    |tmp_243_fu_323_p3         |    select|   0|  0|  32|           1|          32|
    |tmp_246_fu_329_p3         |    select|   0|  0|  32|           1|          32|
    |tmp_244_fu_282_p4         |       xor|   0|  0|   3|           2|           3|
    +--------------------------+----------+----+---+----+------------+------------+
    |Total                     |          |   0|  0| 283|          35|         215|
    +--------------------------+----------+----+---+----+------------+------------+

    * Multiplexer: 
    +---------------+-----+-----------+-----+-----------+
    |      Name     | LUT | Input Size| Bits| Total Bits|
    +---------------+-----+-----------+-----+-----------+
    |ap_NS_fsm      |  106|         21|    1|         21|
    |aux_address0   |   14|          3|    3|          9|
    |grp_fu_177_p0  |   20|          4|   32|        128|
    |grp_fu_177_p1  |   20|          4|   32|        128|
    |i_63_fu_76     |    9|          2|    2|          4|
    |i_fu_68        |    9|          2|    3|          6|
    +---------------+-----+-----------+-----+-----------+
    |Total          |  178|         36|   73|        296|
    +---------------+-----+-----------+-----+-----------+

    * Register: 
    +-----------------------+----+----+-----+-----------+
    |          Name         | FF | LUT| Bits| Const Bits|
    +-----------------------+----+----+-----+-----------+
    |add_ln187_reg_627      |   2|   0|    2|          0|
    |ap_CS_fsm              |  20|   0|   20|          0|
    |i_63_fu_76             |   2|   0|    2|          0|
    |i_65_reg_620           |   2|   0|    2|          0|
    |i_fu_68                |   3|   0|    3|          0|
    |icmp_ln172_18_reg_522  |   1|   0|    1|          0|
    |icmp_ln172_19_reg_532  |   1|   0|    1|          0|
    |icmp_ln172_reg_512     |   1|   0|    1|          0|
    |mul_1_i_reg_593        |  32|   0|   32|          0|
    |mul_2_i_reg_598        |  32|   0|   32|          0|
    |mul_i_reg_588          |  32|   0|   32|          0|
    |num_res5_07_fu_92      |  32|   0|   32|          0|
    |num_res6_06_fu_80      |  32|   0|   32|          0|
    |num_res_08_fu_96       |  32|   0|   32|          0|
    |tmp_241_reg_603        |  32|   0|   32|          0|
    |tmp_243_reg_609        |  32|   0|   32|          0|
    |tmp_244_reg_537        |  32|   0|   32|          0|
    |tmp_246_reg_615        |  32|   0|   32|          0|
    |tmp_reg_517            |  32|   0|   32|          0|
    |tmp_s_reg_527          |  32|   0|   32|          0|
    |write_flag5_0_fu_100   |   1|   0|    1|          0|
    |write_flag8_0_fu_88    |   1|   0|    1|          0|
    |write_flag_0_fu_84     |   1|   0|    1|          0|
    |zext_ln169_reg_504     |   3|   0|   64|         61|
    +-----------------------+----+----+-----+-----------+
    |Total                  | 422|   0|  483|         61|
    +-----------------------+----+----+-----+-----------+



================================================================
== Interface
================================================================
* Summary: 
+----------------+-----+-----+------------+----------------+--------------+
|    RTL Ports   | Dir | Bits|  Protocol  |  Source Object |    C Type    |
+----------------+-----+-----+------------+----------------+--------------+
|ap_clk          |   in|    1|  ap_ctrl_hs|        _mul.161|  return value|
|ap_rst          |   in|    1|  ap_ctrl_hs|        _mul.161|  return value|
|ap_start        |   in|    1|  ap_ctrl_hs|        _mul.161|  return value|
|ap_done         |  out|    1|  ap_ctrl_hs|        _mul.161|  return value|
|ap_idle         |  out|    1|  ap_ctrl_hs|        _mul.161|  return value|
|ap_ready        |  out|    1|  ap_ctrl_hs|        _mul.161|  return value|
|ap_return_0     |  out|   32|  ap_ctrl_hs|        _mul.161|  return value|
|ap_return_1     |  out|   32|  ap_ctrl_hs|        _mul.161|  return value|
|ap_return_2     |  out|   32|  ap_ctrl_hs|        _mul.161|  return value|
|num_a_0_read    |   in|   32|     ap_none|    num_a_0_read|        scalar|
|num_a_1_read    |   in|   32|     ap_none|    num_a_1_read|        scalar|
|num_a_2_read    |   in|   32|     ap_none|    num_a_2_read|        scalar|
|num_b_0_read    |   in|   32|     ap_none|    num_b_0_read|        scalar|
|num_b_1_read    |   in|   32|     ap_none|    num_b_1_read|        scalar|
|num_b_2_read    |   in|   32|     ap_none|    num_b_2_read|        scalar|
|num_res_0_read  |   in|   32|     ap_none|  num_res_0_read|        scalar|
|num_res_1_read  |   in|   32|     ap_none|  num_res_1_read|        scalar|
|num_res_2_read  |   in|   32|     ap_none|  num_res_2_read|        scalar|
+----------------+-----+-----+------------+----------------+--------------+

