

================================================================
== Vitis HLS Report for 'sqrt'
================================================================
* Date:           Tue Feb  8 11:02:19 2022

* Version:        2021.2 (Build 3367213 on Tue Oct 19 02:47:39 MDT 2021)
* Project:        ban
* Solution:       solution1 (Vivado IP Flow Target)
* Product family: zynquplus
* Target device:  xczu7ev-ffvc1156-2-e


================================================================
== Performance Estimates
================================================================
+ Timing: 
    * Summary: 
    +--------+----------+----------+------------+
    |  Clock |  Target  | Estimated| Uncertainty|
    +--------+----------+----------+------------+
    |ap_clk  |  10.00 ns|  7.390 ns|     2.70 ns|
    +--------+----------+----------+------------+

+ Latency: 
    * Summary: 
    +---------+---------+-----------+----------+-----+-----+---------+
    |  Latency (cycles) |  Latency (absolute)  |  Interval | Pipeline|
    |   min   |   max   |    min    |    max   | min | max |   Type  |
    +---------+---------+-----------+----------+-----+-----+---------+
    |        5|      149|  50.000 ns|  1.490 us|    5|  149|       no|
    +---------+---------+-----------+----------+-----+-----+---------+

    + Detail: 
        * Instance: 
        N/A

        * Loop: 
        +--------------------+---------+---------+----------+-----------+-----------+------+----------+
        |                    |  Latency (cycles) | Iteration|  Initiation Interval  | Trip |          |
        |      Loop Name     |   min   |   max   |  Latency |  achieved |   target  | Count| Pipelined|
        +--------------------+---------+---------+----------+-----------+-----------+------+----------+
        |- VITIS_LOOP_68_1   |        6|        6|         3|          -|          -|     2|        no|
        |- VITIS_LOOP_565_1  |       30|       30|        15|          -|          -|     2|        no|
        |- VITIS_LOOP_169_1  |       85|       85|        17|          -|          -|     5|        no|
        |- VITIS_LOOP_187_1  |        6|        6|         2|          -|          -|     3|        no|
        |- VITIS_LOOP_21_1   |        3|        3|         1|          -|          -|     3|        no|
        +--------------------+---------+---------+----------+-----------+-----------+------+----------+



================================================================
== Utilization Estimates
================================================================
* Summary: 
+-----------------+---------+------+--------+--------+-----+
|       Name      | BRAM_18K|  DSP |   FF   |   LUT  | URAM|
+-----------------+---------+------+--------+--------+-----+
|DSP              |        -|     -|       -|       -|    -|
|Expression       |        -|     -|       0|     685|    -|
|FIFO             |        -|     -|       -|       -|    -|
|Instance         |        -|     -|       0|      56|    -|
|Memory           |        0|     -|      64|       3|    0|
|Multiplexer      |        -|     -|       -|     660|    -|
|Register         |        -|     -|    1289|       -|    -|
+-----------------+---------+------+--------+--------+-----+
|Total            |        0|     0|    1353|    1404|    0|
+-----------------+---------+------+--------+--------+-----+
|Available        |      624|  1728|  460800|  230400|   96|
+-----------------+---------+------+--------+--------+-----+
|Utilization (%)  |        0|     0|      ~0|      ~0|    0|
+-----------------+---------+------+--------+--------+-----+

+ Detail: 
    * Instance: 
    +-----------------------------------+-------------------------------+---------+----+---+----+-----+
    |              Instance             |             Module            | BRAM_18K| DSP| FF| LUT| URAM|
    +-----------------------------------+-------------------------------+---------+----+---+----+-----+
    |fsqrt_32ns_32ns_32_8_no_dsp_1_U63  |fsqrt_32ns_32ns_32_8_no_dsp_1  |        0|   0|  0|   0|    0|
    |mux_32_32_1_1_U64                  |mux_32_32_1_1                  |        0|   0|  0|  14|    0|
    |mux_32_32_1_1_U65                  |mux_32_32_1_1                  |        0|   0|  0|  14|    0|
    |mux_32_32_1_1_U66                  |mux_32_32_1_1                  |        0|   0|  0|  14|    0|
    |mux_32_32_1_1_U67                  |mux_32_32_1_1                  |        0|   0|  0|  14|    0|
    +-----------------------------------+-------------------------------+---------+----+---+----+-----+
    |Total                              |                               |        0|   0|  0|  56|    0|
    +-----------------------------------+-------------------------------+---------+----+---+----+-----+

    * DSP: 
    N/A

    * Memory: 
    +-------+------------------------+---------+----+----+-----+------+-----+------+-------------+
    | Memory|         Module         | BRAM_18K| FF | LUT| URAM| Words| Bits| Banks| W*Bits*Banks|
    +-------+------------------------+---------+----+----+-----+------+-----+------+-------------+
    |aux_U  |sqrt_aux_RAM_AUTO_1R1W  |        0|  64|   3|    0|     5|   32|     1|          160|
    +-------+------------------------+---------+----+----+-----+------+-----+------+-------------+
    |Total  |                        |        0|  64|   3|    0|     5|   32|     1|          160|
    +-------+------------------------+---------+----+----+-----+------+-----+------+-------------+

    * FIFO: 
    N/A

    * Expression: 
    +---------------------------+----------+----+---+----+------------+------------+
    |       Variable Name       | Operation| DSP| FF| LUT| Bitwidth P0| Bitwidth P1|
    +---------------------------+----------+----+---+----+------------+------------+
    |add_ln169_fu_768_p2        |         +|   0|  0|  10|           3|           1|
    |add_ln172_1_fu_826_p2      |         +|   0|  0|  10|           3|           3|
    |add_ln172_fu_796_p2        |         +|   0|  0|  10|           3|           2|
    |add_ln187_fu_899_p2        |         +|   0|  0|   9|           2|           1|
    |add_ln21_fu_992_p2         |         +|   0|  0|   9|           2|           1|
    |add_ln558_1_fu_500_p2      |         +|   0|  0|  13|           6|           2|
    |add_ln558_fu_490_p2        |         +|   0|  0|  13|           6|           1|
    |add_ln565_fu_671_p2        |         +|   0|  0|   9|           2|           1|
    |add_ln566_fu_649_p2        |         +|   0|  0|  13|           6|           6|
    |add_ln68_fu_580_p2         |         +|   0|  0|   9|           2|           1|
    |add_ln69_fu_564_p2         |         +|   0|  0|  13|           6|           6|
    |tmp_11_fu_814_p4           |         +|   0|  0|   9|           2|           2|
    |sub_ln61_fu_479_p2         |         -|   0|  0|  13|           6|           6|
    |ap_condition_1237          |       and|   0|  0|   2|           1|           1|
    |empty_30_fu_630_p2         |       and|   0|  0|   2|           1|           1|
    |grp_fu_416_p2              |       and|   0|  0|   2|           1|           1|
    |res_1_fu_636_p2            |       and|   0|  0|   2|           1|           1|
    |icmp_ln169_fu_762_p2       |      icmp|   0|  0|   8|           3|           3|
    |icmp_ln172_1_fu_802_p2     |      icmp|   0|  0|   8|           3|           2|
    |icmp_ln172_2_fu_832_p2     |      icmp|   0|  0|   8|           3|           2|
    |icmp_ln172_fu_774_p2       |      icmp|   0|  0|   8|           3|           2|
    |icmp_ln187_fu_893_p2       |      icmp|   0|  0|   8|           2|           2|
    |icmp_ln21_fu_986_p2        |      icmp|   0|  0|   8|           2|           2|
    |icmp_ln565_fu_659_p2       |      icmp|   0|  0|   8|           2|           2|
    |icmp_ln566_fu_665_p2       |      icmp|   0|  0|   8|           2|           1|
    |icmp_ln61_1_fu_533_p2      |      icmp|   0|  0|  11|           8|           2|
    |icmp_ln61_2_fu_539_p2      |      icmp|   0|  0|  16|          23|           1|
    |icmp_ln61_fu_510_p2        |      icmp|   0|  0|  20|          32|           1|
    |icmp_ln68_fu_574_p2        |      icmp|   0|  0|   8|           2|           2|
    |notlhs13_fu_614_p2         |      icmp|   0|  0|  11|           8|           2|
    |notrhs14_fu_620_p2         |      icmp|   0|  0|  16|          23|           1|
    |empty_29_fu_626_p2         |        or|   0|  0|   2|           1|           1|
    |or_ln61_fu_545_p2          |        or|   0|  0|   2|           1|           1|
    |eps_1_2_5_fu_699_p3        |    select|   0|  0|  32|           1|          32|
    |eps_1_2_6_fu_705_p3        |    select|   0|  0|  32|           1|          32|
    |eps_2_2_5_fu_687_p3        |    select|   0|  0|  32|           1|          32|
    |eps_2_2_6_fu_693_p3        |    select|   0|  0|  32|           1|          32|
    |select_ln567_1_fu_738_p3   |    select|   0|  0|  32|           1|          32|
    |select_ln567_fu_731_p3     |    select|   0|  0|  32|           1|          32|
    |select_ln624_1_fu_1056_p3  |    select|   0|  0|  32|           1|          32|
    |select_ln624_2_fu_1063_p3  |    select|   0|  0|  32|           1|          32|
    |select_ln624_fu_1049_p3    |    select|   0|  0|  32|           1|          32|
    |tmp_10_fu_866_p3           |    select|   0|  0|  32|           1|          32|
    |tmp_13_fu_873_p3           |    select|   0|  0|  32|           1|          32|
    |tmp_16_fu_879_p3           |    select|   0|  0|  32|           1|          32|
    |tmp_14_fu_844_p4           |       xor|   0|  0|   3|           2|           3|
    +---------------------------+----------+----+---+----+------------+------------+
    |Total                      |          |   0|  0| 685|         185|         451|
    +---------------------------+----------+----+---+----+------------+------------+

    * Multiplexer: 
    +-----------------------------+-----+-----------+-----+-----------+
    |             Name            | LUT | Input Size| Bits| Total Bits|
    +-----------------------------+-----+-----------+-----+-----------+
    |agg_result_116_2_reg_329     |    9|          2|   32|         64|
    |agg_result_12_2_reg_349      |    9|          2|   32|         64|
    |agg_result_1_2_reg_309       |    9|          2|   32|         64|
    |ap_NS_fsm                    |  246|         56|    1|         56|
    |ap_return_0                  |    9|          2|   32|         64|
    |ap_return_1                  |    9|          2|   32|         64|
    |ap_return_2                  |    9|          2|   32|         64|
    |ap_return_3                  |    9|          2|   32|         64|
    |aux_address0                 |   14|          3|    3|          9|
    |b_1_address0                 |   26|          5|    6|         30|
    |grp_fu_369_p0                |   20|          4|   32|        128|
    |grp_fu_369_p1                |   20|          4|   32|        128|
    |grp_fu_383_p0                |   37|          7|   32|        224|
    |grp_fu_383_p1                |   37|          7|   32|        224|
    |grp_fu_390_p0                |   14|          3|   32|         96|
    |grp_fu_390_p1                |   14|          3|   32|         96|
    |grp_fu_395_p0                |   14|          3|   32|         96|
    |grp_fu_395_p1                |   14|          3|   32|         96|
    |grp_fu_404_p0                |   14|          3|   32|         96|
    |grp_fu_404_p1                |   14|          3|   32|         96|
    |grp_fu_416_p0                |   14|          3|    1|          3|
    |i_1_fu_114                   |    9|          2|    2|          4|
    |i_2_fu_142                   |    9|          2|    3|          6|
    |i_3_fu_146                   |    9|          2|    2|          4|
    |i_4_fu_162                   |    9|          2|    2|          4|
    |i_fu_110                     |    9|          2|    2|          4|
    |reg_443                      |    9|          2|   32|         64|
    |res_reg_286                  |    9|          2|    1|          2|
    |this_p_write_assign_reg_358  |    9|          2|   31|         62|
    |write_flag4_2_reg_318        |    9|          2|    1|          2|
    |write_flag8_2_reg_338        |    9|          2|    1|          2|
    |write_flag_2_reg_298         |    9|          2|    1|          2|
    +-----------------------------+-----+-----------+-----+-----------+
    |Total                        |  660|        143|  633|       1982|
    +-----------------------------+-----+-----------+-----+-----------+

    * Register: 
    +-----------------------------+----+----+-----+-----------+
    |             Name            | FF | LUT| Bits| Const Bits|
    +-----------------------------+----+----+-----+-----------+
    |add_ln187_reg_1366           |   2|   0|    2|          0|
    |agg_result_116_0_fu_174      |  32|   0|   32|          0|
    |agg_result_116_2_reg_329     |  32|   0|   32|          0|
    |agg_result_12_0_fu_166       |  32|   0|   32|          0|
    |agg_result_12_2_reg_349      |  32|   0|   32|          0|
    |agg_result_1_0_fu_182        |  32|   0|   32|          0|
    |agg_result_1_2_reg_309       |  32|   0|   32|          0|
    |and_ln61_1_reg_1158          |   1|   0|    1|          0|
    |ap_CS_fsm                    |  55|   0|   55|          0|
    |ap_return_0_preg             |  32|   0|   32|          0|
    |ap_return_1_preg             |  32|   0|   32|          0|
    |ap_return_2_preg             |  32|   0|   32|          0|
    |ap_return_3_preg             |  32|   0|   32|          0|
    |b_1_addr_1_reg_1127          |   6|   0|    6|          0|
    |b_1_addr_2_reg_1132          |   6|   0|    6|          0|
    |eps_1_2_3_fu_138             |  32|   0|   32|          0|
    |eps_1_2_fu_134               |  32|   0|   32|          0|
    |eps_2_1_reg_1260             |  32|   0|   32|          0|
    |eps_2_2_3_fu_122             |  32|   0|   32|          0|
    |eps_2_2_fu_118               |  32|   0|   32|          0|
    |eps_3_2_1_fu_154             |  32|   0|   32|          0|
    |eps_3_2_2_fu_158             |  32|   0|   32|          0|
    |eps_3_2_fu_150               |  32|   0|   32|          0|
    |i_1_fu_114                   |   2|   0|    2|          0|
    |i_2_fu_142                   |   3|   0|    3|          0|
    |i_3_fu_146                   |   2|   0|    2|          0|
    |i_4_fu_162                   |   2|   0|    2|          0|
    |i_8_reg_1359                 |   2|   0|    2|          0|
    |i_fu_110                     |   2|   0|    2|          0|
    |icmp_ln172_1_reg_1287        |   1|   0|    1|          0|
    |icmp_ln172_2_reg_1297        |   1|   0|    1|          0|
    |icmp_ln172_reg_1277          |   1|   0|    1|          0|
    |icmp_ln566_reg_1243          |   1|   0|    1|          0|
    |icmp_ln61_reg_1137           |   1|   0|    1|          0|
    |normalizer_1_reg_1141        |  32|   0|   32|          0|
    |normalizer_reg_1461          |  32|   0|   32|          0|
    |notlhs13_reg_1220            |   1|   0|    1|          0|
    |notrhs14_reg_1225            |   1|   0|    1|          0|
    |num_res_load_1_fu_126        |  32|   0|   32|          0|
    |num_res_load_2_fu_130        |  32|   0|   32|          0|
    |or_ln61_reg_1150             |   1|   0|    1|          0|
    |p_reg_1422                   |  31|   0|   31|          0|
    |reg_443                      |  32|   0|   32|          0|
    |reg_451                      |  32|   0|   32|          0|
    |reg_457                      |  32|   0|   32|          0|
    |reg_462                      |  32|   0|   32|          0|
    |res_reg_286                  |   1|   0|    1|          0|
    |sub_ln61_reg_1094            |   6|   0|    6|          0|
    |this_p_write_assign_reg_358  |  31|   0|   31|          0|
    |tmp_10_reg_1337              |  32|   0|   32|          0|
    |tmp_11_reg_1292              |  32|   0|   32|          0|
    |tmp_13_reg_1348              |  32|   0|   32|          0|
    |tmp_14_reg_1302              |  32|   0|   32|          0|
    |tmp_16_reg_1354              |  32|   0|   32|          0|
    |tmp_2_reg_1451               |  32|   0|   32|          0|
    |tmp_3_reg_1456               |  32|   0|   32|          0|
    |tmp_9_reg_1282               |  32|   0|   32|          0|
    |tmp_reg_1446                 |  32|   0|   32|          0|
    |write_flag4_0_fu_178         |   1|   0|    1|          0|
    |write_flag4_2_reg_318        |   1|   0|    1|          0|
    |write_flag8_0_fu_170         |   1|   0|    1|          0|
    |write_flag8_2_reg_338        |   1|   0|    1|          0|
    |write_flag_0_fu_186          |   1|   0|    1|          0|
    |write_flag_2_reg_298         |   1|   0|    1|          0|
    |zext_ln169_reg_1269          |   3|   0|   64|         61|
    +-----------------------------+----+----+-----+-----------+
    |Total                        |1289|   0| 1350|         61|
    +-----------------------------+----+----+-----+-----------+



================================================================
== Interface
================================================================
* Summary: 
+-----------------------+-----+-----+------------+--------------+--------------+
|       RTL Ports       | Dir | Bits|  Protocol  | Source Object|    C Type    |
+-----------------------+-----+-----+------------+--------------+--------------+
|ap_clk                 |   in|    1|  ap_ctrl_hs|          sqrt|  return value|
|ap_rst                 |   in|    1|  ap_ctrl_hs|          sqrt|  return value|
|ap_start               |   in|    1|  ap_ctrl_hs|          sqrt|  return value|
|ap_done                |  out|    1|  ap_ctrl_hs|          sqrt|  return value|
|ap_idle                |  out|    1|  ap_ctrl_hs|          sqrt|  return value|
|ap_ready               |  out|    1|  ap_ctrl_hs|          sqrt|  return value|
|ap_return_0            |  out|   32|  ap_ctrl_hs|          sqrt|  return value|
|ap_return_1            |  out|   32|  ap_ctrl_hs|          sqrt|  return value|
|ap_return_2            |  out|   32|  ap_ctrl_hs|          sqrt|  return value|
|ap_return_3            |  out|   32|  ap_ctrl_hs|          sqrt|  return value|
|grp_fu_12725_p_din0    |  out|   32|  ap_ctrl_hs|          sqrt|  return value|
|grp_fu_12725_p_din1    |  out|   32|  ap_ctrl_hs|          sqrt|  return value|
|grp_fu_12725_p_opcode  |  out|    2|  ap_ctrl_hs|          sqrt|  return value|
|grp_fu_12725_p_dout0   |   in|   32|  ap_ctrl_hs|          sqrt|  return value|
|grp_fu_12725_p_ce      |  out|    1|  ap_ctrl_hs|          sqrt|  return value|
|grp_fu_4183_p_din0     |  out|   32|  ap_ctrl_hs|          sqrt|  return value|
|grp_fu_4183_p_din1     |  out|   32|  ap_ctrl_hs|          sqrt|  return value|
|grp_fu_4183_p_opcode   |  out|    1|  ap_ctrl_hs|          sqrt|  return value|
|grp_fu_4183_p_dout0    |   in|   32|  ap_ctrl_hs|          sqrt|  return value|
|grp_fu_4183_p_ce       |  out|    1|  ap_ctrl_hs|          sqrt|  return value|
|grp_fu_4190_p_din0     |  out|   32|  ap_ctrl_hs|          sqrt|  return value|
|grp_fu_4190_p_din1     |  out|   32|  ap_ctrl_hs|          sqrt|  return value|
|grp_fu_4190_p_opcode   |  out|    2|  ap_ctrl_hs|          sqrt|  return value|
|grp_fu_4190_p_dout0    |   in|   32|  ap_ctrl_hs|          sqrt|  return value|
|grp_fu_4190_p_ce       |  out|    1|  ap_ctrl_hs|          sqrt|  return value|
|grp_fu_4198_p_din0     |  out|   32|  ap_ctrl_hs|          sqrt|  return value|
|grp_fu_4198_p_din1     |  out|   32|  ap_ctrl_hs|          sqrt|  return value|
|grp_fu_4198_p_dout0    |   in|   32|  ap_ctrl_hs|          sqrt|  return value|
|grp_fu_4198_p_ce       |  out|    1|  ap_ctrl_hs|          sqrt|  return value|
|grp_fu_4204_p_din0     |  out|   32|  ap_ctrl_hs|          sqrt|  return value|
|grp_fu_4204_p_din1     |  out|   32|  ap_ctrl_hs|          sqrt|  return value|
|grp_fu_4204_p_dout0    |   in|   32|  ap_ctrl_hs|          sqrt|  return value|
|grp_fu_4204_p_ce       |  out|    1|  ap_ctrl_hs|          sqrt|  return value|
|grp_fu_12729_p_din0    |  out|   32|  ap_ctrl_hs|          sqrt|  return value|
|grp_fu_12729_p_din1    |  out|   32|  ap_ctrl_hs|          sqrt|  return value|
|grp_fu_12729_p_dout0   |   in|   32|  ap_ctrl_hs|          sqrt|  return value|
|grp_fu_12729_p_ce      |  out|    1|  ap_ctrl_hs|          sqrt|  return value|
|grp_fu_4211_p_din0     |  out|   32|  ap_ctrl_hs|          sqrt|  return value|
|grp_fu_4211_p_din1     |  out|   32|  ap_ctrl_hs|          sqrt|  return value|
|grp_fu_4211_p_dout0    |   in|   32|  ap_ctrl_hs|          sqrt|  return value|
|grp_fu_4211_p_ce       |  out|    1|  ap_ctrl_hs|          sqrt|  return value|
|grp_fu_4235_p_din0     |  out|   32|  ap_ctrl_hs|          sqrt|  return value|
|grp_fu_4235_p_din1     |  out|   32|  ap_ctrl_hs|          sqrt|  return value|
|grp_fu_4235_p_opcode   |  out|    5|  ap_ctrl_hs|          sqrt|  return value|
|grp_fu_4235_p_dout0    |   in|    1|  ap_ctrl_hs|          sqrt|  return value|
|grp_fu_4235_p_ce       |  out|    1|  ap_ctrl_hs|          sqrt|  return value|
|p_read                 |   in|   32|     ap_none|        p_read|        scalar|
|p_read1                |   in|   32|     ap_none|       p_read1|        scalar|
|p_read2                |   in|   32|     ap_none|       p_read2|        scalar|
|b_p_read               |   in|   32|     ap_none|      b_p_read|        scalar|
|b_1_address0           |  out|    6|   ap_memory|           b_1|         array|
|b_1_ce0                |  out|    1|   ap_memory|           b_1|         array|
|b_1_q0                 |   in|   32|   ap_memory|           b_1|         array|
|b_1_address1           |  out|    6|   ap_memory|           b_1|         array|
|b_1_ce1                |  out|    1|   ap_memory|           b_1|         array|
|b_1_q1                 |   in|   32|   ap_memory|           b_1|         array|
|b_1_offset             |   in|    4|     ap_none|    b_1_offset|        scalar|
+-----------------------+-----+-----+------------+--------------+--------------+

