
*** Running vivado
    with args -log main_0.vds -m64 -product Vivado -mode batch -messageDb vivado.pb -notrace -source main_0.tcl


****** Vivado v2021.2 (64-bit)
  **** SW Build 3367213 on Tue Oct 19 02:47:39 MDT 2021
  **** IP Build 3369179 on Thu Oct 21 08:25:16 MDT 2021
    ** Copyright 1986-2021 Xilinx, Inc. All Rights Reserved.

source main_0.tcl -notrace
INFO: [IP_Flow 19-234] Refreshing IP repositories
INFO: [IP_Flow 19-1700] Loaded user IP repository '/home/lorenzo/Documents/PhD/GitHub/ArithmeticNonStandarNumbersLibrary/fpga/hls/ban/solution1/impl/ip'.
INFO: [IP_Flow 19-2313] Loaded Vivado IP repository '/home/lorenzo/Programs/Vivado/2021.2/data/ip'.
Command: synth_design -top main_0 -part xczu7ev-ffvc1156-2-e -mode out_of_context
Starting synth_design
Attempting to get a license for feature 'Synthesis' and/or device 'xczu7ev'
INFO: [Common 17-349] Got license for feature 'Synthesis' and/or device 'xczu7ev'
INFO: [Device 21-403] Loading part xczu7ev-ffvc1156-2-e
INFO: [Synth 8-7079] Multithreading enabled for synth_design using a maximum of 4 processes.
INFO: [Synth 8-7078] Launching helper process for spawning children vivado processes
INFO: [Synth 8-7075] Helper process launched with PID 21113
---------------------------------------------------------------------------------
Starting RTL Elaboration : Time (s): cpu = 00:00:02 ; elapsed = 00:00:03 . Memory (MB): peak = 3266.840 ; gain = 156.762 ; free physical = 6270 ; free virtual = 25584
---------------------------------------------------------------------------------
INFO: [Synth 8-6157] synthesizing module 'main_0' [/home/lorenzo/Documents/PhD/GitHub/ArithmeticNonStandarNumbersLibrary/fpga/hls/ban_vivado/ban_vivado.gen/sources_1/ip/main_0/synth/main_0.v:58]
INFO: [Synth 8-6157] synthesizing module 'main' [/home/lorenzo/Documents/PhD/GitHub/ArithmeticNonStandarNumbersLibrary/fpga/hls/ban_vivado/ban_vivado.gen/sources_1/ip/main_0/hdl/verilog/main.v:12]
INFO: [Synth 8-6157] synthesizing module 'main_main_Pipeline_VITIS_LOOP_21_1' [/home/lorenzo/Documents/PhD/GitHub/ArithmeticNonStandarNumbersLibrary/fpga/hls/ban_vivado/ban_vivado.gen/sources_1/ip/main_0/hdl/verilog/main_main_Pipeline_VITIS_LOOP_21_1.v:10]
INFO: [Synth 8-6157] synthesizing module 'main_mux_32_32_1_1' [/home/lorenzo/Documents/PhD/GitHub/ArithmeticNonStandarNumbersLibrary/fpga/hls/ban_vivado/ban_vivado.gen/sources_1/ip/main_0/hdl/verilog/main_mux_32_32_1_1.v:8]
INFO: [Synth 8-6155] done synthesizing module 'main_mux_32_32_1_1' (1#1) [/home/lorenzo/Documents/PhD/GitHub/ArithmeticNonStandarNumbersLibrary/fpga/hls/ban_vivado/ban_vivado.gen/sources_1/ip/main_0/hdl/verilog/main_mux_32_32_1_1.v:8]
INFO: [Synth 8-6157] synthesizing module 'main_flow_control_loop_pipe_sequential_init' [/home/lorenzo/Documents/PhD/GitHub/ArithmeticNonStandarNumbersLibrary/fpga/hls/ban_vivado/ban_vivado.gen/sources_1/ip/main_0/hdl/verilog/main_flow_control_loop_pipe_sequential_init.v:8]
INFO: [Synth 8-6155] done synthesizing module 'main_flow_control_loop_pipe_sequential_init' (2#1) [/home/lorenzo/Documents/PhD/GitHub/ArithmeticNonStandarNumbersLibrary/fpga/hls/ban_vivado/ban_vivado.gen/sources_1/ip/main_0/hdl/verilog/main_flow_control_loop_pipe_sequential_init.v:8]
INFO: [Synth 8-6155] done synthesizing module 'main_main_Pipeline_VITIS_LOOP_21_1' (3#1) [/home/lorenzo/Documents/PhD/GitHub/ArithmeticNonStandarNumbersLibrary/fpga/hls/ban_vivado/ban_vivado.gen/sources_1/ip/main_0/hdl/verilog/main_main_Pipeline_VITIS_LOOP_21_1.v:10]
INFO: [Synth 8-6157] synthesizing module 'main_main_Pipeline_VITIS_LOOP_142_1' [/home/lorenzo/Documents/PhD/GitHub/ArithmeticNonStandarNumbersLibrary/fpga/hls/ban_vivado/ban_vivado.gen/sources_1/ip/main_0/hdl/verilog/main_main_Pipeline_VITIS_LOOP_142_1.v:10]
INFO: [Synth 8-6155] done synthesizing module 'main_main_Pipeline_VITIS_LOOP_142_1' (4#1) [/home/lorenzo/Documents/PhD/GitHub/ArithmeticNonStandarNumbersLibrary/fpga/hls/ban_vivado/ban_vivado.gen/sources_1/ip/main_0/hdl/verilog/main_main_Pipeline_VITIS_LOOP_142_1.v:10]
INFO: [Synth 8-6155] done synthesizing module 'main' (5#1) [/home/lorenzo/Documents/PhD/GitHub/ArithmeticNonStandarNumbersLibrary/fpga/hls/ban_vivado/ban_vivado.gen/sources_1/ip/main_0/hdl/verilog/main.v:12]
INFO: [Synth 8-6155] done synthesizing module 'main_0' (6#1) [/home/lorenzo/Documents/PhD/GitHub/ArithmeticNonStandarNumbersLibrary/fpga/hls/ban_vivado/ban_vivado.gen/sources_1/ip/main_0/synth/main_0.v:58]
---------------------------------------------------------------------------------
Finished RTL Elaboration : Time (s): cpu = 00:00:03 ; elapsed = 00:00:03 . Memory (MB): peak = 3313.809 ; gain = 203.730 ; free physical = 6086 ; free virtual = 25393
---------------------------------------------------------------------------------
---------------------------------------------------------------------------------
Start Handling Custom Attributes
---------------------------------------------------------------------------------
---------------------------------------------------------------------------------
Finished Handling Custom Attributes : Time (s): cpu = 00:00:04 ; elapsed = 00:00:04 . Memory (MB): peak = 3331.621 ; gain = 221.543 ; free physical = 6940 ; free virtual = 26246
---------------------------------------------------------------------------------
---------------------------------------------------------------------------------
Finished RTL Optimization Phase 1 : Time (s): cpu = 00:00:04 ; elapsed = 00:00:04 . Memory (MB): peak = 3331.621 ; gain = 221.543 ; free physical = 6940 ; free virtual = 26246
---------------------------------------------------------------------------------
Netlist sorting complete. Time (s): cpu = 00:00:00.01 ; elapsed = 00:00:00 . Memory (MB): peak = 3331.621 ; gain = 0.000 ; free physical = 6934 ; free virtual = 26240
INFO: [Project 1-570] Preparing netlist for logic optimization

Processing XDC Constraints
Initializing timing engine
Parsing XDC File [/home/lorenzo/Documents/PhD/GitHub/ArithmeticNonStandarNumbersLibrary/fpga/hls/ban_vivado/ban_vivado.gen/sources_1/ip/main_0/constraints/main_ooc.xdc] for cell 'inst'
Finished Parsing XDC File [/home/lorenzo/Documents/PhD/GitHub/ArithmeticNonStandarNumbersLibrary/fpga/hls/ban_vivado/ban_vivado.gen/sources_1/ip/main_0/constraints/main_ooc.xdc] for cell 'inst'
Parsing XDC File [/home/lorenzo/Documents/PhD/GitHub/ArithmeticNonStandarNumbersLibrary/fpga/hls/ban_vivado/ban_vivado.runs/main_0_synth_1/dont_touch.xdc]
Finished Parsing XDC File [/home/lorenzo/Documents/PhD/GitHub/ArithmeticNonStandarNumbersLibrary/fpga/hls/ban_vivado/ban_vivado.runs/main_0_synth_1/dont_touch.xdc]
Completed Processing XDC Constraints

Netlist sorting complete. Time (s): cpu = 00:00:00 ; elapsed = 00:00:00 . Memory (MB): peak = 3514.277 ; gain = 0.000 ; free physical = 6934 ; free virtual = 26239
INFO: [Project 1-111] Unisim Transformation Summary:
No Unisim elements were transformed.

Constraint Validation Runtime : Time (s): cpu = 00:00:00.01 ; elapsed = 00:00:00 . Memory (MB): peak = 3514.277 ; gain = 0.000 ; free physical = 6934 ; free virtual = 26239
---------------------------------------------------------------------------------
Finished Constraint Validation : Time (s): cpu = 00:00:10 ; elapsed = 00:00:11 . Memory (MB): peak = 3514.277 ; gain = 404.199 ; free physical = 7019 ; free virtual = 26318
---------------------------------------------------------------------------------
---------------------------------------------------------------------------------
Start Loading Part and Timing Information
---------------------------------------------------------------------------------
Loading part: xczu7ev-ffvc1156-2-e
INFO: [Synth 8-6742] Reading net delay rules and data
---------------------------------------------------------------------------------
Finished Loading Part and Timing Information : Time (s): cpu = 00:00:10 ; elapsed = 00:00:11 . Memory (MB): peak = 3514.277 ; gain = 404.199 ; free physical = 7019 ; free virtual = 26318
---------------------------------------------------------------------------------
---------------------------------------------------------------------------------
Start Applying 'set_property' XDC Constraints
---------------------------------------------------------------------------------
Applied set_property KEEP_HIERARCHY = SOFT for inst. (constraint file  /home/lorenzo/Documents/PhD/GitHub/ArithmeticNonStandarNumbersLibrary/fpga/hls/ban_vivado/ban_vivado.runs/main_0_synth_1/dont_touch.xdc, line 9).
---------------------------------------------------------------------------------
Finished applying 'set_property' XDC Constraints : Time (s): cpu = 00:00:10 ; elapsed = 00:00:11 . Memory (MB): peak = 3514.277 ; gain = 404.199 ; free physical = 7019 ; free virtual = 26318
---------------------------------------------------------------------------------
INFO: [Synth 8-4490] FSM extraction disabled for register 'ap_CS_fsm_reg' through user attribute
---------------------------------------------------------------------------------
Finished RTL Optimization Phase 2 : Time (s): cpu = 00:00:10 ; elapsed = 00:00:11 . Memory (MB): peak = 3514.277 ; gain = 404.199 ; free physical = 7004 ; free virtual = 26304
---------------------------------------------------------------------------------
---------------------------------------------------------------------------------
Start RTL Component Statistics 
---------------------------------------------------------------------------------
Detailed RTL Component Info : 
+---Adders : 
	   2 Input    2 Bit       Adders := 2     
+---XORs : 
	   2 Input     32 Bit         XORs := 1     
+---Registers : 
	               32 Bit    Registers := 6     
	                4 Bit    Registers := 1     
	                2 Bit    Registers := 2     
	                1 Bit    Registers := 11    
+---Muxes : 
	   2 Input   32 Bit        Muxes := 7     
	   2 Input    4 Bit        Muxes := 1     
	   2 Input    3 Bit        Muxes := 1     
	   2 Input    2 Bit        Muxes := 2     
	   2 Input    1 Bit        Muxes := 20    
---------------------------------------------------------------------------------
Finished RTL Component Statistics 
---------------------------------------------------------------------------------
---------------------------------------------------------------------------------
Start Part Resource Summary
---------------------------------------------------------------------------------
Part Resources:
DSPs: 1728 (col length:144)
BRAMs: 624 (col length: RAMB18 144 RAMB36 72)
---------------------------------------------------------------------------------
Finished Part Resource Summary
---------------------------------------------------------------------------------
---------------------------------------------------------------------------------
Start Cross Boundary and Area Optimization
---------------------------------------------------------------------------------
WARNING: [Synth 8-7080] Parallel synthesis criteria is not met
---------------------------------------------------------------------------------
Finished Cross Boundary and Area Optimization : Time (s): cpu = 00:00:11 ; elapsed = 00:00:12 . Memory (MB): peak = 3514.277 ; gain = 404.199 ; free physical = 6990 ; free virtual = 26292
---------------------------------------------------------------------------------
---------------------------------------------------------------------------------
Start Applying XDC Timing Constraints
---------------------------------------------------------------------------------
---------------------------------------------------------------------------------
Finished Applying XDC Timing Constraints : Time (s): cpu = 00:00:18 ; elapsed = 00:00:19 . Memory (MB): peak = 3873.855 ; gain = 763.777 ; free physical = 6408 ; free virtual = 25716
---------------------------------------------------------------------------------
---------------------------------------------------------------------------------
Start Timing Optimization
---------------------------------------------------------------------------------
---------------------------------------------------------------------------------
Finished Timing Optimization : Time (s): cpu = 00:00:18 ; elapsed = 00:00:19 . Memory (MB): peak = 3892.887 ; gain = 782.809 ; free physical = 6406 ; free virtual = 25713
---------------------------------------------------------------------------------
---------------------------------------------------------------------------------
Start Technology Mapping
---------------------------------------------------------------------------------
---------------------------------------------------------------------------------
Finished Technology Mapping : Time (s): cpu = 00:00:18 ; elapsed = 00:00:19 . Memory (MB): peak = 3903.918 ; gain = 793.840 ; free physical = 6407 ; free virtual = 25713
---------------------------------------------------------------------------------
---------------------------------------------------------------------------------
Start IO Insertion
---------------------------------------------------------------------------------
---------------------------------------------------------------------------------
Start Flattening Before IO Insertion
---------------------------------------------------------------------------------
---------------------------------------------------------------------------------
Finished Flattening Before IO Insertion
---------------------------------------------------------------------------------
---------------------------------------------------------------------------------
Start Final Netlist Cleanup
---------------------------------------------------------------------------------
---------------------------------------------------------------------------------
Finished Final Netlist Cleanup
---------------------------------------------------------------------------------
---------------------------------------------------------------------------------
Finished IO Insertion : Time (s): cpu = 00:00:21 ; elapsed = 00:00:22 . Memory (MB): peak = 3903.918 ; gain = 793.840 ; free physical = 6389 ; free virtual = 25698
---------------------------------------------------------------------------------
---------------------------------------------------------------------------------
Start Renaming Generated Instances
---------------------------------------------------------------------------------
---------------------------------------------------------------------------------
Finished Renaming Generated Instances : Time (s): cpu = 00:00:21 ; elapsed = 00:00:22 . Memory (MB): peak = 3903.918 ; gain = 793.840 ; free physical = 6389 ; free virtual = 25698
---------------------------------------------------------------------------------
---------------------------------------------------------------------------------
Start Rebuilding User Hierarchy
---------------------------------------------------------------------------------
---------------------------------------------------------------------------------
Finished Rebuilding User Hierarchy : Time (s): cpu = 00:00:21 ; elapsed = 00:00:22 . Memory (MB): peak = 3903.918 ; gain = 793.840 ; free physical = 6389 ; free virtual = 25698
---------------------------------------------------------------------------------
---------------------------------------------------------------------------------
Start Renaming Generated Ports
---------------------------------------------------------------------------------
---------------------------------------------------------------------------------
Finished Renaming Generated Ports : Time (s): cpu = 00:00:21 ; elapsed = 00:00:22 . Memory (MB): peak = 3903.918 ; gain = 793.840 ; free physical = 6389 ; free virtual = 25698
---------------------------------------------------------------------------------
---------------------------------------------------------------------------------
Start Handling Custom Attributes
---------------------------------------------------------------------------------
---------------------------------------------------------------------------------
Finished Handling Custom Attributes : Time (s): cpu = 00:00:21 ; elapsed = 00:00:22 . Memory (MB): peak = 3903.918 ; gain = 793.840 ; free physical = 6389 ; free virtual = 25698
---------------------------------------------------------------------------------
---------------------------------------------------------------------------------
Start Renaming Generated Nets
---------------------------------------------------------------------------------
---------------------------------------------------------------------------------
Finished Renaming Generated Nets : Time (s): cpu = 00:00:21 ; elapsed = 00:00:22 . Memory (MB): peak = 3903.918 ; gain = 793.840 ; free physical = 6389 ; free virtual = 25698
---------------------------------------------------------------------------------
---------------------------------------------------------------------------------
Start Writing Synthesis Report
---------------------------------------------------------------------------------

Report BlackBoxes: 
+-+--------------+----------+
| |BlackBox name |Instances |
+-+--------------+----------+
+-+--------------+----------+

Report Cell Usage: 
+------+-----+------+
|      |Cell |Count |
+------+-----+------+
|1     |LUT1 |     1|
|2     |LUT2 |     4|
|3     |LUT3 |     3|
|4     |LUT4 |     2|
|5     |LUT5 |     6|
|6     |LUT6 |     6|
|7     |FDRE |    14|
|8     |FDSE |     1|
+------+-----+------+
---------------------------------------------------------------------------------
Finished Writing Synthesis Report : Time (s): cpu = 00:00:21 ; elapsed = 00:00:22 . Memory (MB): peak = 3903.918 ; gain = 793.840 ; free physical = 6389 ; free virtual = 25698
---------------------------------------------------------------------------------
Synthesis finished with 0 errors, 0 critical warnings and 1 warnings.
Synthesis Optimization Runtime : Time (s): cpu = 00:00:17 ; elapsed = 00:00:18 . Memory (MB): peak = 3903.918 ; gain = 611.184 ; free physical = 6431 ; free virtual = 25739
Synthesis Optimization Complete : Time (s): cpu = 00:00:21 ; elapsed = 00:00:22 . Memory (MB): peak = 3903.926 ; gain = 793.840 ; free physical = 6431 ; free virtual = 25739
INFO: [Project 1-571] Translating synthesized netlist
Netlist sorting complete. Time (s): cpu = 00:00:00 ; elapsed = 00:00:00 . Memory (MB): peak = 3914.887 ; gain = 0.000 ; free physical = 6522 ; free virtual = 25829
INFO: [Project 1-570] Preparing netlist for logic optimization
INFO: [Opt 31-138] Pushed 0 inverter(s) to 0 load pin(s).
Netlist sorting complete. Time (s): cpu = 00:00:00 ; elapsed = 00:00:00 . Memory (MB): peak = 3969.684 ; gain = 0.000 ; free physical = 6456 ; free virtual = 25762
INFO: [Project 1-111] Unisim Transformation Summary:
No Unisim elements were transformed.

Synth Design complete, checksum: c73bc0ff
INFO: [Common 17-83] Releasing license: Synthesis
29 Infos, 1 Warnings, 0 Critical Warnings and 0 Errors encountered.
synth_design completed successfully
synth_design: Time (s): cpu = 00:00:29 ; elapsed = 00:00:27 . Memory (MB): peak = 3969.684 ; gain = 1072.609 ; free physical = 6655 ; free virtual = 25961
INFO: [Common 17-1381] The checkpoint '/home/lorenzo/Documents/PhD/GitHub/ArithmeticNonStandarNumbersLibrary/fpga/hls/ban_vivado/ban_vivado.runs/main_0_synth_1/main_0.dcp' has been generated.
INFO: [Coretcl 2-1648] Added synthesis output to IP cache for IP main_0, cache-ID = ee9fc39f553c128f
INFO: [Coretcl 2-1174] Renamed 5 cell refs.
INFO: [Common 17-1381] The checkpoint '/home/lorenzo/Documents/PhD/GitHub/ArithmeticNonStandarNumbersLibrary/fpga/hls/ban_vivado/ban_vivado.runs/main_0_synth_1/main_0.dcp' has been generated.
INFO: [runtcl-4] Executing : report_utilization -file main_0_utilization_synth.rpt -pb main_0_utilization_synth.pb
INFO: [Common 17-206] Exiting Vivado at Mon Jan 31 16:38:27 2022...
