

================================================================
== Vitis HLS Report for 'ban_interface_Pipeline_VITIS_LOOP_68_1'
================================================================
* Date:           Tue Feb  8 15:34:38 2022

* Version:        2021.2 (Build 3367213 on Tue Oct 19 02:47:39 MDT 2021)
* Project:        ban_interface
* Solution:       solution1 (Vivado IP Flow Target)
* Product family: zynquplus
* Target device:  xczu7ev-ffvc1156-2-e


================================================================
== Performance Estimates
================================================================
+ Timing: 
    * Summary: 
    +--------+----------+----------+------------+
    |  Clock |  Target  | Estimated| Uncertainty|
    +--------+----------+----------+------------+
    |ap_clk  |  10.00 ns|  5.696 ns|     2.70 ns|
    +--------+----------+----------+------------+

+ Latency: 
    * Summary: 
    +---------+---------+-----------+-----------+-----+-----+---------+
    |  Latency (cycles) |   Latency (absolute)  |  Interval | Pipeline|
    |   min   |   max   |    min    |    max    | min | max |   Type  |
    +---------+---------+-----------+-----------+-----+-----+---------+
    |        5|        5|  50.000 ns|  50.000 ns|    5|    5|       no|
    +---------+---------+-----------+-----------+-----+-----+---------+

    + Detail: 
        * Instance: 
        N/A

        * Loop: 
        +-------------------+---------+---------+----------+-----------+-----------+------+----------+
        |                   |  Latency (cycles) | Iteration|  Initiation Interval  | Trip |          |
        |     Loop Name     |   min   |   max   |  Latency |  achieved |   target  | Count| Pipelined|
        +-------------------+---------+---------+----------+-----------+-----------+------+----------+
        |- VITIS_LOOP_68_1  |        3|        3|         3|          1|          1|     2|       yes|
        +-------------------+---------+---------+----------+-----------+-----------+------+----------+



================================================================
== Utilization Estimates
================================================================
* Summary: 
+-----------------+---------+------+--------+--------+-----+
|       Name      | BRAM_18K|  DSP |   FF   |   LUT  | URAM|
+-----------------+---------+------+--------+--------+-----+
|DSP              |        -|     -|       -|       -|    -|
|Expression       |        -|     -|       0|    1625|    -|
|FIFO             |        -|     -|       -|       -|    -|
|Instance         |        -|     -|       -|       -|    -|
|Memory           |        -|     -|       -|       -|    -|
|Multiplexer      |        -|     -|       -|      45|    -|
|Register         |        -|     -|      46|       -|    -|
+-----------------+---------+------+--------+--------+-----+
|Total            |        0|     0|      46|    1670|    0|
+-----------------+---------+------+--------+--------+-----+
|Available        |      624|  1728|  460800|  230400|   96|
+-----------------+---------+------+--------+--------+-----+
|Utilization (%)  |        0|     0|      ~0|      ~0|    0|
+-----------------+---------+------+--------+--------+-----+

+ Detail: 
    * Instance: 
    N/A

    * DSP: 
    N/A

    * Memory: 
    N/A

    * FIFO: 
    N/A

    * Expression: 
    +-----------------------+----------+----+---+-----+------------+------------+
    |     Variable Name     | Operation| DSP| FF| LUT | Bitwidth P0| Bitwidth P1|
    +-----------------------+----------+----+---+-----+------------+------------+
    |add_ln68_fu_235_p2     |         +|   0|  0|    9|           2|           1|
    |add_ln69_3_fu_127_p2   |         +|   0|  0|   14|           7|           6|
    |add_ln69_4_fu_145_p2   |         +|   0|  0|   15|           8|           1|
    |add_ln69_fu_121_p2     |         +|   0|  0|   14|           7|           6|
    |sub_ln69_fu_187_p2     |         -|   0|  0|  135|         128|         128|
    |and_ln69_fu_193_p2     |       and|   0|  0|  128|         128|         128|
    |empty_58_fu_254_p2     |       and|   0|  0|    2|           1|           1|
    |res_5_fu_260_p2        |       and|   0|  0|    2|           1|           1|
    |icmp_ln68_fu_107_p2    |      icmp|   0|  0|    8|           2|           2|
    |notlhs851_fu_223_p2    |      icmp|   0|  0|   11|           8|           2|
    |notrhs852_fu_229_p2    |      icmp|   0|  0|   16|          23|           1|
    |lshr_ln69_fu_199_p2    |      lshr|   0|  0|  423|         128|         128|
    |empty_57_fu_250_p2     |        or|   0|  0|    2|           1|           1|
    |select_ln69_fu_169_p3  |    select|   0|  0|  107|           1|           1|
    |shl_ln69_2_fu_177_p2   |       shl|   0|  0|  314|           1|          97|
    |shl_ln69_fu_155_p2     |       shl|   0|  0|  423|           1|         128|
    |ap_enable_pp0          |       xor|   0|  0|    2|           1|           2|
    +-----------------------+----------+----+---+-----+------------+------------+
    |Total                  |          |   0|  0| 1625|         448|         634|
    +-----------------------+----------+----+---+-----+------------+------------+

    * Multiplexer: 
    +-------------------------+----+-----------+-----+-----------+
    |           Name          | LUT| Input Size| Bits| Total Bits|
    +-------------------------+----+-----------+-----+-----------+
    |ap_done_int              |   9|          2|    1|          2|
    |ap_enable_reg_pp0_iter2  |   9|          2|    1|          2|
    |ap_sig_allocacmp_i       |   9|          2|    2|          4|
    |i_10_fu_64               |   9|          2|    2|          4|
    |res_reg_81               |   9|          2|    1|          2|
    +-------------------------+----+-----------+-----+-----------+
    |Total                    |  45|         10|    7|         14|
    +-------------------------+----+-----------+-----+-----------+

    * Register: 
    +----------------------------------+----+----+-----+-----------+
    |               Name               | FF | LUT| Bits| Const Bits|
    +----------------------------------+----+----+-----+-----------+
    |ap_CS_fsm                         |   1|   0|    1|          0|
    |ap_done_reg                       |   1|   0|    1|          0|
    |ap_enable_reg_pp0_iter1           |   1|   0|    1|          0|
    |ap_enable_reg_pp0_iter2           |   1|   0|    1|          0|
    |ap_loop_exit_ready_pp0_iter1_reg  |   1|   0|    1|          0|
    |i_10_fu_64                        |   2|   0|    2|          0|
    |icmp_ln68_reg_273                 |   1|   0|    1|          0|
    |icmp_ln68_reg_273_pp0_iter1_reg   |   1|   0|    1|          0|
    |notlhs851_reg_282                 |   1|   0|    1|          0|
    |notlhs851_reg_282_pp0_iter1_reg   |   1|   0|    1|          0|
    |notrhs852_reg_287                 |   1|   0|    1|          0|
    |notrhs852_reg_287_pp0_iter1_reg   |   1|   0|    1|          0|
    |res_reg_81                        |   1|   0|    1|          0|
    |trunc_ln69_reg_277                |  32|   0|   32|          0|
    +----------------------------------+----+----+-----+-----------+
    |Total                             |  46|   0|   46|          0|
    +----------------------------------+----+----+-----+-----------+



================================================================
== Interface
================================================================
* Summary: 
+----------------------+-----+-----+------------+----------------------------------------+--------------+
|       RTL Ports      | Dir | Bits|  Protocol  |              Source Object             |    C Type    |
+----------------------+-----+-----+------------+----------------------------------------+--------------+
|ap_clk                |   in|    1|  ap_ctrl_hs|  ban_interface_Pipeline_VITIS_LOOP_68_1|  return value|
|ap_rst                |   in|    1|  ap_ctrl_hs|  ban_interface_Pipeline_VITIS_LOOP_68_1|  return value|
|ap_start              |   in|    1|  ap_ctrl_hs|  ban_interface_Pipeline_VITIS_LOOP_68_1|  return value|
|ap_done               |  out|    1|  ap_ctrl_hs|  ban_interface_Pipeline_VITIS_LOOP_68_1|  return value|
|ap_idle               |  out|    1|  ap_ctrl_hs|  ban_interface_Pipeline_VITIS_LOOP_68_1|  return value|
|ap_ready              |  out|    1|  ap_ctrl_hs|  ban_interface_Pipeline_VITIS_LOOP_68_1|  return value|
|grp_fu_7441_p_din0    |  out|   32|  ap_ctrl_hs|  ban_interface_Pipeline_VITIS_LOOP_68_1|  return value|
|grp_fu_7441_p_din1    |  out|   32|  ap_ctrl_hs|  ban_interface_Pipeline_VITIS_LOOP_68_1|  return value|
|grp_fu_7441_p_opcode  |  out|    5|  ap_ctrl_hs|  ban_interface_Pipeline_VITIS_LOOP_68_1|  return value|
|grp_fu_7441_p_dout0   |   in|    1|  ap_ctrl_hs|  ban_interface_Pipeline_VITIS_LOOP_68_1|  return value|
|grp_fu_7441_p_ce      |  out|    1|  ap_ctrl_hs|  ban_interface_Pipeline_VITIS_LOOP_68_1|  return value|
|b_op1_load            |   in|  128|     ap_none|                              b_op1_load|        scalar|
|res_9_out             |  out|    1|      ap_vld|                               res_9_out|       pointer|
|res_9_out_ap_vld      |  out|    1|      ap_vld|                               res_9_out|       pointer|
+----------------------+-----+-----+------------+----------------------------------------+--------------+

