

================================================================
== Vitis HLS Report for 'ban_interface_Pipeline_VITIS_LOOP_53_14'
================================================================
* Date:           Tue Feb  8 15:34:44 2022

* Version:        2021.2 (Build 3367213 on Tue Oct 19 02:47:39 MDT 2021)
* Project:        ban_interface
* Solution:       solution1 (Vivado IP Flow Target)
* Product family: zynquplus
* Target device:  xczu7ev-ffvc1156-2-e


================================================================
== Performance Estimates
================================================================
+ Timing: 
    * Summary: 
    +--------+----------+----------+------------+
    |  Clock |  Target  | Estimated| Uncertainty|
    +--------+----------+----------+------------+
    |ap_clk  |  10.00 ns|  5.696 ns|     2.70 ns|
    +--------+----------+----------+------------+

+ Latency: 
    * Summary: 
    +---------+---------+-----------+-----------+-----+-----+---------+
    |  Latency (cycles) |   Latency (absolute)  |  Interval | Pipeline|
    |   min   |   max   |    min    |    max    | min | max |   Type  |
    +---------+---------+-----------+-----------+-----+-----+---------+
    |        6|        6|  60.000 ns|  60.000 ns|    6|    6|       no|
    +---------+---------+-----------+-----------+-----+-----+---------+

    + Detail: 
        * Instance: 
        N/A

        * Loop: 
        +-------------------+---------+---------+----------+-----------+-----------+------+----------+
        |                   |  Latency (cycles) | Iteration|  Initiation Interval  | Trip |          |
        |     Loop Name     |   min   |   max   |  Latency |  achieved |   target  | Count| Pipelined|
        +-------------------+---------+---------+----------+-----------+-----------+------+----------+
        |- VITIS_LOOP_53_1  |        4|        4|         3|          1|          1|     3|       yes|
        +-------------------+---------+---------+----------+-----------+-----------+------+----------+



================================================================
== Utilization Estimates
================================================================
* Summary: 
+-----------------+---------+------+--------+--------+-----+
|       Name      | BRAM_18K|  DSP |   FF   |   LUT  | URAM|
+-----------------+---------+------+--------+--------+-----+
|DSP              |        -|     -|       -|       -|    -|
|Expression       |        -|     -|       0|    2207|    -|
|FIFO             |        -|     -|       -|       -|    -|
|Instance         |        -|     -|       -|       -|    -|
|Memory           |        -|     -|       -|       -|    -|
|Multiplexer      |        -|     -|       -|      45|    -|
|Register         |        -|     -|      82|       -|    -|
+-----------------+---------+------+--------+--------+-----+
|Total            |        0|     0|      82|    2252|    0|
+-----------------+---------+------+--------+--------+-----+
|Available        |      624|  1728|  460800|  230400|   96|
+-----------------+---------+------+--------+--------+-----+
|Utilization (%)  |        0|     0|      ~0|      ~0|    0|
+-----------------+---------+------+--------+--------+-----+

+ Detail: 
    * Instance: 
    N/A

    * DSP: 
    N/A

    * Memory: 
    N/A

    * FIFO: 
    N/A

    * Expression: 
    +-----------------------+----------+----+---+-----+------------+------------+
    |     Variable Name     | Operation| DSP| FF| LUT | Bitwidth P0| Bitwidth P1|
    +-----------------------+----------+----+---+-----+------------+------------+
    |add_ln53_fu_120_p2     |         +|   0|  0|    9|           2|           1|
    |add_ln54_1_fu_140_p2   |         +|   0|  0|   14|           7|           6|
    |add_ln54_2_fu_158_p2   |         +|   0|  0|   15|           8|           1|
    |add_ln54_fu_134_p2     |         +|   0|  0|   14|           7|           6|
    |sub_ln54_fu_200_p2     |         -|   0|  0|  135|         128|         128|
    |and_ln54_1_fu_222_p2   |       and|   0|  0|  128|         128|         128|
    |and_ln54_fu_206_p2     |       and|   0|  0|  128|         128|         128|
    |empty_63_fu_311_p2     |       and|   0|  0|    2|           1|           1|
    |empty_64_fu_317_p2     |       and|   0|  0|    2|           1|           1|
    |res_fu_323_p2          |       and|   0|  0|    2|           1|           1|
    |icmp_ln53_fu_114_p2    |      icmp|   0|  0|    8|           2|           2|
    |notlhs945_fu_266_p2    |      icmp|   0|  0|   11|           8|           2|
    |notlhs947_fu_278_p2    |      icmp|   0|  0|   11|           8|           2|
    |notrhs946_fu_272_p2    |      icmp|   0|  0|   16|          23|           1|
    |notrhs948_fu_284_p2    |      icmp|   0|  0|   16|          23|           1|
    |lshr_ln54_1_fu_228_p2  |      lshr|   0|  0|  423|         128|         128|
    |lshr_ln54_fu_212_p2    |      lshr|   0|  0|  423|         128|         128|
    |empty_61_fu_303_p2     |        or|   0|  0|    2|           1|           1|
    |empty_62_fu_307_p2     |        or|   0|  0|    2|           1|           1|
    |select_ln54_fu_182_p3  |    select|   0|  0|  107|           1|           1|
    |shl_ln54_1_fu_190_p2   |       shl|   0|  0|  314|           1|          97|
    |shl_ln54_fu_168_p2     |       shl|   0|  0|  423|           1|         128|
    |ap_enable_pp0          |       xor|   0|  0|    2|           1|           2|
    +-----------------------+----------+----+---+-----+------------+------------+
    |Total                  |          |   0|  0| 2207|         737|         895|
    +-----------------------+----------+----+---+-----+------------+------------+

    * Multiplexer: 
    +-------------------------+----+-----------+-----+-----------+
    |           Name          | LUT| Input Size| Bits| Total Bits|
    +-------------------------+----+-----------+-----+-----------+
    |ap_done_int              |   9|          2|    1|          2|
    |ap_enable_reg_pp0_iter2  |   9|          2|    1|          2|
    |ap_sig_allocacmp_i       |   9|          2|    2|          4|
    |i_5_fu_66                |   9|          2|    2|          4|
    |res_2_reg_89             |   9|          2|    1|          2|
    +-------------------------+----+-----------+-----+-----------+
    |Total                    |  45|         10|    7|         14|
    +-------------------------+----+-----------+-----+-----------+

    * Register: 
    +----------------------------------+----+----+-----+-----------+
    |               Name               | FF | LUT| Bits| Const Bits|
    +----------------------------------+----+----+-----+-----------+
    |ap_CS_fsm                         |   1|   0|    1|          0|
    |ap_done_reg                       |   1|   0|    1|          0|
    |ap_enable_reg_pp0_iter1           |   1|   0|    1|          0|
    |ap_enable_reg_pp0_iter2           |   1|   0|    1|          0|
    |ap_loop_exit_ready_pp0_iter1_reg  |   1|   0|    1|          0|
    |i_5_fu_66                         |   2|   0|    2|          0|
    |icmp_ln53_reg_336                 |   1|   0|    1|          0|
    |icmp_ln53_reg_336_pp0_iter1_reg   |   1|   0|    1|          0|
    |notlhs945_reg_350                 |   1|   0|    1|          0|
    |notlhs945_reg_350_pp0_iter1_reg   |   1|   0|    1|          0|
    |notlhs947_reg_360                 |   1|   0|    1|          0|
    |notlhs947_reg_360_pp0_iter1_reg   |   1|   0|    1|          0|
    |notrhs946_reg_355                 |   1|   0|    1|          0|
    |notrhs946_reg_355_pp0_iter1_reg   |   1|   0|    1|          0|
    |notrhs948_reg_365                 |   1|   0|    1|          0|
    |notrhs948_reg_365_pp0_iter1_reg   |   1|   0|    1|          0|
    |res_2_reg_89                      |   1|   0|    1|          0|
    |trunc_ln54_1_reg_345              |  32|   0|   32|          0|
    |trunc_ln54_reg_340                |  32|   0|   32|          0|
    +----------------------------------+----+----+-----+-----------+
    |Total                             |  82|   0|   82|          0|
    +----------------------------------+----+----+-----+-----------+



================================================================
== Interface
================================================================
* Summary: 
+----------------------+-----+-----+------------+-----------------------------------------+--------------+
|       RTL Ports      | Dir | Bits|  Protocol  |              Source Object              |    C Type    |
+----------------------+-----+-----+------------+-----------------------------------------+--------------+
|ap_clk                |   in|    1|  ap_ctrl_hs|  ban_interface_Pipeline_VITIS_LOOP_53_14|  return value|
|ap_rst                |   in|    1|  ap_ctrl_hs|  ban_interface_Pipeline_VITIS_LOOP_53_14|  return value|
|ap_start              |   in|    1|  ap_ctrl_hs|  ban_interface_Pipeline_VITIS_LOOP_53_14|  return value|
|ap_done               |  out|    1|  ap_ctrl_hs|  ban_interface_Pipeline_VITIS_LOOP_53_14|  return value|
|ap_idle               |  out|    1|  ap_ctrl_hs|  ban_interface_Pipeline_VITIS_LOOP_53_14|  return value|
|ap_ready              |  out|    1|  ap_ctrl_hs|  ban_interface_Pipeline_VITIS_LOOP_53_14|  return value|
|grp_fu_7441_p_din0    |  out|   32|  ap_ctrl_hs|  ban_interface_Pipeline_VITIS_LOOP_53_14|  return value|
|grp_fu_7441_p_din1    |  out|   32|  ap_ctrl_hs|  ban_interface_Pipeline_VITIS_LOOP_53_14|  return value|
|grp_fu_7441_p_opcode  |  out|    5|  ap_ctrl_hs|  ban_interface_Pipeline_VITIS_LOOP_53_14|  return value|
|grp_fu_7441_p_dout0   |   in|    1|  ap_ctrl_hs|  ban_interface_Pipeline_VITIS_LOOP_53_14|  return value|
|grp_fu_7441_p_ce      |  out|    1|  ap_ctrl_hs|  ban_interface_Pipeline_VITIS_LOOP_53_14|  return value|
|b_op1_load            |   in|  128|     ap_none|                               b_op1_load|        scalar|
|b_op2_load            |   in|  128|     ap_none|                               b_op2_load|        scalar|
|res_2_out             |  out|    1|      ap_vld|                                res_2_out|       pointer|
|res_2_out_ap_vld      |  out|    1|      ap_vld|                                res_2_out|       pointer|
+----------------------+-----+-----+------------+-----------------------------------------+--------------+

