

================================================================
== Synthesis Summary Report of 'ban_interface'
================================================================
+ General Information: 
    * Date:           Tue Feb  8 15:34:59 2022
    * Version:        2021.2 (Build 3367213 on Tue Oct 19 02:47:39 MDT 2021)
    * Project:        ban_interface
    * Solution:       solution1 (Vivado IP Flow Target)
    * Product family: zynquplus
    * Target device:  xczu7ev-ffvc1156-2-e
    

+ Performance & Resource Estimates: 
    
    PS: '+' for module; 'o' for loop; '*' for dataflow
    +----------------------------------------------+--------+-------+---------+---------+----------+---------+------+----------+------+----------+------------+-------------+-----+
    |                    Modules                   |  Issue |       | Latency | Latency | Iteration|         | Trip |          |      |          |            |             |     |
    |                    & Loops                   |  Type  | Slack | (cycles)|   (ns)  |  Latency | Interval| Count| Pipelined| BRAM |    DSP   |     FF     |     LUT     | URAM|
    +----------------------------------------------+--------+-------+---------+---------+----------+---------+------+----------+------+----------+------------+-------------+-----+
    |+ ban_interface                               |  Timing|  -0.34|        -|        -|         -|        -|     -|        no|     -|   87 (5%)|  30221 (6%)|  84626 (36%)|    -|
    | + operator_2_s                               |       -|   0.24|        -|        -|         -|        -|     -|        no|     -|         -|  1021 (~0%)|    992 (~0%)|    -|
    |  + operator_2_Pipeline_VITIS_LOOP_84_1_s     |       -|   3.35|        -|        -|         -|        -|     -|        no|     -|         -|    75 (~0%)|    178 (~0%)|    -|
    |   o VITIS_LOOP_84_1                          |       -|   7.30|        -|        -|         2|        1|     -|       yes|     -|         -|           -|            -|    -|
    |  + operator_2_Pipeline_VITIS_LOOP_92_2_s     |       -|   6.20|        5|   50.000|         -|        5|     -|        no|     -|         -|   200 (~0%)|    139 (~0%)|    -|
    |   o VITIS_LOOP_92_2                          |       -|   7.30|        3|   30.000|         1|        1|     3|       yes|     -|         -|           -|            -|    -|
    |  + operator_2_Pipeline_VITIS_LOOP_104_3_s    |       -|   5.74|        -|        -|         -|        -|     -|        no|     -|         -|   166 (~0%)|    162 (~0%)|    -|
    |   o VITIS_LOOP_104_3                         |       -|   7.30|        -|        -|         1|        1|     -|       yes|     -|         -|           -|            -|    -|
    | + operator_2                                 |       -|   0.39|        -|        -|         -|        -|     -|        no|     -|   2 (~0%)|  1528 (~0%)|    3377 (1%)|    -|
    |  + operator_2_Pipeline_VITIS_LOOP_84_1       |       -|   3.35|        -|        -|         -|        -|     -|        no|     -|         -|    75 (~0%)|    178 (~0%)|    -|
    |   o VITIS_LOOP_84_1                          |       -|   7.30|        -|        -|         2|        1|     -|       yes|     -|         -|           -|            -|    -|
    |  + operator_2_Pipeline_VITIS_LOOP_92_2       |       -|   6.20|        5|   50.000|         -|        5|     -|        no|     -|         -|   200 (~0%)|    139 (~0%)|    -|
    |   o VITIS_LOOP_92_2                          |       -|   7.30|        3|   30.000|         1|        1|     3|       yes|     -|         -|           -|            -|    -|
    |  + operator_2_Pipeline_VITIS_LOOP_104_3      |       -|   5.74|        -|        -|         -|        -|     -|        no|     -|         -|   166 (~0%)|    162 (~0%)|    -|
    |   o VITIS_LOOP_104_3                         |       -|   7.30|        -|        -|         1|        1|     -|       yes|     -|         -|           -|            -|    -|
    |  + operator_2_Pipeline_VITIS_LOOP_506_1      |       -|   0.71|        4|   40.000|         -|        4|     -|        no|     -|         -|    68 (~0%)|   1955 (~0%)|    -|
    |   o VITIS_LOOP_506_1                         |       -|   7.30|        2|   20.000|         1|        1|     2|       yes|     -|         -|           -|            -|    -|
    |  + operator_2_Pipeline_VITIS_LOOP_21_1       |       -|   6.32|        5|   50.000|         -|        5|     -|        no|     -|         -|   100 (~0%)|     58 (~0%)|    -|
    |   o VITIS_LOOP_21_1                          |       -|   7.30|        3|   30.000|         1|        1|     3|       yes|     -|         -|           -|            -|    -|
    | + operator_1                                 |       -|   0.24|        -|        -|         -|        -|     -|        no|     -|   36 (2%)|   6810 (1%)|    7234 (3%)|    -|
    |  + operator_1_Pipeline_VITIS_LOOP_215_1      |       -|   0.24|       13|  130.000|         -|       13|     -|        no|     -|         -|   345 (~0%)|   1861 (~0%)|    -|
    |   o VITIS_LOOP_215_1                         |       -|   7.30|       11|  110.000|        11|        1|     2|       yes|     -|         -|           -|            -|    -|
    |  + p_mul_1                                   |       -|   0.28|       31|  310.000|         -|       31|     -|        no|     -|  15 (~0%)|  2115 (~0%)|   1647 (~0%)|    -|
    |   + p_mul_1_Pipeline_VITIS_LOOP_169_1        |       -|   0.28|       22|  220.000|         -|       22|     -|        no|     -|  15 (~0%)|  1845 (~0%)|   1521 (~0%)|    -|
    |    o VITIS_LOOP_169_1                        |       -|   7.30|       20|  200.000|        17|        1|     5|       yes|     -|         -|           -|            -|    -|
    |   + p_mul_1_Pipeline_VITIS_LOOP_187_1        |       -|   6.32|        5|   50.000|         -|        5|     -|        no|     -|         -|   103 (~0%)|     55 (~0%)|    -|
    |    o VITIS_LOOP_187_1                        |       -|   7.30|        3|   30.000|         2|        1|     3|       yes|     -|         -|           -|            -|    -|
    |  + p_mul                                     |       -|   0.28|       31|  310.000|         -|       31|     -|        no|     -|  15 (~0%)|  2118 (~0%)|   1772 (~0%)|    -|
    |   + p_mul_Pipeline_VITIS_LOOP_169_1          |       -|   0.28|       22|  220.000|         -|       22|     -|        no|     -|  15 (~0%)|  1845 (~0%)|   1521 (~0%)|    -|
    |    o VITIS_LOOP_169_1                        |       -|   7.30|       20|  200.000|        17|        1|     5|       yes|     -|         -|           -|            -|    -|
    |   + p_mul_Pipeline_VITIS_LOOP_187_1          |       -|   6.32|        5|   50.000|         -|        5|     -|        no|     -|         -|   106 (~0%)|     57 (~0%)|    -|
    |    o VITIS_LOOP_187_1                        |       -|   7.30|        3|   30.000|         2|        1|     3|       yes|     -|         -|           -|            -|    -|
    |  + operator_1_Pipeline_VITIS_LOOP_84_1       |       -|   3.35|        -|        -|         -|        -|     -|        no|     -|         -|    75 (~0%)|    178 (~0%)|    -|
    |   o VITIS_LOOP_84_1                          |       -|   7.30|        -|        -|         2|        1|     -|       yes|     -|         -|           -|            -|    -|
    |  + operator_1_Pipeline_VITIS_LOOP_92_2       |       -|   6.20|        5|   50.000|         -|        5|     -|        no|     -|         -|   200 (~0%)|    139 (~0%)|    -|
    |   o VITIS_LOOP_92_2                          |       -|   7.30|        3|   30.000|         1|        1|     3|       yes|     -|         -|           -|            -|    -|
    |  + operator_1_Pipeline_VITIS_LOOP_104_3      |       -|   5.74|        -|        -|         -|        -|     -|        no|     -|         -|   166 (~0%)|    162 (~0%)|    -|
    |   o VITIS_LOOP_104_3                         |       -|   7.30|        -|        -|         1|        1|     -|       yes|     -|         -|           -|            -|    -|
    | + operator_3                                 |       -|   0.41|        -|        -|         -|        -|     -|        no|     -|   2 (~0%)|  2510 (~0%)|    6603 (2%)|    -|
    |  + p_sum_1                                   |       -|   0.41|        -|        -|         -|        -|     -|        no|     -|         -|  1083 (~0%)|   1068 (~0%)|    -|
    |   + p_sum_1_Pipeline_VITIS_LOOP_84_1         |       -|   3.35|        -|        -|         -|        -|     -|        no|     -|         -|    75 (~0%)|    178 (~0%)|    -|
    |    o VITIS_LOOP_84_1                         |       -|   7.30|        -|        -|         2|        1|     -|       yes|     -|         -|           -|            -|    -|
    |   + p_sum_1_Pipeline_VITIS_LOOP_92_2         |       -|   6.20|        5|   50.000|         -|        5|     -|        no|     -|         -|   200 (~0%)|    139 (~0%)|    -|
    |    o VITIS_LOOP_92_2                         |       -|   7.30|        3|   30.000|         1|        1|     3|       yes|     -|         -|           -|            -|    -|
    |   + p_sum_1_Pipeline_VITIS_LOOP_104_3        |       -|   5.74|        -|        -|         -|        -|     -|        no|     -|         -|   166 (~0%)|    162 (~0%)|    -|
    |    o VITIS_LOOP_104_3                        |       -|   7.30|        -|        -|         1|        1|     -|       yes|     -|         -|           -|            -|    -|
    |  + operator_3_Pipeline_VITIS_LOOP_84_1       |       -|   3.35|        -|        -|         -|        -|     -|        no|     -|         -|    75 (~0%)|    178 (~0%)|    -|
    |   o VITIS_LOOP_84_1                          |       -|   7.30|        -|        -|         2|        1|     -|       yes|     -|         -|           -|            -|    -|
    |  + operator_3_Pipeline_VITIS_LOOP_92_2       |       -|   6.20|        5|   50.000|         -|        5|     -|        no|     -|         -|   200 (~0%)|    139 (~0%)|    -|
    |   o VITIS_LOOP_92_2                          |       -|   7.30|        3|   30.000|         1|        1|     3|       yes|     -|         -|           -|            -|    -|
    |  + operator_3_Pipeline_VITIS_LOOP_104_3      |       -|   5.74|        -|        -|         -|        -|     -|        no|     -|         -|   166 (~0%)|    162 (~0%)|    -|
    |   o VITIS_LOOP_104_3                         |       -|   7.30|        -|        -|         1|        1|     -|       yes|     -|         -|           -|            -|    -|
    | + operator_1_s                               |       -|   0.44|        -|        -|         -|        -|     -|        no|     -|   2 (~0%)|  1782 (~0%)|    4433 (1%)|    -|
    |  + p_sum                                     |       -|   0.44|        -|        -|         -|        -|     -|        no|     -|   2 (~0%)|  1440 (~0%)|    3952 (1%)|    -|
    |   + p_sum_Pipeline_VITIS_LOOP_84_1           |       -|   3.35|        -|        -|         -|        -|     -|        no|     -|         -|    75 (~0%)|    178 (~0%)|    -|
    |    o VITIS_LOOP_84_1                         |       -|   7.30|        -|        -|         2|        1|     -|       yes|     -|         -|           -|            -|    -|
    |   + p_sum_Pipeline_VITIS_LOOP_92_2           |       -|   6.20|        5|   50.000|         -|        5|     -|        no|     -|         -|   200 (~0%)|    139 (~0%)|    -|
    |    o VITIS_LOOP_92_2                         |       -|   7.30|        3|   30.000|         1|        1|     3|       yes|     -|         -|           -|            -|    -|
    |   + p_sum_Pipeline_VITIS_LOOP_104_3          |       -|   5.74|        -|        -|         -|        -|     -|        no|     -|         -|   166 (~0%)|    162 (~0%)|    -|
    |    o VITIS_LOOP_104_3                        |       -|   7.30|        -|        -|         1|        1|     -|       yes|     -|         -|           -|            -|    -|
    | + ban_interface_Pipeline_VITIS_LOOP_410_122  |       -|   1.32|        5|   50.000|         -|        5|     -|        no|     -|         -|    45 (~0%)|   1689 (~0%)|    -|
    |  o VITIS_LOOP_410_1                          |       -|   7.30|        3|   30.000|         3|        1|     2|       yes|     -|         -|           -|            -|    -|
    | + ban_interface_Pipeline_VITIS_LOOP_374_121  |       -|   1.32|        5|   50.000|         -|        5|     -|        no|     -|         -|    45 (~0%)|   1689 (~0%)|    -|
    |  o VITIS_LOOP_374_1                          |       -|   7.30|        3|   30.000|         3|        1|     2|       yes|     -|         -|           -|            -|    -|
    | + ban_interface_Pipeline_VITIS_LOOP_410_120  |       -|   1.32|        5|   50.000|         -|        5|     -|        no|     -|         -|    45 (~0%)|   1689 (~0%)|    -|
    |  o VITIS_LOOP_410_1                          |       -|   7.30|        3|   30.000|         3|        1|     2|       yes|     -|         -|           -|            -|    -|
    | + ban_interface_Pipeline_VITIS_LOOP_374_119  |       -|   1.32|        5|   50.000|         -|        5|     -|        no|     -|         -|    45 (~0%)|   1689 (~0%)|    -|
    |  o VITIS_LOOP_374_1                          |       -|   7.30|        3|   30.000|         3|        1|     2|       yes|     -|         -|           -|            -|    -|
    | + ban_interface_Pipeline_VITIS_LOOP_68_118   |       -|   1.60|        5|   50.000|         -|        5|     -|        no|     -|         -|    46 (~0%)|   1670 (~0%)|    -|
    |  o VITIS_LOOP_68_1                           |       -|   7.30|        3|   30.000|         3|        1|     2|       yes|     -|         -|           -|            -|    -|
    | + ban_interface_Pipeline_VITIS_LOOP_68_117   |       -|   1.60|        5|   50.000|         -|        5|     -|        no|     -|         -|    46 (~0%)|   1670 (~0%)|    -|
    |  o VITIS_LOOP_68_1                           |       -|   7.30|        3|   30.000|         3|        1|     2|       yes|     -|         -|           -|            -|    -|
    | + ban_interface_Pipeline_VITIS_LOOP_374_116  |       -|   1.32|        5|   50.000|         -|        5|     -|        no|     -|         -|    45 (~0%)|   1689 (~0%)|    -|
    |  o VITIS_LOOP_374_1                          |       -|   7.30|        3|   30.000|         3|        1|     2|       yes|     -|         -|           -|            -|    -|
    | + ban_interface_Pipeline_VITIS_LOOP_410_115  |       -|   1.32|        5|   50.000|         -|        5|     -|        no|     -|         -|    45 (~0%)|   1689 (~0%)|    -|
    |  o VITIS_LOOP_410_1                          |       -|   7.30|        3|   30.000|         3|        1|     2|       yes|     -|         -|           -|            -|    -|
    | + ban_interface_Pipeline_VITIS_LOOP_410_1    |       -|   1.32|        5|   50.000|         -|        5|     -|        no|     -|         -|    45 (~0%)|   1689 (~0%)|    -|
    |  o VITIS_LOOP_410_1                          |       -|   7.30|        3|   30.000|         3|        1|     2|       yes|     -|         -|           -|            -|    -|
    | + ban_interface_Pipeline_VITIS_LOOP_374_1    |       -|   1.32|        5|   50.000|         -|        5|     -|        no|     -|         -|    45 (~0%)|   1689 (~0%)|    -|
    |  o VITIS_LOOP_374_1                          |       -|   7.30|        3|   30.000|         3|        1|     2|       yes|     -|         -|           -|            -|    -|
    | + ban_interface_Pipeline_VITIS_LOOP_68_114   |       -|   1.60|        5|   50.000|         -|        5|     -|        no|     -|         -|    46 (~0%)|   1670 (~0%)|    -|
    |  o VITIS_LOOP_68_1                           |       -|   7.30|        3|   30.000|         3|        1|     2|       yes|     -|         -|           -|            -|    -|
    | + ban_interface_Pipeline_VITIS_LOOP_68_1     |       -|   1.60|        5|   50.000|         -|        5|     -|        no|     -|         -|    46 (~0%)|   1670 (~0%)|    -|
    |  o VITIS_LOOP_68_1                           |       -|   7.30|        3|   30.000|         3|        1|     2|       yes|     -|         -|           -|            -|    -|
    | + operator_div                               |       -|   0.24|        -|        -|         -|        -|     -|        no|     -|  15 (~0%)|  3787 (~0%)|    5059 (2%)|    -|
    |  + operator_Pipeline_VITIS_LOOP_215_1        |       -|   0.24|       13|  130.000|         -|       13|     -|        no|     -|         -|   345 (~0%)|   1861 (~0%)|    -|
    |   o VITIS_LOOP_215_1                         |       -|   7.30|       11|  110.000|        11|        1|     2|       yes|     -|         -|           -|            -|    -|
    |  + p_mul                                     |       -|   0.28|       31|  310.000|         -|       31|     -|        no|     -|  15 (~0%)|  2118 (~0%)|   1772 (~0%)|    -|
    |   + p_mul_Pipeline_VITIS_LOOP_169_1          |       -|   0.28|       22|  220.000|         -|       22|     -|        no|     -|  15 (~0%)|  1845 (~0%)|   1521 (~0%)|    -|
    |    o VITIS_LOOP_169_1                        |       -|   7.30|       20|  200.000|        17|        1|     5|       yes|     -|         -|           -|            -|    -|
    |   + p_mul_Pipeline_VITIS_LOOP_187_1          |       -|   6.32|        5|   50.000|         -|        5|     -|        no|     -|         -|   106 (~0%)|     57 (~0%)|    -|
    |    o VITIS_LOOP_187_1                        |       -|   7.30|        3|   30.000|         2|        1|     3|       yes|     -|         -|           -|            -|    -|
    |  + operator_Pipeline_VITIS_LOOP_84_1         |       -|   3.35|        -|        -|         -|        -|     -|        no|     -|         -|    75 (~0%)|    178 (~0%)|    -|
    |   o VITIS_LOOP_84_1                          |       -|   7.30|        -|        -|         2|        1|     -|       yes|     -|         -|           -|            -|    -|
    |  + operator_Pipeline_VITIS_LOOP_92_2         |       -|   6.20|        5|   50.000|         -|        5|     -|        no|     -|         -|   200 (~0%)|    139 (~0%)|    -|
    |   o VITIS_LOOP_92_2                          |       -|   7.30|        3|   30.000|         1|        1|     3|       yes|     -|         -|           -|            -|    -|
    |  + operator_Pipeline_VITIS_LOOP_104_3        |       -|   5.74|        -|        -|         -|        -|     -|        no|     -|         -|   166 (~0%)|    162 (~0%)|    -|
    |   o VITIS_LOOP_104_3                         |       -|   7.30|        -|        -|         1|        1|     -|       yes|     -|         -|           -|            -|    -|
    | + ban_interface_Pipeline_VITIS_LOOP_84_111   |       -|   3.35|        -|        -|         -|        -|     -|        no|     -|         -|    75 (~0%)|    178 (~0%)|    -|
    |  o VITIS_LOOP_84_1                           |       -|   7.30|        -|        -|         2|        1|     -|       yes|     -|         -|           -|            -|    -|
    | + ban_interface_Pipeline_VITIS_LOOP_92_212   |       -|   6.20|        5|   50.000|         -|        5|     -|        no|     -|         -|   200 (~0%)|    139 (~0%)|    -|
    |  o VITIS_LOOP_92_2                           |       -|   7.30|        3|   30.000|         1|        1|     3|       yes|     -|         -|           -|            -|    -|
    | + ban_interface_Pipeline_VITIS_LOOP_104_313  |       -|   5.74|        -|        -|         -|        -|     -|        no|     -|         -|   166 (~0%)|    162 (~0%)|    -|
    |  o VITIS_LOOP_104_3                          |       -|   7.30|        -|        -|         1|        1|     -|       yes|     -|         -|           -|            -|    -|
    | + operator_add                               |       -|   0.39|        -|        -|         -|        -|     -|        no|     -|         -|  1174 (~0%)|   1383 (~0%)|    -|
    |  + operator_Pipeline_VITIS_LOOP_506_1        |       -|   5.38|        4|   40.000|         -|        4|     -|        no|     -|         -|    68 (~0%)|    191 (~0%)|    -|
    |   o VITIS_LOOP_506_1                         |       -|   7.30|        2|   20.000|         1|        1|     2|       yes|     -|         -|           -|            -|    -|
    |  + operator_Pipeline_VITIS_LOOP_84_1_s       |       -|   3.35|        -|        -|         -|        -|     -|        no|     -|         -|    75 (~0%)|    178 (~0%)|    -|
    |   o VITIS_LOOP_84_1                          |       -|   7.30|        -|        -|         2|        1|     -|       yes|     -|         -|           -|            -|    -|
    |  + operator_Pipeline_VITIS_LOOP_92_2_s       |       -|   6.20|        5|   50.000|         -|        5|     -|        no|     -|         -|   200 (~0%)|    139 (~0%)|    -|
    |   o VITIS_LOOP_92_2                          |       -|   7.30|        3|   30.000|         1|        1|     3|       yes|     -|         -|           -|            -|    -|
    |  + operator_Pipeline_VITIS_LOOP_104_3_s      |       -|   5.74|        -|        -|         -|        -|     -|        no|     -|         -|   166 (~0%)|    162 (~0%)|    -|
    |   o VITIS_LOOP_104_3                         |       -|   7.30|        -|        -|         1|        1|     -|       yes|     -|         -|           -|            -|    -|
    |  + operator_Pipeline_VITIS_LOOP_21_1         |       -|   6.32|        5|   50.000|         -|        5|     -|        no|     -|         -|   100 (~0%)|     58 (~0%)|    -|
    |   o VITIS_LOOP_21_1                          |       -|   7.30|        3|   30.000|         1|        1|     3|       yes|     -|         -|           -|            -|    -|
    | + ban_interface_Pipeline_VITIS_LOOP_84_18    |       -|   3.35|        -|        -|         -|        -|     -|        no|     -|         -|    75 (~0%)|    178 (~0%)|    -|
    |  o VITIS_LOOP_84_1                           |       -|   7.30|        -|        -|         2|        1|     -|       yes|     -|         -|           -|            -|    -|
    | + ban_interface_Pipeline_VITIS_LOOP_92_29    |       -|   6.20|        5|   50.000|         -|        5|     -|        no|     -|         -|   200 (~0%)|    139 (~0%)|    -|
    |  o VITIS_LOOP_92_2                           |       -|   7.30|        3|   30.000|         1|        1|     3|       yes|     -|         -|           -|            -|    -|
    | + ban_interface_Pipeline_VITIS_LOOP_104_310  |       -|   5.74|        -|        -|         -|        -|     -|        no|     -|         -|   166 (~0%)|    162 (~0%)|    -|
    |  o VITIS_LOOP_104_3                          |       -|   7.30|        -|        -|         1|        1|     -|       yes|     -|         -|           -|            -|    -|
    | + ban_interface_Pipeline_VITIS_LOOP_84_1     |       -|   3.35|        -|        -|         -|        -|     -|        no|     -|         -|    75 (~0%)|    178 (~0%)|    -|
    |  o VITIS_LOOP_84_1                           |       -|   7.30|        -|        -|         2|        1|     -|       yes|     -|         -|           -|            -|    -|
    | + ban_interface_Pipeline_VITIS_LOOP_92_2     |       -|   6.20|        5|   50.000|         -|        5|     -|        no|     -|         -|   200 (~0%)|    139 (~0%)|    -|
    |  o VITIS_LOOP_92_2                           |       -|   7.30|        3|   30.000|         1|        1|     3|       yes|     -|         -|           -|            -|    -|
    | + ban_interface_Pipeline_VITIS_LOOP_104_3    |       -|   5.74|        -|        -|         -|        -|     -|        no|     -|         -|   166 (~0%)|    162 (~0%)|    -|
    |  o VITIS_LOOP_104_3                          |       -|   7.30|        -|        -|         1|        1|     -|       yes|     -|         -|           -|            -|    -|
    | + ban_interface_Pipeline_VITIS_LOOP_335_17   |       -|   1.32|        6|   60.000|         -|        6|     -|        no|     -|         -|    77 (~0%)|   2277 (~0%)|    -|
    |  o VITIS_LOOP_335_1                          |       -|   7.30|        4|   40.000|         3|        1|     3|       yes|     -|         -|           -|            -|    -|
    | + ban_interface_Pipeline_VITIS_LOOP_335_16   |       -|   1.32|        6|   60.000|         -|        6|     -|        no|     -|         -|    77 (~0%)|   2277 (~0%)|    -|
    |  o VITIS_LOOP_335_1                          |       -|   7.30|        4|   40.000|         3|        1|     3|       yes|     -|         -|           -|            -|    -|
    | + ban_interface_Pipeline_VITIS_LOOP_335_15   |       -|   1.32|        6|   60.000|         -|        6|     -|        no|     -|         -|    77 (~0%)|   2277 (~0%)|    -|
    |  o VITIS_LOOP_335_1                          |       -|   7.30|        4|   40.000|         3|        1|     3|       yes|     -|         -|           -|            -|    -|
    | + ban_interface_Pipeline_VITIS_LOOP_335_1    |       -|   1.32|        6|   60.000|         -|        6|     -|        no|     -|         -|    77 (~0%)|   2277 (~0%)|    -|
    |  o VITIS_LOOP_335_1                          |       -|   7.30|        4|   40.000|         3|        1|     3|       yes|     -|         -|           -|            -|    -|
    | + ban_interface_Pipeline_VITIS_LOOP_53_14    |       -|   1.60|        6|   60.000|         -|        6|     -|        no|     -|         -|    82 (~0%)|   2252 (~0%)|    -|
    |  o VITIS_LOOP_53_1                           |       -|   7.30|        4|   40.000|         3|        1|     3|       yes|     -|         -|           -|            -|    -|
    | + ban_interface_Pipeline_VITIS_LOOP_53_1     |       -|   1.60|        6|   60.000|         -|        6|     -|        no|     -|         -|    82 (~0%)|   2252 (~0%)|    -|
    |  o VITIS_LOOP_53_1                           |       -|   7.30|        4|   40.000|         3|        1|     3|       yes|     -|         -|           -|            -|    -|
    | + sqrt                                       |       -|   0.24|       75|  750.000|         -|       75|     -|        no|     -|   3 (~0%)|  2243 (~0%)|    4939 (2%)|    -|
    |  + sqrt_Pipeline_VITIS_LOOP_68_1             |       -|   1.60|        5|   50.000|         -|        5|     -|        no|     -|         -|    46 (~0%)|   1670 (~0%)|    -|
    |   o VITIS_LOOP_68_1                          |       -|   7.30|        3|   30.000|         3|        1|     2|       yes|     -|         -|           -|            -|    -|
    |  + sqrt_Pipeline_VITIS_LOOP_444_1            |       -|   0.24|       16|  160.000|         -|       16|     -|        no|     -|         -|   447 (~0%)|   1892 (~0%)|    -|
    |   o VITIS_LOOP_444_1                         |       -|   7.30|       14|  140.000|        14|        1|     2|       yes|     -|         -|           -|            -|    -|
    |  + sqrt_Pipeline_VITIS_LOOP_169_1            |       -|   0.28|       22|  220.000|         -|       22|     -|        no|     -|         -|   780 (~0%)|    474 (~0%)|    -|
    |   o VITIS_LOOP_169_1                         |       -|   7.30|       20|  200.000|        17|        1|     5|       yes|     -|         -|           -|            -|    -|
    |  + sqrt_Pipeline_VITIS_LOOP_187_1            |       -|   6.32|        5|   50.000|         -|        5|     -|        no|     -|         -|   103 (~0%)|     55 (~0%)|    -|
    |   o VITIS_LOOP_187_1                         |       -|   7.30|        3|   30.000|         2|        1|     3|       yes|     -|         -|           -|            -|    -|
    |  + sqrt_Pipeline_VITIS_LOOP_21_1             |       -|   6.32|        5|   50.000|         -|        5|     -|        no|     -|         -|   100 (~0%)|     58 (~0%)|    -|
    |   o VITIS_LOOP_21_1                          |       -|   7.30|        3|   30.000|         1|        1|     3|       yes|     -|         -|           -|            -|    -|
    | + mul_body                                   |       -|   0.28|        -|        -|         -|        -|     -|        no|     -|  15 (~0%)|  2967 (~0%)|    7643 (3%)|    -|
    |  + mul_body_Pipeline_VITIS_LOOP_169_1        |       -|   0.28|       22|  220.000|         -|       22|     -|        no|     -|  15 (~0%)|  1779 (~0%)|    6600 (2%)|    -|
    |   o VITIS_LOOP_169_1                         |       -|   7.30|       20|  200.000|        17|        1|     5|       yes|     -|         -|           -|            -|    -|
    |  + mul_body_Pipeline_VITIS_LOOP_187_1        |       -|   6.32|        5|   50.000|         -|        5|     -|        no|     -|         -|   103 (~0%)|     55 (~0%)|    -|
    |   o VITIS_LOOP_187_1                         |       -|   7.30|        3|   30.000|         2|        1|     3|       yes|     -|         -|           -|            -|    -|
    |  + mul_body_Pipeline_VITIS_LOOP_21_1         |       -|   6.32|        5|   50.000|         -|        5|     -|        no|     -|         -|   100 (~0%)|     58 (~0%)|    -|
    |   o VITIS_LOOP_21_1                          |       -|   7.30|        3|   30.000|         1|        1|     3|       yes|     -|         -|           -|            -|    -|
    |  + mul_body_Pipeline_VITIS_LOOP_84_1         |       -|   3.35|        -|        -|         -|        -|     -|        no|     -|         -|    75 (~0%)|    178 (~0%)|    -|
    |   o VITIS_LOOP_84_1                          |       -|   7.30|        -|        -|         2|        1|     -|       yes|     -|         -|           -|            -|    -|
    |  + mul_body_Pipeline_VITIS_LOOP_92_2         |       -|   6.20|        5|   50.000|         -|        5|     -|        no|     -|         -|   136 (~0%)|    121 (~0%)|    -|
    |   o VITIS_LOOP_92_2                          |       -|   7.30|        3|   30.000|         1|        1|     3|       yes|     -|         -|           -|            -|    -|
    |  + mul_body_Pipeline_VITIS_LOOP_104_3        |       -|   5.74|        -|        -|         -|        -|     -|        no|     -|         -|   166 (~0%)|    162 (~0%)|    -|
    |   o VITIS_LOOP_104_3                         |       -|   7.30|        -|        -|         1|        1|     -|       yes|     -|         -|           -|            -|    -|
    +----------------------------------------------+--------+-------+---------+---------+----------+---------+------+----------+------+----------+------------+-------------+-----+


================================================================
== HW Interfaces
================================================================
* REGISTER
+-----------+---------+----------+
| Interface | Mode    | Bitwidth |
+-----------+---------+----------+
| ap_return |         | 128      |
| b_op1_i   | ap_none | 128      |
| b_op1_o   | ap_none | 128      |
| b_op2     | ap_none | 128      |
| f_op      | ap_none | 32       |
| op        | ap_none | 32       |
+-----------+---------+----------+

* TOP LEVEL CONTROL
+-----------+------------+-----------------------------------+
| Interface | Type       | Ports                             |
+-----------+------------+-----------------------------------+
| ap_clk    | clock      | ap_clk                            |
| ap_rst    | reset      | ap_rst                            |
| ap_ctrl   | ap_ctrl_hs | ap_done ap_idle ap_ready ap_start |
+-----------+------------+-----------------------------------+


================================================================
== SW I/O Information
================================================================
* Top Function Arguments
+----------+-----------+----------+
| Argument | Direction | Datatype |
+----------+-----------+----------+
| b_op1    | inout     | Ban&     |
| b_op2    | in        | Ban&     |
| f_op     | in        | float    |
| op       | in        | op_type  |
| return   | out       | output   |
+----------+-----------+----------+

* SW-to-HW Mapping
+----------+----------------+---------+
| Argument | HW Interface   | HW Type |
+----------+----------------+---------+
| b_op1    | b_op1_i        | port    |
| b_op1    | b_op1_o        | port    |
| b_op1    | b_op1_o_ap_vld | port    |
| b_op2    | b_op2          | port    |
| f_op     | f_op           | port    |
| op       | op             | port    |
| return   | ap_return      | port    |
+----------+----------------+---------+


================================================================
== M_AXI Burst Information
================================================================
 Note: All burst requests might be further partitioned into multiple requests during RTL generation based on max_read_burst_length or max_write_burst_length settings.

  No burst in design

================================================================
== Bind Op Report
================================================================
+----------------------------------------------+-----+--------+-------------+-------+---------+---------+
| Name                                         | DSP | Pragma | Variable    | Op    | Impl    | Latency |
+----------------------------------------------+-----+--------+-------------+-------+---------+---------+
| + ban_interface                              | 87  |        |             |       |         |         |
|   fmul_32ns_32ns_32_3_max_dsp_1_U590         | 3   |        | tmp_237     | fmul  | maxdsp  | 2       |
|   fmul_32ns_32ns_32_3_max_dsp_1_U590         | 3   |        | tmp_238     | fmul  | maxdsp  | 2       |
|   fmul_32ns_32ns_32_3_max_dsp_1_U591         | 3   |        | tmp_239     | fmul  | maxdsp  | 2       |
|   sub_ln92_2_fu_4283_p2                      | -   |        | sub_ln92_2  | sub   | fabric  | 0       |
|   base_17_fu_4288_p2                         | -   |        | base_17     | add   | fabric  | 0       |
|   tmp_240_fu_4305_p2                         | -   |        | tmp_240     | add   | fabric  | 0       |
|   add_ln104_2_fu_4326_p2                     | -   |        | add_ln104_2 | add   | fabric  | 0       |
|   fmul_32ns_32ns_32_3_max_dsp_1_U590         | 3   |        | tmp_230     | fmul  | maxdsp  | 2       |
|   fmul_32ns_32ns_32_3_max_dsp_1_U590         | 3   |        | tmp_231     | fmul  | maxdsp  | 2       |
|   fmul_32ns_32ns_32_3_max_dsp_1_U591         | 3   |        | tmp_232     | fmul  | maxdsp  | 2       |
|   sub_ln92_1_fu_4625_p2                      | -   |        | sub_ln92_1  | sub   | fabric  | 0       |
|   base_16_fu_4630_p2                         | -   |        | base_16     | add   | fabric  | 0       |
|   tmp_233_fu_4647_p2                         | -   |        | tmp_233     | add   | fabric  | 0       |
|   add_ln104_1_fu_4668_p2                     | -   |        | add_ln104_1 | add   | fabric  | 0       |
|   fmul_32ns_32ns_32_3_max_dsp_1_U590         | 3   |        | tmp_226     | fmul  | maxdsp  | 2       |
|   fmul_32ns_32ns_32_3_max_dsp_1_U590         | 3   |        | tmp_227     | fmul  | maxdsp  | 2       |
|   fmul_32ns_32ns_32_3_max_dsp_1_U591         | 3   |        | tmp_228     | fmul  | maxdsp  | 2       |
|   sub_ln92_fu_4838_p2                        | -   |        | sub_ln92    | sub   | fabric  | 0       |
|   base_fu_4843_p2                            | -   |        | base        | add   | fabric  | 0       |
|   tmp_229_fu_4860_p2                         | -   |        | tmp_229     | add   | fabric  | 0       |
|   add_ln104_fu_4881_p2                       | -   |        | add_ln104   | add   | fabric  | 0       |
|  + operator_2_s                              | 0   |        |             |       |         |         |
|    fdiv_32ns_32ns_32_9_no_dsp_1_U255         | -   |        | tmp         | fdiv  | fabric  | 8       |
|    fdiv_32ns_32ns_32_9_no_dsp_1_U256         | -   |        | tmp_14      | fdiv  | fabric  | 8       |
|    fdiv_32ns_32ns_32_9_no_dsp_1_U257         | -   |        | tmp_15      | fdiv  | fabric  | 8       |
|    sub_ln92_fu_454_p2                        | -   |        | sub_ln92    | sub   | fabric  | 0       |
|    base_fu_459_p2                            | -   |        | base        | add   | fabric  | 0       |
|    tmp_16_fu_476_p2                          | -   |        | tmp_16      | add   | fabric  | 0       |
|    add_ln104_fu_497_p2                       | -   |        | add_ln104   | add   | fabric  | 0       |
|   + operator_2_Pipeline_VITIS_LOOP_84_1_s    | 0   |        |             |       |         |         |
|     idx_12_fu_114_p2                         | -   |        | idx_12      | add   | fabric  | 0       |
|   + operator_2_Pipeline_VITIS_LOOP_92_2_s    | 0   |        |             |       |         |         |
|     add_ln93_1_fu_187_p2                     | -   |        | add_ln93_1  | add   | fabric  | 0       |
|     add_ln93_fu_205_p2                       | -   |        | add_ln93    | add   | fabric  | 0       |
|   + operator_2_Pipeline_VITIS_LOOP_104_3_s   | 0   |        |             |       |         |         |
|     add_ln105_fu_149_p2                      | -   |        | add_ln105   | add   | fabric  | 0       |
|  + operator_2                                | 2   |        |             |       |         |         |
|    add_ln527_fu_474_p2                       | -   |        | add_ln527   | add   | fabric  | 0       |
|    fadd_32ns_32ns_32_4_full_dsp_1_U227       | 2   |        | add         | fadd  | fulldsp | 3       |
|    sub_ln92_fu_586_p2                        | -   |        | sub_ln92    | add   | tadder  | 0       |
|    base_fu_591_p2                            | -   |        | base        | add   | tadder  | 0       |
|    add_ln100_fu_602_p2                       | -   |        | add_ln100   | add   | tadder  | 0       |
|    tmp_66_fu_611_p2                          | -   |        | tmp_66      | add   | fabric  | 0       |
|    add_ln100_2_fu_616_p2                     | -   |        | add_ln100_2 | add   | tadder  | 0       |
|    add_ln104_fu_638_p2                       | -   |        | add_ln104   | add   | fabric  | 0       |
|    sub_i1_fu_505_p2                          | -   |        | sub_i1      | sub   | fabric  | 0       |
|   + operator_2_Pipeline_VITIS_LOOP_84_1      | 0   |        |             |       |         |         |
|     idx_37_fu_114_p2                         | -   |        | idx_37      | add   | fabric  | 0       |
|   + operator_2_Pipeline_VITIS_LOOP_92_2      | 0   |        |             |       |         |         |
|     add_ln93_5_fu_187_p2                     | -   |        | add_ln93_5  | add   | fabric  | 0       |
|     add_ln93_fu_205_p2                       | -   |        | add_ln93    | add   | fabric  | 0       |
|   + operator_2_Pipeline_VITIS_LOOP_104_3     | 0   |        |             |       |         |         |
|     add_ln105_fu_149_p2                      | -   |        | add_ln105   | add   | fabric  | 0       |
|   + operator_2_Pipeline_VITIS_LOOP_506_1     | 0   |        |             |       |         |         |
|     add_ln509_fu_138_p2                      | -   |        | add_ln509   | add   | fabric  | 0       |
|     add_ln509_1_fu_156_p2                    | -   |        | add_ln509_1 | add   | fabric  | 0       |
|     add_ln509_2_fu_166_p2                    | -   |        | add_ln509_2 | add   | fabric  | 0       |
|     sub_ln509_fu_212_p2                      | -   |        | sub_ln509   | sub   | fabric  | 0       |
|     add_ln506_fu_268_p2                      | -   |        | add_ln506   | add   | fabric  | 0       |
|   + operator_2_Pipeline_VITIS_LOOP_21_1      | 0   |        |             |       |         |         |
|     add_ln21_fu_111_p2                       | -   |        | add_ln21    | add   | fabric  | 0       |
|  + operator_1                                | 36  |        |             |       |         |         |
|    c_p_1_fu_473_p2                           | -   |        | c_p_1       | sub   | fabric  | 0       |
|    fdiv_32ns_32ns_32_9_no_dsp_1_U442         | 2   |        | tmp         | fadd  | fulldsp | 3       |
|    fadd_32ns_32ns_32_4_full_dsp_1_U440       | 2   |        | tmp_17      | fadd  | fulldsp | 3       |
|    fadd_32ns_32ns_32_4_full_dsp_1_U441       | 2   |        | tmp_18      | fadd  | fulldsp | 3       |
|    fadd_32ns_32ns_32_4_full_dsp_1_U439       | 2   |        | tmp_19      | fadd  | fulldsp | 3       |
|    fadd_32ns_32ns_32_4_full_dsp_1_U440       | 2   |        | tmp_20      | fadd  | fulldsp | 3       |
|    fadd_32ns_32ns_32_4_full_dsp_1_U441       | 2   |        | tmp_21      | fadd  | fulldsp | 3       |
|    fadd_32ns_32ns_32_4_full_dsp_1_U439       | 2   |        | tmp_22      | fadd  | fulldsp | 3       |
|    fadd_32ns_32ns_32_4_full_dsp_1_U440       | 2   |        | tmp_23      | fadd  | fulldsp | 3       |
|    fadd_32ns_32ns_32_4_full_dsp_1_U441       | 2   |        | tmp_24      | fadd  | fulldsp | 3       |
|    fdiv_32ns_32ns_32_9_no_dsp_1_U442         | -   |        | tmp_31      | fdiv  | fabric  | 8       |
|    fdiv_32ns_32ns_32_9_no_dsp_1_U443         | -   |        | tmp_32      | fdiv  | fabric  | 8       |
|    fdiv_32ns_32ns_32_9_no_dsp_1_U444         | -   |        | tmp_33      | fdiv  | fabric  | 8       |
|    sub_ln92_fu_609_p2                        | -   |        | sub_ln92    | sub   | fabric  | 0       |
|    base_fu_614_p2                            | -   |        | base        | add   | fabric  | 0       |
|    tmp_34_fu_631_p2                          | -   |        | tmp_34      | add   | fabric  | 0       |
|    add_ln104_fu_652_p2                       | -   |        | add_ln104   | add   | fabric  | 0       |
|   + operator_1_Pipeline_VITIS_LOOP_215_1     | 0   |        |             |       |         |         |
|     add_ln216_fu_148_p2                      | -   |        | add_ln216   | add   | fabric  | 0       |
|     add_ln216_1_fu_154_p2                    | -   |        | add_ln216_1 | add   | fabric  | 0       |
|     add_ln216_2_fu_172_p2                    | -   |        | add_ln216_2 | add   | fabric  | 0       |
|     sub_ln216_fu_214_p2                      | -   |        | sub_ln216   | sub   | fabric  | 0       |
|     add_ln215_fu_248_p2                      | -   |        | add_ln215   | add   | fabric  | 0       |
|   + p_mul_1                                  | 15  |        |             |       |         |         |
|    + p_mul_1_Pipeline_VITIS_LOOP_169_1       | 15  |        |             |       |         |         |
|      add_ln169_fu_140_p2                     | -   |        | add_ln169   | add   | fabric  | 0       |
|      fmul_32ns_32ns_32_3_max_dsp_1_U396      | 3   |        | mul_i       | fmul  | maxdsp  | 2       |
|      fadd_32ns_32ns_32_4_full_dsp_1_U393     | 2   |        | tmp2        | fadd  | fulldsp | 3       |
|      add_ln172_fu_173_p2                     | -   |        | add_ln172   | add   | fabric  | 0       |
|      tmp_s_fu_189_p4                         | -   |        | add_ln173   | add   | fabric  | 0       |
|      fmul_32ns_32ns_32_3_max_dsp_1_U397      | 3   |        | mul_1_i     | fmul  | maxdsp  | 2       |
|      fadd_32ns_32ns_32_4_full_dsp_1_U394     | 2   |        | tmp2_7      | fadd  | fulldsp | 3       |
|      add_ln172_3_fu_206_p2                   | -   |        | add_ln172_3 | add   | fabric  | 0       |
|      fmul_32ns_32ns_32_3_max_dsp_1_U398      | 3   |        | mul_2_i     | fmul  | maxdsp  | 2       |
|      fadd_32ns_32ns_32_4_full_dsp_1_U395     | 2   |        | tmp2_8      | fadd  | fulldsp | 3       |
|    + p_mul_1_Pipeline_VITIS_LOOP_187_1       | 0   |        |             |       |         |         |
|      add_ln187_fu_100_p2                     | -   |        | add_ln187   | add   | fabric  | 0       |
|   + p_mul                                    | 15  |        |             |       |         |         |
|    + p_mul_Pipeline_VITIS_LOOP_169_1         | 15  |        |             |       |         |         |
|      add_ln169_fu_148_p2                     | -   |        | add_ln169   | add   | fabric  | 0       |
|      fmul_32ns_32ns_32_3_max_dsp_1_U55       | 3   |        | mul_i       | fmul  | maxdsp  | 2       |
|      fadd_32ns_32ns_32_4_full_dsp_1_U52      | 2   |        | tmp2        | fadd  | fulldsp | 3       |
|      add_ln172_fu_181_p2                     | -   |        | add_ln172   | add   | fabric  | 0       |
|      tmp_s_fu_197_p4                         | -   |        | add_ln173   | add   | fabric  | 0       |
|      fmul_32ns_32ns_32_3_max_dsp_1_U56       | 3   |        | mul_1_i     | fmul  | maxdsp  | 2       |
|      fadd_32ns_32ns_32_4_full_dsp_1_U53      | 2   |        | tmp2_5      | fadd  | fulldsp | 3       |
|      add_ln172_3_fu_213_p2                   | -   |        | add_ln172_3 | add   | fabric  | 0       |
|      fmul_32ns_32ns_32_3_max_dsp_1_U57       | 3   |        | mul_2_i     | fmul  | maxdsp  | 2       |
|      fadd_32ns_32ns_32_4_full_dsp_1_U54      | 2   |        | tmp2_6      | fadd  | fulldsp | 3       |
|    + p_mul_Pipeline_VITIS_LOOP_187_1         | 0   |        |             |       |         |         |
|      add_ln187_fu_160_p2                     | -   |        | add_ln187   | add   | fabric  | 0       |
|   + operator_1_Pipeline_VITIS_LOOP_84_1      | 0   |        |             |       |         |         |
|     idx_18_fu_114_p2                         | -   |        | idx_18      | add   | fabric  | 0       |
|   + operator_1_Pipeline_VITIS_LOOP_92_2      | 0   |        |             |       |         |         |
|     add_ln93_2_fu_187_p2                     | -   |        | add_ln93_2  | add   | fabric  | 0       |
|     add_ln93_fu_205_p2                       | -   |        | add_ln93    | add   | fabric  | 0       |
|   + operator_1_Pipeline_VITIS_LOOP_104_3     | 0   |        |             |       |         |         |
|     add_ln105_fu_149_p2                      | -   |        | add_ln105   | add   | fabric  | 0       |
|  + operator_3                                | 2   |        |             |       |         |         |
|    diff_p_fu_542_p2                          | -   |        | diff_p      | sub   | fabric  | 0       |
|    diff_p_1_fu_570_p2                        | -   |        | diff_p_1    | sub   | fabric  | 0       |
|    add_ln117_fu_592_p2                       | -   |        | add_ln117   | add   | fabric  | 0       |
|    fadd_32ns_32ns_32_4_full_dsp_1_U551       | 2   |        | tmp_51      | fadd  | fulldsp | 3       |
|    add_ln117_1_fu_654_p2                     | -   |        | add_ln117_1 | add   | fabric  | 0       |
|    add_ln117_2_fu_671_p2                     | -   |        | add_ln117_2 | add   | fabric  | 0       |
|    add_ln117_3_fu_681_p2                     | -   |        | add_ln117_3 | add   | fabric  | 0       |
|    sub_ln117_fu_727_p2                       | -   |        | sub_ln117   | sub   | fabric  | 0       |
|    fadd_32ns_32ns_32_4_full_dsp_1_U551       | 2   |        | tmp_54      | fadd  | fulldsp | 3       |
|    add_ln117_4_fu_767_p2                     | -   |        | add_ln117_4 | add   | fabric  | 0       |
|    sub_ln117_1_fu_815_p2                     | -   |        | sub_ln117_1 | sub   | fabric  | 0       |
|    fadd_32ns_32ns_32_4_full_dsp_1_U551       | 2   |        | tmp_55      | fadd  | fulldsp | 3       |
|    sub_ln92_fu_924_p2                        | -   |        | sub_ln92    | sub   | fabric  | 0       |
|    base_fu_929_p2                            | -   |        | base        | add   | fabric  | 0       |
|    tmp_59_fu_946_p2                          | -   |        | tmp_59      | add   | fabric  | 0       |
|    add_ln104_fu_967_p2                       | -   |        | add_ln104   | add   | fabric  | 0       |
|   + p_sum_1                                  | 0   |        |             |       |         |         |
|     tmp_s_fu_391_p4                          | -   |        | sub_ln117   | sub   | fabric  | 0       |
|     sub_ln92_fu_480_p2                       | -   |        | sub_ln92    | sub   | fabric  | 0       |
|     base_fu_485_p2                           | -   |        | base        | add   | fabric  | 0       |
|     tmp_fu_502_p2                            | -   |        | tmp         | add   | fabric  | 0       |
|     add_ln104_fu_523_p2                      | -   |        | add_ln104   | add   | fabric  | 0       |
|    + p_sum_1_Pipeline_VITIS_LOOP_84_1        | 0   |        |             |       |         |         |
|      idx_77_fu_114_p2                        | -   |        | idx_77      | add   | fabric  | 0       |
|    + p_sum_1_Pipeline_VITIS_LOOP_92_2        | 0   |        |             |       |         |         |
|      add_ln93_8_fu_187_p2                    | -   |        | add_ln93_8  | add   | fabric  | 0       |
|      add_ln93_fu_205_p2                      | -   |        | add_ln93    | add   | fabric  | 0       |
|    + p_sum_1_Pipeline_VITIS_LOOP_104_3       | 0   |        |             |       |         |         |
|      add_ln105_fu_149_p2                     | -   |        | add_ln105   | add   | fabric  | 0       |
|   + operator_3_Pipeline_VITIS_LOOP_84_1      | 0   |        |             |       |         |         |
|     idx_31_fu_114_p2                         | -   |        | idx_31      | add   | fabric  | 0       |
|   + operator_3_Pipeline_VITIS_LOOP_92_2      | 0   |        |             |       |         |         |
|     add_ln93_4_fu_187_p2                     | -   |        | add_ln93_4  | add   | fabric  | 0       |
|     add_ln93_fu_205_p2                       | -   |        | add_ln93    | add   | fabric  | 0       |
|   + operator_3_Pipeline_VITIS_LOOP_104_3     | 0   |        |             |       |         |         |
|     add_ln105_fu_149_p2                      | -   |        | add_ln105   | add   | fabric  | 0       |
|  + operator_1_s                              | 2   |        |             |       |         |         |
|    diff_p_fu_336_p2                          | -   |        | diff_p      | sub   | fabric  | 0       |
|    sub_ln149_fu_364_p2                       | -   |        | sub_ln149   | sub   | fabric  | 0       |
|   + p_sum                                    | 2   |        |             |       |         |         |
|     fadd_32ns_32ns_32_4_full_dsp_1_U582      | 2   |        | tmp_229     | fadd  | fulldsp | 3       |
|     add_ln117_fu_423_p2                      | -   |        | add_ln117   | add   | fabric  | 0       |
|     sub_ln117_fu_471_p2                      | -   |        | sub_ln117   | sub   | fabric  | 0       |
|     fadd_32ns_32ns_32_4_full_dsp_1_U582      | 2   |        | tmp_230     | fadd  | fulldsp | 3       |
|     sub_ln117_2_fu_500_p2                    | -   |        | sub_ln117_2 | sub   | fabric  | 0       |
|     add_ln117_5_fu_513_p2                    | -   |        | add_ln117_5 | add   | fabric  | 0       |
|     add_ln117_6_fu_519_p2                    | -   |        | add_ln117_6 | add   | fabric  | 0       |
|     add_ln117_7_fu_537_p2                    | -   |        | add_ln117_7 | add   | fabric  | 0       |
|     sub_ln117_3_fu_579_p2                    | -   |        | sub_ln117_3 | sub   | fabric  | 0       |
|     fadd_32ns_32ns_32_4_full_dsp_1_U582      | 2   |        | tmp_231     | fadd  | fulldsp | 3       |
|     sub_ln92_fu_684_p2                       | -   |        | sub_ln92    | sub   | fabric  | 0       |
|     base_fu_689_p2                           | -   |        | base        | add   | fabric  | 0       |
|     tmp_244_fu_706_p2                        | -   |        | tmp_244     | add   | fabric  | 0       |
|     add_ln104_fu_727_p2                      | -   |        | add_ln104   | add   | fabric  | 0       |
|    + p_sum_Pipeline_VITIS_LOOP_84_1          | 0   |        |             |       |         |         |
|      idx_71_fu_114_p2                        | -   |        | idx_71      | add   | fabric  | 0       |
|    + p_sum_Pipeline_VITIS_LOOP_92_2          | 0   |        |             |       |         |         |
|      add_ln93_7_fu_187_p2                    | -   |        | add_ln93_7  | add   | fabric  | 0       |
|      add_ln93_fu_205_p2                      | -   |        | add_ln93    | add   | fabric  | 0       |
|    + p_sum_Pipeline_VITIS_LOOP_104_3         | 0   |        |             |       |         |         |
|      add_ln105_fu_149_p2                     | -   |        | add_ln105   | add   | fabric  | 0       |
|  + ban_interface_Pipeline_VITIS_LOOP_410_122 | 0   |        |             |       |         |         |
|    add_ln411_fu_140_p2                       | -   |        | add_ln411   | add   | fabric  | 0       |
|    add_ln411_1_fu_146_p2                     | -   |        | add_ln411_1 | add   | fabric  | 0       |
|    add_ln411_2_fu_164_p2                     | -   |        | add_ln411_2 | add   | fabric  | 0       |
|    sub_ln411_fu_206_p2                       | -   |        | sub_ln411   | sub   | fabric  | 0       |
|    add_ln410_fu_260_p2                       | -   |        | add_ln410   | add   | fabric  | 0       |
|  + ban_interface_Pipeline_VITIS_LOOP_374_121 | 0   |        |             |       |         |         |
|    add_ln375_fu_140_p2                       | -   |        | add_ln375   | add   | fabric  | 0       |
|    add_ln375_1_fu_146_p2                     | -   |        | add_ln375_1 | add   | fabric  | 0       |
|    add_ln375_2_fu_164_p2                     | -   |        | add_ln375_2 | add   | fabric  | 0       |
|    sub_ln375_fu_206_p2                       | -   |        | sub_ln375   | sub   | fabric  | 0       |
|    add_ln374_fu_260_p2                       | -   |        | add_ln374   | add   | fabric  | 0       |
|  + ban_interface_Pipeline_VITIS_LOOP_410_120 | 0   |        |             |       |         |         |
|    add_ln411_fu_140_p2                       | -   |        | add_ln411   | add   | fabric  | 0       |
|    add_ln411_3_fu_146_p2                     | -   |        | add_ln411_3 | add   | fabric  | 0       |
|    add_ln411_4_fu_164_p2                     | -   |        | add_ln411_4 | add   | fabric  | 0       |
|    sub_ln411_fu_206_p2                       | -   |        | sub_ln411   | sub   | fabric  | 0       |
|    add_ln410_fu_260_p2                       | -   |        | add_ln410   | add   | fabric  | 0       |
|  + ban_interface_Pipeline_VITIS_LOOP_374_119 | 0   |        |             |       |         |         |
|    add_ln375_fu_140_p2                       | -   |        | add_ln375   | add   | fabric  | 0       |
|    add_ln375_3_fu_146_p2                     | -   |        | add_ln375_3 | add   | fabric  | 0       |
|    add_ln375_4_fu_164_p2                     | -   |        | add_ln375_4 | add   | fabric  | 0       |
|    sub_ln375_fu_206_p2                       | -   |        | sub_ln375   | sub   | fabric  | 0       |
|    add_ln374_fu_260_p2                       | -   |        | add_ln374   | add   | fabric  | 0       |
|  + ban_interface_Pipeline_VITIS_LOOP_68_118  | 0   |        |             |       |         |         |
|    add_ln69_fu_121_p2                        | -   |        | add_ln69    | add   | fabric  | 0       |
|    add_ln69_3_fu_127_p2                      | -   |        | add_ln69_3  | add   | fabric  | 0       |
|    add_ln69_4_fu_145_p2                      | -   |        | add_ln69_4  | add   | fabric  | 0       |
|    sub_ln69_fu_187_p2                        | -   |        | sub_ln69    | sub   | fabric  | 0       |
|    add_ln68_fu_235_p2                        | -   |        | add_ln68    | add   | fabric  | 0       |
|  + ban_interface_Pipeline_VITIS_LOOP_68_117  | 0   |        |             |       |         |         |
|    add_ln69_fu_121_p2                        | -   |        | add_ln69    | add   | fabric  | 0       |
|    add_ln69_5_fu_127_p2                      | -   |        | add_ln69_5  | add   | fabric  | 0       |
|    add_ln69_6_fu_145_p2                      | -   |        | add_ln69_6  | add   | fabric  | 0       |
|    sub_ln69_fu_187_p2                        | -   |        | sub_ln69    | sub   | fabric  | 0       |
|    add_ln68_fu_235_p2                        | -   |        | add_ln68    | add   | fabric  | 0       |
|  + ban_interface_Pipeline_VITIS_LOOP_374_116 | 0   |        |             |       |         |         |
|    add_ln375_3_fu_140_p2                     | -   |        | add_ln375_3 | add   | fabric  | 0       |
|    add_ln375_4_fu_146_p2                     | -   |        | add_ln375_4 | add   | fabric  | 0       |
|    add_ln375_fu_164_p2                       | -   |        | add_ln375   | add   | fabric  | 0       |
|    sub_ln375_fu_206_p2                       | -   |        | sub_ln375   | sub   | fabric  | 0       |
|    add_ln374_fu_260_p2                       | -   |        | add_ln374   | add   | fabric  | 0       |
|  + ban_interface_Pipeline_VITIS_LOOP_410_115 | 0   |        |             |       |         |         |
|    add_ln411_3_fu_140_p2                     | -   |        | add_ln411_3 | add   | fabric  | 0       |
|    add_ln411_4_fu_146_p2                     | -   |        | add_ln411_4 | add   | fabric  | 0       |
|    add_ln411_fu_164_p2                       | -   |        | add_ln411   | add   | fabric  | 0       |
|    sub_ln411_fu_206_p2                       | -   |        | sub_ln411   | sub   | fabric  | 0       |
|    add_ln410_fu_260_p2                       | -   |        | add_ln410   | add   | fabric  | 0       |
|  + ban_interface_Pipeline_VITIS_LOOP_410_1   | 0   |        |             |       |         |         |
|    add_ln411_fu_140_p2                       | -   |        | add_ln411   | add   | fabric  | 0       |
|    add_ln411_1_fu_146_p2                     | -   |        | add_ln411_1 | add   | fabric  | 0       |
|    add_ln411_2_fu_164_p2                     | -   |        | add_ln411_2 | add   | fabric  | 0       |
|    sub_ln411_fu_206_p2                       | -   |        | sub_ln411   | sub   | fabric  | 0       |
|    add_ln410_fu_260_p2                       | -   |        | add_ln410   | add   | fabric  | 0       |
|  + ban_interface_Pipeline_VITIS_LOOP_374_1   | 0   |        |             |       |         |         |
|    add_ln375_fu_140_p2                       | -   |        | add_ln375   | add   | fabric  | 0       |
|    add_ln375_1_fu_146_p2                     | -   |        | add_ln375_1 | add   | fabric  | 0       |
|    add_ln375_2_fu_164_p2                     | -   |        | add_ln375_2 | add   | fabric  | 0       |
|    sub_ln375_fu_206_p2                       | -   |        | sub_ln375   | sub   | fabric  | 0       |
|    add_ln374_fu_260_p2                       | -   |        | add_ln374   | add   | fabric  | 0       |
|  + ban_interface_Pipeline_VITIS_LOOP_68_114  | 0   |        |             |       |         |         |
|    add_ln69_5_fu_121_p2                      | -   |        | add_ln69_5  | add   | fabric  | 0       |
|    add_ln69_6_fu_127_p2                      | -   |        | add_ln69_6  | add   | fabric  | 0       |
|    add_ln69_fu_145_p2                        | -   |        | add_ln69    | add   | fabric  | 0       |
|    sub_ln69_fu_187_p2                        | -   |        | sub_ln69    | sub   | fabric  | 0       |
|    add_ln68_fu_235_p2                        | -   |        | add_ln68    | add   | fabric  | 0       |
|  + ban_interface_Pipeline_VITIS_LOOP_68_1    | 0   |        |             |       |         |         |
|    add_ln69_fu_121_p2                        | -   |        | add_ln69    | add   | fabric  | 0       |
|    add_ln69_3_fu_127_p2                      | -   |        | add_ln69_3  | add   | fabric  | 0       |
|    add_ln69_4_fu_145_p2                      | -   |        | add_ln69_4  | add   | fabric  | 0       |
|    sub_ln69_fu_187_p2                        | -   |        | sub_ln69    | sub   | fabric  | 0       |
|    add_ln68_fu_235_p2                        | -   |        | add_ln68    | add   | fabric  | 0       |
|  + operator_div                              | 15  |        |             |       |         |         |
|    c_p_2_fu_468_p2                           | -   |        | c_p_2       | sub   | fabric  | 0       |
|    fdiv_32ns_32ns_32_9_no_dsp_1_U115         | -   |        | tmp_46      | fdiv  | fabric  | 8       |
|    fdiv_32ns_32ns_32_9_no_dsp_1_U116         | -   |        | tmp_47      | fdiv  | fabric  | 8       |
|    sub_ln92_fu_547_p2                        | -   |        | sub_ln92    | add   | tadder  | 0       |
|    base_fu_552_p2                            | -   |        | base        | add   | tadder  | 0       |
|    sub_ln100_fu_563_p2                       | -   |        | sub_ln100   | add   | tadder  | 0       |
|    tmp_48_fu_568_p2                          | -   |        | tmp_48      | add   | tadder  | 0       |
|    add_ln104_fu_590_p2                       | -   |        | add_ln104   | add   | fabric  | 0       |
|   + operator_Pipeline_VITIS_LOOP_215_1       | 0   |        |             |       |         |         |
|     add_ln216_fu_148_p2                      | -   |        | add_ln216   | add   | fabric  | 0       |
|     add_ln216_1_fu_154_p2                    | -   |        | add_ln216_1 | add   | fabric  | 0       |
|     add_ln216_2_fu_172_p2                    | -   |        | add_ln216_2 | add   | fabric  | 0       |
|     sub_ln216_fu_214_p2                      | -   |        | sub_ln216   | sub   | fabric  | 0       |
|     add_ln215_fu_248_p2                      | -   |        | add_ln215   | add   | fabric  | 0       |
|   + p_mul                                    | 15  |        |             |       |         |         |
|    + p_mul_Pipeline_VITIS_LOOP_169_1         | 15  |        |             |       |         |         |
|      add_ln169_fu_148_p2                     | -   |        | add_ln169   | add   | fabric  | 0       |
|      fmul_32ns_32ns_32_3_max_dsp_1_U55       | 3   |        | mul_i       | fmul  | maxdsp  | 2       |
|      fadd_32ns_32ns_32_4_full_dsp_1_U52      | 2   |        | tmp2        | fadd  | fulldsp | 3       |
|      add_ln172_fu_181_p2                     | -   |        | add_ln172   | add   | fabric  | 0       |
|      tmp_s_fu_197_p4                         | -   |        | add_ln173   | add   | fabric  | 0       |
|      fmul_32ns_32ns_32_3_max_dsp_1_U56       | 3   |        | mul_1_i     | fmul  | maxdsp  | 2       |
|      fadd_32ns_32ns_32_4_full_dsp_1_U53      | 2   |        | tmp2_5      | fadd  | fulldsp | 3       |
|      add_ln172_3_fu_213_p2                   | -   |        | add_ln172_3 | add   | fabric  | 0       |
|      fmul_32ns_32ns_32_3_max_dsp_1_U57       | 3   |        | mul_2_i     | fmul  | maxdsp  | 2       |
|      fadd_32ns_32ns_32_4_full_dsp_1_U54      | 2   |        | tmp2_6      | fadd  | fulldsp | 3       |
|    + p_mul_Pipeline_VITIS_LOOP_187_1         | 0   |        |             |       |         |         |
|      add_ln187_fu_160_p2                     | -   |        | add_ln187   | add   | fabric  | 0       |
|   + operator_Pipeline_VITIS_LOOP_84_1        | 0   |        |             |       |         |         |
|     idx_6_fu_114_p2                          | -   |        | idx_6       | add   | fabric  | 0       |
|   + operator_Pipeline_VITIS_LOOP_92_2        | 0   |        |             |       |         |         |
|     add_ln93_1_fu_187_p2                     | -   |        | add_ln93_1  | add   | fabric  | 0       |
|     add_ln93_fu_205_p2                       | -   |        | add_ln93    | add   | fabric  | 0       |
|   + operator_Pipeline_VITIS_LOOP_104_3       | 0   |        |             |       |         |         |
|     add_ln105_fu_149_p2                      | -   |        | add_ln105   | add   | fabric  | 0       |
|  + ban_interface_Pipeline_VITIS_LOOP_84_111  | 0   |        |             |       |         |         |
|    idx_58_fu_114_p2                          | -   |        | idx_58      | add   | fabric  | 0       |
|  + ban_interface_Pipeline_VITIS_LOOP_92_212  | 0   |        |             |       |         |         |
|    add_ln93_5_fu_187_p2                      | -   |        | add_ln93_5  | add   | fabric  | 0       |
|    add_ln93_4_fu_205_p2                      | -   |        | add_ln93_4  | add   | fabric  | 0       |
|  + ban_interface_Pipeline_VITIS_LOOP_104_313 | 0   |        |             |       |         |         |
|    add_ln105_fu_149_p2                       | -   |        | add_ln105   | add   | fabric  | 0       |
|  + operator_add                              | 0   |        |             |       |         |         |
|    add_ln527_fu_441_p2                       | -   |        | add_ln527   | add   | fabric  | 0       |
|    sub_ln92_fu_559_p2                        | -   |        | sub_ln92    | add   | tadder  | 0       |
|    base_fu_564_p2                            | -   |        | base        | add   | tadder  | 0       |
|    add_ln100_fu_575_p2                       | -   |        | add_ln100   | add   | tadder  | 0       |
|    tmp_73_fu_584_p2                          | -   |        | tmp_73      | add   | fabric  | 0       |
|    add_ln100_4_fu_589_p2                     | -   |        | add_ln100_4 | add   | tadder  | 0       |
|    add_ln104_fu_611_p2                       | -   |        | add_ln104   | add   | fabric  | 0       |
|    sub_i1_fu_472_p2                          | -   |        | sub_i1      | sub   | fabric  | 0       |
|   + operator_Pipeline_VITIS_LOOP_506_1       | 0   |        |             |       |         |         |
|     tmp_s_fu_144_p4                          | -   |        | add_ln509   | add   | fabric  | 0       |
|     add_ln506_fu_186_p2                      | -   |        | add_ln506   | add   | fabric  | 0       |
|   + operator_Pipeline_VITIS_LOOP_84_1_s      | 0   |        |             |       |         |         |
|     idx_25_fu_114_p2                         | -   |        | idx_25      | add   | fabric  | 0       |
|   + operator_Pipeline_VITIS_LOOP_92_2_s      | 0   |        |             |       |         |         |
|     add_ln93_3_fu_187_p2                     | -   |        | add_ln93_3  | add   | fabric  | 0       |
|     add_ln93_fu_205_p2                       | -   |        | add_ln93    | add   | fabric  | 0       |
|   + operator_Pipeline_VITIS_LOOP_104_3_s     | 0   |        |             |       |         |         |
|     add_ln105_fu_149_p2                      | -   |        | add_ln105   | add   | fabric  | 0       |
|   + operator_Pipeline_VITIS_LOOP_21_1        | 0   |        |             |       |         |         |
|     add_ln21_fu_111_p2                       | -   |        | add_ln21    | add   | fabric  | 0       |
|  + ban_interface_Pipeline_VITIS_LOOP_84_18   | 0   |        |             |       |         |         |
|    idx_51_fu_114_p2                          | -   |        | idx_51      | add   | fabric  | 0       |
|  + ban_interface_Pipeline_VITIS_LOOP_92_29   | 0   |        |             |       |         |         |
|    add_ln93_3_fu_187_p2                      | -   |        | add_ln93_3  | add   | fabric  | 0       |
|    add_ln93_2_fu_205_p2                      | -   |        | add_ln93_2  | add   | fabric  | 0       |
|  + ban_interface_Pipeline_VITIS_LOOP_104_310 | 0   |        |             |       |         |         |
|    add_ln105_fu_149_p2                       | -   |        | add_ln105   | add   | fabric  | 0       |
|  + ban_interface_Pipeline_VITIS_LOOP_84_1    | 0   |        |             |       |         |         |
|    idx_64_fu_114_p2                          | -   |        | idx_64      | add   | fabric  | 0       |
|  + ban_interface_Pipeline_VITIS_LOOP_92_2    | 0   |        |             |       |         |         |
|    add_ln93_1_fu_187_p2                      | -   |        | add_ln93_1  | add   | fabric  | 0       |
|    add_ln93_fu_205_p2                        | -   |        | add_ln93    | add   | fabric  | 0       |
|  + ban_interface_Pipeline_VITIS_LOOP_104_3   | 0   |        |             |       |         |         |
|    add_ln105_fu_149_p2                       | -   |        | add_ln105   | add   | fabric  | 0       |
|  + ban_interface_Pipeline_VITIS_LOOP_335_17  | 0   |        |             |       |         |         |
|    add_ln335_fu_138_p2                       | -   |        | add_ln335   | add   | fabric  | 0       |
|    add_ln336_fu_152_p2                       | -   |        | add_ln336   | add   | fabric  | 0       |
|    add_ln336_1_fu_158_p2                     | -   |        | add_ln336_1 | add   | fabric  | 0       |
|    add_ln336_2_fu_176_p2                     | -   |        | add_ln336_2 | add   | fabric  | 0       |
|    sub_ln336_fu_218_p2                       | -   |        | sub_ln336   | sub   | fabric  | 0       |
|  + ban_interface_Pipeline_VITIS_LOOP_335_16  | 0   |        |             |       |         |         |
|    add_ln335_fu_138_p2                       | -   |        | add_ln335   | add   | fabric  | 0       |
|    add_ln336_fu_152_p2                       | -   |        | add_ln336   | add   | fabric  | 0       |
|    add_ln336_3_fu_158_p2                     | -   |        | add_ln336_3 | add   | fabric  | 0       |
|    add_ln336_4_fu_176_p2                     | -   |        | add_ln336_4 | add   | fabric  | 0       |
|    sub_ln336_fu_218_p2                       | -   |        | sub_ln336   | sub   | fabric  | 0       |
|  + ban_interface_Pipeline_VITIS_LOOP_335_15  | 0   |        |             |       |         |         |
|    add_ln335_fu_138_p2                       | -   |        | add_ln335   | add   | fabric  | 0       |
|    add_ln336_3_fu_152_p2                     | -   |        | add_ln336_3 | add   | fabric  | 0       |
|    add_ln336_4_fu_158_p2                     | -   |        | add_ln336_4 | add   | fabric  | 0       |
|    add_ln336_fu_176_p2                       | -   |        | add_ln336   | add   | fabric  | 0       |
|    sub_ln336_fu_218_p2                       | -   |        | sub_ln336   | sub   | fabric  | 0       |
|  + ban_interface_Pipeline_VITIS_LOOP_335_1   | 0   |        |             |       |         |         |
|    add_ln335_fu_138_p2                       | -   |        | add_ln335   | add   | fabric  | 0       |
|    add_ln336_fu_152_p2                       | -   |        | add_ln336   | add   | fabric  | 0       |
|    add_ln336_1_fu_158_p2                     | -   |        | add_ln336_1 | add   | fabric  | 0       |
|    add_ln336_2_fu_176_p2                     | -   |        | add_ln336_2 | add   | fabric  | 0       |
|    sub_ln336_fu_218_p2                       | -   |        | sub_ln336   | sub   | fabric  | 0       |
|  + ban_interface_Pipeline_VITIS_LOOP_53_14   | 0   |        |             |       |         |         |
|    add_ln53_fu_120_p2                        | -   |        | add_ln53    | add   | fabric  | 0       |
|    add_ln54_fu_134_p2                        | -   |        | add_ln54    | add   | fabric  | 0       |
|    add_ln54_1_fu_140_p2                      | -   |        | add_ln54_1  | add   | fabric  | 0       |
|    add_ln54_2_fu_158_p2                      | -   |        | add_ln54_2  | add   | fabric  | 0       |
|    sub_ln54_fu_200_p2                        | -   |        | sub_ln54    | sub   | fabric  | 0       |
|  + ban_interface_Pipeline_VITIS_LOOP_53_1    | 0   |        |             |       |         |         |
|    add_ln53_fu_120_p2                        | -   |        | add_ln53    | add   | fabric  | 0       |
|    add_ln54_fu_134_p2                        | -   |        | add_ln54    | add   | fabric  | 0       |
|    add_ln54_1_fu_140_p2                      | -   |        | add_ln54_1  | add   | fabric  | 0       |
|    add_ln54_2_fu_158_p2                      | -   |        | add_ln54_2  | add   | fabric  | 0       |
|    sub_ln54_fu_200_p2                        | -   |        | sub_ln54    | sub   | fabric  | 0       |
|  + sqrt                                      | 3   |        |             |       |         |         |
|    fmul_32ns_32ns_32_3_max_dsp_1_U378        | 3   |        | mul23_2     | fmul  | maxdsp  | 2       |
|    fsqrt_32ns_32ns_32_8_no_dsp_1_U380        | -   |        | normalizer  | fsqrt | fabric  | 7       |
|    fmul_32ns_32ns_32_3_max_dsp_1_U378        | 3   |        | tmp_13      | fmul  | maxdsp  | 2       |
|   + sqrt_Pipeline_VITIS_LOOP_68_1            | 0   |        |             |       |         |         |
|     add_ln69_fu_121_p2                       | -   |        | add_ln69    | add   | fabric  | 0       |
|     add_ln69_1_fu_127_p2                     | -   |        | add_ln69_1  | add   | fabric  | 0       |
|     add_ln69_2_fu_145_p2                     | -   |        | add_ln69_2  | add   | fabric  | 0       |
|     sub_ln69_fu_187_p2                       | -   |        | sub_ln69    | sub   | fabric  | 0       |
|     add_ln68_fu_235_p2                       | -   |        | add_ln68    | add   | fabric  | 0       |
|   + sqrt_Pipeline_VITIS_LOOP_444_1           | 0   |        |             |       |         |         |
|     add_ln445_fu_179_p2                      | -   |        | add_ln445   | add   | fabric  | 0       |
|     add_ln445_1_fu_185_p2                    | -   |        | add_ln445_1 | add   | fabric  | 0       |
|     add_ln445_2_fu_203_p2                    | -   |        | add_ln445_2 | add   | fabric  | 0       |
|     sub_ln445_fu_245_p2                      | -   |        | sub_ln445   | sub   | fabric  | 0       |
|     add_ln444_fu_273_p2                      | -   |        | add_ln444   | add   | fabric  | 0       |
|   + sqrt_Pipeline_VITIS_LOOP_169_1           | 0   |        |             |       |         |         |
|     add_ln169_fu_133_p2                      | -   |        | add_ln169   | add   | fabric  | 0       |
|     add_ln172_fu_166_p2                      | -   |        | add_ln172   | add   | fabric  | 0       |
|     tmp_s_fu_182_p4                          | -   |        | add_ln173   | add   | fabric  | 0       |
|     add_ln172_1_fu_199_p2                    | -   |        | add_ln172_1 | add   | fabric  | 0       |
|   + sqrt_Pipeline_VITIS_LOOP_187_1           | 0   |        |             |       |         |         |
|     add_ln187_fu_100_p2                      | -   |        | add_ln187   | add   | fabric  | 0       |
|   + sqrt_Pipeline_VITIS_LOOP_21_1            | 0   |        |             |       |         |         |
|     add_ln21_fu_111_p2                       | -   |        | add_ln21    | add   | fabric  | 0       |
|  + mul_body                                  | 15  |        |             |       |         |         |
|    p_fu_353_p2                               | -   |        | p           | add   | fabric  | 0       |
|    sub_ln92_fu_457_p2                        | -   |        | sub_ln92    | sub   | fabric  | 0       |
|    base_fu_462_p2                            | -   |        | base        | add   | fabric  | 0       |
|    tmp_fu_479_p2                             | -   |        | tmp         | add   | fabric  | 0       |
|    add_ln104_fu_500_p2                       | -   |        | add_ln104   | add   | fabric  | 0       |
|   + mul_body_Pipeline_VITIS_LOOP_169_1       | 15  |        |             |       |         |         |
|     add_ln169_fu_154_p2                      | -   |        | add_ln169   | add   | fabric  | 0       |
|     add_ln173_fu_174_p2                      | -   |        | add_ln173   | add   | fabric  | 0       |
|     add_ln173_1_fu_184_p2                    | -   |        | add_ln173_1 | add   | fabric  | 0       |
|     sub_ln173_fu_222_p2                      | -   |        | sub_ln173   | sub   | fabric  | 0       |
|     fmul_32ns_32ns_32_3_max_dsp_1_U451       | 3   |        | mul_i_i     | fmul  | maxdsp  | 2       |
|     fadd_32ns_32ns_32_4_full_dsp_1_U448      | 2   |        | tmp2        | fadd  | fulldsp | 3       |
|     add_ln172_fu_253_p2                      | -   |        | add_ln172   | add   | fabric  | 0       |
|     add_ln173_2_fu_280_p2                    | -   |        | add_ln173_2 | add   | fabric  | 0       |
|     add_ln173_3_fu_290_p2                    | -   |        | add_ln173_3 | add   | fabric  | 0       |
|     sub_ln173_1_fu_336_p2                    | -   |        | sub_ln173_1 | sub   | fabric  | 0       |
|     fmul_32ns_32ns_32_3_max_dsp_1_U452       | 3   |        | mul_1_i_i   | fmul  | maxdsp  | 2       |
|     fadd_32ns_32ns_32_4_full_dsp_1_U449      | 2   |        | tmp2_3      | fadd  | fulldsp | 3       |
|     add_ln172_2_fu_368_p2                    | -   |        | add_ln172_2 | add   | fabric  | 0       |
|     add_ln173_4_fu_395_p2                    | -   |        | add_ln173_4 | add   | fabric  | 0       |
|     add_ln173_5_fu_405_p2                    | -   |        | add_ln173_5 | add   | fabric  | 0       |
|     sub_ln173_2_fu_451_p2                    | -   |        | sub_ln173_2 | sub   | fabric  | 0       |
|     fmul_32ns_32ns_32_3_max_dsp_1_U453       | 3   |        | mul_2_i_i   | fmul  | maxdsp  | 2       |
|     fadd_32ns_32ns_32_4_full_dsp_1_U450      | 2   |        | tmp2_4      | fadd  | fulldsp | 3       |
|   + mul_body_Pipeline_VITIS_LOOP_187_1       | 0   |        |             |       |         |         |
|     add_ln187_fu_100_p2                      | -   |        | add_ln187   | add   | fabric  | 0       |
|   + mul_body_Pipeline_VITIS_LOOP_21_1        | 0   |        |             |       |         |         |
|     add_ln21_fu_111_p2                       | -   |        | add_ln21    | add   | fabric  | 0       |
|   + mul_body_Pipeline_VITIS_LOOP_84_1        | 0   |        |             |       |         |         |
|     idx_44_fu_114_p2                         | -   |        | idx_44      | add   | fabric  | 0       |
|   + mul_body_Pipeline_VITIS_LOOP_92_2        | 0   |        |             |       |         |         |
|     add_ln93_6_fu_169_p2                     | -   |        | add_ln93_6  | add   | fabric  | 0       |
|     add_ln93_fu_187_p2                       | -   |        | add_ln93    | add   | fabric  | 0       |
|   + mul_body_Pipeline_VITIS_LOOP_104_3       | 0   |        |             |       |         |         |
|     add_ln105_fu_149_p2                      | -   |        | add_ln105   | add   | fabric  | 0       |
+----------------------------------------------+-----+--------+-------------+-------+---------+---------+


================================================================
== Bind Storage Report
================================================================
+-----------------+------+------+--------+----------+---------+------+---------+
| Name            | BRAM | URAM | Pragma | Variable | Storage | Impl | Latency |
+-----------------+------+------+--------+----------+---------+------+---------+
| + ban_interface | 0    | 0    |        |          |         |      |         |
|  + operator_1   | 0    | 0    |        |          |         |      |         |
|   + p_mul_1     | 0    | 0    |        |          |         |      |         |
|     aux_U       | -    | -    |        | aux      | ram_1p  | auto | 1       |
|   + p_mul       | 0    | 0    |        |          |         |      |         |
|     aux_U       | -    | -    |        | aux      | ram_1p  | auto | 1       |
|  + operator_div | 0    | 0    |        |          |         |      |         |
|   + p_mul       | 0    | 0    |        |          |         |      |         |
|     aux_U       | -    | -    |        | aux      | ram_1p  | auto | 1       |
|  + sqrt         | 0    | 0    |        |          |         |      |         |
|    aux_U        | -    | -    |        | aux      | ram_1p  | auto | 1       |
|  + mul_body     | 0    | 0    |        |          |         |      |         |
|    aux_U        | -    | -    |        | aux      | ram_1p  | auto | 1       |
+-----------------+------+------+--------+----------+---------+------+---------+


================================================================
== User Pragma Report
================================================================
* Valid Pragma Syntax
+--------+---------+---------------------------------+
| Type   | Options | Location                        |
+--------+---------+---------------------------------+
| unroll |         | ../src/ban.cpp:115 in _sum      |
| unroll |         | ../src/ban.cpp:158 in operator- |
| unroll |         | ../src/ban.cpp:171 in _mul_conv |
| unroll |         | ../src/ban.cpp:221 in _div_body |
| unroll |         | ../src/ban.cpp:230 in _div_body |
| unroll |         | ../src/ban.cpp:237 in _div_body |
| unroll |         | ../src/ban.cpp:254 in _div_body |
| unroll |         | ../src/ban.cpp:487 in sqrt      |
| unroll |         | ../src/ban.cpp:497 in sqrt      |
| unroll |         | ../src/ban.cpp:556 in operator* |
| unroll |         | ../src/ban.cpp:578 in operator/ |
+--------+---------+---------------------------------+


