

================================================================
== Vitis HLS Report for 'operator_2_s'
================================================================
* Date:           Tue Feb  8 15:34:42 2022

* Version:        2021.2 (Build 3367213 on Tue Oct 19 02:47:39 MDT 2021)
* Project:        ban_interface
* Solution:       solution1 (Vivado IP Flow Target)
* Product family: zynquplus
* Target device:  xczu7ev-ffvc1156-2-e


================================================================
== Performance Estimates
================================================================
+ Timing: 
    * Summary: 
    +--------+----------+----------+------------+
    |  Clock |  Target  | Estimated| Uncertainty|
    +--------+----------+----------+------------+
    |ap_clk  |  10.00 ns|  7.057 ns|     2.70 ns|
    +--------+----------+----------+------------+

+ Latency: 
    * Summary: 
    +---------+---------+----------+----------+-----+-----+---------+
    |  Latency (cycles) |  Latency (absolute) |  Interval | Pipeline|
    |   min   |   max   |    min   |    max   | min | max |   Type  |
    +---------+---------+----------+----------+-----+-----+---------+
    |        ?|        ?|         ?|         ?|    ?|    ?|       no|
    +---------+---------+----------+----------+-----+-----+---------+

    + Detail: 
        * Instance: 
        +---------------------------------------------------+----------------------------------------+---------+---------+-----------+-----------+-----+-----+---------+
        |                                                   |                                        |  Latency (cycles) |   Latency (absolute)  |  Interval | Pipeline|
        |                      Instance                     |                 Module                 |   min   |   max   |    min    |    max    | min | max |   Type  |
        +---------------------------------------------------+----------------------------------------+---------+---------+-----------+-----------+-----+-----+---------+
        |grp_operator_2_Pipeline_VITIS_LOOP_84_1_s_fu_224   |operator_2_Pipeline_VITIS_LOOP_84_1_s   |        ?|        ?|          ?|          ?|    ?|    ?|       no|
        |grp_operator_2_Pipeline_VITIS_LOOP_92_2_s_fu_232   |operator_2_Pipeline_VITIS_LOOP_92_2_s   |        3|        5|  30.000 ns|  50.000 ns|    3|    5|       no|
        |grp_operator_2_Pipeline_VITIS_LOOP_104_3_s_fu_244  |operator_2_Pipeline_VITIS_LOOP_104_3_s  |        ?|        ?|          ?|          ?|    ?|    ?|       no|
        +---------------------------------------------------+----------------------------------------+---------+---------+-----------+-----------+-----+-----+---------+

        * Loop: 
        N/A



================================================================
== Utilization Estimates
================================================================
* Summary: 
+-----------------+---------+------+--------+--------+-----+
|       Name      | BRAM_18K|  DSP |   FF   |   LUT  | URAM|
+-----------------+---------+------+--------+--------+-----+
|DSP              |        -|     -|       -|       -|    -|
|Expression       |        -|     -|       0|     196|    -|
|FIFO             |        -|     -|       -|       -|    -|
|Instance         |        -|     -|     441|     479|    -|
|Memory           |        -|     -|       -|       -|    -|
|Multiplexer      |        -|     -|       -|     317|    -|
|Register         |        -|     -|     580|       -|    -|
+-----------------+---------+------+--------+--------+-----+
|Total            |        0|     0|    1021|     992|    0|
+-----------------+---------+------+--------+--------+-----+
|Available        |      624|  1728|  460800|  230400|   96|
+-----------------+---------+------+--------+--------+-----+
|Utilization (%)  |        0|     0|      ~0|      ~0|    0|
+-----------------+---------+------+--------+--------+-----+

+ Detail: 
    * Instance: 
    +---------------------------------------------------+----------------------------------------+---------+----+-----+-----+-----+
    |                      Instance                     |                 Module                 | BRAM_18K| DSP|  FF | LUT | URAM|
    +---------------------------------------------------+----------------------------------------+---------+----+-----+-----+-----+
    |fcmp_32ns_32ns_1_2_no_dsp_1_U258                   |fcmp_32ns_32ns_1_2_no_dsp_1             |        0|   0|    0|    0|    0|
    |fdiv_32ns_32ns_32_9_no_dsp_1_U255                  |fdiv_32ns_32ns_32_9_no_dsp_1            |        0|   0|    0|    0|    0|
    |fdiv_32ns_32ns_32_9_no_dsp_1_U256                  |fdiv_32ns_32ns_32_9_no_dsp_1            |        0|   0|    0|    0|    0|
    |fdiv_32ns_32ns_32_9_no_dsp_1_U257                  |fdiv_32ns_32ns_32_9_no_dsp_1            |        0|   0|    0|    0|    0|
    |grp_operator_2_Pipeline_VITIS_LOOP_104_3_s_fu_244  |operator_2_Pipeline_VITIS_LOOP_104_3_s  |        0|   0|  166|  162|    0|
    |grp_operator_2_Pipeline_VITIS_LOOP_84_1_s_fu_224   |operator_2_Pipeline_VITIS_LOOP_84_1_s   |        0|   0|   75|  178|    0|
    |grp_operator_2_Pipeline_VITIS_LOOP_92_2_s_fu_232   |operator_2_Pipeline_VITIS_LOOP_92_2_s   |        0|   0|  200|  139|    0|
    +---------------------------------------------------+----------------------------------------+---------+----+-----+-----+-----+
    |Total                                              |                                        |        0|   0|  441|  479|    0|
    +---------------------------------------------------+----------------------------------------+---------+----+-----+-----+-----+

    * DSP: 
    N/A

    * Memory: 
    N/A

    * FIFO: 
    N/A

    * Expression: 
    +------------------------+----------+----+---+----+------------+------------+
    |      Variable Name     | Operation| DSP| FF| LUT| Bitwidth P0| Bitwidth P1|
    +------------------------+----------+----+---+----+------------+------------+
    |add_ln104_fu_497_p2     |         +|   0|  0|  10|           3|           1|
    |base_fu_459_p2          |         +|   0|  0|   9|           2|           1|
    |tmp_16_fu_476_p2        |         +|   0|  0|  39|          32|          32|
    |sub_ln92_fu_454_p2      |         -|   0|  0|  10|           3|           2|
    |and_ln61_2_fu_346_p2    |       and|   0|  0|   2|           1|           1|
    |and_ln61_fu_340_p2      |       and|   0|  0|   2|           1|           1|
    |and_ln77_fu_415_p2      |       and|   0|  0|   2|           1|           1|
    |icmp_ln104_1_fu_491_p2  |      icmp|   0|  0|   8|           2|           2|
    |icmp_ln104_fu_481_p2    |      icmp|   0|  0|   8|           2|           2|
    |icmp_ln61_3_fu_319_p2   |      icmp|   0|  0|  11|           8|           2|
    |icmp_ln61_4_fu_325_p2   |      icmp|   0|  0|  16|          23|           1|
    |icmp_ln61_fu_331_p2     |      icmp|   0|  0|  20|          32|           1|
    |icmp_ln77_1_fu_403_p2   |      icmp|   0|  0|  16|          23|           1|
    |icmp_ln77_fu_397_p2     |      icmp|   0|  0|  11|           8|           2|
    |icmp_ln92_fu_429_p2     |      icmp|   0|  0|  20|          32|           2|
    |or_ln61_fu_336_p2       |        or|   0|  0|   2|           1|           1|
    |or_ln77_fu_409_p2       |        or|   0|  0|   2|           1|           1|
    |select_ln104_fu_503_p3  |    select|   0|  0|   3|           1|           2|
    |xor_ln100_fu_466_p2     |       xor|   0|  0|   3|           2|           3|
    |xor_ln92_fu_435_p2      |       xor|   0|  0|   2|           2|           2|
    +------------------------+----------+----+---+----+------------+------------+
    |Total                   |          |   0|  0| 196|         180|          61|
    +------------------------+----------+----+---+----+------------+------------+

    * Multiplexer: 
    +-------------------------------------------+----+-----------+-----+-----------+
    |                    Name                   | LUT| Input Size| Bits| Total Bits|
    +-------------------------------------------+----+-----------+-----+-----------+
    |agg_result_01_0_reg_163                    |  20|          4|   32|        128|
    |agg_result_1_0_0_reg_179                   |  20|          4|   32|        128|
    |agg_result_1_1_0_reg_194                   |  20|          4|   32|        128|
    |agg_result_1_2_0_reg_209                   |  20|          4|   32|        128|
    |ap_NS_fsm                                  |  97|         19|    1|         19|
    |ap_phi_mux_agg_result_01_0_phi_fu_167_p8   |   9|          2|   32|         64|
    |ap_phi_mux_agg_result_1_0_0_phi_fu_183_p8  |   9|          2|   32|         64|
    |ap_phi_mux_agg_result_1_1_0_phi_fu_198_p8  |   9|          2|   32|         64|
    |ap_phi_mux_agg_result_1_2_0_phi_fu_213_p8  |   9|          2|   32|         64|
    |ap_phi_mux_base_0_lcssa_i57_phi_fu_144_p4  |   9|          2|    2|          4|
    |ap_return_0                                |   9|          2|   32|         64|
    |ap_return_1                                |   9|          2|   32|         64|
    |ap_return_2                                |   9|          2|   32|         64|
    |ap_return_3                                |   9|          2|   32|         64|
    |base_0_lcssa_i57_reg_140                   |   9|          2|    2|          4|
    |empty_30_reg_152                           |   9|          2|   32|         64|
    |grp_fu_275_p0                              |  14|          3|   32|         96|
    |res_num_load3_reg_130                      |   9|          2|   32|         64|
    |res_num_load_69_reg_120                    |   9|          2|   32|         64|
    |res_num_load_715_reg_110                   |   9|          2|   32|         64|
    +-------------------------------------------+----+-----------+-----+-----------+
    |Total                                      | 317|         66|  549|       1403|
    +-------------------------------------------+----+-----------+-----+-----------+

    * Register: 
    +----------------------------------------------------------------+----+----+-----+-----------+
    |                              Name                              | FF | LUT| Bits| Const Bits|
    +----------------------------------------------------------------+----+----+-----+-----------+
    |agg_result_01_0_reg_163                                         |  32|   0|   32|          0|
    |agg_result_1_0_0_reg_179                                        |  32|   0|   32|          0|
    |agg_result_1_1_0_reg_194                                        |  32|   0|   32|          0|
    |agg_result_1_2_0_reg_209                                        |  32|   0|   32|          0|
    |and_ln61_2_reg_626                                              |   1|   0|    1|          0|
    |and_ln77_reg_666                                                |   1|   0|    1|          0|
    |ap_CS_fsm                                                       |  18|   0|   18|          0|
    |ap_return_0_preg                                                |  32|   0|   32|          0|
    |ap_return_1_preg                                                |  32|   0|   32|          0|
    |ap_return_2_preg                                                |  32|   0|   32|          0|
    |ap_return_3_preg                                                |  32|   0|   32|          0|
    |base_0_lcssa_i57_reg_140                                        |   2|   0|    2|          0|
    |bitcast_ln61_reg_603                                            |  32|   0|   32|          0|
    |empty_30_reg_152                                                |  32|   0|   32|          0|
    |empty_reg_670                                                   |   2|   0|    2|          0|
    |grp_operator_2_Pipeline_VITIS_LOOP_104_3_s_fu_244_ap_start_reg  |   1|   0|    1|          0|
    |grp_operator_2_Pipeline_VITIS_LOOP_84_1_s_fu_224_ap_start_reg   |   1|   0|    1|          0|
    |grp_operator_2_Pipeline_VITIS_LOOP_92_2_s_fu_232_ap_start_reg   |   1|   0|    1|          0|
    |icmp_ln104_reg_700                                              |   1|   0|    1|          0|
    |icmp_ln61_3_reg_609                                             |   1|   0|    1|          0|
    |icmp_ln61_4_reg_614                                             |   1|   0|    1|          0|
    |icmp_ln92_reg_676                                               |   1|   0|    1|          0|
    |res_num_load3_reg_130                                           |  32|   0|   32|          0|
    |res_num_load_69_reg_120                                         |  32|   0|   32|          0|
    |res_num_load_715_reg_110                                        |  32|   0|   32|          0|
    |res_p_reg_596                                                   |  32|   0|   32|          0|
    |select_ln104_reg_704                                            |   3|   0|    3|          0|
    |tmp_14_reg_650                                                  |  32|   0|   32|          0|
    |tmp_15_reg_658                                                  |  32|   0|   32|          0|
    |tmp_reg_640                                                     |  32|   0|   32|          0|
    |xor_ln92_reg_680                                                |   2|   0|    2|          0|
    +----------------------------------------------------------------+----+----+-----+-----------+
    |Total                                                           | 580|   0|  580|          0|
    +----------------------------------------------------------------+----+----+-----+-----------+



================================================================
== Interface
================================================================
* Summary: 
+-------------+-----+-----+------------+--------------+--------------+
|  RTL Ports  | Dir | Bits|  Protocol  | Source Object|    C Type    |
+-------------+-----+-----+------------+--------------+--------------+
|ap_clk       |   in|    1|  ap_ctrl_hs|   operator/.2|  return value|
|ap_rst       |   in|    1|  ap_ctrl_hs|   operator/.2|  return value|
|ap_start     |   in|    1|  ap_ctrl_hs|   operator/.2|  return value|
|ap_done      |  out|    1|  ap_ctrl_hs|   operator/.2|  return value|
|ap_idle      |  out|    1|  ap_ctrl_hs|   operator/.2|  return value|
|ap_ready     |  out|    1|  ap_ctrl_hs|   operator/.2|  return value|
|ap_return_0  |  out|   32|  ap_ctrl_hs|   operator/.2|  return value|
|ap_return_1  |  out|   32|  ap_ctrl_hs|   operator/.2|  return value|
|ap_return_2  |  out|   32|  ap_ctrl_hs|   operator/.2|  return value|
|ap_return_3  |  out|   32|  ap_ctrl_hs|   operator/.2|  return value|
|p_read14     |   in|  128|     ap_none|      p_read14|        scalar|
|n            |   in|   32|     ap_none|             n|        scalar|
+-------------+-----+-----+------------+--------------+--------------+

