

================================================================
== Vitis HLS Report for 'operator_Pipeline_VITIS_LOOP_215_1'
================================================================
* Date:           Tue Feb  8 15:34:38 2022

* Version:        2021.2 (Build 3367213 on Tue Oct 19 02:47:39 MDT 2021)
* Project:        ban_interface
* Solution:       solution1 (Vivado IP Flow Target)
* Product family: zynquplus
* Target device:  xczu7ev-ffvc1156-2-e


================================================================
== Performance Estimates
================================================================
+ Timing: 
    * Summary: 
    +--------+----------+----------+------------+
    |  Clock |  Target  | Estimated| Uncertainty|
    +--------+----------+----------+------------+
    |ap_clk  |  10.00 ns|  7.057 ns|     2.70 ns|
    +--------+----------+----------+------------+

+ Latency: 
    * Summary: 
    +---------+---------+----------+----------+-----+-----+---------+
    |  Latency (cycles) |  Latency (absolute) |  Interval | Pipeline|
    |   min   |   max   |    min   |    max   | min | max |   Type  |
    +---------+---------+----------+----------+-----+-----+---------+
    |       13|       13|  0.130 us|  0.130 us|   13|   13|       no|
    +---------+---------+----------+----------+-----+-----+---------+

    + Detail: 
        * Instance: 
        N/A

        * Loop: 
        +--------------------+---------+---------+----------+-----------+-----------+------+----------+
        |                    |  Latency (cycles) | Iteration|  Initiation Interval  | Trip |          |
        |      Loop Name     |   min   |   max   |  Latency |  achieved |   target  | Count| Pipelined|
        +--------------------+---------+---------+----------+-----------+-----------+------+----------+
        |- VITIS_LOOP_215_1  |       11|       11|        11|          1|          1|     2|       yes|
        +--------------------+---------+---------+----------+-----------+-----------+------+----------+



================================================================
== Utilization Estimates
================================================================
* Summary: 
+-----------------+---------+------+--------+--------+-----+
|       Name      | BRAM_18K|  DSP |   FF   |   LUT  | URAM|
+-----------------+---------+------+--------+--------+-----+
|DSP              |        -|     -|       -|       -|    -|
|Expression       |        -|     -|       0|    1761|    -|
|FIFO             |        -|     -|       -|       -|    -|
|Instance         |        -|     -|       -|       -|    -|
|Memory           |        -|     -|       -|       -|    -|
|Multiplexer      |        -|     -|       -|      36|    -|
|Register         |        -|     -|     345|      64|    -|
+-----------------+---------+------+--------+--------+-----+
|Total            |        0|     0|     345|    1861|    0|
+-----------------+---------+------+--------+--------+-----+
|Available        |      624|  1728|  460800|  230400|   96|
+-----------------+---------+------+--------+--------+-----+
|Utilization (%)  |        0|     0|      ~0|      ~0|    0|
+-----------------+---------+------+--------+--------+-----+

+ Detail: 
    * Instance: 
    N/A

    * DSP: 
    N/A

    * Memory: 
    N/A

    * FIFO: 
    N/A

    * Expression: 
    +--------------------------+----------+----+---+-----+------------+------------+
    |       Variable Name      | Operation| DSP| FF| LUT | Bitwidth P0| Bitwidth P1|
    +--------------------------+----------+----+---+-----+------------+------------+
    |add_ln215_fu_248_p2       |         +|   0|  0|    9|           2|           1|
    |add_ln216_1_fu_154_p2     |         +|   0|  0|   14|           7|           6|
    |add_ln216_2_fu_172_p2     |         +|   0|  0|   15|           8|           1|
    |add_ln216_fu_148_p2       |         +|   0|  0|   14|           7|           6|
    |sub_ln216_fu_214_p2       |         -|   0|  0|  135|         128|         128|
    |and_ln216_fu_220_p2       |       and|   0|  0|  128|         128|         128|
    |icmp_ln215_fu_134_p2      |      icmp|   0|  0|    8|           2|           2|
    |icmp_ln216_fu_242_p2      |      icmp|   0|  0|    8|           2|           1|
    |lshr_ln216_fu_226_p2      |      lshr|   0|  0|  423|         128|         128|
    |select_ln216_1_fu_275_p3  |    select|   0|  0|   32|           1|          32|
    |select_ln216_2_fu_281_p3  |    select|   0|  0|   32|           1|          32|
    |select_ln216_3_fu_287_p3  |    select|   0|  0|   32|           1|          32|
    |select_ln216_4_fu_293_p3  |    select|   0|  0|   32|           1|          32|
    |select_ln216_fu_196_p3    |    select|   0|  0|  107|           1|           1|
    |shl_ln216_1_fu_204_p2     |       shl|   0|  0|  314|           1|          97|
    |shl_ln216_fu_182_p2       |       shl|   0|  0|  423|           1|         128|
    |ap_enable_pp0             |       xor|   0|  0|    2|           1|           2|
    |xor_ln216_fu_236_p2       |       xor|   0|  0|   33|          32|          33|
    +--------------------------+----------+----+---+-----+------------+------------+
    |Total                     |          |   0|  0| 1761|         452|         790|
    +--------------------------+----------+----+---+-----+------------+------------+

    * Multiplexer: 
    +-------------------------+----+-----------+-----+-----------+
    |           Name          | LUT| Input Size| Bits| Total Bits|
    +-------------------------+----+-----------+-----+-----------+
    |ap_done_int              |   9|          2|    1|          2|
    |ap_enable_reg_pp0_iter1  |   9|          2|    1|          2|
    |ap_sig_allocacmp_i_4     |   9|          2|    2|          4|
    |i_fu_62                  |   9|          2|    2|          4|
    +-------------------------+----+-----------+-----+-----------+
    |Total                    |  36|          8|    6|         12|
    +-------------------------+----+-----------+-----+-----------+

    * Register: 
    +----------------------------------+----+----+-----+-----------+
    |               Name               | FF | LUT| Bits| Const Bits|
    +----------------------------------+----+----+-----+-----------+
    |ap_CS_fsm                         |   1|   0|    1|          0|
    |ap_done_reg                       |   1|   0|    1|          0|
    |ap_enable_reg_pp0_iter1           |   1|   0|    1|          0|
    |ap_enable_reg_pp0_iter10          |   1|   0|    1|          0|
    |ap_enable_reg_pp0_iter2           |   1|   0|    1|          0|
    |ap_enable_reg_pp0_iter3           |   1|   0|    1|          0|
    |ap_enable_reg_pp0_iter4           |   1|   0|    1|          0|
    |ap_enable_reg_pp0_iter5           |   1|   0|    1|          0|
    |ap_enable_reg_pp0_iter6           |   1|   0|    1|          0|
    |ap_enable_reg_pp0_iter7           |   1|   0|    1|          0|
    |ap_enable_reg_pp0_iter8           |   1|   0|    1|          0|
    |ap_enable_reg_pp0_iter9           |   1|   0|    1|          0|
    |ap_loop_exit_ready_pp0_iter1_reg  |   1|   0|    1|          0|
    |ap_loop_exit_ready_pp0_iter2_reg  |   1|   0|    1|          0|
    |ap_loop_exit_ready_pp0_iter3_reg  |   1|   0|    1|          0|
    |ap_loop_exit_ready_pp0_iter4_reg  |   1|   0|    1|          0|
    |ap_loop_exit_ready_pp0_iter5_reg  |   1|   0|    1|          0|
    |ap_loop_exit_ready_pp0_iter6_reg  |   1|   0|    1|          0|
    |ap_loop_exit_ready_pp0_iter7_reg  |   1|   0|    1|          0|
    |ap_loop_exit_ready_pp0_iter8_reg  |   1|   0|    1|          0|
    |ap_loop_exit_ready_pp0_iter9_reg  |   1|   0|    1|          0|
    |den_norm_170_fu_66                |  32|   0|   32|          0|
    |den_norm_1_020_fu_78              |  32|   0|   32|          0|
    |den_norm_271_fu_70                |  32|   0|   32|          0|
    |den_norm_2_019_fu_74              |  32|   0|   32|          0|
    |den_norm_2_reg_397                |  32|   0|   32|          0|
    |i_fu_62                           |   2|   0|    2|          0|
    |icmp_ln215_reg_375                |   1|   0|    1|          0|
    |icmp_ln216_reg_384                |   1|   0|    1|          0|
    |xor_ln216_reg_379                 |  32|   0|   32|          0|
    |icmp_ln215_reg_375                |  64|  32|    1|          0|
    |icmp_ln216_reg_384                |  64|  32|    1|          0|
    +----------------------------------+----+----+-----+-----------+
    |Total                             | 345|  64|  219|          0|
    +----------------------------------+----+----+-----+-----------+



================================================================
== Interface
================================================================
* Summary: 
+---------------------------+-----+-----+------------+-------------------------------------+--------------+
|         RTL Ports         | Dir | Bits|  Protocol  |            Source Object            |    C Type    |
+---------------------------+-----+-----+------------+-------------------------------------+--------------+
|ap_clk                     |   in|    1|  ap_ctrl_hs|  operator/_Pipeline_VITIS_LOOP_215_1|  return value|
|ap_rst                     |   in|    1|  ap_ctrl_hs|  operator/_Pipeline_VITIS_LOOP_215_1|  return value|
|ap_start                   |   in|    1|  ap_ctrl_hs|  operator/_Pipeline_VITIS_LOOP_215_1|  return value|
|ap_done                    |  out|    1|  ap_ctrl_hs|  operator/_Pipeline_VITIS_LOOP_215_1|  return value|
|ap_idle                    |  out|    1|  ap_ctrl_hs|  operator/_Pipeline_VITIS_LOOP_215_1|  return value|
|ap_ready                   |  out|    1|  ap_ctrl_hs|  operator/_Pipeline_VITIS_LOOP_215_1|  return value|
|grp_fu_311_p_din0          |  out|   32|  ap_ctrl_hs|  operator/_Pipeline_VITIS_LOOP_215_1|  return value|
|grp_fu_311_p_din1          |  out|   32|  ap_ctrl_hs|  operator/_Pipeline_VITIS_LOOP_215_1|  return value|
|grp_fu_311_p_dout0         |   in|   32|  ap_ctrl_hs|  operator/_Pipeline_VITIS_LOOP_215_1|  return value|
|grp_fu_311_p_ce            |  out|    1|  ap_ctrl_hs|  operator/_Pipeline_VITIS_LOOP_215_1|  return value|
|p_read14                   |   in|  128|     ap_none|                             p_read14|        scalar|
|normalizer                 |   in|   32|     ap_none|                           normalizer|        scalar|
|den_norm_1_020_out         |  out|   32|      ap_vld|                   den_norm_1_020_out|       pointer|
|den_norm_1_020_out_ap_vld  |  out|    1|      ap_vld|                   den_norm_1_020_out|       pointer|
|den_norm_2_019_out         |  out|   32|      ap_vld|                   den_norm_2_019_out|       pointer|
|den_norm_2_019_out_ap_vld  |  out|    1|      ap_vld|                   den_norm_2_019_out|       pointer|
|den_norm_271_out           |  out|   32|      ap_vld|                     den_norm_271_out|       pointer|
|den_norm_271_out_ap_vld    |  out|    1|      ap_vld|                     den_norm_271_out|       pointer|
|den_norm_170_out           |  out|   32|      ap_vld|                     den_norm_170_out|       pointer|
|den_norm_170_out_ap_vld    |  out|    1|      ap_vld|                     den_norm_170_out|       pointer|
+---------------------------+-----+-----+------------+-------------------------------------+--------------+

