

================================================================
== Vitis HLS Report for 'operator_2'
================================================================
* Date:           Tue Feb  8 15:34:41 2022

* Version:        2021.2 (Build 3367213 on Tue Oct 19 02:47:39 MDT 2021)
* Project:        ban_interface
* Solution:       solution1 (Vivado IP Flow Target)
* Product family: zynquplus
* Target device:  xczu7ev-ffvc1156-2-e


================================================================
== Performance Estimates
================================================================
+ Timing: 
    * Summary: 
    +--------+----------+----------+------------+
    |  Clock |  Target  | Estimated| Uncertainty|
    +--------+----------+----------+------------+
    |ap_clk  |  10.00 ns|  6.913 ns|     2.70 ns|
    +--------+----------+----------+------------+

+ Latency: 
    * Summary: 
    +---------+---------+----------+----------+-----+-----+---------+
    |  Latency (cycles) |  Latency (absolute) |  Interval | Pipeline|
    |   min   |   max   |    min   |    max   | min | max |   Type  |
    +---------+---------+----------+----------+-----+-----+---------+
    |        ?|        ?|         ?|         ?|    ?|    ?|       no|
    +---------+---------+----------+----------+-----+-----+---------+

    + Detail: 
        * Instance: 
        +-------------------------------------------------+--------------------------------------+---------+---------+-----------+-----------+-----+-----+---------+
        |                                                 |                                      |  Latency (cycles) |   Latency (absolute)  |  Interval | Pipeline|
        |                     Instance                    |                Module                |   min   |   max   |    min    |    max    | min | max |   Type  |
        +-------------------------------------------------+--------------------------------------+---------+---------+-----------+-----------+-----+-----+---------+
        |grp_operator_2_Pipeline_VITIS_LOOP_84_1_fu_303   |operator_2_Pipeline_VITIS_LOOP_84_1   |        ?|        ?|          ?|          ?|    ?|    ?|       no|
        |grp_operator_2_Pipeline_VITIS_LOOP_92_2_fu_314   |operator_2_Pipeline_VITIS_LOOP_92_2   |        3|        5|  30.000 ns|  50.000 ns|    3|    5|       no|
        |grp_operator_2_Pipeline_VITIS_LOOP_104_3_fu_329  |operator_2_Pipeline_VITIS_LOOP_104_3  |        ?|        ?|          ?|          ?|    ?|    ?|       no|
        |grp_operator_2_Pipeline_VITIS_LOOP_506_1_fu_345  |operator_2_Pipeline_VITIS_LOOP_506_1  |        4|        4|  40.000 ns|  40.000 ns|    4|    4|       no|
        |grp_operator_2_Pipeline_VITIS_LOOP_21_1_fu_354   |operator_2_Pipeline_VITIS_LOOP_21_1   |        5|        5|  50.000 ns|  50.000 ns|    5|    5|       no|
        +-------------------------------------------------+--------------------------------------+---------+---------+-----------+-----------+-----+-----+---------+

        * Loop: 
        N/A



================================================================
== Utilization Estimates
================================================================
* Summary: 
+-----------------+---------+------+--------+--------+-----+
|       Name      | BRAM_18K|  DSP |   FF   |   LUT  | URAM|
+-----------------+---------+------+--------+--------+-----+
|DSP              |        -|     -|       -|       -|    -|
|Expression       |        -|     -|       0|     246|    -|
|FIFO             |        -|     -|       -|       -|    -|
|Instance         |        -|     2|     836|    2720|    -|
|Memory           |        -|     -|       -|       -|    -|
|Multiplexer      |        -|     -|       -|     411|    -|
|Register         |        -|     -|     692|       -|    -|
+-----------------+---------+------+--------+--------+-----+
|Total            |        0|     2|    1528|    3377|    0|
+-----------------+---------+------+--------+--------+-----+
|Available        |      624|  1728|  460800|  230400|   96|
+-----------------+---------+------+--------+--------+-----+
|Utilization (%)  |        0|    ~0|      ~0|       1|    0|
+-----------------+---------+------+--------+--------+-----+

+ Detail: 
    * Instance: 
    +-------------------------------------------------+--------------------------------------+---------+----+-----+------+-----+
    |                     Instance                    |                Module                | BRAM_18K| DSP|  FF |  LUT | URAM|
    +-------------------------------------------------+--------------------------------------+---------+----+-----+------+-----+
    |fadd_32ns_32ns_32_4_full_dsp_1_U227              |fadd_32ns_32ns_32_4_full_dsp_1        |        0|   2|  227|   214|    0|
    |fcmp_32ns_32ns_1_2_no_dsp_1_U228                 |fcmp_32ns_32ns_1_2_no_dsp_1           |        0|   0|    0|     0|    0|
    |mux_32_32_1_1_U229                               |mux_32_32_1_1                         |        0|   0|    0|    14|    0|
    |grp_operator_2_Pipeline_VITIS_LOOP_104_3_fu_329  |operator_2_Pipeline_VITIS_LOOP_104_3  |        0|   0|  166|   162|    0|
    |grp_operator_2_Pipeline_VITIS_LOOP_21_1_fu_354   |operator_2_Pipeline_VITIS_LOOP_21_1   |        0|   0|  100|    58|    0|
    |grp_operator_2_Pipeline_VITIS_LOOP_506_1_fu_345  |operator_2_Pipeline_VITIS_LOOP_506_1  |        0|   0|   68|  1955|    0|
    |grp_operator_2_Pipeline_VITIS_LOOP_84_1_fu_303   |operator_2_Pipeline_VITIS_LOOP_84_1   |        0|   0|   75|   178|    0|
    |grp_operator_2_Pipeline_VITIS_LOOP_92_2_fu_314   |operator_2_Pipeline_VITIS_LOOP_92_2   |        0|   0|  200|   139|    0|
    +-------------------------------------------------+--------------------------------------+---------+----+-----+------+-----+
    |Total                                            |                                      |        0|   2|  836|  2720|    0|
    +-------------------------------------------------+--------------------------------------+---------+----+-----+------+-----+

    * DSP: 
    N/A

    * Memory: 
    N/A

    * FIFO: 
    N/A

    * Expression: 
    +------------------------+----------+----+---+----+------------+------------+
    |      Variable Name     | Operation| DSP| FF| LUT| Bitwidth P0| Bitwidth P1|
    +------------------------+----------+----+---+----+------------+------------+
    |add_ln100_2_fu_616_p2   |         +|   0|  0|   4|           3|           3|
    |add_ln100_fu_602_p2     |         +|   0|  0|   4|           3|           3|
    |add_ln104_fu_638_p2     |         +|   0|  0|  10|           3|           1|
    |add_ln527_fu_474_p2     |         +|   0|  0|  39|          32|           3|
    |base_fu_591_p2          |         +|   0|  0|   4|           2|           1|
    |tmp_66_fu_611_p2        |         +|   0|  0|  39|          32|          32|
    |sub_i1_fu_505_p2        |         -|   0|  0|  39|           1|          32|
    |sub_ln92_fu_586_p2      |         -|   0|  0|   4|           3|           2|
    |and_ln521_fu_440_p2     |       and|   0|  0|   2|           1|           1|
    |and_ln77_fu_547_p2      |       and|   0|  0|   2|           1|           1|
    |icmp_ln104_5_fu_632_p2  |      icmp|   0|  0|   8|           2|           2|
    |icmp_ln104_fu_622_p2    |      icmp|   0|  0|   8|           2|           2|
    |icmp_ln521_1_fu_428_p2  |      icmp|   0|  0|  16|          23|           1|
    |icmp_ln521_fu_422_p2    |      icmp|   0|  0|  11|           8|           2|
    |icmp_ln77_6_fu_535_p2   |      icmp|   0|  0|  16|          23|           1|
    |icmp_ln77_fu_529_p2     |      icmp|   0|  0|  11|           8|           2|
    |icmp_ln92_fu_561_p2     |      icmp|   0|  0|  20|          32|           2|
    |or_ln521_fu_434_p2      |        or|   0|  0|   2|           1|           1|
    |or_ln77_fu_541_p2       |        or|   0|  0|   2|           1|           1|
    |select_ln104_fu_644_p3  |    select|   0|  0|   3|           1|           2|
    |xor_ln92_fu_567_p2      |       xor|   0|  0|   2|           2|           2|
    +------------------------+----------+----+---+----+------------+------------+
    |Total                   |          |   0|  0| 246|         184|          97|
    +------------------------+----------+----+---+----+------------+------------+

    * Multiplexer: 
    +-----------------------------------------------+-----+-----------+-----+-----------+
    |                      Name                     | LUT | Input Size| Bits| Total Bits|
    +-----------------------------------------------+-----+-----------+-----+-----------+
    |agg_result_num16_0_reg_150                     |    9|          2|   32|         64|
    |agg_result_num16_3_reg_185                     |    9|          2|   32|         64|
    |agg_result_num16_8_reg_248                     |   31|          6|   32|        192|
    |agg_result_num2_0_reg_162                      |    9|          2|   32|         64|
    |agg_result_num2_3_reg_196                      |    9|          2|   32|         64|
    |agg_result_num2_8_reg_266                      |   31|          6|   32|        192|
    |agg_result_num_0_reg_138                       |    9|          2|   32|         64|
    |agg_result_num_3_reg_174                       |    9|          2|   32|         64|
    |agg_result_num_8_reg_230                       |   31|          6|   32|        192|
    |agg_result_p_0_reg_219                         |    9|          2|    3|          6|
    |ap_NS_fsm                                      |  125|         25|    1|         25|
    |ap_phi_mux_agg_result_num16_8_phi_fu_251_p12   |    9|          2|   32|         64|
    |ap_phi_mux_agg_result_num2_8_phi_fu_269_p12    |    9|          2|   32|         64|
    |ap_phi_mux_agg_result_num_8_phi_fu_233_p12     |    9|          2|   32|         64|
    |ap_phi_mux_base_0_lcssa_i47_phi_fu_211_p4      |    9|          2|    2|          4|
    |ap_phi_mux_this_p_write_assign_phi_fu_288_p12  |    9|          2|   32|         64|
    |ap_return_0                                    |    9|          2|   32|         64|
    |ap_return_1                                    |    9|          2|   32|         64|
    |ap_return_2                                    |    9|          2|   32|         64|
    |ap_return_3                                    |    9|          2|   32|         64|
    |base_0_lcssa_i47_reg_207                       |    9|          2|    2|          4|
    |grp_fu_368_p0                                  |   14|          3|   32|         96|
    |this_p_write_assign_reg_284                    |   26|          5|   32|        160|
    +-----------------------------------------------+-----+-----------+-----+-----------+
    |Total                                          |  411|         85|  616|       1767|
    +-----------------------------------------------+-----+-----------+-----+-----------+

    * Register: 
    +--------------------------------------------------------------+----+----+-----+-----------+
    |                             Name                             | FF | LUT| Bits| Const Bits|
    +--------------------------------------------------------------+----+----+-----+-----------+
    |add_ln527_reg_853                                             |  32|   0|   32|          0|
    |agg_result_num16_0_reg_150                                    |  32|   0|   32|          0|
    |agg_result_num16_3_reg_185                                    |  32|   0|   32|          0|
    |agg_result_num16_8_reg_248                                    |  32|   0|   32|          0|
    |agg_result_num2_0_reg_162                                     |  32|   0|   32|          0|
    |agg_result_num2_3_reg_196                                     |  32|   0|   32|          0|
    |agg_result_num2_8_reg_266                                     |  32|   0|   32|          0|
    |agg_result_num_0_reg_138                                      |  32|   0|   32|          0|
    |agg_result_num_3_reg_174                                      |  32|   0|   32|          0|
    |agg_result_num_8_reg_230                                      |  32|   0|   32|          0|
    |agg_result_p_0_reg_219                                        |   3|   0|    3|          0|
    |and_ln521_reg_811                                             |   1|   0|    1|          0|
    |and_ln77_reg_883                                              |   1|   0|    1|          0|
    |ap_CS_fsm                                                     |  24|   0|   24|          0|
    |ap_return_0_preg                                              |  32|   0|   32|          0|
    |ap_return_1_preg                                              |  32|   0|   32|          0|
    |ap_return_2_preg                                              |  32|   0|   32|          0|
    |ap_return_3_preg                                              |  32|   0|   32|          0|
    |base_0_lcssa_i47_reg_207                                      |   2|   0|    2|          0|
    |bitcast_ln525_1_reg_834                                       |  32|   0|   32|          0|
    |bitcast_ln525_2_reg_841                                       |  32|   0|   32|          0|
    |bitcast_ln525_reg_827                                         |  32|   0|   32|          0|
    |empty_reg_887                                                 |   2|   0|    2|          0|
    |grp_operator_2_Pipeline_VITIS_LOOP_104_3_fu_329_ap_start_reg  |   1|   0|    1|          0|
    |grp_operator_2_Pipeline_VITIS_LOOP_21_1_fu_354_ap_start_reg   |   1|   0|    1|          0|
    |grp_operator_2_Pipeline_VITIS_LOOP_506_1_fu_345_ap_start_reg  |   1|   0|    1|          0|
    |grp_operator_2_Pipeline_VITIS_LOOP_84_1_fu_303_ap_start_reg   |   1|   0|    1|          0|
    |grp_operator_2_Pipeline_VITIS_LOOP_92_2_fu_314_ap_start_reg   |   1|   0|    1|          0|
    |icmp_ln104_reg_921                                            |   1|   0|    1|          0|
    |icmp_ln92_reg_893                                             |   1|   0|    1|          0|
    |res_p_reg_815                                                 |  32|   0|   32|          0|
    |select_ln104_reg_925                                          |   3|   0|    3|          0|
    |sub_i1_reg_871                                                |  32|   0|   32|          0|
    |this_p_write_assign_reg_284                                   |  32|   0|   32|          0|
    |tmp_60_reg_823                                                |   1|   0|    1|          0|
    |tmp_61_reg_858                                                |   1|   0|    1|          0|
    |trunc_ln527_reg_848                                           |   3|   0|    3|          0|
    |trunc_ln534_reg_862                                           |   2|   0|    2|          0|
    |xor_ln92_reg_897                                              |   2|   0|    2|          0|
    +--------------------------------------------------------------+----+----+-----+-----------+
    |Total                                                         | 692|   0|  692|          0|
    +--------------------------------------------------------------+----+----+-----+-----------+



================================================================
== Interface
================================================================
* Summary: 
+-------------+-----+-----+------------+--------------+--------------+
|  RTL Ports  | Dir | Bits|  Protocol  | Source Object|    C Type    |
+-------------+-----+-----+------------+--------------+--------------+
|ap_clk       |   in|    1|  ap_ctrl_hs|   operator+.2|  return value|
|ap_rst       |   in|    1|  ap_ctrl_hs|   operator+.2|  return value|
|ap_start     |   in|    1|  ap_ctrl_hs|   operator+.2|  return value|
|ap_done      |  out|    1|  ap_ctrl_hs|   operator+.2|  return value|
|ap_idle      |  out|    1|  ap_ctrl_hs|   operator+.2|  return value|
|ap_ready     |  out|    1|  ap_ctrl_hs|   operator+.2|  return value|
|ap_return_0  |  out|   32|  ap_ctrl_hs|   operator+.2|  return value|
|ap_return_1  |  out|   32|  ap_ctrl_hs|   operator+.2|  return value|
|ap_return_2  |  out|   32|  ap_ctrl_hs|   operator+.2|  return value|
|ap_return_3  |  out|   32|  ap_ctrl_hs|   operator+.2|  return value|
|p_read13     |   in|  128|     ap_none|      p_read13|        scalar|
|n            |   in|   32|     ap_none|             n|        scalar|
+-------------+-----+-----+------------+--------------+--------------+

