

================================================================
== Vitis HLS Report for 'p_sum'
================================================================
* Date:           Tue Feb  8 15:34:51 2022

* Version:        2021.2 (Build 3367213 on Tue Oct 19 02:47:39 MDT 2021)
* Project:        ban_interface
* Solution:       solution1 (Vivado IP Flow Target)
* Product family: zynquplus
* Target device:  xczu7ev-ffvc1156-2-e


================================================================
== Performance Estimates
================================================================
+ Timing: 
    * Summary: 
    +--------+----------+----------+------------+
    |  Clock |  Target  | Estimated| Uncertainty|
    +--------+----------+----------+------------+
    |ap_clk  |  10.00 ns|  6.864 ns|     2.70 ns|
    +--------+----------+----------+------------+

+ Latency: 
    * Summary: 
    +---------+---------+----------+----------+-----+-----+---------+
    |  Latency (cycles) |  Latency (absolute) |  Interval | Pipeline|
    |   min   |   max   |    min   |    max   | min | max |   Type  |
    +---------+---------+----------+----------+-----+-----+---------+
    |        ?|        ?|         ?|         ?|    ?|    ?|       no|
    +---------+---------+----------+----------+-----+-----+---------+

    + Detail: 
        * Instance: 
        +--------------------------------------------+---------------------------------+---------+---------+-----------+-----------+-----+-----+---------+
        |                                            |                                 |  Latency (cycles) |   Latency (absolute)  |  Interval | Pipeline|
        |                  Instance                  |              Module             |   min   |   max   |    min    |    max    | min | max |   Type  |
        +--------------------------------------------+---------------------------------+---------+---------+-----------+-----------+-----+-----+---------+
        |grp_p_sum_Pipeline_VITIS_LOOP_84_1_fu_262   |p_sum_Pipeline_VITIS_LOOP_84_1   |        ?|        ?|          ?|          ?|    ?|    ?|       no|
        |grp_p_sum_Pipeline_VITIS_LOOP_92_2_fu_272   |p_sum_Pipeline_VITIS_LOOP_92_2   |        3|        5|  30.000 ns|  50.000 ns|    3|    5|       no|
        |grp_p_sum_Pipeline_VITIS_LOOP_104_3_fu_286  |p_sum_Pipeline_VITIS_LOOP_104_3  |        ?|        ?|          ?|          ?|    ?|    ?|       no|
        +--------------------------------------------+---------------------------------+---------+---------+-----------+-----------+-----+-----+---------+

        * Loop: 
        N/A



================================================================
== Utilization Estimates
================================================================
* Summary: 
+-----------------+---------+------+--------+--------+-----+
|       Name      | BRAM_18K|  DSP |   FF   |   LUT  | URAM|
+-----------------+---------+------+--------+--------+-----+
|DSP              |        -|     -|       -|       -|    -|
|Expression       |        -|     -|       0|    2871|    -|
|FIFO             |        -|     -|       -|       -|    -|
|Instance         |        -|     2|     668|     693|    -|
|Memory           |        -|     -|       -|       -|    -|
|Multiplexer      |        -|     -|       -|     388|    -|
|Register         |        -|     -|     772|       -|    -|
+-----------------+---------+------+--------+--------+-----+
|Total            |        0|     2|    1440|    3952|    0|
+-----------------+---------+------+--------+--------+-----+
|Available        |      624|  1728|  460800|  230400|   96|
+-----------------+---------+------+--------+--------+-----+
|Utilization (%)  |        0|    ~0|      ~0|       1|    0|
+-----------------+---------+------+--------+--------+-----+

+ Detail: 
    * Instance: 
    +--------------------------------------------+---------------------------------+---------+----+-----+-----+-----+
    |                  Instance                  |              Module             | BRAM_18K| DSP|  FF | LUT | URAM|
    +--------------------------------------------+---------------------------------+---------+----+-----+-----+-----+
    |fadd_32ns_32ns_32_4_full_dsp_1_U582         |fadd_32ns_32ns_32_4_full_dsp_1   |        0|   2|  227|  214|    0|
    |fcmp_32ns_32ns_1_2_no_dsp_1_U583            |fcmp_32ns_32ns_1_2_no_dsp_1      |        0|   0|    0|    0|    0|
    |grp_p_sum_Pipeline_VITIS_LOOP_104_3_fu_286  |p_sum_Pipeline_VITIS_LOOP_104_3  |        0|   0|  166|  162|    0|
    |grp_p_sum_Pipeline_VITIS_LOOP_84_1_fu_262   |p_sum_Pipeline_VITIS_LOOP_84_1   |        0|   0|   75|  178|    0|
    |grp_p_sum_Pipeline_VITIS_LOOP_92_2_fu_272   |p_sum_Pipeline_VITIS_LOOP_92_2   |        0|   0|  200|  139|    0|
    +--------------------------------------------+---------------------------------+---------+----+-----+-----+-----+
    |Total                                       |                                 |        0|   2|  668|  693|    0|
    +--------------------------------------------+---------------------------------+---------+----+-----+-----+-----+

    * DSP: 
    N/A

    * Memory: 
    N/A

    * FIFO: 
    N/A

    * Expression: 
    +------------------------+----------+----+---+-----+------------+------------+
    |      Variable Name     | Operation| DSP| FF| LUT | Bitwidth P0| Bitwidth P1|
    +------------------------+----------+----+---+-----+------------+------------+
    |add_ln104_fu_727_p2     |         +|   0|  0|   10|           3|           1|
    |add_ln117_5_fu_513_p2   |         +|   0|  0|   14|           7|           6|
    |add_ln117_6_fu_519_p2   |         +|   0|  0|   14|           7|           6|
    |add_ln117_7_fu_537_p2   |         +|   0|  0|   15|           8|           1|
    |add_ln117_fu_423_p2     |         +|   0|  0|   14|           7|           6|
    |base_fu_689_p2          |         +|   0|  0|    9|           2|           1|
    |tmp_244_fu_706_p2       |         +|   0|  0|   39|          32|          32|
    |sub_ln117_2_fu_500_p2   |         -|   0|  0|   10|           3|           2|
    |sub_ln117_3_fu_579_p2   |         -|   0|  0|  135|         128|         128|
    |sub_ln117_fu_471_p2     |         -|   0|  0|  103|          96|          96|
    |sub_ln92_fu_684_p2      |         -|   0|  0|   10|           3|           2|
    |and_ln117_3_fu_585_p2   |       and|   0|  0|  128|         128|         128|
    |and_ln117_fu_477_p2     |       and|   0|  0|   96|          96|          96|
    |and_ln77_4_fu_646_p2    |       and|   0|  0|    2|           1|           1|
    |and_ln77_fu_640_p2      |       and|   0|  0|    2|           1|           1|
    |icmp_ln104_9_fu_721_p2  |      icmp|   0|  0|    8|           2|           2|
    |icmp_ln104_fu_711_p2    |      icmp|   0|  0|    8|           2|           2|
    |icmp_ln77_11_fu_622_p2  |      icmp|   0|  0|   11|           8|           2|
    |icmp_ln77_12_fu_628_p2  |      icmp|   0|  0|   16|          23|           1|
    |icmp_ln77_fu_378_p2     |      icmp|   0|  0|    8|           2|           1|
    |icmp_ln92_fu_659_p2     |      icmp|   0|  0|   20|          32|           2|
    |lshr_ln117_3_fu_590_p2  |      lshr|   0|  0|  423|         128|         128|
    |lshr_ln117_fu_486_p2    |      lshr|   0|  0|  423|         128|         128|
    |or_ln77_fu_634_p2       |        or|   0|  0|    2|           1|           1|
    |select_ln104_fu_733_p3  |    select|   0|  0|    3|           1|           2|
    |select_ln117_fu_561_p3  |    select|   0|  0|  107|           1|           1|
    |shl_ln117_7_fu_461_p2   |       shl|   0|  0|  183|           1|          65|
    |shl_ln117_8_fu_547_p2   |       shl|   0|  0|  423|           1|         128|
    |shl_ln117_9_fu_569_p2   |       shl|   0|  0|  314|           1|          97|
    |shl_ln117_fu_451_p2     |       shl|   0|  0|  314|           1|          97|
    |xor_ln100_fu_696_p2     |       xor|   0|  0|    3|           2|           3|
    |xor_ln117_fu_406_p2     |       xor|   0|  0|    2|           1|           2|
    |xor_ln92_fu_665_p2      |       xor|   0|  0|    2|           2|           2|
    +------------------------+----------+----+---+-----+------------+------------+
    |Total                   |          |   0|  0| 2871|         859|        1171|
    +------------------------+----------+----+---+-----+------------+------------+

    * Multiplexer: 
    +--------------------------------------------------+----+-----------+-----+-----------+
    |                       Name                       | LUT| Input Size| Bits| Total Bits|
    +--------------------------------------------------+----+-----------+-----+-----------+
    |agg_result_num16_2_reg_171                        |   9|          2|   32|         64|
    |agg_result_num16_6_reg_150                        |   9|          2|   32|         64|
    |agg_result_num2_2_reg_182                         |   9|          2|   32|         64|
    |agg_result_num_0_reg_140                          |   9|          2|   32|         64|
    |agg_result_num_3_reg_160                          |   9|          2|   32|         64|
    |agg_result_p_0_reg_204                            |   9|          2|   32|         64|
    |ap_NS_fsm                                         |  97|         19|    1|         19|
    |ap_phi_mux_base_0_lcssa_i25_phi_fu_196_p4         |   9|          2|    2|          4|
    |ap_phi_mux_this_num_0_write_assign_phi_fu_218_p6  |   9|          2|   32|         64|
    |ap_phi_mux_this_num_1_write_assign_phi_fu_230_p6  |   9|          2|   32|         64|
    |ap_phi_mux_this_num_2_write_assign_phi_fu_242_p6  |   9|          2|   32|         64|
    |ap_phi_mux_this_p_write_assign_phi_fu_253_p6      |   9|          2|   32|         64|
    |ap_return_0                                       |   9|          2|   32|         64|
    |ap_return_1                                       |   9|          2|   32|         64|
    |ap_return_2                                       |   9|          2|   32|         64|
    |ap_return_3                                       |   9|          2|   32|         64|
    |base_0_lcssa_i25_reg_192                          |   9|          2|    2|          4|
    |grp_fu_302_p0                                     |  20|          4|   32|        128|
    |grp_fu_302_p1                                     |  20|          4|   32|        128|
    |grp_fu_308_ce                                     |   9|          2|    1|          2|
    |grp_fu_308_opcode                                 |  14|          3|    5|         15|
    |grp_fu_308_p0                                     |  14|          3|   32|         96|
    |grp_fu_308_p1                                     |  14|          3|   32|         96|
    |this_num_0_write_assign_reg_215                   |  14|          3|   32|         96|
    |this_num_1_write_assign_reg_227                   |  14|          3|   32|         96|
    |this_num_2_write_assign_reg_239                   |  14|          3|   32|         96|
    |this_p_write_assign_reg_250                       |  14|          3|   32|         96|
    +--------------------------------------------------+----+-----------+-----+-----------+
    |Total                                             | 388|         82|  715|       1772|
    +--------------------------------------------------+----+-----------+-----+-----------+

    * Register: 
    +---------------------------------------------------------+----+----+-----+-----------+
    |                           Name                          | FF | LUT| Bits| Const Bits|
    +---------------------------------------------------------+----+----+-----+-----------+
    |agg_result_num16_2_reg_171                               |  32|   0|   32|          0|
    |agg_result_num16_6_reg_150                               |  32|   0|   32|          0|
    |agg_result_num2_2_reg_182                                |  32|   0|   32|          0|
    |agg_result_num_0_reg_140                                 |  32|   0|   32|          0|
    |agg_result_num_3_reg_160                                 |  32|   0|   32|          0|
    |agg_result_p_0_reg_204                                   |  32|   0|   32|          0|
    |and_ln77_4_reg_898                                       |   1|   0|    1|          0|
    |ap_CS_fsm                                                |  18|   0|   18|          0|
    |ap_return_0_preg                                         |  32|   0|   32|          0|
    |ap_return_1_preg                                         |  32|   0|   32|          0|
    |ap_return_2_preg                                         |  32|   0|   32|          0|
    |ap_return_3_preg                                         |  32|   0|   32|          0|
    |base_0_lcssa_i25_reg_192                                 |   2|   0|    2|          0|
    |bitcast_ln111_3_reg_853                                  |  32|   0|   32|          0|
    |bitcast_ln111_4_reg_859                                  |  32|   0|   32|          0|
    |c_p_reg_841                                              |  32|   0|   32|          0|
    |empty_83_reg_836                                         |   1|   0|    1|          0|
    |empty_84_reg_902                                         |   2|   0|    2|          0|
    |empty_reg_831                                            |  96|   0|   96|          0|
    |grp_p_sum_Pipeline_VITIS_LOOP_104_3_fu_286_ap_start_reg  |   1|   0|    1|          0|
    |grp_p_sum_Pipeline_VITIS_LOOP_84_1_fu_262_ap_start_reg   |   1|   0|    1|          0|
    |grp_p_sum_Pipeline_VITIS_LOOP_92_2_fu_272_ap_start_reg   |   1|   0|    1|          0|
    |icmp_ln104_reg_932                                       |   1|   0|    1|          0|
    |icmp_ln77_reg_864                                        |   1|   0|    1|          0|
    |icmp_ln92_reg_908                                        |   1|   0|    1|          0|
    |reg_314                                                  |  32|   0|   32|          0|
    |select_ln104_reg_936                                     |   3|   0|    3|          0|
    |this_num_0_write_assign_reg_215                          |  32|   0|   32|          0|
    |this_num_1_write_assign_reg_227                          |  32|   0|   32|          0|
    |this_num_2_write_assign_reg_239                          |  32|   0|   32|          0|
    |this_p_write_assign_reg_250                              |  32|   0|   32|          0|
    |tmp_reg_874                                              |   1|   0|    1|          0|
    |trunc_ln117_5_reg_878                                    |  32|   0|   32|          0|
    |trunc_ln117_6_reg_888                                    |  32|   0|   32|          0|
    |xor_ln92_reg_912                                         |   2|   0|    2|          0|
    +---------------------------------------------------------+----+----+-----+-----------+
    |Total                                                    | 772|   0|  772|          0|
    +---------------------------------------------------------+----+----+-----+-----------+



================================================================
== Interface
================================================================
* Summary: 
+-------------+-----+-----+------------+--------------+--------------+
|  RTL Ports  | Dir | Bits|  Protocol  | Source Object|    C Type    |
+-------------+-----+-----+------------+--------------+--------------+
|ap_clk       |   in|    1|  ap_ctrl_hs|          _sum|  return value|
|ap_rst       |   in|    1|  ap_ctrl_hs|          _sum|  return value|
|ap_start     |   in|    1|  ap_ctrl_hs|          _sum|  return value|
|ap_done      |  out|    1|  ap_ctrl_hs|          _sum|  return value|
|ap_idle      |  out|    1|  ap_ctrl_hs|          _sum|  return value|
|ap_ready     |  out|    1|  ap_ctrl_hs|          _sum|  return value|
|ap_return_0  |  out|   32|  ap_ctrl_hs|          _sum|  return value|
|ap_return_1  |  out|   32|  ap_ctrl_hs|          _sum|  return value|
|ap_return_2  |  out|   32|  ap_ctrl_hs|          _sum|  return value|
|ap_return_3  |  out|   32|  ap_ctrl_hs|          _sum|  return value|
|p_read13     |   in|  128|     ap_none|      p_read13|        scalar|
|p_read24     |   in|  128|     ap_none|      p_read24|        scalar|
|diff_p       |   in|    2|     ap_none|        diff_p|        scalar|
+-------------+-----+-----+------------+--------------+--------------+

