

================================================================
== Vitis HLS Report for 'sqrt'
================================================================
* Date:           Tue Feb  8 15:34:46 2022

* Version:        2021.2 (Build 3367213 on Tue Oct 19 02:47:39 MDT 2021)
* Project:        ban_interface
* Solution:       solution1 (Vivado IP Flow Target)
* Product family: zynquplus
* Target device:  xczu7ev-ffvc1156-2-e


================================================================
== Performance Estimates
================================================================
+ Timing: 
    * Summary: 
    +--------+----------+----------+------------+
    |  Clock |  Target  | Estimated| Uncertainty|
    +--------+----------+----------+------------+
    |ap_clk  |  10.00 ns|  7.057 ns|     2.70 ns|
    +--------+----------+----------+------------+

+ Latency: 
    * Summary: 
    +---------+---------+-----------+----------+-----+-----+---------+
    |  Latency (cycles) |  Latency (absolute)  |  Interval | Pipeline|
    |   min   |   max   |    min    |    max   | min | max |   Type  |
    +---------+---------+-----------+----------+-----+-----+---------+
    |        3|       75|  30.000 ns|  0.750 us|    3|   75|       no|
    +---------+---------+-----------+----------+-----+-----+---------+

    + Detail: 
        * Instance: 
        +-------------------------------------------+--------------------------------+---------+---------+-----------+-----------+-----+-----+---------+
        |                                           |                                |  Latency (cycles) |   Latency (absolute)  |  Interval | Pipeline|
        |                  Instance                 |             Module             |   min   |   max   |    min    |    max    | min | max |   Type  |
        +-------------------------------------------+--------------------------------+---------+---------+-----------+-----------+-----+-----+---------+
        |grp_sqrt_Pipeline_VITIS_LOOP_68_1_fu_164   |sqrt_Pipeline_VITIS_LOOP_68_1   |        5|        5|  50.000 ns|  50.000 ns|    5|    5|       no|
        |grp_sqrt_Pipeline_VITIS_LOOP_444_1_fu_170  |sqrt_Pipeline_VITIS_LOOP_444_1  |       16|       16|   0.160 us|   0.160 us|   16|   16|       no|
        |grp_sqrt_Pipeline_VITIS_LOOP_169_1_fu_182  |sqrt_Pipeline_VITIS_LOOP_169_1  |       22|       22|   0.220 us|   0.220 us|   22|   22|       no|
        |grp_sqrt_Pipeline_VITIS_LOOP_187_1_fu_191  |sqrt_Pipeline_VITIS_LOOP_187_1  |        5|        5|  50.000 ns|  50.000 ns|    5|    5|       no|
        |grp_sqrt_Pipeline_VITIS_LOOP_21_1_fu_199   |sqrt_Pipeline_VITIS_LOOP_21_1   |        5|        5|  50.000 ns|  50.000 ns|    5|    5|       no|
        +-------------------------------------------+--------------------------------+---------+---------+-----------+-----------+-----+-----+---------+

        * Loop: 
        N/A



================================================================
== Utilization Estimates
================================================================
* Summary: 
+-----------------+---------+------+--------+--------+-----+
|       Name      | BRAM_18K|  DSP |   FF   |   LUT  | URAM|
+-----------------+---------+------+--------+--------+-----+
|DSP              |        -|     -|       -|       -|    -|
|Expression       |        -|     -|       0|      51|    -|
|FIFO             |        -|     -|       -|       -|    -|
|Instance         |        -|     3|    1604|    4284|    -|
|Memory           |        0|     -|      64|       3|    0|
|Multiplexer      |        -|     -|       -|     601|    -|
|Register         |        -|     -|     575|       -|    -|
+-----------------+---------+------+--------+--------+-----+
|Total            |        0|     3|    2243|    4939|    0|
+-----------------+---------+------+--------+--------+-----+
|Available        |      624|  1728|  460800|  230400|   96|
+-----------------+---------+------+--------+--------+-----+
|Utilization (%)  |        0|    ~0|      ~0|       2|    0|
+-----------------+---------+------+--------+--------+-----+

+ Detail: 
    * Instance: 
    +-------------------------------------------+--------------------------------+---------+----+-----+------+-----+
    |                  Instance                 |             Module             | BRAM_18K| DSP|  FF |  LUT | URAM|
    +-------------------------------------------+--------------------------------+---------+----+-----+------+-----+
    |fcmp_32ns_32ns_1_2_no_dsp_1_U379           |fcmp_32ns_32ns_1_2_no_dsp_1     |        0|   0|    0|     0|    0|
    |fmul_32ns_32ns_32_3_max_dsp_1_U378         |fmul_32ns_32ns_32_3_max_dsp_1   |        0|   3|  128|   135|    0|
    |fsqrt_32ns_32ns_32_8_no_dsp_1_U380         |fsqrt_32ns_32ns_32_8_no_dsp_1   |        0|   0|    0|     0|    0|
    |grp_sqrt_Pipeline_VITIS_LOOP_169_1_fu_182  |sqrt_Pipeline_VITIS_LOOP_169_1  |        0|   0|  780|   474|    0|
    |grp_sqrt_Pipeline_VITIS_LOOP_187_1_fu_191  |sqrt_Pipeline_VITIS_LOOP_187_1  |        0|   0|  103|    55|    0|
    |grp_sqrt_Pipeline_VITIS_LOOP_21_1_fu_199   |sqrt_Pipeline_VITIS_LOOP_21_1   |        0|   0|  100|    58|    0|
    |grp_sqrt_Pipeline_VITIS_LOOP_444_1_fu_170  |sqrt_Pipeline_VITIS_LOOP_444_1  |        0|   0|  447|  1892|    0|
    |grp_sqrt_Pipeline_VITIS_LOOP_68_1_fu_164   |sqrt_Pipeline_VITIS_LOOP_68_1   |        0|   0|   46|  1670|    0|
    +-------------------------------------------+--------------------------------+---------+----+-----+------+-----+
    |Total                                      |                                |        0|   3| 1604|  4284|    0|
    +-------------------------------------------+--------------------------------+---------+----+-----+------+-----+

    * DSP: 
    N/A

    * Memory: 
    +-------+------------------------+---------+----+----+-----+------+-----+------+-------------+
    | Memory|         Module         | BRAM_18K| FF | LUT| URAM| Words| Bits| Banks| W*Bits*Banks|
    +-------+------------------------+---------+----+----+-----+------+-----+------+-------------+
    |aux_U  |sqrt_aux_RAM_AUTO_1R1W  |        0|  64|   3|    0|     5|   32|     1|          160|
    +-------+------------------------+---------+----+----+-----+------+-----+------+-------------+
    |Total  |                        |        0|  64|   3|    0|     5|   32|     1|          160|
    +-------+------------------------+---------+----+----+-----+------+-----+------+-------------+

    * FIFO: 
    N/A

    * Expression: 
    +-----------------------+----------+----+---+----+------------+------------+
    |     Variable Name     | Operation| DSP| FF| LUT| Bitwidth P0| Bitwidth P1|
    +-----------------------+----------+----+---+----+------------+------------+
    |grp_fu_248_p2          |       and|   0|  0|   2|           1|           1|
    |icmp_ln61_1_fu_314_p2  |      icmp|   0|  0|  11|           8|           2|
    |icmp_ln61_2_fu_320_p2  |      icmp|   0|  0|  16|          23|           1|
    |icmp_ln61_fu_275_p2    |      icmp|   0|  0|  20|          32|           1|
    |or_ln61_fu_326_p2      |        or|   0|  0|   2|           1|           1|
    +-----------------------+----------+----+---+----+------------+------------+
    |Total                  |          |   0|  0|  51|          65|           6|
    +-----------------------+----------+----+---+----+------------+------------+

    * Multiplexer: 
    +--------------------------------------------------+-----+-----------+-----+-----------+
    |                       Name                       | LUT | Input Size| Bits| Total Bits|
    +--------------------------------------------------+-----+-----------+-----+-----------+
    |ap_NS_fsm                                         |  121|         24|    1|         24|
    |ap_phi_mux_this_num_0_write_assign_phi_fu_129_p4  |    9|          2|   32|         64|
    |ap_phi_mux_this_num_1_write_assign_phi_fu_138_p4  |    9|          2|   32|         64|
    |ap_phi_mux_this_num_2_write_assign_phi_fu_147_p4  |    9|          2|   32|         64|
    |ap_phi_mux_this_p_write_assign_phi_fu_157_p4      |    9|          2|   31|         62|
    |ap_return_0                                       |    9|          2|   32|         64|
    |ap_return_1                                       |    9|          2|   32|         64|
    |ap_return_2                                       |    9|          2|   32|         64|
    |ap_return_3                                       |    9|          2|   32|         64|
    |aux_address0                                      |   14|          3|    3|          9|
    |aux_ce0                                           |   14|          3|    1|          3|
    |aux_we0                                           |    9|          2|    1|          2|
    |grp_fu_209_ce                                     |    9|          2|    1|          2|
    |grp_fu_209_p0                                     |   14|          3|   32|         96|
    |grp_fu_209_p1                                     |   14|          3|   32|         96|
    |grp_fu_214_ce                                     |    9|          2|    1|          2|
    |grp_fu_214_p0                                     |   14|          3|   32|         96|
    |grp_fu_214_p1                                     |   14|          3|   32|         96|
    |grp_fu_218_ce                                     |    9|          2|    1|          2|
    |grp_fu_218_p0                                     |   14|          3|   32|         96|
    |grp_fu_218_p1                                     |   14|          3|   32|         96|
    |grp_fu_222_ce                                     |   14|          3|    1|          3|
    |grp_fu_222_p0                                     |   26|          5|   32|        160|
    |grp_fu_222_p1                                     |   26|          5|   32|        160|
    |grp_fu_227_ce                                     |    9|          2|    1|          2|
    |grp_fu_227_p0                                     |   20|          4|   32|        128|
    |grp_fu_227_p1                                     |   20|          4|   32|        128|
    |grp_fu_232_ce                                     |    9|          2|    1|          2|
    |grp_fu_232_p0                                     |   20|          4|   32|        128|
    |grp_fu_232_p1                                     |   20|          4|   32|        128|
    |grp_fu_237_p0                                     |   14|          3|   32|         96|
    |grp_fu_237_p1                                     |   14|          3|   32|         96|
    |grp_fu_248_p0                                     |   14|          3|    1|          3|
    |grp_fu_629_ce                                     |    9|          2|    1|          2|
    |grp_fu_633_ce                                     |    9|          2|    1|          2|
    |this_num_0_write_assign_reg_126                   |    9|          2|   32|         64|
    |this_num_1_write_assign_reg_135                   |    9|          2|   32|         64|
    |this_num_2_write_assign_reg_144                   |    9|          2|   32|         64|
    |this_p_write_assign_reg_153                       |    9|          2|   31|         62|
    +--------------------------------------------------+-----+-----------+-----+-----------+
    |Total                                             |  601|        126|  845|       2422|
    +--------------------------------------------------+-----+-----------+-----+-----------+

    * Register: 
    +--------------------------------------------------------+----+----+-----+-----------+
    |                          Name                          | FF | LUT| Bits| Const Bits|
    +--------------------------------------------------------+----+----+-----+-----------+
    |and_ln61_1_reg_557                                      |   1|   0|    1|          0|
    |and_ln61_reg_553                                        |   1|   0|    1|          0|
    |ap_CS_fsm                                               |  23|   0|   23|          0|
    |ap_return_0_preg                                        |  32|   0|   32|          0|
    |ap_return_1_preg                                        |  32|   0|   32|          0|
    |ap_return_2_preg                                        |  32|   0|   32|          0|
    |ap_return_3_preg                                        |  32|   0|   32|          0|
    |grp_sqrt_Pipeline_VITIS_LOOP_169_1_fu_182_ap_start_reg  |   1|   0|    1|          0|
    |grp_sqrt_Pipeline_VITIS_LOOP_187_1_fu_191_ap_start_reg  |   1|   0|    1|          0|
    |grp_sqrt_Pipeline_VITIS_LOOP_21_1_fu_199_ap_start_reg   |   1|   0|    1|          0|
    |grp_sqrt_Pipeline_VITIS_LOOP_444_1_fu_170_ap_start_reg  |   1|   0|    1|          0|
    |grp_sqrt_Pipeline_VITIS_LOOP_68_1_fu_164_ap_start_reg   |   1|   0|    1|          0|
    |icmp_ln61_reg_536                                       |   1|   0|    1|          0|
    |normalizer_1_reg_540                                    |  32|   0|   32|          0|
    |normalizer_reg_622                                      |  32|   0|   32|          0|
    |or_ln61_reg_548                                         |   1|   0|    1|          0|
    |p_reg_565                                               |  31|   0|   31|          0|
    |reg_253                                                 |  32|   0|   32|          0|
    |reg_259                                                 |  32|   0|   32|          0|
    |reg_265                                                 |  32|   0|   32|          0|
    |res_loc_load_reg_561                                    |   1|   0|    1|          0|
    |this_num_0_write_assign_reg_126                         |  32|   0|   32|          0|
    |this_num_1_write_assign_reg_135                         |  32|   0|   32|          0|
    |this_num_2_write_assign_reg_144                         |  32|   0|   32|          0|
    |this_p_write_assign_reg_153                             |  31|   0|   31|          0|
    |tmp_2_reg_612                                           |  32|   0|   32|          0|
    |tmp_3_reg_617                                           |  32|   0|   32|          0|
    |tmp_reg_607                                             |  32|   0|   32|          0|
    +--------------------------------------------------------+----+----+-----+-----------+
    |Total                                                   | 575|   0|  575|          0|
    +--------------------------------------------------------+----+----+-----+-----------+



================================================================
== Interface
================================================================
* Summary: 
+----------------------+-----+-----+------------+--------------+--------------+
|       RTL Ports      | Dir | Bits|  Protocol  | Source Object|    C Type    |
+----------------------+-----+-----+------------+--------------+--------------+
|ap_clk                |   in|    1|  ap_ctrl_hs|          sqrt|  return value|
|ap_rst                |   in|    1|  ap_ctrl_hs|          sqrt|  return value|
|ap_start              |   in|    1|  ap_ctrl_hs|          sqrt|  return value|
|ap_done               |  out|    1|  ap_ctrl_hs|          sqrt|  return value|
|ap_idle               |  out|    1|  ap_ctrl_hs|          sqrt|  return value|
|ap_ready              |  out|    1|  ap_ctrl_hs|          sqrt|  return value|
|ap_return_0           |  out|   32|  ap_ctrl_hs|          sqrt|  return value|
|ap_return_1           |  out|   32|  ap_ctrl_hs|          sqrt|  return value|
|ap_return_2           |  out|   32|  ap_ctrl_hs|          sqrt|  return value|
|ap_return_3           |  out|   32|  ap_ctrl_hs|          sqrt|  return value|
|grp_fu_7445_p_din0    |  out|   32|  ap_ctrl_hs|          sqrt|  return value|
|grp_fu_7445_p_din1    |  out|   32|  ap_ctrl_hs|          sqrt|  return value|
|grp_fu_7445_p_opcode  |  out|    2|  ap_ctrl_hs|          sqrt|  return value|
|grp_fu_7445_p_dout0   |   in|   32|  ap_ctrl_hs|          sqrt|  return value|
|grp_fu_7445_p_ce      |  out|    1|  ap_ctrl_hs|          sqrt|  return value|
|grp_fu_7449_p_din0    |  out|   32|  ap_ctrl_hs|          sqrt|  return value|
|grp_fu_7449_p_din1    |  out|   32|  ap_ctrl_hs|          sqrt|  return value|
|grp_fu_7449_p_opcode  |  out|    2|  ap_ctrl_hs|          sqrt|  return value|
|grp_fu_7449_p_dout0   |   in|   32|  ap_ctrl_hs|          sqrt|  return value|
|grp_fu_7449_p_ce      |  out|    1|  ap_ctrl_hs|          sqrt|  return value|
|grp_fu_7453_p_din0    |  out|   32|  ap_ctrl_hs|          sqrt|  return value|
|grp_fu_7453_p_din1    |  out|   32|  ap_ctrl_hs|          sqrt|  return value|
|grp_fu_7453_p_opcode  |  out|    2|  ap_ctrl_hs|          sqrt|  return value|
|grp_fu_7453_p_dout0   |   in|   32|  ap_ctrl_hs|          sqrt|  return value|
|grp_fu_7453_p_ce      |  out|    1|  ap_ctrl_hs|          sqrt|  return value|
|grp_fu_2054_p_din0    |  out|   32|  ap_ctrl_hs|          sqrt|  return value|
|grp_fu_2054_p_din1    |  out|   32|  ap_ctrl_hs|          sqrt|  return value|
|grp_fu_2054_p_dout0   |   in|   32|  ap_ctrl_hs|          sqrt|  return value|
|grp_fu_2054_p_ce      |  out|    1|  ap_ctrl_hs|          sqrt|  return value|
|grp_fu_2059_p_din0    |  out|   32|  ap_ctrl_hs|          sqrt|  return value|
|grp_fu_2059_p_din1    |  out|   32|  ap_ctrl_hs|          sqrt|  return value|
|grp_fu_2059_p_dout0   |   in|   32|  ap_ctrl_hs|          sqrt|  return value|
|grp_fu_2059_p_ce      |  out|    1|  ap_ctrl_hs|          sqrt|  return value|
|grp_fu_7441_p_din0    |  out|   32|  ap_ctrl_hs|          sqrt|  return value|
|grp_fu_7441_p_din1    |  out|   32|  ap_ctrl_hs|          sqrt|  return value|
|grp_fu_7441_p_opcode  |  out|    5|  ap_ctrl_hs|          sqrt|  return value|
|grp_fu_7441_p_dout0   |   in|    1|  ap_ctrl_hs|          sqrt|  return value|
|grp_fu_7441_p_ce      |  out|    1|  ap_ctrl_hs|          sqrt|  return value|
|grp_fu_7457_p_din0    |  out|   32|  ap_ctrl_hs|          sqrt|  return value|
|grp_fu_7457_p_din1    |  out|   32|  ap_ctrl_hs|          sqrt|  return value|
|grp_fu_7457_p_dout0   |   in|   32|  ap_ctrl_hs|          sqrt|  return value|
|grp_fu_7457_p_ce      |  out|    1|  ap_ctrl_hs|          sqrt|  return value|
|p_read13              |   in|  128|     ap_none|      p_read13|        scalar|
+----------------------+-----+-----+------------+--------------+--------------+

